{"C:\\Users\\JR\\Documents\\DojoPool\\DojoPoolCombined\\src\\dojopool\\frontend\\components\\[AUTH]AuthCallback.tsx": {"path":"C:\\Users\\JR\\Documents\\DojoPool\\DojoPoolCombined\\src\\dojopool\\frontend\\components\\[AUTH]AuthCallback.tsx","statementMap":{"0":{"start":{"line":5,"column":38},"end":{"line":47,"column":1}},"1":{"start":{"line":6,"column":21},"end":{"line":6,"column":34}},"2":{"start":{"line":7,"column":30},"end":{"line":7,"column":59}},"3":{"start":{"line":9,"column":4},"end":{"line":30,"column":19}},"4":{"start":{"line":11,"column":32},"end":{"line":27,"column":9}},"5":{"start":{"line":12,"column":12},"end":{"line":26,"column":13}},"6":{"start":{"line":14,"column":16},"end":{"line":14,"column":72}},"7":{"start":{"line":14,"column":45},"end":{"line":14,"column":70}},"8":{"start":{"line":18,"column":16},"end":{"line":22,"column":17}},"9":{"start":{"line":19,"column":20},"end":{"line":19,"column":43}},"10":{"start":{"line":21,"column":20},"end":{"line":21,"column":39}},"11":{"start":{"line":24,"column":16},"end":{"line":24,"column":69}},"12":{"start":{"line":25,"column":16},"end":{"line":25,"column":59}},"13":{"start":{"line":25,"column":33},"end":{"line":25,"column":51}},"14":{"start":{"line":29,"column":8},"end":{"line":29,"column":26}},"15":{"start":{"line":32,"column":4},"end":{"line":39,"column":5}},"16":{"start":{"line":33,"column":8},"end":{"line":38,"column":10}},"17":{"start":{"line":41,"column":4},"end":{"line":46,"column":6}}},"fnMap":{"0":{"name":"(anonymous_0)","decl":{"start":{"line":5,"column":38},"end":{"line":5,"column":39}},"loc":{"start":{"line":5,"column":44},"end":{"line":47,"column":1}},"line":5},"1":{"name":"(anonymous_1)","decl":{"start":{"line":9,"column":14},"end":{"line":9,"column":15}},"loc":{"start":{"line":9,"column":20},"end":{"line":30,"column":5}},"line":9},"2":{"name":"(anonymous_2)","decl":{"start":{"line":11,"column":32},"end":{"line":11,"column":33}},"loc":{"start":{"line":11,"column":44},"end":{"line":27,"column":9}},"line":11},"3":{"name":"(anonymous_3)","decl":{"start":{"line":14,"column":34},"end":{"line":14,"column":35}},"loc":{"start":{"line":14,"column":45},"end":{"line":14,"column":70}},"line":14},"4":{"name":"(anonymous_4)","decl":{"start":{"line":25,"column":27},"end":{"line":25,"column":28}},"loc":{"start":{"line":25,"column":33},"end":{"line":25,"column":51}},"line":25}},"branchMap":{"0":{"loc":{"start":{"line":18,"column":16},"end":{"line":22,"column":17}},"type":"if","locations":[{"start":{"line":18,"column":16},"end":{"line":22,"column":17}},{"start":{"line":20,"column":23},"end":{"line":22,"column":17}}],"line":18},"1":{"loc":{"start":{"line":32,"column":4},"end":{"line":39,"column":5}},"type":"if","locations":[{"start":{"line":32,"column":4},"end":{"line":39,"column":5}},{"start":{},"end":{}}],"line":32}},"s":{"0":0,"1":0,"2":0,"3":0,"4":0,"5":0,"6":0,"7":0,"8":0,"9":0,"10":0,"11":0,"12":0,"13":0,"14":0,"15":0,"16":0,"17":0},"f":{"0":0,"1":0,"2":0,"3":0,"4":0},"b":{"0":[0,0],"1":[0,0]}}
,"C:\\Users\\JR\\Documents\\DojoPool\\DojoPoolCombined\\src\\dojopool\\frontend\\components\\[AUTH]ProtectedRoute.tsx": {"path":"C:\\Users\\JR\\Documents\\DojoPool\\DojoPoolCombined\\src\\dojopool\\frontend\\components\\[AUTH]ProtectedRoute.tsx","statementMap":{"0":{"start":{"line":10,"column":61},"end":{"line":37,"column":1}},"1":{"start":{"line":14,"column":30},"end":{"line":14,"column":39}},"2":{"start":{"line":15,"column":21},"end":{"line":15,"column":34}},"3":{"start":{"line":17,"column":4},"end":{"line":24,"column":5}},"4":{"start":{"line":18,"column":8},"end":{"line":23,"column":10}},"5":{"start":{"line":26,"column":4},"end":{"line":29,"column":5}},"6":{"start":{"line":28,"column":8},"end":{"line":28,"column":75}},"7":{"start":{"line":31,"column":4},"end":{"line":34,"column":5}},"8":{"start":{"line":33,"column":8},"end":{"line":33,"column":52}},"9":{"start":{"line":36,"column":4},"end":{"line":36,"column":27}}},"fnMap":{"0":{"name":"(anonymous_0)","decl":{"start":{"line":10,"column":61},"end":{"line":10,"column":62}},"loc":{"start":{"line":13,"column":6},"end":{"line":37,"column":1}},"line":13}},"branchMap":{"0":{"loc":{"start":{"line":12,"column":4},"end":{"line":12,"column":22}},"type":"default-arg","locations":[{"start":{"line":12,"column":18},"end":{"line":12,"column":22}}],"line":12},"1":{"loc":{"start":{"line":17,"column":4},"end":{"line":24,"column":5}},"type":"if","locations":[{"start":{"line":17,"column":4},"end":{"line":24,"column":5}},{"start":{},"end":{}}],"line":17},"2":{"loc":{"start":{"line":26,"column":4},"end":{"line":29,"column":5}},"type":"if","locations":[{"start":{"line":26,"column":4},"end":{"line":29,"column":5}},{"start":{},"end":{}}],"line":26},"3":{"loc":{"start":{"line":26,"column":8},"end":{"line":26,"column":28}},"type":"binary-expr","locations":[{"start":{"line":26,"column":8},"end":{"line":26,"column":19}},{"start":{"line":26,"column":23},"end":{"line":26,"column":28}}],"line":26},"4":{"loc":{"start":{"line":31,"column":4},"end":{"line":34,"column":5}},"type":"if","locations":[{"start":{"line":31,"column":4},"end":{"line":34,"column":5}},{"start":{},"end":{}}],"line":31},"5":{"loc":{"start":{"line":31,"column":8},"end":{"line":31,"column":28}},"type":"binary-expr","locations":[{"start":{"line":31,"column":8},"end":{"line":31,"column":20}},{"start":{"line":31,"column":24},"end":{"line":31,"column":28}}],"line":31}},"s":{"0":0,"1":0,"2":0,"3":0,"4":0,"5":0,"6":0,"7":0,"8":0,"9":0},"f":{"0":0},"b":{"0":[0],"1":[0,0],"2":[0,0],"3":[0,0],"4":[0,0],"5":[0,0]}}
,"C:\\Users\\JR\\Documents\\DojoPool\\DojoPoolCombined\\src\\dojopool\\frontend\\components\\[SYS]SystemHealthDashboard.tsx": {"path":"C:\\Users\\JR\\Documents\\DojoPool\\DojoPoolCombined\\src\\dojopool\\frontend\\components\\[SYS]SystemHealthDashboard.tsx","statementMap":{"0":{"start":{"line":59,"column":40},"end":{"line":219,"column":1}},"1":{"start":{"line":60,"column":40},"end":{"line":60,"column":73}},"2":{"start":{"line":61,"column":34},"end":{"line":61,"column":48}},"3":{"start":{"line":62,"column":30},"end":{"line":62,"column":59}},"4":{"start":{"line":63,"column":48},"end":{"line":63,"column":74}},"5":{"start":{"line":65,"column":4},"end":{"line":87,"column":11}},"6":{"start":{"line":66,"column":32},"end":{"line":81,"column":9}},"7":{"start":{"line":67,"column":12},"end":{"line":80,"column":13}},"8":{"start":{"line":68,"column":33},"end":{"line":68,"column":68}},"9":{"start":{"line":69,"column":16},"end":{"line":71,"column":17}},"10":{"start":{"line":70,"column":20},"end":{"line":70,"column":67}},"11":{"start":{"line":72,"column":29},"end":{"line":72,"column":50}},"12":{"start":{"line":73,"column":16},"end":{"line":73,"column":36}},"13":{"start":{"line":74,"column":16},"end":{"line":74,"column":70}},"14":{"start":{"line":74,"column":42},"end":{"line":74,"column":68}},"15":{"start":{"line":75,"column":16},"end":{"line":75,"column":31}},"16":{"start":{"line":77,"column":16},"end":{"line":77,"column":83}},"17":{"start":{"line":79,"column":16},"end":{"line":79,"column":34}},"18":{"start":{"line":83,"column":8},"end":{"line":83,"column":26}},"19":{"start":{"line":84,"column":25},"end":{"line":84,"column":60}},"20":{"start":{"line":86,"column":8},"end":{"line":86,"column":45}},"21":{"start":{"line":86,"column":21},"end":{"line":86,"column":44}},"22":{"start":{"line":89,"column":4},"end":{"line":95,"column":5}},"23":{"start":{"line":90,"column":8},"end":{"line":94,"column":10}},"24":{"start":{"line":97,"column":4},"end":{"line":103,"column":5}},"25":{"start":{"line":98,"column":8},"end":{"line":102,"column":10}},"26":{"start":{"line":105,"column":4},"end":{"line":107,"column":5}},"27":{"start":{"line":106,"column":8},"end":{"line":106,"column":20}},"28":{"start":{"line":109,"column":4},"end":{"line":218,"column":6}},"29":{"start":{"line":126,"column":70},"end":{"line":126,"column":117}},"30":{"start":{"line":130,"column":71},"end":{"line":130,"column":114}},"31":{"start":{"line":155,"column":70},"end":{"line":155,"column":117}},"32":{"start":{"line":159,"column":71},"end":{"line":159,"column":114}},"33":{"start":{"line":206,"column":32},"end":{"line":211,"column":38}}},"fnMap":{"0":{"name":"(anonymous_0)","decl":{"start":{"line":59,"column":40},"end":{"line":59,"column":41}},"loc":{"start":{"line":59,"column":46},"end":{"line":219,"column":1}},"line":59},"1":{"name":"(anonymous_1)","decl":{"start":{"line":65,"column":14},"end":{"line":65,"column":15}},"loc":{"start":{"line":65,"column":20},"end":{"line":87,"column":5}},"line":65},"2":{"name":"(anonymous_2)","decl":{"start":{"line":66,"column":32},"end":{"line":66,"column":33}},"loc":{"start":{"line":66,"column":44},"end":{"line":81,"column":9}},"line":66},"3":{"name":"(anonymous_3)","decl":{"start":{"line":74,"column":34},"end":{"line":74,"column":35}},"loc":{"start":{"line":74,"column":42},"end":{"line":74,"column":68}},"line":74},"4":{"name":"(anonymous_4)","decl":{"start":{"line":86,"column":15},"end":{"line":86,"column":16}},"loc":{"start":{"line":86,"column":21},"end":{"line":86,"column":44}},"line":86},"5":{"name":"(anonymous_5)","decl":{"start":{"line":126,"column":55},"end":{"line":126,"column":56}},"loc":{"start":{"line":126,"column":70},"end":{"line":126,"column":117}},"line":126},"6":{"name":"(anonymous_6)","decl":{"start":{"line":130,"column":56},"end":{"line":130,"column":57}},"loc":{"start":{"line":130,"column":71},"end":{"line":130,"column":114}},"line":130},"7":{"name":"(anonymous_7)","decl":{"start":{"line":155,"column":55},"end":{"line":155,"column":56}},"loc":{"start":{"line":155,"column":70},"end":{"line":155,"column":117}},"line":155},"8":{"name":"(anonymous_8)","decl":{"start":{"line":159,"column":56},"end":{"line":159,"column":57}},"loc":{"start":{"line":159,"column":71},"end":{"line":159,"column":114}},"line":159},"9":{"name":"(anonymous_9)","decl":{"start":{"line":205,"column":70},"end":{"line":205,"column":71}},"loc":{"start":{"line":206,"column":32},"end":{"line":211,"column":38}},"line":206}},"branchMap":{"0":{"loc":{"start":{"line":69,"column":16},"end":{"line":71,"column":17}},"type":"if","locations":[{"start":{"line":69,"column":16},"end":{"line":71,"column":17}},{"start":{},"end":{}}],"line":69},"1":{"loc":{"start":{"line":77,"column":25},"end":{"line":77,"column":81}},"type":"cond-expr","locations":[{"start":{"line":77,"column":48},"end":{"line":77,"column":59}},{"start":{"line":77,"column":62},"end":{"line":77,"column":81}}],"line":77},"2":{"loc":{"start":{"line":89,"column":4},"end":{"line":95,"column":5}},"type":"if","locations":[{"start":{"line":89,"column":4},"end":{"line":95,"column":5}},{"start":{},"end":{}}],"line":89},"3":{"loc":{"start":{"line":97,"column":4},"end":{"line":103,"column":5}},"type":"if","locations":[{"start":{"line":97,"column":4},"end":{"line":103,"column":5}},{"start":{},"end":{}}],"line":97},"4":{"loc":{"start":{"line":105,"column":4},"end":{"line":107,"column":5}},"type":"if","locations":[{"start":{"line":105,"column":4},"end":{"line":107,"column":5}},{"start":{},"end":{}}],"line":105}},"s":{"0":0,"1":0,"2":0,"3":0,"4":0,"5":0,"6":0,"7":0,"8":0,"9":0,"10":0,"11":0,"12":0,"13":0,"14":0,"15":0,"16":0,"17":0,"18":0,"19":0,"20":0,"21":0,"22":0,"23":0,"24":0,"25":0,"26":0,"27":0,"28":0,"29":0,"30":0,"31":0,"32":0,"33":0},"f":{"0":0,"1":0,"2":0,"3":0,"4":0,"5":0,"6":0,"7":0,"8":0,"9":0},"b":{"0":[0,0],"1":[0,0],"2":[0,0],"3":[0,0],"4":[0,0]}}
,"C:\\Users\\JR\\Documents\\DojoPool\\DojoPoolCombined\\src\\dojopool\\frontend\\components\\[TEST]ABTestResults.tsx": {"path":"C:\\Users\\JR\\Documents\\DojoPool\\DojoPoolCombined\\src\\dojopool\\frontend\\components\\[TEST]ABTestResults.tsx","statementMap":{"0":{"start":{"line":9,"column":59},"end":{"line":133,"column":1}},"1":{"start":{"line":13,"column":34},"end":{"line":13,"column":76}},"2":{"start":{"line":14,"column":30},"end":{"line":14,"column":59}},"3":{"start":{"line":16,"column":4},"end":{"line":31,"column":34}},"4":{"start":{"line":17,"column":29},"end":{"line":25,"column":9}},"5":{"start":{"line":18,"column":12},"end":{"line":24,"column":13}},"6":{"start":{"line":19,"column":36},"end":{"line":19,"column":75}},"7":{"start":{"line":20,"column":16},"end":{"line":20,"column":40}},"8":{"start":{"line":21,"column":16},"end":{"line":21,"column":31}},"9":{"start":{"line":23,"column":16},"end":{"line":23,"column":94}},"10":{"start":{"line":27,"column":8},"end":{"line":27,"column":23}},"11":{"start":{"line":28,"column":25},"end":{"line":28,"column":67}},"12":{"start":{"line":30,"column":8},"end":{"line":30,"column":45}},"13":{"start":{"line":30,"column":21},"end":{"line":30,"column":44}},"14":{"start":{"line":33,"column":4},"end":{"line":40,"column":5}},"15":{"start":{"line":34,"column":8},"end":{"line":39,"column":10}},"16":{"start":{"line":42,"column":4},"end":{"line":48,"column":5}},"17":{"start":{"line":43,"column":8},"end":{"line":47,"column":10}},"18":{"start":{"line":50,"column":4},"end":{"line":132,"column":6}},"19":{"start":{"line":56,"column":20},"end":{"line":74,"column":26}},"20":{"start":{"line":63,"column":32},"end":{"line":71,"column":38}}},"fnMap":{"0":{"name":"(anonymous_0)","decl":{"start":{"line":9,"column":59},"end":{"line":9,"column":60}},"loc":{"start":{"line":12,"column":6},"end":{"line":133,"column":1}},"line":12},"1":{"name":"(anonymous_1)","decl":{"start":{"line":16,"column":14},"end":{"line":16,"column":15}},"loc":{"start":{"line":16,"column":20},"end":{"line":31,"column":5}},"line":16},"2":{"name":"(anonymous_2)","decl":{"start":{"line":17,"column":29},"end":{"line":17,"column":30}},"loc":{"start":{"line":17,"column":35},"end":{"line":25,"column":9}},"line":17},"3":{"name":"(anonymous_3)","decl":{"start":{"line":30,"column":15},"end":{"line":30,"column":16}},"loc":{"start":{"line":30,"column":21},"end":{"line":30,"column":44}},"line":30},"4":{"name":"(anonymous_4)","decl":{"start":{"line":55,"column":54},"end":{"line":55,"column":55}},"loc":{"start":{"line":56,"column":20},"end":{"line":74,"column":26}},"line":56},"5":{"name":"(anonymous_5)","decl":{"start":{"line":62,"column":69},"end":{"line":62,"column":70}},"loc":{"start":{"line":63,"column":32},"end":{"line":71,"column":38}},"line":63}},"branchMap":{"0":{"loc":{"start":{"line":11,"column":4},"end":{"line":11,"column":27}},"type":"default-arg","locations":[{"start":{"line":11,"column":22},"end":{"line":11,"column":27}}],"line":11},"1":{"loc":{"start":{"line":23,"column":25},"end":{"line":23,"column":92}},"type":"cond-expr","locations":[{"start":{"line":23,"column":48},"end":{"line":23,"column":59}},{"start":{"line":23,"column":62},"end":{"line":23,"column":92}}],"line":23},"2":{"loc":{"start":{"line":33,"column":4},"end":{"line":40,"column":5}},"type":"if","locations":[{"start":{"line":33,"column":4},"end":{"line":40,"column":5}},{"start":{},"end":{}}],"line":33},"3":{"loc":{"start":{"line":42,"column":4},"end":{"line":48,"column":5}},"type":"if","locations":[{"start":{"line":42,"column":4},"end":{"line":48,"column":5}},{"start":{},"end":{}}],"line":42}},"s":{"0":0,"1":0,"2":0,"3":0,"4":0,"5":0,"6":0,"7":0,"8":0,"9":0,"10":0,"11":0,"12":0,"13":0,"14":0,"15":0,"16":0,"17":0,"18":0,"19":0,"20":0},"f":{"0":0,"1":0,"2":0,"3":0,"4":0,"5":0},"b":{"0":[0],"1":[0,0],"2":[0,0],"3":[0,0]}}
,"C:\\Users\\JR\\Documents\\DojoPool\\DojoPoolCombined\\src\\dojopool\\frontend\\components\\[TEST]ExperimentDashboard.tsx": {"path":"C:\\Users\\JR\\Documents\\DojoPool\\DojoPoolCombined\\src\\dojopool\\frontend\\components\\[TEST]ExperimentDashboard.tsx","statementMap":{"0":{"start":{"line":37,"column":52},"end":{"line":280,"column":1}},"1":{"start":{"line":38,"column":34},"end":{"line":38,"column":73}},"2":{"start":{"line":39,"column":34},"end":{"line":39,"column":48}},"3":{"start":{"line":40,"column":30},"end":{"line":40,"column":59}},"4":{"start":{"line":42,"column":4},"end":{"line":44,"column":23}},"5":{"start":{"line":43,"column":8},"end":{"line":43,"column":23}},"6":{"start":{"line":46,"column":25},"end":{"line":61,"column":5}},"7":{"start":{"line":47,"column":8},"end":{"line":60,"column":9}},"8":{"start":{"line":48,"column":12},"end":{"line":48,"column":29}},"9":{"start":{"line":49,"column":29},"end":{"line":49,"column":84}},"10":{"start":{"line":50,"column":12},"end":{"line":52,"column":13}},"11":{"start":{"line":51,"column":16},"end":{"line":51,"column":59}},"12":{"start":{"line":53,"column":25},"end":{"line":53,"column":46}},"13":{"start":{"line":54,"column":12},"end":{"line":54,"column":29}},"14":{"start":{"line":55,"column":12},"end":{"line":55,"column":27}},"15":{"start":{"line":57,"column":12},"end":{"line":57,"column":79}},"16":{"start":{"line":59,"column":12},"end":{"line":59,"column":30}},"17":{"start":{"line":63,"column":25},"end":{"line":66,"column":5}},"18":{"start":{"line":64,"column":8},"end":{"line":64,"column":42}},"19":{"start":{"line":64,"column":23},"end":{"line":64,"column":42}},"20":{"start":{"line":65,"column":8},"end":{"line":65,"column":37}},"21":{"start":{"line":68,"column":33},"end":{"line":72,"column":5}},"22":{"start":{"line":69,"column":8},"end":{"line":69,"column":48}},"23":{"start":{"line":69,"column":23},"end":{"line":69,"column":48}},"24":{"start":{"line":70,"column":8},"end":{"line":70,"column":60}},"25":{"start":{"line":70,"column":25},"end":{"line":70,"column":60}},"26":{"start":{"line":71,"column":8},"end":{"line":71,"column":43}},"27":{"start":{"line":74,"column":27},"end":{"line":90,"column":5}},"28":{"start":{"line":75,"column":8},"end":{"line":75,"column":32}},"29":{"start":{"line":75,"column":22},"end":{"line":75,"column":32}},"30":{"start":{"line":76,"column":8},"end":{"line":89,"column":10}},"31":{"start":{"line":83,"column":55},"end":{"line":88,"column":13}},"32":{"start":{"line":92,"column":4},"end":{"line":94,"column":5}},"33":{"start":{"line":93,"column":8},"end":{"line":93,"column":76}},"34":{"start":{"line":96,"column":4},"end":{"line":103,"column":5}},"35":{"start":{"line":97,"column":8},"end":{"line":102,"column":10}},"36":{"start":{"line":105,"column":4},"end":{"line":107,"column":5}},"37":{"start":{"line":106,"column":8},"end":{"line":106,"column":47}},"38":{"start":{"line":109,"column":4},"end":{"line":279,"column":6}},"39":{"start":{"line":138,"column":24},"end":{"line":140,"column":28}},"40":{"start":{"line":171,"column":75},"end":{"line":174,"column":33}}},"fnMap":{"0":{"name":"(anonymous_0)","decl":{"start":{"line":37,"column":52},"end":{"line":37,"column":53}},"loc":{"start":{"line":37,"column":85},"end":{"line":280,"column":1}},"line":37},"1":{"name":"(anonymous_1)","decl":{"start":{"line":42,"column":14},"end":{"line":42,"column":15}},"loc":{"start":{"line":42,"column":20},"end":{"line":44,"column":5}},"line":42},"2":{"name":"(anonymous_2)","decl":{"start":{"line":46,"column":25},"end":{"line":46,"column":26}},"loc":{"start":{"line":46,"column":37},"end":{"line":61,"column":5}},"line":46},"3":{"name":"(anonymous_3)","decl":{"start":{"line":63,"column":25},"end":{"line":63,"column":26}},"loc":{"start":{"line":63,"column":48},"end":{"line":66,"column":5}},"line":63},"4":{"name":"(anonymous_4)","decl":{"start":{"line":68,"column":33},"end":{"line":68,"column":34}},"loc":{"start":{"line":68,"column":71},"end":{"line":72,"column":5}},"line":68},"5":{"name":"(anonymous_5)","decl":{"start":{"line":74,"column":27},"end":{"line":74,"column":28}},"loc":{"start":{"line":74,"column":33},"end":{"line":90,"column":5}},"line":74},"6":{"name":"(anonymous_6)","decl":{"start":{"line":83,"column":43},"end":{"line":83,"column":44}},"loc":{"start":{"line":83,"column":55},"end":{"line":88,"column":13}},"line":83},"7":{"name":"(anonymous_7)","decl":{"start":{"line":137,"column":49},"end":{"line":137,"column":50}},"loc":{"start":{"line":138,"column":24},"end":{"line":140,"column":28}},"line":138},"8":{"name":"(anonymous_8)","decl":{"start":{"line":171,"column":63},"end":{"line":171,"column":64}},"loc":{"start":{"line":171,"column":75},"end":{"line":174,"column":33}},"line":171}},"branchMap":{"0":{"loc":{"start":{"line":50,"column":12},"end":{"line":52,"column":13}},"type":"if","locations":[{"start":{"line":50,"column":12},"end":{"line":52,"column":13}},{"start":{},"end":{}}],"line":50},"1":{"loc":{"start":{"line":57,"column":21},"end":{"line":57,"column":77}},"type":"cond-expr","locations":[{"start":{"line":57,"column":44},"end":{"line":57,"column":55}},{"start":{"line":57,"column":58},"end":{"line":57,"column":77}}],"line":57},"2":{"loc":{"start":{"line":64,"column":8},"end":{"line":64,"column":42}},"type":"if","locations":[{"start":{"line":64,"column":8},"end":{"line":64,"column":42}},{"start":{},"end":{}}],"line":64},"3":{"loc":{"start":{"line":69,"column":8},"end":{"line":69,"column":48}},"type":"if","locations":[{"start":{"line":69,"column":8},"end":{"line":69,"column":48}},{"start":{},"end":{}}],"line":69},"4":{"loc":{"start":{"line":70,"column":8},"end":{"line":70,"column":60}},"type":"if","locations":[{"start":{"line":70,"column":8},"end":{"line":70,"column":60}},{"start":{},"end":{}}],"line":70},"5":{"loc":{"start":{"line":75,"column":8},"end":{"line":75,"column":32}},"type":"if","locations":[{"start":{"line":75,"column":8},"end":{"line":75,"column":32}},{"start":{},"end":{}}],"line":75},"6":{"loc":{"start":{"line":92,"column":4},"end":{"line":94,"column":5}},"type":"if","locations":[{"start":{"line":92,"column":4},"end":{"line":94,"column":5}},{"start":{},"end":{}}],"line":92},"7":{"loc":{"start":{"line":96,"column":4},"end":{"line":103,"column":5}},"type":"if","locations":[{"start":{"line":96,"column":4},"end":{"line":103,"column":5}},{"start":{},"end":{}}],"line":96},"8":{"loc":{"start":{"line":105,"column":4},"end":{"line":107,"column":5}},"type":"if","locations":[{"start":{"line":105,"column":4},"end":{"line":107,"column":5}},{"start":{},"end":{}}],"line":105},"9":{"loc":{"start":{"line":121,"column":34},"end":{"line":121,"column":92}},"type":"cond-expr","locations":[{"start":{"line":121,"column":59},"end":{"line":121,"column":72}},{"start":{"line":121,"column":75},"end":{"line":121,"column":92}}],"line":121},"10":{"loc":{"start":{"line":129,"column":34},"end":{"line":129,"column":83}},"type":"cond-expr","locations":[{"start":{"line":129,"column":57},"end":{"line":129,"column":69}},{"start":{"line":129,"column":72},"end":{"line":129,"column":83}}],"line":129}},"s":{"0":0,"1":0,"2":0,"3":0,"4":0,"5":0,"6":0,"7":0,"8":0,"9":0,"10":0,"11":0,"12":0,"13":0,"14":0,"15":0,"16":0,"17":0,"18":0,"19":0,"20":0,"21":0,"22":0,"23":0,"24":0,"25":0,"26":0,"27":0,"28":0,"29":0,"30":0,"31":0,"32":0,"33":0,"34":0,"35":0,"36":0,"37":0,"38":0,"39":0,"40":0},"f":{"0":0,"1":0,"2":0,"3":0,"4":0,"5":0,"6":0,"7":0,"8":0},"b":{"0":[0,0],"1":[0,0],"2":[0,0],"3":[0,0],"4":[0,0],"5":[0,0],"6":[0,0],"7":[0,0],"8":[0,0],"9":[0,0],"10":[0,0]}}
,"C:\\Users\\JR\\Documents\\DojoPool\\DojoPoolCombined\\src\\dojopool\\frontend\\components\\[UI]AnimatedAvatar.tsx": {"path":"C:\\Users\\JR\\Documents\\DojoPool\\DojoPoolCombined\\src\\dojopool\\frontend\\components\\[UI]AnimatedAvatar.tsx","statementMap":{"0":{"start":{"line":24,"column":21},"end":{"line":30,"column":3}},"1":{"start":{"line":24,"column":52},"end":{"line":30,"column":1}},"2":{"start":{"line":32,"column":17},"end":{"line":43,"column":3}},"3":{"start":{"line":32,"column":45},"end":{"line":43,"column":1}},"4":{"start":{"line":45,"column":54},"end":{"line":254,"column":1}},"5":{"start":{"line":52,"column":20},"end":{"line":52,"column":48}},"6":{"start":{"line":53,"column":23},"end":{"line":53,"column":40}},"7":{"start":{"line":54,"column":50},"end":{"line":54,"column":99}},"8":{"start":{"line":55,"column":36},"end":{"line":55,"column":51}},"9":{"start":{"line":56,"column":36},"end":{"line":56,"column":51}},"10":{"start":{"line":57,"column":34},"end":{"line":57,"column":68}},"11":{"start":{"line":60,"column":61},"end":{"line":67,"column":3}},"12":{"start":{"line":63,"column":23},"end":{"line":63,"column":61}},"13":{"start":{"line":64,"column":6},"end":{"line":64,"column":70}},"14":{"start":{"line":64,"column":24},"end":{"line":64,"column":70}},"15":{"start":{"line":65,"column":6},"end":{"line":65,"column":29}},"16":{"start":{"line":70,"column":56},"end":{"line":78,"column":3}},"17":{"start":{"line":73,"column":23},"end":{"line":73,"column":65}},"18":{"start":{"line":74,"column":6},"end":{"line":74,"column":66}},"19":{"start":{"line":74,"column":24},"end":{"line":74,"column":66}},"20":{"start":{"line":75,"column":19},"end":{"line":75,"column":40}},"21":{"start":{"line":76,"column":6},"end":{"line":76,"column":39}},"22":{"start":{"line":81,"column":26},"end":{"line":92,"column":3}},"23":{"start":{"line":83,"column":23},"end":{"line":87,"column":8}},"24":{"start":{"line":88,"column":6},"end":{"line":88,"column":68}},"25":{"start":{"line":88,"column":24},"end":{"line":88,"column":68}},"26":{"start":{"line":89,"column":19},"end":{"line":89,"column":40}},"27":{"start":{"line":90,"column":6},"end":{"line":90,"column":39}},"28":{"start":{"line":95,"column":24},"end":{"line":136,"column":3}},"29":{"start":{"line":97,"column":6},"end":{"line":97,"column":37}},"30":{"start":{"line":97,"column":30},"end":{"line":97,"column":37}},"31":{"start":{"line":99,"column":6},"end":{"line":133,"column":7}},"32":{"start":{"line":101,"column":8},"end":{"line":103,"column":9}},"33":{"start":{"line":102,"column":10},"end":{"line":102,"column":41}},"34":{"start":{"line":106,"column":23},"end":{"line":106,"column":72}},"35":{"start":{"line":106,"column":47},"end":{"line":106,"column":71}},"36":{"start":{"line":107,"column":8},"end":{"line":107,"column":60}},"37":{"start":{"line":107,"column":21},"end":{"line":107,"column":60}},"38":{"start":{"line":110,"column":25},"end":{"line":110,"column":77}},"39":{"start":{"line":111,"column":8},"end":{"line":111,"column":70}},"40":{"start":{"line":111,"column":26},"end":{"line":111,"column":70}},"41":{"start":{"line":112,"column":21},"end":{"line":112,"column":42}},"42":{"start":{"line":114,"column":8},"end":{"line":120,"column":11}},"43":{"start":{"line":123,"column":8},"end":{"line":128,"column":11}},"44":{"start":{"line":124,"column":10},"end":{"line":124,"column":30}},"45":{"start":{"line":125,"column":10},"end":{"line":127,"column":11}},"46":{"start":{"line":126,"column":12},"end":{"line":126,"column":34}},"47":{"start":{"line":130,"column":8},"end":{"line":130,"column":43}},"48":{"start":{"line":132,"column":8},"end":{"line":132,"column":58}},"49":{"start":{"line":139,"column":21},"end":{"line":144,"column":3}},"50":{"start":{"line":140,"column":4},"end":{"line":143,"column":5}},"51":{"start":{"line":141,"column":6},"end":{"line":141,"column":34}},"52":{"start":{"line":142,"column":6},"end":{"line":142,"column":25}},"53":{"start":{"line":146,"column":22},"end":{"line":151,"column":3}},"54":{"start":{"line":147,"column":4},"end":{"line":150,"column":5}},"55":{"start":{"line":148,"column":6},"end":{"line":148,"column":35}},"56":{"start":{"line":149,"column":6},"end":{"line":149,"column":26}},"57":{"start":{"line":153,"column":21},"end":{"line":158,"column":3}},"58":{"start":{"line":154,"column":4},"end":{"line":157,"column":5}},"59":{"start":{"line":155,"column":6},"end":{"line":155,"column":34}},"60":{"start":{"line":156,"column":6},"end":{"line":156,"column":26}},"61":{"start":{"line":160,"column":21},"end":{"line":165,"column":3}},"62":{"start":{"line":161,"column":4},"end":{"line":161,"column":29}},"63":{"start":{"line":162,"column":4},"end":{"line":164,"column":5}},"64":{"start":{"line":163,"column":6},"end":{"line":163,"column":45}},"65":{"start":{"line":168,"column":25},"end":{"line":170,"column":3}},"66":{"start":{"line":169,"column":4},"end":{"line":169,"column":37}},"67":{"start":{"line":172,"column":26},"end":{"line":174,"column":3}},"68":{"start":{"line":173,"column":4},"end":{"line":173,"column":22}},"69":{"start":{"line":176,"column":32},"end":{"line":179,"column":3}},"70":{"start":{"line":177,"column":4},"end":{"line":177,"column":33}},"71":{"start":{"line":178,"column":4},"end":{"line":178,"column":22}},"72":{"start":{"line":182,"column":2},"end":{"line":186,"column":52}},"73":{"start":{"line":183,"column":4},"end":{"line":185,"column":5}},"74":{"start":{"line":184,"column":6},"end":{"line":184,"column":38}},"75":{"start":{"line":189,"column":2},"end":{"line":195,"column":9}},"76":{"start":{"line":190,"column":4},"end":{"line":194,"column":6}},"77":{"start":{"line":191,"column":6},"end":{"line":193,"column":7}},"78":{"start":{"line":192,"column":8},"end":{"line":192,"column":39}},"79":{"start":{"line":197,"column":2},"end":{"line":199,"column":3}},"80":{"start":{"line":198,"column":4},"end":{"line":198,"column":32}},"81":{"start":{"line":201,"column":2},"end":{"line":253,"column":4}},"82":{"start":{"line":213,"column":14},"end":{"line":213,"column":34}},"83":{"start":{"line":214,"column":14},"end":{"line":214,"column":55}},"84":{"start":{"line":222,"column":14},"end":{"line":222,"column":34}},"85":{"start":{"line":223,"column":14},"end":{"line":223,"column":27}},"86":{"start":{"line":231,"column":14},"end":{"line":231,"column":34}},"87":{"start":{"line":232,"column":14},"end":{"line":232,"column":27}},"88":{"start":{"line":243,"column":10},"end":{"line":249,"column":21}},"89":{"start":{"line":245,"column":27},"end":{"line":245,"column":64}}},"fnMap":{"0":{"name":"(anonymous_0)","decl":{"start":{"line":24,"column":36},"end":{"line":24,"column":37}},"loc":{"start":{"line":24,"column":52},"end":{"line":30,"column":1}},"line":24},"1":{"name":"(anonymous_1)","decl":{"start":{"line":32,"column":29},"end":{"line":32,"column":30}},"loc":{"start":{"line":32,"column":45},"end":{"line":43,"column":1}},"line":32},"2":{"name":"(anonymous_2)","decl":{"start":{"line":45,"column":54},"end":{"line":45,"column":55}},"loc":{"start":{"line":51,"column":6},"end":{"line":254,"column":1}},"line":51},"3":{"name":"(anonymous_3)","decl":{"start":{"line":62,"column":4},"end":{"line":62,"column":5}},"loc":{"start":{"line":62,"column":16},"end":{"line":66,"column":5}},"line":62},"4":{"name":"(anonymous_4)","decl":{"start":{"line":72,"column":4},"end":{"line":72,"column":5}},"loc":{"start":{"line":72,"column":16},"end":{"line":77,"column":5}},"line":72},"5":{"name":"(anonymous_5)","decl":{"start":{"line":82,"column":4},"end":{"line":82,"column":5}},"loc":{"start":{"line":82,"column":75},"end":{"line":91,"column":5}},"line":82},"6":{"name":"(anonymous_6)","decl":{"start":{"line":96,"column":4},"end":{"line":96,"column":5}},"loc":{"start":{"line":96,"column":37},"end":{"line":134,"column":5}},"line":96},"7":{"name":"(anonymous_7)","decl":{"start":{"line":106,"column":40},"end":{"line":106,"column":41}},"loc":{"start":{"line":106,"column":47},"end":{"line":106,"column":71}},"line":106},"8":{"name":"(anonymous_8)","decl":{"start":{"line":123,"column":58},"end":{"line":123,"column":59}},"loc":{"start":{"line":123,"column":64},"end":{"line":128,"column":9}},"line":123},"9":{"name":"(anonymous_9)","decl":{"start":{"line":139,"column":21},"end":{"line":139,"column":22}},"loc":{"start":{"line":139,"column":27},"end":{"line":144,"column":3}},"line":139},"10":{"name":"(anonymous_10)","decl":{"start":{"line":146,"column":22},"end":{"line":146,"column":23}},"loc":{"start":{"line":146,"column":28},"end":{"line":151,"column":3}},"line":146},"11":{"name":"(anonymous_11)","decl":{"start":{"line":153,"column":21},"end":{"line":153,"column":22}},"loc":{"start":{"line":153,"column":27},"end":{"line":158,"column":3}},"line":153},"12":{"name":"(anonymous_12)","decl":{"start":{"line":160,"column":21},"end":{"line":160,"column":22}},"loc":{"start":{"line":160,"column":27},"end":{"line":165,"column":3}},"line":160},"13":{"name":"(anonymous_13)","decl":{"start":{"line":168,"column":25},"end":{"line":168,"column":26}},"loc":{"start":{"line":168,"column":67},"end":{"line":170,"column":3}},"line":168},"14":{"name":"(anonymous_14)","decl":{"start":{"line":172,"column":26},"end":{"line":172,"column":27}},"loc":{"start":{"line":172,"column":32},"end":{"line":174,"column":3}},"line":172},"15":{"name":"(anonymous_15)","decl":{"start":{"line":176,"column":32},"end":{"line":176,"column":33}},"loc":{"start":{"line":176,"column":59},"end":{"line":179,"column":3}},"line":176},"16":{"name":"(anonymous_16)","decl":{"start":{"line":182,"column":12},"end":{"line":182,"column":13}},"loc":{"start":{"line":182,"column":18},"end":{"line":186,"column":3}},"line":182},"17":{"name":"(anonymous_17)","decl":{"start":{"line":189,"column":12},"end":{"line":189,"column":13}},"loc":{"start":{"line":189,"column":18},"end":{"line":195,"column":3}},"line":189},"18":{"name":"(anonymous_18)","decl":{"start":{"line":190,"column":11},"end":{"line":190,"column":12}},"loc":{"start":{"line":190,"column":17},"end":{"line":194,"column":5}},"line":190},"19":{"name":"(anonymous_19)","decl":{"start":{"line":212,"column":21},"end":{"line":212,"column":22}},"loc":{"start":{"line":212,"column":28},"end":{"line":215,"column":13}},"line":212},"20":{"name":"(anonymous_20)","decl":{"start":{"line":221,"column":21},"end":{"line":221,"column":22}},"loc":{"start":{"line":221,"column":28},"end":{"line":224,"column":13}},"line":221},"21":{"name":"(anonymous_21)","decl":{"start":{"line":230,"column":21},"end":{"line":230,"column":22}},"loc":{"start":{"line":230,"column":28},"end":{"line":233,"column":13}},"line":230},"22":{"name":"(anonymous_22)","decl":{"start":{"line":242,"column":25},"end":{"line":242,"column":26}},"loc":{"start":{"line":243,"column":10},"end":{"line":249,"column":21}},"line":243},"23":{"name":"(anonymous_23)","decl":{"start":{"line":245,"column":21},"end":{"line":245,"column":22}},"loc":{"start":{"line":245,"column":27},"end":{"line":245,"column":64}},"line":245}},"branchMap":{"0":{"loc":{"start":{"line":47,"column":2},"end":{"line":47,"column":12}},"type":"default-arg","locations":[{"start":{"line":47,"column":9},"end":{"line":47,"column":12}}],"line":47},"1":{"loc":{"start":{"line":54,"column":74},"end":{"line":54,"column":98}},"type":"binary-expr","locations":[{"start":{"line":54,"column":74},"end":{"line":54,"column":90}},{"start":{"line":54,"column":94},"end":{"line":54,"column":98}}],"line":54},"2":{"loc":{"start":{"line":64,"column":6},"end":{"line":64,"column":70}},"type":"if","locations":[{"start":{"line":64,"column":6},"end":{"line":64,"column":70}},{"start":{},"end":{}}],"line":64},"3":{"loc":{"start":{"line":74,"column":6},"end":{"line":74,"column":66}},"type":"if","locations":[{"start":{"line":74,"column":6},"end":{"line":74,"column":66}},{"start":{},"end":{}}],"line":74},"4":{"loc":{"start":{"line":88,"column":6},"end":{"line":88,"column":68}},"type":"if","locations":[{"start":{"line":88,"column":6},"end":{"line":88,"column":68}},{"start":{},"end":{}}],"line":88},"5":{"loc":{"start":{"line":97,"column":6},"end":{"line":97,"column":37}},"type":"if","locations":[{"start":{"line":97,"column":6},"end":{"line":97,"column":37}},{"start":{},"end":{}}],"line":97},"6":{"loc":{"start":{"line":101,"column":8},"end":{"line":103,"column":9}},"type":"if","locations":[{"start":{"line":101,"column":8},"end":{"line":103,"column":9}},{"start":{},"end":{}}],"line":101},"7":{"loc":{"start":{"line":107,"column":8},"end":{"line":107,"column":60}},"type":"if","locations":[{"start":{"line":107,"column":8},"end":{"line":107,"column":60}},{"start":{},"end":{}}],"line":107},"8":{"loc":{"start":{"line":111,"column":8},"end":{"line":111,"column":70}},"type":"if","locations":[{"start":{"line":111,"column":8},"end":{"line":111,"column":70}},{"start":{},"end":{}}],"line":111},"9":{"loc":{"start":{"line":125,"column":10},"end":{"line":127,"column":11}},"type":"if","locations":[{"start":{"line":125,"column":10},"end":{"line":127,"column":11}},{"start":{},"end":{}}],"line":125},"10":{"loc":{"start":{"line":140,"column":4},"end":{"line":143,"column":5}},"type":"if","locations":[{"start":{"line":140,"column":4},"end":{"line":143,"column":5}},{"start":{},"end":{}}],"line":140},"11":{"loc":{"start":{"line":147,"column":4},"end":{"line":150,"column":5}},"type":"if","locations":[{"start":{"line":147,"column":4},"end":{"line":150,"column":5}},{"start":{},"end":{}}],"line":147},"12":{"loc":{"start":{"line":154,"column":4},"end":{"line":157,"column":5}},"type":"if","locations":[{"start":{"line":154,"column":4},"end":{"line":157,"column":5}},{"start":{},"end":{}}],"line":154},"13":{"loc":{"start":{"line":162,"column":4},"end":{"line":164,"column":5}},"type":"if","locations":[{"start":{"line":162,"column":4},"end":{"line":164,"column":5}},{"start":{},"end":{}}],"line":162},"14":{"loc":{"start":{"line":183,"column":4},"end":{"line":185,"column":5}},"type":"if","locations":[{"start":{"line":183,"column":4},"end":{"line":185,"column":5}},{"start":{},"end":{}}],"line":183},"15":{"loc":{"start":{"line":183,"column":8},"end":{"line":183,"column":38}},"type":"binary-expr","locations":[{"start":{"line":183,"column":8},"end":{"line":183,"column":24}},{"start":{"line":183,"column":28},"end":{"line":183,"column":38}}],"line":183},"16":{"loc":{"start":{"line":191,"column":6},"end":{"line":193,"column":7}},"type":"if","locations":[{"start":{"line":191,"column":6},"end":{"line":193,"column":7}},{"start":{},"end":{}}],"line":191},"17":{"loc":{"start":{"line":197,"column":2},"end":{"line":199,"column":3}},"type":"if","locations":[{"start":{"line":197,"column":2},"end":{"line":199,"column":3}},{"start":{},"end":{}}],"line":197},"18":{"loc":{"start":{"line":197,"column":6},"end":{"line":197,"column":40}},"type":"binary-expr","locations":[{"start":{"line":197,"column":6},"end":{"line":197,"column":23}},{"start":{"line":197,"column":27},"end":{"line":197,"column":40}}],"line":197},"19":{"loc":{"start":{"line":214,"column":14},"end":{"line":214,"column":54}},"type":"cond-expr","locations":[{"start":{"line":214,"column":26},"end":{"line":214,"column":39}},{"start":{"line":214,"column":42},"end":{"line":214,"column":54}}],"line":214},"20":{"loc":{"start":{"line":217,"column":13},"end":{"line":217,"column":50}},"type":"cond-expr","locations":[{"start":{"line":217,"column":25},"end":{"line":217,"column":34}},{"start":{"line":217,"column":37},"end":{"line":217,"column":50}}],"line":217},"21":{"loc":{"start":{"line":234,"column":19},"end":{"line":234,"column":52}},"type":"cond-expr","locations":[{"start":{"line":234,"column":31},"end":{"line":234,"column":40}},{"start":{"line":234,"column":43},"end":{"line":234,"column":52}}],"line":234}},"s":{"0":0,"1":0,"2":0,"3":0,"4":0,"5":0,"6":0,"7":0,"8":0,"9":0,"10":0,"11":0,"12":0,"13":0,"14":0,"15":0,"16":0,"17":0,"18":0,"19":0,"20":0,"21":0,"22":0,"23":0,"24":0,"25":0,"26":0,"27":0,"28":0,"29":0,"30":0,"31":0,"32":0,"33":0,"34":0,"35":0,"36":0,"37":0,"38":0,"39":0,"40":0,"41":0,"42":0,"43":0,"44":0,"45":0,"46":0,"47":0,"48":0,"49":0,"50":0,"51":0,"52":0,"53":0,"54":0,"55":0,"56":0,"57":0,"58":0,"59":0,"60":0,"61":0,"62":0,"63":0,"64":0,"65":0,"66":0,"67":0,"68":0,"69":0,"70":0,"71":0,"72":0,"73":0,"74":0,"75":0,"76":0,"77":0,"78":0,"79":0,"80":0,"81":0,"82":0,"83":0,"84":0,"85":0,"86":0,"87":0,"88":0,"89":0},"f":{"0":0,"1":0,"2":0,"3":0,"4":0,"5":0,"6":0,"7":0,"8":0,"9":0,"10":0,"11":0,"12":0,"13":0,"14":0,"15":0,"16":0,"17":0,"18":0,"19":0,"20":0,"21":0,"22":0,"23":0},"b":{"0":[0],"1":[0,0],"2":[0,0],"3":[0,0],"4":[0,0],"5":[0,0],"6":[0,0],"7":[0,0],"8":[0,0],"9":[0,0],"10":[0,0],"11":[0,0],"12":[0,0],"13":[0,0],"14":[0,0],"15":[0,0],"16":[0,0],"17":[0,0],"18":[0,0],"19":[0,0],"20":[0,0],"21":[0,0]}}
,"C:\\Users\\JR\\Documents\\DojoPool\\DojoPoolCombined\\src\\dojopool\\frontend\\components\\[UI]ImageGallery.tsx": {"path":"C:\\Users\\JR\\Documents\\DojoPool\\DojoPoolCombined\\src\\dojopool\\frontend\\components\\[UI]ImageGallery.tsx","statementMap":{"0":{"start":{"line":21,"column":57},"end":{"line":106,"column":1}},"1":{"start":{"line":22,"column":4},"end":{"line":105,"column":6}},"2":{"start":{"line":27,"column":20},"end":{"line":36,"column":22}},"3":{"start":{"line":35,"column":44},"end":{"line":35,"column":104}},"4":{"start":{"line":43,"column":20},"end":{"line":51,"column":22}},"5":{"start":{"line":50,"column":44},"end":{"line":50,"column":104}}},"fnMap":{"0":{"name":"(anonymous_0)","decl":{"start":{"line":21,"column":57},"end":{"line":21,"column":58}},"loc":{"start":{"line":21,"column":73},"end":{"line":106,"column":1}},"line":21},"1":{"name":"(anonymous_1)","decl":{"start":{"line":26,"column":28},"end":{"line":26,"column":29}},"loc":{"start":{"line":27,"column":20},"end":{"line":36,"column":22}},"line":27},"2":{"name":"(anonymous_2)","decl":{"start":{"line":35,"column":33},"end":{"line":35,"column":34}},"loc":{"start":{"line":35,"column":44},"end":{"line":35,"column":104}},"line":35},"3":{"name":"(anonymous_3)","decl":{"start":{"line":42,"column":28},"end":{"line":42,"column":29}},"loc":{"start":{"line":43,"column":20},"end":{"line":51,"column":22}},"line":43},"4":{"name":"(anonymous_4)","decl":{"start":{"line":50,"column":33},"end":{"line":50,"column":34}},"loc":{"start":{"line":50,"column":44},"end":{"line":50,"column":104}},"line":50}},"branchMap":{},"s":{"0":0,"1":0,"2":0,"3":0,"4":0,"5":0},"f":{"0":0,"1":0,"2":0,"3":0,"4":0},"b":{}}
,"C:\\Users\\JR\\Documents\\DojoPool\\DojoPoolCombined\\src\\dojopool\\frontend\\components\\[UI]MarketplaceLayout.tsx": {"path":"C:\\Users\\JR\\Documents\\DojoPool\\DojoPoolCombined\\src\\dojopool\\frontend\\components\\[UI]MarketplaceLayout.tsx","statementMap":{"0":{"start":{"line":5,"column":43},"end":{"line":107,"column":1}},"1":{"start":{"line":6,"column":21},"end":{"line":6,"column":34}},"2":{"start":{"line":7,"column":21},"end":{"line":7,"column":34}},"3":{"start":{"line":8,"column":38},"end":{"line":8,"column":49}},"4":{"start":{"line":9,"column":40},"end":{"line":9,"column":52}},"5":{"start":{"line":10,"column":36},"end":{"line":10,"column":51}},"6":{"start":{"line":11,"column":32},"end":{"line":11,"column":50}},"7":{"start":{"line":13,"column":4},"end":{"line":15,"column":11}},"8":{"start":{"line":14,"column":8},"end":{"line":14,"column":26}},"9":{"start":{"line":17,"column":28},"end":{"line":19,"column":5}},"10":{"start":{"line":18,"column":8},"end":{"line":18,"column":56}},"11":{"start":{"line":21,"column":25},"end":{"line":24,"column":5}},"12":{"start":{"line":22,"column":8},"end":{"line":22,"column":42}},"13":{"start":{"line":23,"column":8},"end":{"line":23,"column":98}},"14":{"start":{"line":26,"column":33},"end":{"line":29,"column":5}},"15":{"start":{"line":27,"column":8},"end":{"line":27,"column":40}},"16":{"start":{"line":28,"column":8},"end":{"line":28,"column":100}},"17":{"start":{"line":31,"column":29},"end":{"line":34,"column":5}},"18":{"start":{"line":32,"column":8},"end":{"line":32,"column":38}},"19":{"start":{"line":33,"column":8},"end":{"line":33,"column":102}},"20":{"start":{"line":36,"column":4},"end":{"line":106,"column":6}},"21":{"start":{"line":90,"column":39},"end":{"line":90,"column":76}},"22":{"start":{"line":97,"column":39},"end":{"line":97,"column":68}}},"fnMap":{"0":{"name":"(anonymous_0)","decl":{"start":{"line":5,"column":43},"end":{"line":5,"column":44}},"loc":{"start":{"line":5,"column":49},"end":{"line":107,"column":1}},"line":5},"1":{"name":"(anonymous_1)","decl":{"start":{"line":13,"column":14},"end":{"line":13,"column":15}},"loc":{"start":{"line":13,"column":20},"end":{"line":15,"column":5}},"line":13},"2":{"name":"(anonymous_2)","decl":{"start":{"line":17,"column":28},"end":{"line":17,"column":29}},"loc":{"start":{"line":17,"column":34},"end":{"line":19,"column":5}},"line":17},"3":{"name":"(anonymous_3)","decl":{"start":{"line":21,"column":25},"end":{"line":21,"column":26}},"loc":{"start":{"line":21,"column":73},"end":{"line":24,"column":5}},"line":21},"4":{"name":"(anonymous_4)","decl":{"start":{"line":26,"column":33},"end":{"line":26,"column":34}},"loc":{"start":{"line":26,"column":82},"end":{"line":29,"column":5}},"line":26},"5":{"name":"(anonymous_5)","decl":{"start":{"line":31,"column":29},"end":{"line":31,"column":30}},"loc":{"start":{"line":31,"column":78},"end":{"line":34,"column":5}},"line":31},"6":{"name":"(anonymous_6)","decl":{"start":{"line":90,"column":33},"end":{"line":90,"column":34}},"loc":{"start":{"line":90,"column":39},"end":{"line":90,"column":76}},"line":90},"7":{"name":"(anonymous_7)","decl":{"start":{"line":97,"column":33},"end":{"line":97,"column":34}},"loc":{"start":{"line":97,"column":39},"end":{"line":97,"column":68}},"line":97}},"branchMap":{},"s":{"0":0,"1":0,"2":0,"3":0,"4":0,"5":0,"6":0,"7":0,"8":0,"9":0,"10":0,"11":0,"12":0,"13":0,"14":0,"15":0,"16":0,"17":0,"18":0,"19":0,"20":0,"21":0,"22":0},"f":{"0":0,"1":0,"2":0,"3":0,"4":0,"5":0,"6":0,"7":0},"b":{}}
,"C:\\Users\\JR\\Documents\\DojoPool\\DojoPoolCombined\\src\\dojopool\\frontend\\components\\[UI]OptimizedImage.tsx": {"path":"C:\\Users\\JR\\Documents\\DojoPool\\DojoPoolCombined\\src\\dojopool\\frontend\\components\\[UI]OptimizedImage.tsx","statementMap":{"0":{"start":{"line":28,"column":61},"end":{"line":85,"column":1}},"1":{"start":{"line":38,"column":40},"end":{"line":38,"column":80}},"2":{"start":{"line":39,"column":30},"end":{"line":39,"column":58}},"3":{"start":{"line":41,"column":4},"end":{"line":43,"column":11}},"4":{"start":{"line":42,"column":8},"end":{"line":42,"column":53}},"5":{"start":{"line":45,"column":24},"end":{"line":49,"column":5}},"6":{"start":{"line":46,"column":22},"end":{"line":46,"column":67}},"7":{"start":{"line":47,"column":8},"end":{"line":47,"column":24}},"8":{"start":{"line":48,"column":8},"end":{"line":48,"column":25}},"9":{"start":{"line":51,"column":4},"end":{"line":57,"column":5}},"10":{"start":{"line":52,"column":8},"end":{"line":56,"column":10}},"11":{"start":{"line":59,"column":4},"end":{"line":84,"column":6}},"12":{"start":{"line":90,"column":63},"end":{"line":164,"column":1}},"13":{"start":{"line":99,"column":40},"end":{"line":99,"column":80}},"14":{"start":{"line":100,"column":30},"end":{"line":100,"column":58}},"15":{"start":{"line":102,"column":4},"end":{"line":104,"column":11}},"16":{"start":{"line":103,"column":8},"end":{"line":103,"column":53}},"17":{"start":{"line":106,"column":25},"end":{"line":118,"column":5}},"18":{"start":{"line":107,"column":8},"end":{"line":117,"column":24}},"19":{"start":{"line":109,"column":30},"end":{"line":114,"column":23}},"20":{"start":{"line":115,"column":16},"end":{"line":115,"column":48}},"21":{"start":{"line":120,"column":24},"end":{"line":124,"column":5}},"22":{"start":{"line":121,"column":22},"end":{"line":121,"column":66}},"23":{"start":{"line":122,"column":8},"end":{"line":122,"column":24}},"24":{"start":{"line":123,"column":8},"end":{"line":123,"column":25}},"25":{"start":{"line":126,"column":4},"end":{"line":132,"column":5}},"26":{"start":{"line":127,"column":8},"end":{"line":131,"column":10}},"27":{"start":{"line":134,"column":24},"end":{"line":134,"column":95}},"28":{"start":{"line":136,"column":4},"end":{"line":163,"column":6}}},"fnMap":{"0":{"name":"(anonymous_0)","decl":{"start":{"line":28,"column":61},"end":{"line":28,"column":62}},"loc":{"start":{"line":37,"column":6},"end":{"line":85,"column":1}},"line":37},"1":{"name":"(anonymous_1)","decl":{"start":{"line":41,"column":14},"end":{"line":41,"column":15}},"loc":{"start":{"line":41,"column":20},"end":{"line":43,"column":5}},"line":41},"2":{"name":"(anonymous_2)","decl":{"start":{"line":45,"column":24},"end":{"line":45,"column":25}},"loc":{"start":{"line":45,"column":78},"end":{"line":49,"column":5}},"line":45},"3":{"name":"(anonymous_3)","decl":{"start":{"line":90,"column":63},"end":{"line":90,"column":64}},"loc":{"start":{"line":98,"column":6},"end":{"line":164,"column":1}},"line":98},"4":{"name":"(anonymous_4)","decl":{"start":{"line":102,"column":14},"end":{"line":102,"column":15}},"loc":{"start":{"line":102,"column":20},"end":{"line":104,"column":5}},"line":102},"5":{"name":"(anonymous_5)","decl":{"start":{"line":106,"column":25},"end":{"line":106,"column":26}},"loc":{"start":{"line":106,"column":42},"end":{"line":118,"column":5}},"line":106},"6":{"name":"(anonymous_6)","decl":{"start":{"line":108,"column":17},"end":{"line":108,"column":18}},"loc":{"start":{"line":108,"column":34},"end":{"line":116,"column":13}},"line":108},"7":{"name":"(anonymous_7)","decl":{"start":{"line":120,"column":24},"end":{"line":120,"column":25}},"loc":{"start":{"line":120,"column":78},"end":{"line":124,"column":5}},"line":120}},"branchMap":{"0":{"loc":{"start":{"line":34,"column":4},"end":{"line":34,"column":20}},"type":"default-arg","locations":[{"start":{"line":34,"column":14},"end":{"line":34,"column":20}}],"line":34},"1":{"loc":{"start":{"line":51,"column":4},"end":{"line":57,"column":5}},"type":"if","locations":[{"start":{"line":51,"column":4},"end":{"line":57,"column":5}},{"start":{},"end":{}}],"line":51},"2":{"loc":{"start":{"line":53,"column":43},"end":{"line":53,"column":58}},"type":"binary-expr","locations":[{"start":{"line":53,"column":43},"end":{"line":53,"column":52}},{"start":{"line":53,"column":56},"end":{"line":53,"column":58}}],"line":53},"3":{"loc":{"start":{"line":61,"column":13},"end":{"line":66,"column":13}},"type":"binary-expr","locations":[{"start":{"line":61,"column":13},"end":{"line":61,"column":34}},{"start":{"line":62,"column":16},"end":{"line":65,"column":18}}],"line":61},"4":{"loc":{"start":{"line":67,"column":13},"end":{"line":72,"column":13}},"type":"binary-expr","locations":[{"start":{"line":67,"column":14},"end":{"line":67,"column":35}},{"start":{"line":67,"column":39},"end":{"line":67,"column":60}},{"start":{"line":68,"column":16},"end":{"line":71,"column":18}}],"line":67},"5":{"loc":{"start":{"line":95,"column":4},"end":{"line":95,"column":20}},"type":"default-arg","locations":[{"start":{"line":95,"column":14},"end":{"line":95,"column":20}}],"line":95},"6":{"loc":{"start":{"line":126,"column":4},"end":{"line":132,"column":5}},"type":"if","locations":[{"start":{"line":126,"column":4},"end":{"line":132,"column":5}},{"start":{},"end":{}}],"line":126},"7":{"loc":{"start":{"line":128,"column":43},"end":{"line":128,"column":58}},"type":"binary-expr","locations":[{"start":{"line":128,"column":43},"end":{"line":128,"column":52}},{"start":{"line":128,"column":56},"end":{"line":128,"column":58}}],"line":128},"8":{"loc":{"start":{"line":134,"column":27},"end":{"line":134,"column":89}},"type":"binary-expr","locations":[{"start":{"line":134,"column":27},"end":{"line":134,"column":40}},{"start":{"line":134,"column":44},"end":{"line":134,"column":57}},{"start":{"line":134,"column":61},"end":{"line":134,"column":89}}],"line":134},"9":{"loc":{"start":{"line":138,"column":13},"end":{"line":144,"column":13}},"type":"binary-expr","locations":[{"start":{"line":138,"column":13},"end":{"line":138,"column":34}},{"start":{"line":139,"column":16},"end":{"line":143,"column":18}}],"line":138},"10":{"loc":{"start":{"line":145,"column":13},"end":{"line":151,"column":13}},"type":"binary-expr","locations":[{"start":{"line":145,"column":14},"end":{"line":145,"column":35}},{"start":{"line":145,"column":39},"end":{"line":145,"column":60}},{"start":{"line":146,"column":16},"end":{"line":150,"column":18}}],"line":145}},"s":{"0":0,"1":0,"2":0,"3":0,"4":0,"5":0,"6":0,"7":0,"8":0,"9":0,"10":0,"11":0,"12":0,"13":0,"14":0,"15":0,"16":0,"17":0,"18":0,"19":0,"20":0,"21":0,"22":0,"23":0,"24":0,"25":0,"26":0,"27":0,"28":0},"f":{"0":0,"1":0,"2":0,"3":0,"4":0,"5":0,"6":0,"7":0},"b":{"0":[0],"1":[0,0],"2":[0,0],"3":[0,0],"4":[0,0,0],"5":[0],"6":[0,0],"7":[0,0],"8":[0,0,0],"9":[0,0],"10":[0,0,0]}}
,"C:\\Users\\JR\\Documents\\DojoPool\\DojoPoolCombined\\src\\dojopool\\frontend\\components\\AI\\[AI]PerformancePredictor.tsx": {"path":"C:\\Users\\JR\\Documents\\DojoPool\\DojoPoolCombined\\src\\dojopool\\frontend\\components\\AI\\[AI]PerformancePredictor.tsx","statementMap":{"0":{"start":{"line":25,"column":27},"end":{"line":28,"column":3}},"1":{"start":{"line":25,"column":57},"end":{"line":28,"column":1}},"2":{"start":{"line":30,"column":18},"end":{"line":35,"column":3}},"3":{"start":{"line":30,"column":46},"end":{"line":35,"column":1}},"4":{"start":{"line":54,"column":46},"end":{"line":195,"column":1}},"5":{"start":{"line":55,"column":32},"end":{"line":55,"column":46}},"6":{"start":{"line":56,"column":28},"end":{"line":56,"column":57}},"7":{"start":{"line":57,"column":38},"end":{"line":57,"column":82}},"8":{"start":{"line":59,"column":2},"end":{"line":61,"column":9}},"9":{"start":{"line":60,"column":4},"end":{"line":60,"column":22}},"10":{"start":{"line":63,"column":26},"end":{"line":74,"column":3}},"11":{"start":{"line":64,"column":4},"end":{"line":73,"column":5}},"12":{"start":{"line":65,"column":6},"end":{"line":65,"column":23}},"13":{"start":{"line":66,"column":23},"end":{"line":66,"column":63}},"14":{"start":{"line":67,"column":6},"end":{"line":67,"column":35}},"15":{"start":{"line":69,"column":6},"end":{"line":69,"column":57}},"16":{"start":{"line":70,"column":6},"end":{"line":70,"column":58}},"17":{"start":{"line":72,"column":6},"end":{"line":72,"column":24}},"18":{"start":{"line":76,"column":23},"end":{"line":88,"column":3}},"19":{"start":{"line":77,"column":4},"end":{"line":87,"column":5}},"20":{"start":{"line":80,"column":8},"end":{"line":80,"column":46}},"21":{"start":{"line":82,"column":8},"end":{"line":82,"column":48}},"22":{"start":{"line":84,"column":8},"end":{"line":84,"column":46}},"23":{"start":{"line":86,"column":8},"end":{"line":86,"column":43}},"24":{"start":{"line":90,"column":27},"end":{"line":101,"column":3}},"25":{"start":{"line":91,"column":4},"end":{"line":100,"column":5}},"26":{"start":{"line":93,"column":8},"end":{"line":93,"column":23}},"27":{"start":{"line":95,"column":8},"end":{"line":95,"column":25}},"28":{"start":{"line":97,"column":8},"end":{"line":97,"column":25}},"29":{"start":{"line":99,"column":8},"end":{"line":99,"column":25}},"30":{"start":{"line":103,"column":2},"end":{"line":109,"column":3}},"31":{"start":{"line":104,"column":4},"end":{"line":108,"column":6}},"32":{"start":{"line":111,"column":2},"end":{"line":117,"column":3}},"33":{"start":{"line":112,"column":4},"end":{"line":116,"column":6}},"34":{"start":{"line":119,"column":2},"end":{"line":121,"column":3}},"35":{"start":{"line":120,"column":4},"end":{"line":120,"column":16}},"36":{"start":{"line":123,"column":2},"end":{"line":194,"column":4}},"37":{"start":{"line":170,"column":10},"end":{"line":190,"column":21}}},"fnMap":{"0":{"name":"(anonymous_0)","decl":{"start":{"line":25,"column":41},"end":{"line":25,"column":42}},"loc":{"start":{"line":25,"column":57},"end":{"line":28,"column":1}},"line":25},"1":{"name":"(anonymous_1)","decl":{"start":{"line":30,"column":30},"end":{"line":30,"column":31}},"loc":{"start":{"line":30,"column":46},"end":{"line":35,"column":1}},"line":30},"2":{"name":"(anonymous_2)","decl":{"start":{"line":54,"column":46},"end":{"line":54,"column":47}},"loc":{"start":{"line":54,"column":52},"end":{"line":195,"column":1}},"line":54},"3":{"name":"(anonymous_3)","decl":{"start":{"line":59,"column":12},"end":{"line":59,"column":13}},"loc":{"start":{"line":59,"column":18},"end":{"line":61,"column":3}},"line":59},"4":{"name":"(anonymous_4)","decl":{"start":{"line":63,"column":26},"end":{"line":63,"column":27}},"loc":{"start":{"line":63,"column":38},"end":{"line":74,"column":3}},"line":63},"5":{"name":"(anonymous_5)","decl":{"start":{"line":76,"column":23},"end":{"line":76,"column":24}},"loc":{"start":{"line":76,"column":42},"end":{"line":88,"column":3}},"line":76},"6":{"name":"(anonymous_6)","decl":{"start":{"line":90,"column":27},"end":{"line":90,"column":28}},"loc":{"start":{"line":90,"column":49},"end":{"line":101,"column":3}},"line":90},"7":{"name":"(anonymous_7)","decl":{"start":{"line":169,"column":46},"end":{"line":169,"column":47}},"loc":{"start":{"line":170,"column":10},"end":{"line":190,"column":21}},"line":170}},"branchMap":{"0":{"loc":{"start":{"line":77,"column":4},"end":{"line":87,"column":5}},"type":"switch","locations":[{"start":{"line":78,"column":6},"end":{"line":78,"column":31}},{"start":{"line":79,"column":6},"end":{"line":80,"column":46}},{"start":{"line":81,"column":6},"end":{"line":82,"column":48}},{"start":{"line":83,"column":6},"end":{"line":84,"column":46}},{"start":{"line":85,"column":6},"end":{"line":86,"column":43}}],"line":77},"1":{"loc":{"start":{"line":91,"column":4},"end":{"line":100,"column":5}},"type":"switch","locations":[{"start":{"line":92,"column":6},"end":{"line":93,"column":23}},{"start":{"line":94,"column":6},"end":{"line":95,"column":25}},{"start":{"line":96,"column":6},"end":{"line":97,"column":25}},{"start":{"line":98,"column":6},"end":{"line":99,"column":25}}],"line":91},"2":{"loc":{"start":{"line":103,"column":2},"end":{"line":109,"column":3}},"type":"if","locations":[{"start":{"line":103,"column":2},"end":{"line":109,"column":3}},{"start":{},"end":{}}],"line":103},"3":{"loc":{"start":{"line":111,"column":2},"end":{"line":117,"column":3}},"type":"if","locations":[{"start":{"line":111,"column":2},"end":{"line":117,"column":3}},{"start":{},"end":{}}],"line":111},"4":{"loc":{"start":{"line":119,"column":2},"end":{"line":121,"column":3}},"type":"if","locations":[{"start":{"line":119,"column":2},"end":{"line":121,"column":3}},{"start":{},"end":{}}],"line":119}},"s":{"0":0,"1":0,"2":0,"3":0,"4":0,"5":0,"6":0,"7":0,"8":0,"9":0,"10":0,"11":0,"12":0,"13":0,"14":0,"15":0,"16":0,"17":0,"18":0,"19":0,"20":0,"21":0,"22":0,"23":0,"24":0,"25":0,"26":0,"27":0,"28":0,"29":0,"30":0,"31":0,"32":0,"33":0,"34":0,"35":0,"36":0,"37":0},"f":{"0":0,"1":0,"2":0,"3":0,"4":0,"5":0,"6":0,"7":0},"b":{"0":[0,0,0,0,0],"1":[0,0,0,0],"2":[0,0],"3":[0,0],"4":[0,0]}}
,"C:\\Users\\JR\\Documents\\DojoPool\\DojoPoolCombined\\src\\dojopool\\frontend\\components\\AI\\[AI]PlayerRecommender.tsx": {"path":"C:\\Users\\JR\\Documents\\DojoPool\\DojoPoolCombined\\src\\dojopool\\frontend\\components\\AI\\[AI]PlayerRecommender.tsx","statementMap":{"0":{"start":{"line":24,"column":29},"end":{"line":27,"column":3}},"1":{"start":{"line":24,"column":59},"end":{"line":27,"column":1}},"2":{"start":{"line":29,"column":19},"end":{"line":36,"column":3}},"3":{"start":{"line":29,"column":52},"end":{"line":36,"column":1}},"4":{"start":{"line":38,"column":26},"end":{"line":49,"column":2}},"5":{"start":{"line":39,"column":14},"end":{"line":39,"column":38}},"6":{"start":{"line":40,"column":2},"end":{"line":42,"column":60}},"7":{"start":{"line":40,"column":20},"end":{"line":40,"column":55}},"8":{"start":{"line":41,"column":7},"end":{"line":42,"column":60}},"9":{"start":{"line":41,"column":25},"end":{"line":41,"column":57}},"10":{"start":{"line":42,"column":7},"end":{"line":42,"column":60}},"11":{"start":{"line":42,"column":25},"end":{"line":42,"column":60}},"12":{"start":{"line":44,"column":2},"end":{"line":48,"column":4}},"13":{"start":{"line":58,"column":21},"end":{"line":58,"column":71}},"14":{"start":{"line":60,"column":43},"end":{"line":170,"column":1}},"15":{"start":{"line":61,"column":32},"end":{"line":61,"column":47}},"16":{"start":{"line":62,"column":28},"end":{"line":62,"column":57}},"17":{"start":{"line":63,"column":48},"end":{"line":63,"column":84}},"18":{"start":{"line":64,"column":38},"end":{"line":64,"column":62}},"19":{"start":{"line":66,"column":2},"end":{"line":68,"column":19}},"20":{"start":{"line":67,"column":4},"end":{"line":67,"column":27}},"21":{"start":{"line":70,"column":31},"end":{"line":83,"column":3}},"22":{"start":{"line":71,"column":4},"end":{"line":82,"column":5}},"23":{"start":{"line":72,"column":6},"end":{"line":72,"column":23}},"24":{"start":{"line":73,"column":23},"end":{"line":75,"column":8}},"25":{"start":{"line":76,"column":6},"end":{"line":76,"column":56}},"26":{"start":{"line":78,"column":6},"end":{"line":78,"column":57}},"27":{"start":{"line":79,"column":6},"end":{"line":79,"column":57}},"28":{"start":{"line":81,"column":6},"end":{"line":81,"column":24}},"29":{"start":{"line":85,"column":32},"end":{"line":90,"column":3}},"30":{"start":{"line":86,"column":4},"end":{"line":86,"column":47}},"31":{"start":{"line":86,"column":22},"end":{"line":86,"column":47}},"32":{"start":{"line":87,"column":4},"end":{"line":87,"column":43}},"33":{"start":{"line":87,"column":22},"end":{"line":87,"column":43}},"34":{"start":{"line":88,"column":4},"end":{"line":88,"column":42}},"35":{"start":{"line":88,"column":22},"end":{"line":88,"column":42}},"36":{"start":{"line":89,"column":4},"end":{"line":89,"column":24}},"37":{"start":{"line":92,"column":2},"end":{"line":169,"column":4}},"38":{"start":{"line":104,"column":29},"end":{"line":104,"column":58}},"39":{"start":{"line":107,"column":14},"end":{"line":109,"column":25}},"40":{"start":{"line":133,"column":10},"end":{"line":165,"column":23}},"41":{"start":{"line":159,"column":22},"end":{"line":159,"column":89}}},"fnMap":{"0":{"name":"(anonymous_0)","decl":{"start":{"line":24,"column":43},"end":{"line":24,"column":44}},"loc":{"start":{"line":24,"column":59},"end":{"line":27,"column":1}},"line":24},"1":{"name":"(anonymous_1)","decl":{"start":{"line":29,"column":36},"end":{"line":29,"column":37}},"loc":{"start":{"line":29,"column":52},"end":{"line":36,"column":1}},"line":29},"2":{"name":"(anonymous_2)","decl":{"start":{"line":38,"column":58},"end":{"line":38,"column":59}},"loc":{"start":{"line":38,"column":80},"end":{"line":49,"column":1}},"line":38},"3":{"name":"(anonymous_3)","decl":{"start":{"line":60,"column":43},"end":{"line":60,"column":44}},"loc":{"start":{"line":60,"column":49},"end":{"line":170,"column":1}},"line":60},"4":{"name":"(anonymous_4)","decl":{"start":{"line":66,"column":12},"end":{"line":66,"column":13}},"loc":{"start":{"line":66,"column":18},"end":{"line":68,"column":3}},"line":66},"5":{"name":"(anonymous_5)","decl":{"start":{"line":70,"column":31},"end":{"line":70,"column":32}},"loc":{"start":{"line":70,"column":43},"end":{"line":83,"column":3}},"line":70},"6":{"name":"(anonymous_6)","decl":{"start":{"line":85,"column":32},"end":{"line":85,"column":33}},"loc":{"start":{"line":85,"column":51},"end":{"line":90,"column":3}},"line":85},"7":{"name":"(anonymous_7)","decl":{"start":{"line":104,"column":22},"end":{"line":104,"column":23}},"loc":{"start":{"line":104,"column":29},"end":{"line":104,"column":58}},"line":104},"8":{"name":"(anonymous_8)","decl":{"start":{"line":106,"column":30},"end":{"line":106,"column":31}},"loc":{"start":{"line":107,"column":14},"end":{"line":109,"column":25}},"line":107},"9":{"name":"(anonymous_9)","decl":{"start":{"line":132,"column":29},"end":{"line":132,"column":30}},"loc":{"start":{"line":133,"column":10},"end":{"line":165,"column":23}},"line":133},"10":{"name":"(anonymous_10)","decl":{"start":{"line":158,"column":48},"end":{"line":158,"column":49}},"loc":{"start":{"line":159,"column":22},"end":{"line":159,"column":89}},"line":159}},"branchMap":{"0":{"loc":{"start":{"line":40,"column":2},"end":{"line":42,"column":60}},"type":"if","locations":[{"start":{"line":40,"column":2},"end":{"line":42,"column":60}},{"start":{"line":41,"column":7},"end":{"line":42,"column":60}}],"line":40},"1":{"loc":{"start":{"line":41,"column":7},"end":{"line":42,"column":60}},"type":"if","locations":[{"start":{"line":41,"column":7},"end":{"line":42,"column":60}},{"start":{"line":42,"column":7},"end":{"line":42,"column":60}}],"line":41},"2":{"loc":{"start":{"line":42,"column":7},"end":{"line":42,"column":60}},"type":"if","locations":[{"start":{"line":42,"column":7},"end":{"line":42,"column":60}},{"start":{},"end":{}}],"line":42},"3":{"loc":{"start":{"line":86,"column":4},"end":{"line":86,"column":47}},"type":"if","locations":[{"start":{"line":86,"column":4},"end":{"line":86,"column":47}},{"start":{},"end":{}}],"line":86},"4":{"loc":{"start":{"line":87,"column":4},"end":{"line":87,"column":43}},"type":"if","locations":[{"start":{"line":87,"column":4},"end":{"line":87,"column":43}},{"start":{},"end":{}}],"line":87},"5":{"loc":{"start":{"line":88,"column":4},"end":{"line":88,"column":42}},"type":"if","locations":[{"start":{"line":88,"column":4},"end":{"line":88,"column":42}},{"start":{},"end":{}}],"line":88},"6":{"loc":{"start":{"line":115,"column":7},"end":{"line":119,"column":7}},"type":"binary-expr","locations":[{"start":{"line":115,"column":7},"end":{"line":115,"column":14}},{"start":{"line":116,"column":8},"end":{"line":118,"column":14}}],"line":115},"7":{"loc":{"start":{"line":121,"column":7},"end":{"line":125,"column":7}},"type":"binary-expr","locations":[{"start":{"line":121,"column":7},"end":{"line":121,"column":12}},{"start":{"line":122,"column":8},"end":{"line":124,"column":16}}],"line":121},"8":{"loc":{"start":{"line":127,"column":7},"end":{"line":129,"column":7}},"type":"binary-expr","locations":[{"start":{"line":127,"column":7},"end":{"line":127,"column":15}},{"start":{"line":127,"column":19},"end":{"line":127,"column":47}},{"start":{"line":128,"column":8},"end":{"line":128,"column":100}}],"line":127}},"s":{"0":0,"1":0,"2":0,"3":0,"4":0,"5":0,"6":0,"7":0,"8":0,"9":0,"10":0,"11":0,"12":0,"13":0,"14":0,"15":0,"16":0,"17":0,"18":0,"19":0,"20":0,"21":0,"22":0,"23":0,"24":0,"25":0,"26":0,"27":0,"28":0,"29":0,"30":0,"31":0,"32":0,"33":0,"34":0,"35":0,"36":0,"37":0,"38":0,"39":0,"40":0,"41":0},"f":{"0":0,"1":0,"2":0,"3":0,"4":0,"5":0,"6":0,"7":0,"8":0,"9":0,"10":0},"b":{"0":[0,0],"1":[0,0],"2":[0,0],"3":[0,0],"4":[0,0],"5":[0,0],"6":[0,0],"7":[0,0],"8":[0,0,0]}}
,"C:\\Users\\JR\\Documents\\DojoPool\\DojoPoolCombined\\src\\dojopool\\frontend\\components\\AI\\[AI]ShotAnalyzer.tsx": {"path":"C:\\Users\\JR\\Documents\\DojoPool\\DojoPoolCombined\\src\\dojopool\\frontend\\components\\AI\\[AI]ShotAnalyzer.tsx","statementMap":{"0":{"start":{"line":18,"column":26},"end":{"line":21,"column":3}},"1":{"start":{"line":18,"column":56},"end":{"line":21,"column":1}},"2":{"start":{"line":23,"column":25},"end":{"line":29,"column":3}},"3":{"start":{"line":23,"column":53},"end":{"line":29,"column":1}},"4":{"start":{"line":31,"column":19},"end":{"line":35,"column":3}},"5":{"start":{"line":31,"column":49},"end":{"line":35,"column":1}},"6":{"start":{"line":37,"column":14},"end":{"line":39,"column":2}},"7":{"start":{"line":54,"column":38},"end":{"line":181,"column":1}},"8":{"start":{"line":55,"column":36},"end":{"line":55,"column":51}},"9":{"start":{"line":56,"column":34},"end":{"line":56,"column":69}},"10":{"start":{"line":57,"column":28},"end":{"line":57,"column":57}},"11":{"start":{"line":59,"column":27},"end":{"line":85,"column":3}},"12":{"start":{"line":60,"column":18},"end":{"line":60,"column":36}},"13":{"start":{"line":61,"column":4},"end":{"line":61,"column":45}},"14":{"start":{"line":61,"column":38},"end":{"line":61,"column":45}},"15":{"start":{"line":63,"column":4},"end":{"line":63,"column":23}},"16":{"start":{"line":64,"column":4},"end":{"line":64,"column":19}},"17":{"start":{"line":66,"column":4},"end":{"line":84,"column":5}},"18":{"start":{"line":67,"column":23},"end":{"line":67,"column":37}},"19":{"start":{"line":68,"column":6},"end":{"line":70,"column":9}},"20":{"start":{"line":69,"column":8},"end":{"line":69,"column":40}},"21":{"start":{"line":72,"column":23},"end":{"line":76,"column":8}},"22":{"start":{"line":78,"column":6},"end":{"line":78,"column":33}},"23":{"start":{"line":80,"column":6},"end":{"line":80,"column":60}},"24":{"start":{"line":81,"column":6},"end":{"line":81,"column":49}},"25":{"start":{"line":83,"column":6},"end":{"line":83,"column":26}},"26":{"start":{"line":87,"column":24},"end":{"line":119,"column":3}},"27":{"start":{"line":88,"column":4},"end":{"line":118,"column":23}},"28":{"start":{"line":121,"column":2},"end":{"line":180,"column":4}},"29":{"start":{"line":172,"column":14},"end":{"line":174,"column":25}}},"fnMap":{"0":{"name":"(anonymous_0)","decl":{"start":{"line":18,"column":40},"end":{"line":18,"column":41}},"loc":{"start":{"line":18,"column":56},"end":{"line":21,"column":1}},"line":18},"1":{"name":"(anonymous_1)","decl":{"start":{"line":23,"column":37},"end":{"line":23,"column":38}},"loc":{"start":{"line":23,"column":53},"end":{"line":29,"column":1}},"line":23},"2":{"name":"(anonymous_2)","decl":{"start":{"line":31,"column":33},"end":{"line":31,"column":34}},"loc":{"start":{"line":31,"column":49},"end":{"line":35,"column":1}},"line":31},"3":{"name":"(anonymous_3)","decl":{"start":{"line":54,"column":38},"end":{"line":54,"column":39}},"loc":{"start":{"line":54,"column":44},"end":{"line":181,"column":1}},"line":54},"4":{"name":"(anonymous_4)","decl":{"start":{"line":59,"column":27},"end":{"line":59,"column":28}},"loc":{"start":{"line":59,"column":81},"end":{"line":85,"column":3}},"line":59},"5":{"name":"(anonymous_5)","decl":{"start":{"line":68,"column":32},"end":{"line":68,"column":33}},"loc":{"start":{"line":68,"column":42},"end":{"line":70,"column":7}},"line":68},"6":{"name":"(anonymous_6)","decl":{"start":{"line":87,"column":24},"end":{"line":87,"column":25}},"loc":{"start":{"line":88,"column":4},"end":{"line":118,"column":23}},"line":88},"7":{"name":"(anonymous_7)","decl":{"start":{"line":171,"column":43},"end":{"line":171,"column":44}},"loc":{"start":{"line":172,"column":14},"end":{"line":174,"column":25}},"line":172}},"branchMap":{"0":{"loc":{"start":{"line":61,"column":4},"end":{"line":61,"column":45}},"type":"if","locations":[{"start":{"line":61,"column":4},"end":{"line":61,"column":45}},{"start":{},"end":{}}],"line":61},"1":{"loc":{"start":{"line":61,"column":8},"end":{"line":61,"column":36}},"type":"binary-expr","locations":[{"start":{"line":61,"column":8},"end":{"line":61,"column":14}},{"start":{"line":61,"column":18},"end":{"line":61,"column":36}}],"line":61},"2":{"loc":{"start":{"line":148,"column":7},"end":{"line":152,"column":7}},"type":"binary-expr","locations":[{"start":{"line":148,"column":7},"end":{"line":148,"column":16}},{"start":{"line":149,"column":8},"end":{"line":151,"column":14}}],"line":148},"3":{"loc":{"start":{"line":154,"column":7},"end":{"line":158,"column":7}},"type":"binary-expr","locations":[{"start":{"line":154,"column":7},"end":{"line":154,"column":12}},{"start":{"line":155,"column":8},"end":{"line":157,"column":16}}],"line":154},"4":{"loc":{"start":{"line":160,"column":7},"end":{"line":178,"column":7}},"type":"binary-expr","locations":[{"start":{"line":160,"column":7},"end":{"line":160,"column":15}},{"start":{"line":160,"column":19},"end":{"line":160,"column":35}},{"start":{"line":160,"column":39},"end":{"line":160,"column":55}},{"start":{"line":161,"column":8},"end":{"line":177,"column":11}}],"line":160}},"s":{"0":0,"1":0,"2":0,"3":0,"4":0,"5":0,"6":0,"7":0,"8":0,"9":0,"10":0,"11":0,"12":0,"13":0,"14":0,"15":0,"16":0,"17":0,"18":0,"19":0,"20":0,"21":0,"22":0,"23":0,"24":0,"25":0,"26":0,"27":0,"28":0,"29":0},"f":{"0":0,"1":0,"2":0,"3":0,"4":0,"5":0,"6":0,"7":0},"b":{"0":[0,0],"1":[0,0],"2":[0,0],"3":[0,0],"4":[0,0,0,0]}}
,"C:\\Users\\JR\\Documents\\DojoPool\\DojoPoolCombined\\src\\dojopool\\frontend\\components\\Auth\\[AUTH]Login.tsx": {"path":"C:\\Users\\JR\\Documents\\DojoPool\\DojoPoolCombined\\src\\dojopool\\frontend\\components\\Auth\\[AUTH]Login.tsx","statementMap":{"0":{"start":{"line":16,"column":14},"end":{"line":151,"column":1}},"1":{"start":{"line":17,"column":19},"end":{"line":17,"column":32}},"2":{"start":{"line":18,"column":38},"end":{"line":18,"column":47}},"3":{"start":{"line":19,"column":34},"end":{"line":22,"column":4}},"4":{"start":{"line":23,"column":38},"end":{"line":26,"column":4}},"5":{"start":{"line":28,"column":23},"end":{"line":53,"column":3}},"6":{"start":{"line":29,"column":18},"end":{"line":29,"column":22}},"7":{"start":{"line":30,"column":19},"end":{"line":33,"column":5}},"8":{"start":{"line":35,"column":4},"end":{"line":41,"column":5}},"9":{"start":{"line":36,"column":6},"end":{"line":36,"column":41}},"10":{"start":{"line":37,"column":6},"end":{"line":37,"column":22}},"11":{"start":{"line":38,"column":11},"end":{"line":41,"column":5}},"12":{"start":{"line":39,"column":6},"end":{"line":39,"column":45}},"13":{"start":{"line":40,"column":6},"end":{"line":40,"column":22}},"14":{"start":{"line":43,"column":4},"end":{"line":49,"column":5}},"15":{"start":{"line":44,"column":6},"end":{"line":44,"column":47}},"16":{"start":{"line":45,"column":6},"end":{"line":45,"column":22}},"17":{"start":{"line":46,"column":11},"end":{"line":49,"column":5}},"18":{"start":{"line":47,"column":6},"end":{"line":47,"column":65}},"19":{"start":{"line":48,"column":6},"end":{"line":48,"column":22}},"20":{"start":{"line":51,"column":4},"end":{"line":51,"column":26}},"21":{"start":{"line":52,"column":4},"end":{"line":52,"column":19}},"22":{"start":{"line":55,"column":23},"end":{"line":68,"column":3}},"23":{"start":{"line":56,"column":4},"end":{"line":56,"column":23}},"24":{"start":{"line":58,"column":4},"end":{"line":60,"column":5}},"25":{"start":{"line":59,"column":6},"end":{"line":59,"column":13}},"26":{"start":{"line":62,"column":4},"end":{"line":67,"column":5}},"27":{"start":{"line":63,"column":6},"end":{"line":63,"column":28}},"28":{"start":{"line":64,"column":6},"end":{"line":64,"column":20}},"29":{"start":{"line":70,"column":23},"end":{"line":83,"column":3}},"30":{"start":{"line":71,"column":28},"end":{"line":71,"column":36}},"31":{"start":{"line":72,"column":4},"end":{"line":75,"column":8}},"32":{"start":{"line":72,"column":27},"end":{"line":75,"column":5}},"33":{"start":{"line":77,"column":4},"end":{"line":82,"column":5}},"34":{"start":{"line":78,"column":6},"end":{"line":81,"column":10}},"35":{"start":{"line":78,"column":31},"end":{"line":81,"column":7}},"36":{"start":{"line":85,"column":2},"end":{"line":150,"column":4}}},"fnMap":{"0":{"name":"(anonymous_0)","decl":{"start":{"line":16,"column":14},"end":{"line":16,"column":15}},"loc":{"start":{"line":16,"column":20},"end":{"line":151,"column":1}},"line":16},"1":{"name":"(anonymous_1)","decl":{"start":{"line":28,"column":23},"end":{"line":28,"column":24}},"loc":{"start":{"line":28,"column":29},"end":{"line":53,"column":3}},"line":28},"2":{"name":"(anonymous_2)","decl":{"start":{"line":55,"column":23},"end":{"line":55,"column":24}},"loc":{"start":{"line":55,"column":53},"end":{"line":68,"column":3}},"line":55},"3":{"name":"(anonymous_3)","decl":{"start":{"line":70,"column":23},"end":{"line":70,"column":24}},"loc":{"start":{"line":70,"column":67},"end":{"line":83,"column":3}},"line":70},"4":{"name":"(anonymous_4)","decl":{"start":{"line":72,"column":16},"end":{"line":72,"column":17}},"loc":{"start":{"line":72,"column":27},"end":{"line":75,"column":5}},"line":72},"5":{"name":"(anonymous_5)","decl":{"start":{"line":78,"column":20},"end":{"line":78,"column":21}},"loc":{"start":{"line":78,"column":31},"end":{"line":81,"column":7}},"line":78}},"branchMap":{"0":{"loc":{"start":{"line":35,"column":4},"end":{"line":41,"column":5}},"type":"if","locations":[{"start":{"line":35,"column":4},"end":{"line":41,"column":5}},{"start":{"line":38,"column":11},"end":{"line":41,"column":5}}],"line":35},"1":{"loc":{"start":{"line":38,"column":11},"end":{"line":41,"column":5}},"type":"if","locations":[{"start":{"line":38,"column":11},"end":{"line":41,"column":5}},{"start":{},"end":{}}],"line":38},"2":{"loc":{"start":{"line":43,"column":4},"end":{"line":49,"column":5}},"type":"if","locations":[{"start":{"line":43,"column":4},"end":{"line":49,"column":5}},{"start":{"line":46,"column":11},"end":{"line":49,"column":5}}],"line":43},"3":{"loc":{"start":{"line":46,"column":11},"end":{"line":49,"column":5}},"type":"if","locations":[{"start":{"line":46,"column":11},"end":{"line":49,"column":5}},{"start":{},"end":{}}],"line":46},"4":{"loc":{"start":{"line":58,"column":4},"end":{"line":60,"column":5}},"type":"if","locations":[{"start":{"line":58,"column":4},"end":{"line":60,"column":5}},{"start":{},"end":{}}],"line":58},"5":{"loc":{"start":{"line":77,"column":4},"end":{"line":82,"column":5}},"type":"if","locations":[{"start":{"line":77,"column":4},"end":{"line":82,"column":5}},{"start":{},"end":{}}],"line":77},"6":{"loc":{"start":{"line":96,"column":11},"end":{"line":100,"column":11}},"type":"binary-expr","locations":[{"start":{"line":96,"column":11},"end":{"line":96,"column":16}},{"start":{"line":97,"column":12},"end":{"line":99,"column":20}}],"line":96},"7":{"loc":{"start":{"line":135,"column":15},"end":{"line":135,"column":69}},"type":"cond-expr","locations":[{"start":{"line":135,"column":27},"end":{"line":135,"column":57}},{"start":{"line":135,"column":60},"end":{"line":135,"column":69}}],"line":135}},"s":{"0":0,"1":0,"2":0,"3":0,"4":0,"5":0,"6":0,"7":0,"8":0,"9":0,"10":0,"11":0,"12":0,"13":0,"14":0,"15":0,"16":0,"17":0,"18":0,"19":0,"20":0,"21":0,"22":0,"23":0,"24":0,"25":0,"26":0,"27":0,"28":0,"29":0,"30":0,"31":0,"32":0,"33":0,"34":0,"35":0,"36":0},"f":{"0":0,"1":0,"2":0,"3":0,"4":0,"5":0},"b":{"0":[0,0],"1":[0,0],"2":[0,0],"3":[0,0],"4":[0,0],"5":[0,0],"6":[0,0],"7":[0,0]}}
,"C:\\Users\\JR\\Documents\\DojoPool\\DojoPoolCombined\\src\\dojopool\\frontend\\components\\Auth\\[AUTH]PrivateRoute.tsx": {"path":"C:\\Users\\JR\\Documents\\DojoPool\\DojoPoolCombined\\src\\dojopool\\frontend\\components\\Auth\\[AUTH]PrivateRoute.tsx","statementMap":{"0":{"start":{"line":8,"column":21},"end":{"line":22,"column":1}},"1":{"start":{"line":9,"column":41},"end":{"line":9,"column":50}},"2":{"start":{"line":10,"column":19},"end":{"line":10,"column":32}},"3":{"start":{"line":12,"column":2},"end":{"line":14,"column":3}},"4":{"start":{"line":13,"column":4},"end":{"line":13,"column":16}},"5":{"start":{"line":16,"column":2},"end":{"line":19,"column":3}},"6":{"start":{"line":18,"column":4},"end":{"line":18,"column":71}},"7":{"start":{"line":21,"column":2},"end":{"line":21,"column":25}}},"fnMap":{"0":{"name":"(anonymous_0)","decl":{"start":{"line":8,"column":21},"end":{"line":8,"column":22}},"loc":{"start":{"line":8,"column":58},"end":{"line":22,"column":1}},"line":8}},"branchMap":{"0":{"loc":{"start":{"line":12,"column":2},"end":{"line":14,"column":3}},"type":"if","locations":[{"start":{"line":12,"column":2},"end":{"line":14,"column":3}},{"start":{},"end":{}}],"line":12},"1":{"loc":{"start":{"line":16,"column":2},"end":{"line":19,"column":3}},"type":"if","locations":[{"start":{"line":16,"column":2},"end":{"line":19,"column":3}},{"start":{},"end":{}}],"line":16}},"s":{"0":0,"1":0,"2":0,"3":0,"4":0,"5":0,"6":0,"7":0},"f":{"0":0},"b":{"0":[0,0],"1":[0,0]}}
[...]
column":4},"end":{"line":41,"column":5}},"17":{"start":{"line":35,"column":6},"end":{"line":38,"column":7}},"18":{"start":{"line":36,"column":8},"end":{"line":36,"column":30}},"19":{"start":{"line":37,"column":8},"end":{"line":37,"column":23}},"20":{"start":{"line":39,"column":6},"end":{"line":39,"column":21}},"21":{"start":{"line":40,"column":6},"end":{"line":40,"column":36}},"22":{"start":{"line":43,"column":4},"end":{"line":46,"column":5}},"23":{"start":{"line":44,"column":6},"end":{"line":44,"column":25}},"24":{"start":{"line":45,"column":6},"end":{"line":45,"column":57}},"25":{"start":{"line":45,"column":33},"end":{"line":45,"column":44}},"26":{"start":{"line":56,"column":31},"end":{"line":56,"column":35}},"27":{"start":{"line":57,"column":23},"end":{"line":57,"column":24}},"28":{"start":{"line":59,"column":2},"end":{"line":84,"column":4}},"29":{"start":{"line":61,"column":18},"end":{"line":61,"column":28}},"30":{"start":{"line":64,"column":6},"end":{"line":69,"column":7}},"31":{"start":{"line":65,"column":8},"end":{"line":65,"column":32}},"32":{"start":{"line":66,"column":8},"end":{"line":66,"column":29}},"33":{"start":{"line":67,"column":8},"end":{"line":67,"column":27}},"34":{"start":{"line":68,"column":8},"end":{"line":68,"column":15}},"35":{"start":{"line":72,"column":23},"end":{"line":72,"column":64}},"36":{"start":{"line":73,"column":23},"end":{"line":73,"column":43}},"37":{"start":{"line":76,"column":6},"end":{"line":80,"column":7}},"38":{"start":{"line":77,"column":8},"end":{"line":77,"column":32}},"39":{"start":{"line":78,"column":8},"end":{"line":78,"column":29}},"40":{"start":{"line":79,"column":8},"end":{"line":79,"column":27}},"41":{"start":{"line":92,"column":12},"end":{"line":92,"column":18}},"42":{"start":{"line":93,"column":13},"end":{"line":93,"column":46}},"43":{"start":{"line":94,"column":13},"end":{"line":94,"column":46}},"44":{"start":{"line":95,"column":13},"end":{"line":95,"column":66}},"45":{"start":{"line":96,"column":13},"end":{"line":96,"column":68}},"46":{"start":{"line":99,"column":4},"end":{"line":100,"column":69}},"47":{"start":{"line":101,"column":12},"end":{"line":101,"column":58}},"48":{"start":{"line":103,"column":2},"end":{"line":103,"column":15}}},"fnMap":{"0":{"name":"throttle","decl":{"start":{"line":6,"column":16},"end":{"line":6,"column":24}},"loc":{"start":{"line":10,"column":57},"end":{"line":48,"column":1}},"line":10},"1":{"name":"(anonymous_1)","decl":{"start":{"line":15,"column":16},"end":{"line":15,"column":17}},"loc":{"start":{"line":15,"column":41},"end":{"line":24,"column":3}},"line":15},"2":{"name":"throttled","decl":{"start":{"line":26,"column":18},"end":{"line":26,"column":27}},"loc":{"start":{"line":26,"column":63},"end":{"line":47,"column":3}},"line":26},"3":{"name":"(anonymous_3)","decl":{"start":{"line":45,"column":27},"end":{"line":45,"column":28}},"loc":{"start":{"line":45,"column":33},"end":{"line":45,"column":44}},"line":45},"4":{"name":"throttleLocationUpdates","decl":{"start":{"line":51,"column":16},"end":{"line":51,"column":39}},"loc":{"start":{"line":55,"column":25},"end":{"line":85,"column":1}},"line":55},"5":{"name":"(anonymous_5)","decl":{"start":{"line":60,"column":4},"end":{"line":60,"column":5}},"loc":{"start":{"line":60,"column":21},"end":{"line":81,"column":5}},"line":60},"6":{"name":"calculateDistance","decl":{"start":{"line":88,"column":9},"end":{"line":88,"column":26}},"loc":{"start":{"line":91,"column":10},"end":{"line":104,"column":1}},"line":91}},"branchMap":{"0":{"loc":{"start":{"line":9,"column":2},"end":{"line":9,"column":31}},"type":"default-arg","locations":[{"start":{"line":9,"column":29},"end":{"line":9,"column":31}}],"line":9},"1":{"loc":{"start":{"line":16,"column":15},"end":{"line":16,"column":57}},"type":"cond-expr","locations":[{"start":{"line":16,"column":43},"end":{"line":16,"column":44}},{"start":{"line":16,"column":47},"end":{"line":16,"column":57}}],"line":16},"2":{"loc":{"start":{"line":19,"column":4},"end":{"line":23,"column":5}},"type":"if","locations":[{"start":{"line":19,"column":4},"end":{"line":23,"column":5}},{"start":{},"end":{}}],"line":19},"3":{"loc":{"start":{"line":28,"column":4},"end":{"line":30,"column":5}},"type":"if","locations":[{"start":{"line":28,"column":4},"end":{"line":30,"column":5}},{"start":{},"end":{}}],"line":28},"4":{"loc":{"start":{"line":28,"column":8},"end":{"line":28,"column":46}},"type":"binary-expr","locations":[{"start":{"line":28,"column":8},"end":{"line":28,"column":17}},{"start":{"line":28,"column":21},"end":{"line":28,"column":46}}],"line":28},"5":{"loc":{"start":{"line":34,"column":4},"end":{"line":41,"column":5}},"type":"if","locations":[{"start":{"line":34,"column":4},"end":{"line":41,"column":5}},{"start":{},"end":{}}],"line":34},"6":{"loc":{"start":{"line":34,"column":8},"end":{"line":34,"column":42}},"type":"binary-expr","locations":[{"start":{"line":34,"column":8},"end":{"line":34,"column":22}},{"start":{"line":34,"column":26},"end":{"line":34,"column":42}}],"line":34},"7":{"loc":{"start":{"line":35,"column":6},"end":{"line":38,"column":7}},"type":"if","locations":[{"start":{"line":35,"column":6},"end":{"line":38,"column":7}},{"start":{},"end":{}}],"line":35},"8":{"loc":{"start":{"line":43,"column":4},"end":{"line":46,"column":5}},"type":"if","locations":[{"start":{"line":43,"column":4},"end":{"line":46,"column":5}},{"start":{},"end":{}}],"line":43},"9":{"loc":{"start":{"line":43,"column":8},"end":{"line":43,"column":46}},"type":"binary-expr","locations":[{"start":{"line":43,"column":8},"end":{"line":43,"column":16}},{"start":{"line":43,"column":20},"end":{"line":43,"column":46}}],"line":43},"10":{"loc":{"start":{"line":53,"column":2},"end":{"line":53,"column":18}},"type":"default-arg","locations":[{"start":{"line":53,"column":16},"end":{"line":53,"column":18}}],"line":53},"11":{"loc":{"start":{"line":54,"column":2},"end":{"line":54,"column":16}},"type":"default-arg","locations":[{"start":{"line":54,"column":12},"end":{"line":54,"column":16}}],"line":54},"12":{"loc":{"start":{"line":64,"column":6},"end":{"line":69,"column":7}},"type":"if","locations":[{"start":{"line":64,"column":6},"end":{"line":69,"column":7}},{"start":{},"end":{}}],"line":64},"13":{"loc":{"start":{"line":76,"column":6},"end":{"line":80,"column":7}},"type":"if","locations":[{"start":{"line":76,"column":6},"end":{"line":80,"column":7}},{"start":{},"end":{}}],"line":76},"14":{"loc":{"start":{"line":76,"column":10},"end":{"line":76,"column":56}},"type":"binary-expr","locations":[{"start":{"line":76,"column":10},"end":{"line":76,"column":33}},{"start":{"line":76,"column":37},"end":{"line":76,"column":56}}],"line":76}},"s":{"0":0,"1":0,"2":0,"3":0,"4":0,"5":0,"6":0,"7":0,"8":0,"9":0,"10":0,"11":0,"12":0,"13":0,"14":0,"15":0,"16":0,"17":0,"18":0,"19":0,"20":0,"21":0,"22":0,"23":0,"24":0,"25":0,"26":0,"27":0,"28":0,"29":0,"30":0,"31":0,"32":0,"33":0,"34":0,"35":0,"36":0,"37":0,"38":0,"39":0,"40":0,"41":0,"42":0,"43":0,"44":0,"45":0,"46":0,"47":0,"48":0},"f":{"0":0,"1":0,"2":0,"3":0,"4":0,"5":0,"6":0},"b":{"0":[0],"1":[0,0],"2":[0,0],"3":[0,0],"4":[0,0],"5":[0,0],"6":[0,0],"7":[0,0],"8":[0,0],"9":[0,0],"10":[0],"11":[0],"12":[0,0],"13":[0,0],"14":[0,0]}}
,"C:\\Users\\JR\\Documents\\DojoPool\\DojoPoolCombined\\src\\dojopool\\frontend\\utils\\[VAL]validation.ts": {"path":"C:\\Users\\JR\\Documents\\DojoPool\\DojoPoolCombined\\src\\dojopool\\frontend\\utils\\[VAL]validation.ts","statementMap":{"0":{"start":{"line":24,"column":46},"end":{"line":24,"column":55}},"1":{"start":{"line":25,"column":78},"end":{"line":25,"column":87}},"2":{"start":{"line":26,"column":42},"end":{"line":26,"column":62}},"3":{"start":{"line":27,"column":38},"end":{"line":27,"column":45}},"4":{"start":{"line":28,"column":35},"end":{"line":28,"column":37}},"5":{"start":{"line":31,"column":4},"end":{"line":31,"column":58}},"6":{"start":{"line":35,"column":4},"end":{"line":35,"column":31}},"7":{"start":{"line":39,"column":4},"end":{"line":39,"column":28}},"8":{"start":{"line":43,"column":4},"end":{"line":60,"column":5}},"9":{"start":{"line":44,"column":23},"end":{"line":44,"column":72}},"10":{"start":{"line":46,"column":8},"end":{"line":46,"column":79}},"11":{"start":{"line":48,"column":6},"end":{"line":59,"column":7}},"12":{"start":{"line":49,"column":25},"end":{"line":49,"column":72}},"13":{"start":{"line":50,"column":25},"end":{"line":50,"column":76}},"14":{"start":{"line":51,"column":8},"end":{"line":58,"column":10}},"15":{"start":{"line":62,"column":4},"end":{"line":62,"column":29}},"16":{"start":{"line":71,"column":21},"end":{"line":71,"column":53}},"17":{"start":{"line":72,"column":18},"end":{"line":72,"column":49}},"18":{"start":{"line":74,"column":4},"end":{"line":82,"column":5}},"19":{"start":{"line":76,"column":23},"end":{"line":76,"column":72}},"20":{"start":{"line":77,"column":6},"end":{"line":81,"column":8}},"21":{"start":{"line":84,"column":4},"end":{"line":84,"column":47}},"22":{"start":{"line":91,"column":4},"end":{"line":91,"column":36}},"23":{"start":{"line":91,"column":19},"end":{"line":91,"column":36}},"24":{"start":{"line":93,"column":16},"end":{"line":93,"column":26}},"25":{"start":{"line":94,"column":29},"end":{"line":97,"column":5}},"26":{"start":{"line":100,"column":4},"end":{"line":102,"column":5}},"27":{"start":{"line":101,"column":6},"end":{"line":101,"column":33}},"28":{"start":{"line":105,"column":4},"end":{"line":105,"column":29}},"29":{"start":{"line":106,"column":4},"end":{"line":106,"column":41}},"30":{"start":{"line":107,"column":4},"end":{"line":107,"column":52}},"31":{"start":{"line":109,"column":29},"end":{"line":109,"column":51}},"32":{"start":{"line":111,"column":4},"end":{"line":117,"column":5}},"33":{"start":{"line":112,"column":6},"end":{"line":116,"column":8}},"34":{"start":{"line":119,"column":4},"end":{"line":125,"column":5}},"35":{"start":{"line":120,"column":6},"end":{"line":124,"column":8}},"36":{"start":{"line":127,"column":4},"end":{"line":132,"column":5}},"37":{"start":{"line":128,"column":6},"end":{"line":131,"column":8}},"38":{"start":{"line":134,"column":4},"end":{"line":134,"column":21}},"39":{"start":{"line":138,"column":14},"end":{"line":138,"column":20}},"40":{"start":{"line":139,"column":15},"end":{"line":139,"column":46}},"41":{"start":{"line":140,"column":15},"end":{"line":140,"column":46}},"42":{"start":{"line":141,"column":15},"end":{"line":141,"column":64}},"43":{"start":{"line":142,"column":15},"end":{"line":142,"column":66}},"44":{"start":{"line":145,"column":6},"end":{"line":146,"column":71}},"45":{"start":{"line":148,"column":14},"end":{"line":148,"column":60}},"46":{"start":{"line":150,"column":4},"end":{"line":150,"column":17}},"47":{"start":{"line":154,"column":4},"end":{"line":154,"column":37}}},"fnMap":{"0":{"name":"(anonymous_0)","decl":{"start":{"line":30,"column":2},"end":{"line":30,"column":3}},"loc":{"start":{"line":30,"column":91},"end":{"line":32,"column":3}},"line":30},"1":{"name":"(anonymous_1)","decl":{"start":{"line":34,"column":2},"end":{"line":34,"column":3}},"loc":{"start":{"line":34,"column":35},"end":{"line":36,"column":3}},"line":34},"2":{"name":"(anonymous_2)","decl":{"start":{"line":38,"column":2},"end":{"line":38,"column":3}},"loc":{"start":{"line":38,"column":26},"end":{"line":40,"column":3}},"line":38},"3":{"name":"(anonymous_3)","decl":{"start":{"line":42,"column":2},"end":{"line":42,"column":3}},"loc":{"start":{"line":42,"column":76},"end":{"line":63,"column":3}},"line":42},"4":{"name":"(anonymous_4)","decl":{"start":{"line":65,"column":2},"end":{"line":65,"column":3}},"loc":{"start":{"line":70,"column":22},"end":{"line":85,"column":3}},"line":70},"5":{"name":"(anonymous_5)","decl":{"start":{"line":87,"column":2},"end":{"line":87,"column":3}},"loc":{"start":{"line":90,"column":35},"end":{"line":135,"column":3}},"line":90},"6":{"name":"(anonymous_6)","decl":{"start":{"line":137,"column":2},"end":{"line":137,"column":3}},"loc":{"start":{"line":137,"column":72},"end":{"line":151,"column":3}},"line":137},"7":{"name":"(anonymous_7)","decl":{"start":{"line":153,"column":2},"end":{"line":153,"column":3}},"loc":{"start":{"line":153,"column":45},"end":{"line":155,"column":3}},"line":153}},"branchMap":{"0":{"loc":{"start":{"line":46,"column":27},"end":{"line":46,"column":78}},"type":"cond-expr","locations":[{"start":{"line":46,"column":56},"end":{"line":46,"column":74}},{"start":{"line":46,"column":77},"end":{"line":46,"column":78}}],"line":46},"1":{"loc":{"start":{"line":48,"column":6},"end":{"line":59,"column":7}},"type":"if","locations":[{"start":{"line":48,"column":6},"end":{"line":59,"column":7}},{"start":{},"end":{}}],"line":48},"2":{"loc":{"start":{"line":48,"column":10},"end":{"line":48,"column":67}},"type":"binary-expr","locations":[{"start":{"line":48,"column":10},"end":{"line":48,"column":36}},{"start":{"line":48,"column":40},"end":{"line":48,"column":67}}],"line":48},"3":{"loc":{"start":{"line":49,"column":25},"end":{"line":49,"column":72}},"type":"cond-expr","locations":[{"start":{"line":49,"column":55},"end":{"line":49,"column":61}},{"start":{"line":49,"column":64},"end":{"line":49,"column":72}}],"line":49},"4":{"loc":{"start":{"line":54,"column":12},"end":{"line":56,"column":57}},"type":"cond-expr","locations":[{"start":{"line":55,"column":16},"end":{"line":55,"column":47}},{"start":{"line":56,"column":16},"end":{"line":56,"column":57}}],"line":54},"5":{"loc":{"start":{"line":74,"column":4},"end":{"line":82,"column":5}},"type":"if","locations":[{"start":{"line":74,"column":4},"end":{"line":82,"column":5}},{"start":{},"end":{}}],"line":74},"6":{"loc":{"start":{"line":89,"column":4},"end":{"line":89,"column":50}},"type":"default-arg","locations":[{"start":{"line":89,"column":42},"end":{"line":89,"column":50}}],"line":89},"7":{"loc":{"start":{"line":91,"column":4},"end":{"line":91,"column":36}},"type":"if","locations":[{"start":{"line":91,"column":4},"end":{"line":91,"column":36}},{"start":{},"end":{}}],"line":91},"8":{"loc":{"start":{"line":94,"column":29},"end":{"line":97,"column":5}},"type":"binary-expr","locations":[{"start":{"line":94,"column":29},"end":{"line":94,"column":58}},{"start":{"line":94,"column":62},"end":{"line":97,"column":5}}],"line":94},"9":{"loc":{"start":{"line":100,"column":4},"end":{"line":102,"column":5}},"type":"if","locations":[{"start":{"line":100,"column":4},"end":{"line":102,"column":5}},{"start":{},"end":{}}],"line":100},"10":{"loc":{"start":{"line":111,"column":4},"end":{"line":117,"column":5}},"type":"if","locations":[{"start":{"line":111,"column":4},"end":{"line":117,"column":5}},{"start":{},"end":{}}],"line":111},"11":{"loc":{"start":{"line":111,"column":8},"end":{"line":111,"column":80}},"type":"binary-expr","locations":[{"start":{"line":111,"column":8},"end":{"line":111,"column":57}},{"start":{"line":111,"column":61},"end":{"line":111,"column":80}}],"line":111},"12":{"loc":{"start":{"line":119,"column":4},"end":{"line":125,"column":5}},"type":"if","locations":[{"start":{"line":119,"column":4},"end":{"line":125,"column":5}},{"start":{},"end":{}}],"line":119},"13":{"loc":{"start":{"line":127,"column":4},"end":{"line":132,"column":5}},"type":"if","locations":[{"start":{"line":127,"column":4},"end":{"line":132,"column":5}},{"start":{},"end":{}}],"line":127}},"s":{"0":0,"1":0,"2":0,"3":0,"4":0,"5":0,"6":0,"7":0,"8":0,"9":0,"10":0,"11":0,"12":0,"13":0,"14":0,"15":0,"16":0,"17":0,"18":0,"19":0,"20":0,"21":0,"22":0,"23":0,"24":0,"25":0,"26":0,"27":0,"28":0,"29":0,"30":0,"31":0,"32":0,"33":0,"34":0,"35":0,"36":0,"37":0,"38":0,"39":0,"40":0,"41":0,"42":0,"43":0,"44":0,"45":0,"46":0,"47":0},"f":{"0":0,"1":0,"2":0,"3":0,"4":0,"5":0,"6":0,"7":0},"b":{"0":[0,0],"1":[0,0],"2":[0,0],"3":[0,0],"4":[0,0],"5":[0,0],"6":[0],"7":[0,0],"8":[0,0],"9":[0,0],"10":[0,0],"11":[0,0],"12":[0,0],"13":[0,0]}}
,"C:\\Users\\JR\\Documents\\DojoPool\\DojoPoolCombined\\src\\dojopool\\frontend\\utils\\pdfExport.ts": {"path":"C:\\Users\\JR\\Documents\\DojoPool\\DojoPoolCombined\\src\\dojopool\\frontend\\utils\\pdfExport.ts","statementMap":{"0":{"start":{"line":4,"column":27},"end":{"line":37,"column":1}},"1":{"start":{"line":5,"column":2},"end":{"line":36,"column":3}},"2":{"start":{"line":6,"column":20},"end":{"line":6,"column":54}},"3":{"start":{"line":7,"column":4},"end":{"line":9,"column":5}},"4":{"start":{"line":8,"column":6},"end":{"line":8,"column":43}},"5":{"start":{"line":12,"column":20},"end":{"line":15,"column":6}},"6":{"start":{"line":18,"column":16},"end":{"line":21,"column":6}},"7":{"start":{"line":24,"column":21},"end":{"line":24,"column":52}},"8":{"start":{"line":25,"column":21},"end":{"line":25,"column":53}},"9":{"start":{"line":26,"column":22},"end":{"line":26,"column":67}},"10":{"start":{"line":29,"column":4},"end":{"line":29,"column":60}},"11":{"start":{"line":32,"column":4},"end":{"line":32,"column":60}},"12":{"start":{"line":34,"column":4},"end":{"line":34,"column":50}},"13":{"start":{"line":35,"column":4},"end":{"line":35,"column":16}}},"fnMap":{"0":{"name":"(anonymous_0)","decl":{"start":{"line":4,"column":27},"end":{"line":4,"column":28}},"loc":{"start":{"line":4,"column":103},"end":{"line":37,"column":1}},"line":4}},"branchMap":{"0":{"loc":{"start":{"line":4,"column":53},"end":{"line":4,"column":83}},"type":"default-arg","locations":[{"start":{"line":4,"column":72},"end":{"line":4,"column":83}}],"line":4},"1":{"loc":{"start":{"line":7,"column":4},"end":{"line":9,"column":5}},"type":"if","locations":[{"start":{"line":7,"column":4},"end":{"line":9,"column":5}},{"start":{},"end":{}}],"line":7}},"s":{"0":0,"1":0,"2":0,"3":0,"4":0,"5":0,"6":0,"7":0,"8":0,"9":0,"10":0,"11":0,"12":0,"13":0},"f":{"0":0},"b":{"0":[0],"1":[0,0]}}
,"C:\\Users\\JR\\Documents\\DojoPool\\DojoPoolCombined\\src\\dojopool\\frontend\\utils\\validation.ts": {"path":"C:\\Users\\JR\\Documents\\DojoPool\\DojoPoolCombined\\src\\dojopool\\frontend\\utils\\validation.ts","statementMap":{"0":{"start":{"line":6,"column":29},"end":{"line":9,"column":1}},"1":{"start":{"line":7,"column":21},"end":{"line":7,"column":49}},"2":{"start":{"line":8,"column":2},"end":{"line":8,"column":31}},"3":{"start":{"line":22,"column":32},"end":{"line":36,"column":1}},"4":{"start":{"line":23,"column":20},"end":{"line":23,"column":21}},"5":{"start":{"line":24,"column":23},"end":{"line":24,"column":45}},"6":{"start":{"line":25,"column":23},"end":{"line":25,"column":45}},"7":{"start":{"line":26,"column":21},"end":{"line":26,"column":40}},"8":{"start":{"line":27,"column":25},"end":{"line":27,"column":64}},"9":{"start":{"line":29,"column":2},"end":{"line":35,"column":3}},"10":{"start":{"line":47,"column":32},"end":{"line":50,"column":1}},"11":{"start":{"line":48,"column":24},"end":{"line":48,"column":55}},"12":{"start":{"line":49,"column":2},"end":{"line":49,"column":37}}},"fnMap":{"0":{"name":"(anonymous_0)","decl":{"start":{"line":6,"column":29},"end":{"line":6,"column":30}},"loc":{"start":{"line":6,"column":57},"end":{"line":9,"column":1}},"line":6},"1":{"name":"(anonymous_1)","decl":{"start":{"line":22,"column":32},"end":{"line":22,"column":33}},"loc":{"start":{"line":22,"column":63},"end":{"line":36,"column":1}},"line":22},"2":{"name":"(anonymous_2)","decl":{"start":{"line":47,"column":32},"end":{"line":47,"column":33}},"loc":{"start":{"line":47,"column":63},"end":{"line":50,"column":1}},"line":47}},"branchMap":{"0":{"loc":{"start":{"line":30,"column":4},"end":{"line":34,"column":18}},"type":"binary-expr","locations":[{"start":{"line":30,"column":4},"end":{"line":30,"column":32}},{"start":{"line":31,"column":4},"end":{"line":31,"column":16}},{"start":{"line":32,"column":4},"end":{"line":32,"column":16}},{"start":{"line":33,"column":4},"end":{"line":33,"column":14}},{"start":{"line":34,"column":4},"end":{"line":34,"column":18}}],"line":30}},"s":{"0":1,"1":7,"2":7,"3":1,"4":7,"5":7,"6":7,"7":7,"8":7,"9":7,"10":1,"11":7,"12":7},"f":{"0":7,"1":7,"2":7},"b":{"0":[7,5,3,2,2]},"_coverageSchema":"1a1c01bbd47fc00a2c39e90264f33305004495a9","hash":"a7951744afbd07424fb1850d34070de8569e6f40"}
}
