TN:
SF:components\[AUTH]AuthCallback.tsx
FN:5,(anonymous_0)
FN:9,(anonymous_1)
FN:11,(anonymous_2)
FN:14,(anonymous_3)
FN:25,(anonymous_4)
FNF:5
FNH:0
FNDA:0,(anonymous_0)
FNDA:0,(anonymous_1)
FNDA:0,(anonymous_2)
FNDA:0,(anonymous_3)
FNDA:0,(anonymous_4)
DA:5,0
DA:6,0
DA:7,0
DA:9,0
DA:11,0
DA:12,0
DA:14,0
DA:18,0
DA:19,0
DA:21,0
DA:24,0
DA:25,0
DA:29,0
DA:32,0
DA:33,0
DA:41,0
LF:16
LH:0
BRDA:18,0,0,0
BRDA:18,0,1,0
BRDA:32,1,0,0
BRDA:32,1,1,0
BRF:4
BRH:0
end_of_record
TN:
SF:components\[AUTH]ProtectedRoute.tsx
FN:10,(anonymous_0)
FNF:1
FNH:0
FNDA:0,(anonymous_0)
DA:10,0
DA:14,0
DA:15,0
DA:17,0
DA:18,0
DA:26,0
DA:28,0
DA:31,0
DA:33,0
DA:36,0
LF:10
LH:0
BRDA:12,0,0,0
BRDA:17,1,0,0
BRDA:17,1,1,0
BRDA:26,2,0,0
BRDA:26,2,1,0
BRDA:26,3,0,0
BRDA:26,3,1,0
BRDA:31,4,0,0
BRDA:31,4,1,0
BRDA:31,5,0,0
BRDA:31,5,1,0
BRF:11
BRH:0
end_of_record
TN:
SF:components\[SYS]SystemHealthDashboard.tsx
FN:59,(anonymous_0)
FN:65,(anonymous_1)
FN:66,(anonymous_2)
FN:74,(anonymous_3)
FN:86,(anonymous_4)
FN:126,(anonymous_5)
FN:130,(anonymous_6)
FN:155,(anonymous_7)
FN:159,(anonymous_8)
FN:205,(anonymous_9)
FNF:10
FNH:0
FNDA:0,(anonymous_0)
FNDA:0,(anonymous_1)
FNDA:0,(anonymous_2)
FNDA:0,(anonymous_3)
FNDA:0,(anonymous_4)
FNDA:0,(anonymous_5)
FNDA:0,(anonymous_6)
FNDA:0,(anonymous_7)
FNDA:0,(anonymous_8)
FNDA:0,(anonymous_9)
DA:59,0
DA:60,0
DA:61,0
DA:62,0
DA:63,0
DA:65,0
DA:66,0
DA:67,0
DA:68,0
DA:69,0
DA:70,0
DA:72,0
DA:73,0
DA:74,0
DA:75,0
DA:77,0
DA:79,0
DA:83,0
DA:84,0
DA:86,0
DA:89,0
DA:90,0
DA:97,0
DA:98,0
DA:105,0
DA:106,0
DA:109,0
DA:126,0
DA:130,0
DA:155,0
DA:159,0
DA:206,0
LF:32
LH:0
BRDA:69,0,0,0
BRDA:69,0,1,0
BRDA:77,1,0,0
BRDA:77,1,1,0
BRDA:89,2,0,0
BRDA:89,2,1,0
BRDA:97,3,0,0
BRDA:97,3,1,0
BRDA:105,4,0,0
BRDA:105,4,1,0
BRF:10
BRH:0
end_of_record
TN:
SF:components\[TEST]ABTestResults.tsx
FN:9,(anonymous_0)
FN:16,(anonymous_1)
FN:17,(anonymous_2)
FN:30,(anonymous_3)
FN:55,(anonymous_4)
FN:62,(anonymous_5)
FNF:6
FNH:0
FNDA:0,(anonymous_0)
FNDA:0,(anonymous_1)
FNDA:0,(anonymous_2)
FNDA:0,(anonymous_3)
FNDA:0,(anonymous_4)
FNDA:0,(anonymous_5)
DA:9,0
DA:13,0
DA:14,0
DA:16,0
DA:17,0
DA:18,0
DA:19,0
DA:20,0
DA:21,0
DA:23,0
DA:27,0
DA:28,0
DA:30,0
DA:33,0
DA:34,0
DA:42,0
DA:43,0
DA:50,0
DA:56,0
DA:63,0
LF:20
LH:0
BRDA:11,0,0,0
BRDA:23,1,0,0
BRDA:23,1,1,0
BRDA:33,2,0,0
BRDA:33,2,1,0
BRDA:42,3,0,0
BRDA:42,3,1,0
BRF:7
BRH:0
end_of_record
TN:
SF:components\[TEST]ExperimentDashboard.tsx
FN:37,(anonymous_0)
FN:42,(anonymous_1)
FN:46,(anonymous_2)
FN:63,(anonymous_3)
FN:68,(anonymous_4)
FN:74,(anonymous_5)
FN:83,(anonymous_6)
FN:137,(anonymous_7)
FN:171,(anonymous_8)
FNF:9
FNH:0
FNDA:0,(anonymous_0)
FNDA:0,(anonymous_1)
FNDA:0,(anonymous_2)
FNDA:0,(anonymous_3)
FNDA:0,(anonymous_4)
FNDA:0,(anonymous_5)
FNDA:0,(anonymous_6)
FNDA:0,(anonymous_7)
FNDA:0,(anonymous_8)
DA:37,0
DA:38,0
DA:39,0
DA:40,0
DA:42,0
DA:43,0
DA:46,0
DA:47,0
DA:48,0
DA:49,0
DA:50,0
DA:51,0
DA:53,0
DA:54,0
DA:55,0
DA:57,0
DA:59,0
DA:63,0
DA:64,0
DA:65,0
DA:68,0
DA:69,0
DA:70,0
DA:71,0
DA:74,0
DA:75,0
DA:76,0
DA:83,0
DA:92,0
DA:93,0
DA:96,0
DA:97,0
DA:105,0
DA:106,0
DA:109,0
DA:138,0
DA:171,0
LF:37
LH:0
BRDA:50,0,0,0
BRDA:50,0,1,0
BRDA:57,1,0,0
BRDA:57,1,1,0
BRDA:64,2,0,0
BRDA:64,2,1,0
BRDA:69,3,0,0
BRDA:69,3,1,0
BRDA:70,4,0,0
BRDA:70,4,1,0
BRDA:75,5,0,0
BRDA:75,5,1,0
BRDA:92,6,0,0
BRDA:92,6,1,0
BRDA:96,7,0,0
BRDA:96,7,1,0
BRDA:105,8,0,0
BRDA:105,8,1,0
BRDA:121,9,0,0
BRDA:121,9,1,0
BRDA:129,10,0,0
BRDA:129,10,1,0
BRF:22
BRH:0
end_of_record
TN:
SF:components\[UI]AnimatedAvatar.tsx
FN:24,(anonymous_0)
FN:32,(anonymous_1)
FN:45,(anonymous_2)
FN:62,(anonymous_3)
FN:72,(anonymous_4)
FN:82,(anonymous_5)
FN:96,(anonymous_6)
FN:106,(anonymous_7)
FN:123,(anonymous_8)
FN:139,(anonymous_9)
FN:146,(anonymous_10)
FN:153,(anonymous_11)
FN:160,(anonymous_12)
FN:168,(anonymous_13)
FN:172,(anonymous_14)
FN:176,(anonymous_15)
FN:182,(anonymous_16)
FN:189,(anonymous_17)
FN:190,(anonymous_18)
FN:212,(anonymous_19)
FN:221,(anonymous_20)
FN:230,(anonymous_21)
FN:242,(anonymous_22)
FN:245,(anonymous_23)
FNF:24
FNH:0
FNDA:0,(anonymous_0)
FNDA:0,(anonymous_1)
FNDA:0,(anonymous_2)
FNDA:0,(anonymous_3)
FNDA:0,(anonymous_4)
FNDA:0,(anonymous_5)
FNDA:0,(anonymous_6)
FNDA:0,(anonymous_7)
FNDA:0,(anonymous_8)
FNDA:0,(anonymous_9)
FNDA:0,(anonymous_10)
FNDA:0,(anonymous_11)
FNDA:0,(anonymous_12)
FNDA:0,(anonymous_13)
FNDA:0,(anonymous_14)
FNDA:0,(anonymous_15)
FNDA:0,(anonymous_16)
FNDA:0,(anonymous_17)
FNDA:0,(anonymous_18)
FNDA:0,(anonymous_19)
FNDA:0,(anonymous_20)
FNDA:0,(anonymous_21)
FNDA:0,(anonymous_22)
FNDA:0,(anonymous_23)
DA:24,0
DA:32,0
DA:45,0
DA:52,0
DA:53,0
DA:54,0
DA:55,0
DA:56,0
DA:57,0
DA:60,0
DA:63,0
DA:64,0
DA:65,0
DA:70,0
DA:73,0
DA:74,0
DA:75,0
DA:76,0
DA:81,0
DA:83,0
DA:88,0
DA:89,0
DA:90,0
DA:95,0
DA:97,0
DA:99,0
DA:101,0
DA:102,0
DA:106,0
DA:107,0
DA:110,0
DA:111,0
DA:112,0
DA:114,0
DA:123,0
DA:124,0
DA:125,0
DA:126,0
DA:130,0
DA:132,0
DA:139,0
DA:140,0
DA:141,0
DA:142,0
DA:146,0
DA:147,0
DA:148,0
DA:149,0
DA:153,0
DA:154,0
DA:155,0
DA:156,0
DA:160,0
DA:161,0
DA:162,0
DA:163,0
DA:168,0
DA:169,0
DA:172,0
DA:173,0
DA:176,0
DA:177,0
DA:178,0
DA:182,0
DA:183,0
DA:184,0
DA:189,0
DA:190,0
DA:191,0
DA:192,0
DA:197,0
DA:198,0
DA:201,0
DA:213,0
DA:214,0
DA:222,0
DA:223,0
DA:231,0
DA:232,0
DA:243,0
DA:245,0
LF:81
LH:0
BRDA:47,0,0,0
BRDA:54,1,0,0
BRDA:54,1,1,0
BRDA:64,2,0,0
BRDA:64,2,1,0
BRDA:74,3,0,0
BRDA:74,3,1,0
BRDA:88,4,0,0
BRDA:88,4,1,0
BRDA:97,5,0,0
BRDA:97,5,1,0
BRDA:101,6,0,0
BRDA:101,6,1,0
BRDA:107,7,0,0
BRDA:107,7,1,0
BRDA:111,8,0,0
BRDA:111,8,1,0
BRDA:125,9,0,0
BRDA:125,9,1,0
BRDA:140,10,0,0
BRDA:140,10,1,0
BRDA:147,11,0,0
BRDA:147,11,1,0
BRDA:154,12,0,0
BRDA:154,12,1,0
BRDA:162,13,0,0
BRDA:162,13,1,0
BRDA:183,14,0,0
BRDA:183,14,1,0
BRDA:183,15,0,0
BRDA:183,15,1,0
BRDA:191,16,0,0
BRDA:191,16,1,0
BRDA:197,17,0,0
BRDA:197,17,1,0
BRDA:197,18,0,0
BRDA:197,18,1,0
BRDA:214,19,0,0
BRDA:214,19,1,0
BRDA:217,20,0,0
BRDA:217,20,1,0
BRDA:234,21,0,0
BRDA:234,21,1,0
BRF:43
BRH:0
end_of_record
TN:
SF:components\[UI]ImageGallery.tsx
FN:21,(anonymous_0)
FN:26,(anonymous_1)
FN:35,(anonymous_2)
FN:42,(anonymous_3)
FN:50,(anonymous_4)
FNF:5
FNH:0
FNDA:0,(anonymous_0)
FNDA:0,(anonymous_1)
FNDA:0,(anonymous_2)
FNDA:0,(anonymous_3)
FNDA:0,(anonymous_4)
DA:21,0
DA:22,0
DA:27,0
DA:35,0
DA:43,0
DA:50,0
LF:6
LH:0
BRF:0
BRH:0
end_of_record
TN:
SF:components\[UI]MarketplaceLayout.tsx
FN:5,(anonymous_0)
FN:13,(anonymous_1)
FN:17,(anonymous_2)
FN:21,(anonymous_3)
FN:26,(anonymous_4)
FN:31,(anonymous_5)
FN:90,(anonymous_6)
FN:97,(anonymous_7)
FNF:8
FNH:0
FNDA:0,(anonymous_0)
FNDA:0,(anonymous_1)
FNDA:0,(anonymous_2)
FNDA:0,(anonymous_3)
FNDA:0,(anonymous_4)
FNDA:0,(anonymous_5)
FNDA:0,(anonymous_6)
FNDA:0,(anonymous_7)
DA:5,0
DA:6,0
DA:7,0
DA:8,0
DA:9,0
DA:10,0
DA:11,0
DA:13,0
DA:14,0
DA:17,0
DA:18,0
DA:21,0
DA:22,0
DA:23,0
DA:26,0
DA:27,0
DA:28,0
DA:31,0
DA:32,0
DA:33,0
DA:36,0
DA:90,0
DA:97,0
LF:23
LH:0
BRF:0
BRH:0
end_of_record
TN:
SF:components\[UI]OptimizedImage.tsx
FN:28,(anonymous_0)
FN:41,(anonymous_1)
FN:45,(anonymous_2)
FN:90,(anonymous_3)
FN:102,(anonymous_4)
FN:106,(anonymous_5)
FN:108,(anonymous_6)
FN:120,(anonymous_7)
FNF:8
FNH:0
FNDA:0,(anonymous_0)
FNDA:0,(anonymous_1)
FNDA:0,(anonymous_2)
FNDA:0,(anonymous_3)
FNDA:0,(anonymous_4)
FNDA:0,(anonymous_5)
FNDA:0,(anonymous_6)
FNDA:0,(anonymous_7)
DA:28,0
DA:38,0
DA:39,0
DA:41,0
DA:42,0
DA:45,0
DA:46,0
DA:47,0
DA:48,0
DA:51,0
DA:52,0
DA:59,0
DA:90,0
DA:99,0
DA:100,0
DA:102,0
DA:103,0
DA:106,0
DA:107,0
DA:109,0
DA:115,0
DA:120,0
DA:121,0
DA:122,0
DA:123,0
DA:126,0
DA:127,0
DA:134,0
DA:136,0
LF:29
LH:0
BRDA:34,0,0,0
BRDA:51,1,0,0
BRDA:51,1,1,0
BRDA:53,2,0,0
BRDA:53,2,1,0
BRDA:61,3,0,0
BRDA:61,3,1,0
BRDA:67,4,0,0
BRDA:67,4,1,0
BRDA:67,4,2,0
BRDA:95,5,0,0
BRDA:126,6,0,0
BRDA:126,6,1,0
BRDA:128,7,0,0
BRDA:128,7,1,0
BRDA:134,8,0,0
BRDA:134,8,1,0
BRDA:134,8,2,0
BRDA:138,9,0,0
BRDA:138,9,1,0
BRDA:145,10,0,0
BRDA:145,10,1,0
BRDA:145,10,2,0
BRF:23
BRH:0
end_of_record
TN:
SF:components\AI\[AI]PerformancePredictor.tsx
FN:25,(anonymous_0)
FN:30,(anonymous_1)
FN:54,(anonymous_2)
FN:59,(anonymous_3)
FN:63,(anonymous_4)
FN:76,(anonymous_5)
FN:90,(anonymous_6)
FN:169,(anonymous_7)
FNF:8
FNH:0
FNDA:0,(anonymous_0)
FNDA:0,(anonymous_1)
FNDA:0,(anonymous_2)
FNDA:0,(anonymous_3)
FNDA:0,(anonymous_4)
FNDA:0,(anonymous_5)
FNDA:0,(anonymous_6)
FNDA:0,(anonymous_7)
DA:25,0
DA:30,0
DA:54,0
DA:55,0
DA:56,0
DA:57,0
DA:59,0
DA:60,0
DA:63,0
DA:64,0
DA:65,0
DA:66,0
DA:67,0
DA:69,0
DA:70,0
DA:72,0
DA:76,0
DA:77,0
DA:80,0
DA:82,0
DA:84,0
DA:86,0
DA:90,0
DA:91,0
DA:93,0
DA:95,0
DA:97,0
DA:99,0
DA:103,0
DA:104,0
DA:111,0
DA:112,0
DA:119,0
DA:120,0
DA:123,0
DA:170,0
LF:36
LH:0
BRDA:77,0,0,0
BRDA:77,0,1,0
BRDA:77,0,2,0
BRDA:77,0,3,0
BRDA:77,0,4,0
BRDA:91,1,0,0
BRDA:91,1,1,0
BRDA:91,1,2,0
BRDA:91,1,3,0
BRDA:103,2,0,0
BRDA:103,2,1,0
BRDA:111,3,0,0
BRDA:111,3,1,0
BRDA:119,4,0,0
BRDA:119,4,1,0
BRF:15
BRH:0
end_of_record
TN:
SF:components\AI\[AI]PlayerRecommender.tsx
FN:24,(anonymous_0)
FN:29,(anonymous_1)
FN:38,(anonymous_2)
FN:60,(anonymous_3)
FN:66,(anonymous_4)
FN:70,(anonymous_5)
FN:85,(anonymous_6)
FN:104,(anonymous_7)
FN:106,(anonymous_8)
FN:132,(anonymous_9)
FN:158,(anonymous_10)
FNF:11
FNH:0
FNDA:0,(anonymous_0)
FNDA:0,(anonymous_1)
FNDA:0,(anonymous_2)
FNDA:0,(anonymous_3)
FNDA:0,(anonymous_4)
FNDA:0,(anonymous_5)
FNDA:0,(anonymous_6)
FNDA:0,(anonymous_7)
FNDA:0,(anonymous_8)
FNDA:0,(anonymous_9)
FNDA:0,(anonymous_10)
DA:24,0
DA:29,0
DA:38,0
DA:39,0
DA:40,0
DA:41,0
DA:42,0
DA:44,0
DA:58,0
DA:60,0
DA:61,0
DA:62,0
DA:63,0
DA:64,0
DA:66,0
DA:67,0
DA:70,0
DA:71,0
DA:72,0
DA:73,0
DA:76,0
DA:78,0
DA:79,0
DA:81,0
DA:85,0
DA:86,0
DA:87,0
DA:88,0
DA:89,0
DA:92,0
DA:104,0
DA:107,0
DA:133,0
DA:159,0
LF:34
LH:0
BRDA:40,0,0,0
BRDA:40,0,1,0
BRDA:41,1,0,0
BRDA:41,1,1,0
BRDA:42,2,0,0
BRDA:42,2,1,0
BRDA:86,3,0,0
BRDA:86,3,1,0
BRDA:87,4,0,0
BRDA:87,4,1,0
BRDA:88,5,0,0
BRDA:88,5,1,0
BRDA:115,6,0,0
BRDA:115,6,1,0
BRDA:121,7,0,0
BRDA:121,7,1,0
BRDA:127,8,0,0
BRDA:127,8,1,0
BRDA:127,8,2,0
BRF:19
BRH:0
end_of_record
TN:
SF:components\AI\[AI]ShotAnalyzer.tsx
FN:18,(anonymous_0)
FN:23,(anonymous_1)
FN:31,(anonymous_2)
FN:54,(anonymous_3)
FN:59,(anonymous_4)
FN:68,(anonymous_5)
FN:87,(anonymous_6)
FN:171,(anonymous_7)
FNF:8
FNH:0
FNDA:0,(anonymous_0)
FNDA:0,(anonymous_1)
FNDA:0,(anonymous_2)
FNDA:0,(anonymous_3)
FNDA:0,(anonymous_4)
FNDA:0,(anonymous_5)
FNDA:0,(anonymous_6)
FNDA:0,(anonymous_7)
DA:18,0
DA:23,0
DA:31,0
DA:37,0
DA:54,0
DA:55,0
DA:56,0
DA:57,0
DA:59,0
DA:60,0
DA:61,0
DA:63,0
DA:64,0
DA:66,0
DA:67,0
DA:68,0
DA:69,0
DA:72,0
DA:78,0
DA:80,0
DA:81,0
DA:83,0
DA:87,0
DA:88,0
DA:121,0
DA:172,0
LF:26
LH:0
BRDA:61,0,0,0
BRDA:61,0,1,0
BRDA:61,1,0,0
BRDA:61,1,1,0
BRDA:148,2,0,0
BRDA:148,2,1,0
BRDA:154,3,0,0
BRDA:154,3,1,0
BRDA:160,4,0,0
BRDA:160,4,1,0
BRDA:160,4,2,0
BRDA:160,4,3,0
BRF:12
BRH:0
end_of_record
TN:
SF:components\Auth\[AUTH]Login.tsx
FN:16,(anonymous_0)
FN:28,(anonymous_1)
FN:55,(anonymous_2)
FN:70,(anonymous_3)
FN:72,(anonymous_4)
FN:78,(anonymous_5)
FNF:6
FNH:0
FNDA:0,(anonymous_0)
FNDA:0,(anonymous_1)
FNDA:0,(anonymous_2)
FNDA:0,(anonymous_3)
FNDA:0,(anonymous_4)
FNDA:0,(anonymous_5)
DA:16,0
DA:17,0
DA:18,0
DA:19,0
DA:23,0
DA:28,0
DA:29,0
DA:30,0
DA:35,0
DA:36,0
DA:37,0
DA:38,0
DA:39,0
DA:40,0
DA:43,0
DA:44,0
DA:45,0
DA:46,0
DA:47,0
DA:48,0
DA:51,0
DA:52,0
DA:55,0
DA:56,0
DA:58,0
DA:59,0
DA:62,0
DA:63,0
DA:64,0
DA:70,0
DA:71,0
DA:72,0
DA:77,0
DA:78,0
DA:85,0
LF:35
LH:0
BRDA:35,0,0,0
BRDA:35,0,1,0
BRDA:38,1,0,0
BRDA:38,1,1,0
BRDA:43,2,0,0
BRDA:43,2,1,0
BRDA:46,3,0,0
BRDA:46,3,1,0
BRDA:58,4,0,0
BRDA:58,4,1,0
BRDA:77,5,0,0
BRDA:77,5,1,0
BRDA:96,6,0,0
BRDA:96,6,1,0
BRDA:135,7,0,0
BRDA:135,7,1,0
BRF:16
BRH:0
end_of_record
TN:
SF:components\Auth\[AUTH]PrivateRoute.tsx
FN:8,(anonymous_0)
FNF:1
FNH:0
FNDA:0,(anonymous_0)
DA:8,0
DA:9,0
DA:10,0
DA:12,0
DA:13,0
DA:16,0
DA:18,0
DA:21,0
LF:8
LH:0
BRDA:12,0,0,0
BRDA:12,0,1,0
BRDA:16,1,0,0
BRDA:16,1,1,0
BRF:4
BRH:0
end_of_record
TN:
SF:components\Auth\[AUTH]Register.tsx
FN:16,(anonymous_0)
FN:32,(anonymous_1)
FN:81,(anonymous_2)
FN:96,(anonymous_3)
FN:98,(anonymous_4)
FN:104,(anonymous_5)
FNF:6
FNH:0
FNDA:0,(anonymous_0)
FNDA:0,(anonymous_1)
FNDA:0,(anonymous_2)
FNDA:0,(anonymous_3)
FNDA:0,(anonymous_4)
FNDA:0,(anonymous_5)
DA:16,0
DA:17,0
DA:18,0
DA:19,0
DA:25,0
DA:32,0
DA:33,0
DA:34,0
DA:42,0
DA:43,0
DA:44,0
DA:45,0
DA:46,0
DA:47,0
DA:51,0
DA:52,0
DA:53,0
DA:54,0
DA:55,0
DA:56,0
DA:60,0
DA:61,0
DA:62,0
DA:63,0
DA:64,0
DA:65,0
DA:69,0
DA:70,0
DA:71,0
DA:72,0
DA:73,0
DA:74,0
DA:77,0
DA:78,0
DA:81,0
DA:82,0
DA:84,0
DA:85,0
DA:88,0
DA:89,0
DA:90,0
DA:96,0
DA:97,0
DA:98,0
DA:103,0
DA:104,0
DA:111,0
LF:47
LH:0
BRDA:42,0,0,0
BRDA:42,0,1,0
BRDA:45,1,0,0
BRDA:45,1,1,0
BRDA:51,2,0,0
BRDA:51,2,1,0
BRDA:54,3,0,0
BRDA:54,3,1,0
BRDA:60,4,0,0
BRDA:60,4,1,0
BRDA:63,5,0,0
BRDA:63,5,1,0
BRDA:69,6,0,0
BRDA:69,6,1,0
BRDA:72,7,0,0
BRDA:72,7,1,0
BRDA:84,8,0,0
BRDA:84,8,1,0
BRDA:103,9,0,0
BRDA:103,9,1,0
BRDA:122,10,0,0
BRDA:122,10,1,0
BRDA:184,11,0,0
BRDA:184,11,1,0
BRF:24
BRH:0
end_of_record
TN:
SF:components\Avatar\[UI]AvatarDisplay.tsx
FN:17,(anonymous_0)
FN:46,(anonymous_1)
FN:57,(anonymous_2)
FNF:3
FNH:0
FNDA:0,(anonymous_0)
FNDA:0,(anonymous_1)
FNDA:0,(anonymous_2)
DA:17,0
DA:46,0
DA:57,0
DA:68,0
DA:83,0
DA:97,0
DA:126,0
LF:7
LH:0
BRDA:60,0,0,0
BRDA:61,1,0,0
BRDA:63,2,0,0
BRDA:64,3,0,0
BRDA:69,4,0,0
BRDA:69,4,1,0
BRDA:75,5,0,0
BRDA:75,5,1,0
BRDA:78,6,0,0
BRDA:78,6,1,0
BRDA:83,7,0,0
BRDA:83,7,1,0
BRDA:97,8,0,0
BRDA:97,8,1,0
BRF:14
BRH:0
end_of_record
TN:
SF:components\Avatar\[UI]AvatarEditDialog.tsx
FN:22,(anonymous_0)
FN:31,(anonymous_1)
FN:54,(anonymous_2)
FNF:3
FNH:0
FNDA:0,(anonymous_0)
FNDA:0,(anonymous_1)
FNDA:0,(anonymous_2)
DA:22,0
DA:28,0
DA:29,0
DA:31,0
DA:32,0
DA:35,0
DA:54,0
LF:7
LH:0
BRF:0
BRH:0
end_of_record
TN:
SF:components\Avatar\[UI]AvatarGenerator.tsx
FN:29,(anonymous_0)
FN:34,(anonymous_1)
FN:46,(anonymous_2)
FN:59,(anonymous_3)
FN:61,(anonymous_4)
FN:78,(anonymous_5)
FN:108,(anonymous_6)
FN:152,(anonymous_7)
FN:156,(anonymous_8)
FN:167,(anonymous_9)
FN:177,(anonymous_10)
FN:190,(anonymous_11)
FNF:12
FNH:0
FNDA:0,(anonymous_0)
FNDA:0,(anonymous_1)
FNDA:0,(anonymous_2)
FNDA:0,(anonymous_3)
FNDA:0,(anonymous_4)
FNDA:0,(anonymous_5)
FNDA:0,(anonymous_6)
FNDA:0,(anonymous_7)
FNDA:0,(anonymous_8)
FNDA:0,(anonymous_9)
FNDA:0,(anonymous_10)
FNDA:0,(anonymous_11)
DA:29,0
DA:34,0
DA:46,0
DA:50,0
DA:51,0
DA:52,0
DA:53,0
DA:54,0
DA:55,0
DA:56,0
DA:57,0
DA:59,0
DA:61,0
DA:62,0
DA:63,0
DA:64,0
DA:65,0
DA:66,0
DA:67,0
DA:68,0
DA:71,0
DA:75,0
DA:78,0
DA:79,0
DA:80,0
DA:81,0
DA:83,0
DA:95,0
DA:97,0
DA:98,0
DA:99,0
DA:100,0
DA:102,0
DA:104,0
DA:108,0
DA:109,0
DA:111,0
DA:112,0
DA:113,0
DA:115,0
DA:127,0
DA:129,0
DA:130,0
DA:131,0
DA:132,0
DA:134,0
DA:136,0
DA:140,0
DA:152,0
DA:157,0
DA:167,0
DA:177,0
DA:190,0
LF:53
LH:0
BRDA:56,0,0,0
BRDA:56,0,1,0
BRDA:64,1,0,0
BRDA:64,1,1,0
BRDA:67,2,0,0
BRDA:67,2,1,0
BRDA:90,3,0,0
BRDA:90,3,1,0
BRDA:91,4,0,0
BRDA:91,4,1,0
BRDA:95,5,0,0
BRDA:95,5,1,0
BRDA:109,6,0,0
BRDA:109,6,1,0
BRDA:123,7,0,0
BRDA:123,7,1,0
BRDA:127,8,0,0
BRDA:127,8,1,0
BRDA:189,9,0,0
BRDA:189,9,1,0
BRDA:190,10,0,0
BRDA:190,10,1,0
BRDA:199,11,0,0
BRDA:199,11,1,0
BRDA:202,12,0,0
BRDA:202,12,1,0
BRDA:205,13,0,0
BRDA:205,13,1,0
BRDA:209,14,0,0
BRDA:209,14,1,0
BRDA:212,15,0,0
BRDA:212,15,1,0
BRDA:217,16,0,0
BRDA:217,16,1,0
BRDA:229,17,0,0
BRDA:229,17,1,0
BRDA:240,18,0,0
BRDA:240,18,1,0
BRDA:240,18,2,0
BRF:39
BRH:0
end_of_record
TN:
SF:components\Avatar\[UI]index.ts
FNF:0
FNH:0
LF:0
LH:0
BRF:0
BRH:0
end_of_record
TN:
SF:components\DebugPanel\[DEBUG]DebugPanel.tsx
FN:49,(anonymous_0)
FN:55,(anonymous_1)
FN:60,(anonymous_2)
FN:68,(anonymous_3)
FN:71,(anonymous_4)
FN:77,(anonymous_5)
FN:97,(anonymous_6)
FN:97,(anonymous_7)
FN:117,(anonymous_8)
FN:125,(anonymous_9)
FN:131,(anonymous_10)
FN:139,(anonymous_11)
FN:145,(anonymous_12)
FN:190,(anonymous_13)
FN:216,(anonymous_14)
FN:221,(anonymous_15)
FN:221,(anonymous_16)
FN:229,(anonymous_17)
FN:230,(anonymous_18)
FN:246,(anonymous_19)
FN:297,(anonymous_20)
FN:314,(anonymous_21)
FNF:22
FNH:0
FNDA:0,(anonymous_0)
FNDA:0,(anonymous_1)
FNDA:0,(anonymous_2)
FNDA:0,(anonymous_3)
FNDA:0,(anonymous_4)
FNDA:0,(anonymous_5)
FNDA:0,(anonymous_6)
FNDA:0,(anonymous_7)
FNDA:0,(anonymous_8)
FNDA:0,(anonymous_9)
FNDA:0,(anonymous_10)
FNDA:0,(anonymous_11)
FNDA:0,(anonymous_12)
FNDA:0,(anonymous_13)
FNDA:0,(anonymous_14)
FNDA:0,(anonymous_15)
FNDA:0,(anonymous_16)
FNDA:0,(anonymous_17)
FNDA:0,(anonymous_18)
FNDA:0,(anonymous_19)
FNDA:0,(anonymous_20)
FNDA:0,(anonymous_21)
DA:49,0
DA:50,0
DA:51,0
DA:52,0
DA:55,0
DA:56,0
DA:57,0
DA:60,0
DA:61,0
DA:62,0
DA:63,0
DA:64,0
DA:65,0
DA:66,0
DA:67,0
DA:68,0
DA:71,0
DA:77,0
DA:78,0
DA:79,0
DA:80,0
DA:82,0
DA:83,0
DA:87,0
DA:89,0
DA:90,0
DA:91,0
DA:96,0
DA:97,0
DA:98,0
DA:99,0
DA:101,0
DA:102,0
DA:107,0
DA:108,0
DA:110,0
DA:117,0
DA:118,0
DA:119,0
DA:120,0
DA:125,0
DA:126,0
DA:128,0
DA:129,0
DA:131,0
DA:132,0
DA:133,0
DA:134,0
DA:139,0
DA:140,0
DA:141,0
DA:145,0
DA:146,0
DA:148,0
DA:149,0
DA:150,0
DA:151,0
DA:153,0
DA:190,0
DA:191,0
DA:193,0
DA:216,0
DA:221,0
DA:225,0
DA:229,0
DA:230,0
DA:231,0
DA:235,0
DA:246,0
DA:298,0
DA:315,0
LF:71
LH:0
BRDA:50,0,0,0
BRDA:50,0,1,0
BRDA:51,1,0,0
BRDA:51,1,1,0
BRDA:89,2,0,0
BRDA:89,2,1,0
BRDA:98,3,0,0
BRDA:98,3,1,0
BRDA:107,4,0,0
BRDA:107,4,1,0
BRDA:108,5,0,0
BRDA:108,5,1,0
BRDA:118,6,0,0
BRDA:118,6,1,0
BRDA:126,7,0,0
BRDA:126,7,1,0
BRDA:146,8,0,0
BRDA:146,8,1,0
BRDA:151,9,0,0
BRDA:151,9,1,0
BRDA:172,10,0,0
BRDA:172,10,1,0
BRDA:174,11,0,0
BRDA:174,11,1,0
BRDA:191,12,0,0
BRDA:191,12,1,0
BRDA:217,13,0,0
BRDA:217,13,1,0
BRDA:218,14,0,0
BRDA:218,14,1,0
BRDA:225,15,0,0
BRDA:225,15,1,0
BRDA:280,16,0,0
BRDA:280,16,1,0
BRDA:280,16,2,0
BRDA:288,17,0,0
BRDA:288,17,1,0
BRDA:290,18,0,0
BRDA:290,18,1,0
BRDA:307,19,0,0
BRDA:307,19,1,0
BRF:41
BRH:0
end_of_record
TN:
SF:components\DojoMap\[MAP]DojoMap.tsx
FN:23,(anonymous_0)
FN:29,(anonymous_1)
FN:34,(anonymous_2)
FN:47,(anonymous_3)
FN:58,(anonymous_4)
FN:62,(anonymous_5)
FN:70,(anonymous_6)
FN:80,(anonymous_7)
FN:94,(anonymous_8)
FN:121,(anonymous_9)
FN:125,(anonymous_10)
FN:142,(anonymous_11)
FN:161,(anonymous_12)
FNF:13
FNH:0
FNDA:0,(anonymous_0)
FNDA:0,(anonymous_1)
FNDA:0,(anonymous_2)
FNDA:0,(anonymous_3)
FNDA:0,(anonymous_4)
FNDA:0,(anonymous_5)
FNDA:0,(anonymous_6)
FNDA:0,(anonymous_7)
FNDA:0,(anonymous_8)
FNDA:0,(anonymous_9)
FNDA:0,(anonymous_10)
FNDA:0,(anonymous_11)
FNDA:0,(anonymous_12)
DA:23,0
DA:29,0
DA:34,0
DA:47,0
DA:48,0
DA:49,0
DA:50,0
DA:51,0
DA:53,0
DA:58,0
DA:60,0
DA:61,0
DA:63,0
DA:67,0
DA:68,0
DA:71,0
DA:72,0
DA:76,0
DA:80,0
DA:81,0
DA:82,0
DA:83,0
DA:84,0
DA:85,0
DA:88,0
DA:90,0
DA:94,0
DA:95,0
DA:96,0
DA:97,0
DA:101,0
DA:122,0
DA:125,0
DA:142,0
DA:161,0
LF:35
LH:0
BRDA:51,0,0,0
BRDA:51,0,1,0
BRDA:60,1,0,0
BRDA:60,1,1,0
BRDA:84,2,0,0
BRDA:84,2,1,0
BRDA:96,3,0,0
BRDA:96,3,1,0
BRDA:103,4,0,0
BRDA:103,4,1,0
BRDA:127,5,0,0
BRDA:127,5,1,0
BRDA:136,6,0,0
BRDA:136,6,1,0
BRDA:149,7,0,0
BRDA:149,7,1,0
BRDA:151,8,0,0
BRDA:151,8,1,0
BRF:18
BRH:0
end_of_record
TN:
SF:components\ErrorBoundary\[ERR]ErrorBoundary.tsx
FN:19,(anonymous_0)
FN:28,(anonymous_1)
FN:36,(anonymous_2)
FN:51,(anonymous_3)
FN:55,(anonymous_4)
FN:71,(anonymous_5)
FNF:6
FNH:0
FNDA:0,(anonymous_0)
FNDA:0,(anonymous_1)
FNDA:0,(anonymous_2)
FNDA:0,(anonymous_3)
FNDA:0,(anonymous_4)
FNDA:0,(anonymous_5)
DA:20,0
DA:21,0
DA:29,0
DA:37,0
DA:43,0
DA:46,0
DA:47,0
DA:51,0
DA:52,0
DA:55,0
DA:56,0
DA:57,0
DA:68,0
DA:72,0
DA:73,0
DA:75,0
DA:76,0
DA:79,0
DA:80,0
DA:83,0
LF:20
LH:0
BRDA:46,0,0,0
BRDA:46,0,1,0
BRDA:75,1,0,0
BRDA:75,1,1,0
BRDA:79,2,0,0
BRDA:79,2,1,0
BRDA:100,3,0,0
BRDA:100,3,1,0
BRDA:129,4,0,0
BRDA:129,4,1,0
BRDA:129,4,2,0
BRF:11
BRH:0
end_of_record
TN:
SF:components\GameAnalysis\GameAnalyzer.tsx
FN:20,(anonymous_0)
FN:29,(anonymous_1)
FN:38,(anonymous_2)
FN:42,(anonymous_3)
FN:62,(anonymous_4)
FNF:5
FNH:0
FNDA:0,(anonymous_0)
FNDA:0,(anonymous_1)
FNDA:0,(anonymous_2)
FNDA:0,(anonymous_3)
FNDA:0,(anonymous_4)
DA:20,0
DA:29,0
DA:30,0
DA:31,0
DA:32,0
DA:33,0
DA:38,0
DA:39,0
DA:42,0
DA:43,0
DA:44,0
DA:45,0
DA:50,0
DA:55,0
DA:56,0
DA:58,0
DA:62,0
DA:63,0
DA:66,0
DA:67,0
DA:74,0
DA:75,0
DA:82,0
LF:23
LH:0
BRDA:66,0,0,0
BRDA:66,0,1,0
BRDA:74,1,0,0
BRDA:74,1,1,0
BRDA:100,2,0,0
BRDA:100,2,1,0
BRDA:102,3,0,0
BRDA:102,3,1,0
BRDA:104,4,0,0
BRDA:104,4,1,0
BRF:10
BRH:0
end_of_record
TN:
SF:components\GameAnalysis\GameStatistics.tsx
FN:28,(anonymous_0)
FN:43,(anonymous_1)
FN:48,(anonymous_2)
FN:49,(anonymous_3)
FN:97,(anonymous_4)
FN:130,(anonymous_5)
FNF:6
FNH:0
FNDA:0,(anonymous_0)
FNDA:0,(anonymous_1)
FNDA:0,(anonymous_2)
FNDA:0,(anonymous_3)
FNDA:0,(anonymous_4)
FNDA:0,(anonymous_5)
DA:28,0
DA:43,0
DA:44,0
DA:45,0
DA:48,0
DA:49,0
DA:55,0
DA:98,0
DA:131,0
LF:9
LH:0
BRDA:44,0,0,0
BRDA:44,0,1,0
BRDA:51,1,0,0
BRDA:51,1,1,0
BRDA:103,2,0,0
BRDA:103,2,1,0
BRDA:136,3,0,0
BRDA:136,3,1,0
BRF:8
BRH:0
end_of_record
TN:
SF:components\GameAnalysis\[GAME]GamePatterns.tsx
FN:17,(anonymous_0)
FN:32,(anonymous_1)
FN:109,(anonymous_2)
FN:134,(anonymous_3)
FNF:4
FNH:0
FNDA:0,(anonymous_0)
FNDA:0,(anonymous_1)
FNDA:0,(anonymous_2)
FNDA:0,(anonymous_3)
DA:17,0
DA:32,0
DA:33,0
DA:34,0
DA:37,0
DA:110,0
DA:135,0
LF:7
LH:0
BRDA:33,0,0,0
BRDA:33,0,1,0
BRDA:117,1,0,0
BRDA:117,1,1,0
BRDA:142,2,0,0
BRDA:142,2,1,0
BRF:6
BRH:0
end_of_record
TN:
SF:components\GameAnalysis\[GAME]ShotAnalysis.tsx
FN:15,(anonymous_0)
FN:21,(anonymous_1)
FN:31,(anonymous_2)
FN:34,(anonymous_3)
FNF:4
FNH:0
FNDA:0,(anonymous_0)
FNDA:0,(anonymous_1)
FNDA:0,(anonymous_2)
FNDA:0,(anonymous_3)
DA:15,0
DA:21,0
DA:31,0
DA:32,0
DA:34,0
DA:40,0
DA:59,0
LF:7
LH:0
BRF:0
BRH:0
end_of_record
TN:
SF:components\Layout\[NOTIFY]NotificationCenter.tsx
FN:41,(anonymous_0)
FN:51,(anonymous_1)
FN:57,(anonymous_2)
FN:59,(anonymous_3)
FN:62,(anonymous_4)
FN:66,(anonymous_5)
FN:70,(anonymous_6)
FN:75,(anonymous_7)
FN:79,(anonymous_8)
FN:83,(anonymous_9)
FN:87,(anonymous_10)
FN:96,(anonymous_11)
FN:103,(anonymous_12)
FN:116,(anonymous_13)
FN:120,(anonymous_14)
FN:172,(anonymous_15)
FN:182,(anonymous_16)
FN:191,(anonymous_17)
FN:200,(anonymous_18)
FN:209,(anonymous_19)
FN:222,(anonymous_20)
FN:290,(anonymous_21)
FNF:22
FNH:0
FNDA:0,(anonymous_0)
FNDA:0,(anonymous_1)
FNDA:0,(anonymous_2)
FNDA:0,(anonymous_3)
FNDA:0,(anonymous_4)
FNDA:0,(anonymous_5)
FNDA:0,(anonymous_6)
FNDA:0,(anonymous_7)
FNDA:0,(anonymous_8)
FNDA:0,(anonymous_9)
FNDA:0,(anonymous_10)
FNDA:0,(anonymous_11)
FNDA:0,(anonymous_12)
FNDA:0,(anonymous_13)
FNDA:0,(anonymous_14)
FNDA:0,(anonymous_15)
FNDA:0,(anonymous_16)
FNDA:0,(anonymous_17)
FNDA:0,(anonymous_18)
FNDA:0,(anonymous_19)
FNDA:0,(anonymous_20)
FNDA:0,(anonymous_21)
DA:41,0
DA:42,0
DA:43,0
DA:44,0
DA:45,0
DA:46,0
DA:47,0
DA:48,0
DA:49,0
DA:51,0
DA:52,0
DA:53,0
DA:54,0
DA:57,0
DA:58,0
DA:59,0
DA:62,0
DA:63,0
DA:66,0
DA:67,0
DA:70,0
DA:71,0
DA:72,0
DA:75,0
DA:76,0
DA:79,0
DA:80,0
DA:83,0
DA:84,0
DA:87,0
DA:88,0
DA:89,0
DA:91,0
DA:92,0
DA:96,0
DA:97,0
DA:103,0
DA:104,0
DA:106,0
DA:108,0
DA:110,0
DA:112,0
DA:116,0
DA:117,0
DA:120,0
DA:172,0
DA:173,0
DA:182,0
DA:191,0
DA:200,0
DA:209,0
DA:223,0
DA:244,0
DA:290,0
LF:54
LH:0
BRDA:88,0,0,0
BRDA:88,0,1,0
BRDA:91,1,0,0
BRDA:91,1,1,0
BRDA:104,2,0,0
BRDA:104,2,1,0
BRDA:104,2,2,0
BRDA:104,2,3,0
BRDA:122,3,0,0
BRDA:122,3,1,0
BRDA:123,4,0,0
BRDA:123,4,1,0
BRDA:136,5,0,0
BRDA:136,5,1,0
BRDA:144,6,0,0
BRDA:144,6,1,0
BRDA:157,7,0,0
BRDA:157,7,1,0
BRDA:232,8,0,0
BRDA:232,8,1,0
BRDA:250,9,0,0
BRDA:250,9,1,0
BRDA:270,10,0,0
BRDA:270,10,1,0
BRDA:298,11,0,0
BRDA:298,11,1,0
BRDA:301,12,0,0
BRDA:301,12,1,0
BRF:28
BRH:0
end_of_record
TN:
SF:components\Layout\[UI]Navbar.tsx
FN:41,(anonymous_0)
FN:49,(anonymous_1)
FN:55,(anonymous_2)
FN:68,(anonymous_3)
FN:72,(anonymous_4)
FN:76,(anonymous_5)
FN:80,(anonymous_6)
FN:84,(anonymous_7)
FN:88,(anonymous_8)
FN:96,(anonymous_9)
FN:112,(anonymous_10)
FN:200,(anonymous_11)
FN:241,(anonymous_12)
FNF:13
FNH:0
FNDA:0,(anonymous_0)
FNDA:0,(anonymous_1)
FNDA:0,(anonymous_2)
FNDA:0,(anonymous_3)
FNDA:0,(anonymous_4)
FNDA:0,(anonymous_5)
FNDA:0,(anonymous_6)
FNDA:0,(anonymous_7)
FNDA:0,(anonymous_8)
FNDA:0,(anonymous_9)
FNDA:0,(anonymous_10)
FNDA:0,(anonymous_11)
FNDA:0,(anonymous_12)
DA:30,0
DA:36,0
DA:41,0
DA:42,0
DA:43,0
DA:44,0
DA:45,0
DA:46,0
DA:47,0
DA:49,0
DA:50,0
DA:51,0
DA:55,0
DA:56,0
DA:57,0
DA:58,0
DA:59,0
DA:61,0
DA:64,0
DA:68,0
DA:69,0
DA:72,0
DA:73,0
DA:76,0
DA:77,0
DA:80,0
DA:81,0
DA:84,0
DA:85,0
DA:88,0
DA:89,0
DA:90,0
DA:94,0
DA:97,0
DA:113,0
DA:135,0
DA:201,0
DA:242,0
LF:38
LH:0
BRDA:50,0,0,0
BRDA:50,0,1,0
BRDA:58,1,0,0
BRDA:58,1,1,0
BRDA:108,2,0,0
BRDA:108,2,1,0
BRDA:214,3,0,0
BRDA:214,3,1,0
BRDA:215,4,0,0
BRDA:215,4,1,0
BRDA:220,5,0,0
BRDA:220,5,1,0
BRDA:221,6,0,0
BRDA:221,6,1,0
BRF:14
BRH:0
end_of_record
TN:
SF:components\Map\[MAP]GameMap.tsx
FN:32,(anonymous_0)
FN:49,(anonymous_1)
FN:55,(anonymous_2)
FN:78,(anonymous_3)
FN:105,(anonymous_4)
FN:135,(anonymous_5)
FN:139,(anonymous_6)
FN:146,(anonymous_7)
FN:153,(anonymous_8)
FN:163,(anonymous_9)
FNF:10
FNH:0
FNDA:0,(anonymous_0)
FNDA:0,(anonymous_1)
FNDA:0,(anonymous_2)
FNDA:0,(anonymous_3)
FNDA:0,(anonymous_4)
FNDA:0,(anonymous_5)
FNDA:0,(anonymous_6)
FNDA:0,(anonymous_7)
FNDA:0,(anonymous_8)
FNDA:0,(anonymous_9)
DA:26,0
DA:32,0
DA:37,0
DA:38,0
DA:39,0
DA:40,0
DA:43,0
DA:49,0
DA:50,0
DA:52,0
DA:53,0
DA:55,0
DA:56,0
DA:57,0
DA:59,0
DA:61,0
DA:62,0
DA:63,0
DA:65,0
DA:67,0
DA:68,0
DA:72,0
DA:73,0
DA:78,0
DA:79,0
DA:82,0
DA:83,0
DA:84,0
DA:101,0
DA:105,0
DA:106,0
DA:107,0
DA:108,0
DA:125,0
DA:130,0
DA:131,0
DA:135,0
DA:136,0
DA:137,0
DA:139,0
DA:140,0
DA:145,0
DA:147,0
DA:150,0
DA:153,0
DA:154,0
DA:157,0
DA:158,0
DA:163,0
DA:164,0
DA:167,0
LF:51
LH:0
BRDA:35,0,0,0
BRDA:50,1,0,0
BRDA:50,1,1,0
BRDA:57,2,0,0
BRDA:57,2,1,0
BRDA:59,3,0,0
BRDA:59,3,1,0
BRDA:67,4,0,0
BRDA:67,4,1,0
BRDA:72,5,0,0
BRDA:72,5,1,0
BRDA:79,6,0,0
BRDA:79,6,1,0
BRDA:83,7,0,0
BRDA:83,7,1,0
BRDA:107,8,0,0
BRDA:107,8,1,0
BRDA:130,9,0,0
BRDA:130,9,1,0
BRDA:136,10,0,0
BRDA:136,10,1,0
BRF:21
BRH:0
end_of_record
TN:
SF:components\Monitoring\ErrorReport.tsx
FN:44,(anonymous_0)
FN:53,(anonymous_1)
FN:55,(anonymous_2)
FN:56,(anonymous_3)
FN:60,(anonymous_4)
FN:63,(anonymous_5)
FN:64,(anonymous_6)
FN:77,(anonymous_7)
FN:88,(anonymous_8)
FN:103,(anonymous_9)
FN:107,(anonymous_10)
FN:109,(anonymous_11)
FN:135,(anonymous_12)
FN:159,(anonymous_13)
FN:163,(anonymous_14)
FN:169,(anonymous_15)
FNF:16
FNH:0
FNDA:0,(anonymous_0)
FNDA:0,(anonymous_1)
FNDA:0,(anonymous_2)
FNDA:0,(anonymous_3)
FNDA:0,(anonymous_4)
FNDA:0,(anonymous_5)
FNDA:0,(anonymous_6)
FNDA:0,(anonymous_7)
FNDA:0,(anonymous_8)
FNDA:0,(anonymous_9)
FNDA:0,(anonymous_10)
FNDA:0,(anonymous_11)
FNDA:0,(anonymous_12)
FNDA:0,(anonymous_13)
FNDA:0,(anonymous_14)
FNDA:0,(anonymous_15)
DA:44,0
DA:45,0
DA:46,0
DA:47,0
DA:53,0
DA:55,0
DA:56,0
DA:57,0
DA:60,0
DA:63,0
DA:64,0
DA:77,0
DA:78,0
DA:80,0
DA:82,0
DA:84,0
DA:88,0
DA:89,0
DA:91,0
DA:93,0
DA:95,0
DA:97,0
DA:99,0
DA:103,0
DA:104,0
DA:107,0
DA:108,0
DA:109,0
DA:111,0
DA:114,0
DA:136,0
DA:160,0
DA:163,0
DA:170,0
DA:171,0
LF:35
LH:0
BRDA:68,0,0,0
BRDA:68,0,1,0
BRDA:72,1,0,0
BRDA:72,1,1,0
BRDA:78,2,0,0
BRDA:78,2,1,0
BRDA:78,2,2,0
BRDA:89,3,0,0
BRDA:89,3,1,0
BRDA:89,3,2,0
BRDA:89,3,3,0
BRDA:89,3,4,0
BRDA:129,4,0,0
BRDA:129,4,1,0
BRDA:164,5,0,0
BRDA:164,5,1,0
BRDA:171,6,0,0
BRDA:171,6,1,0
BRDA:174,7,0,0
BRDA:174,7,1,0
BRDA:187,8,0,0
BRDA:187,8,1,0
BRF:22
BRH:0
end_of_record
TN:
SF:components\Monitoring\[ERR]ErrorBoundary.tsx
FN:17,(anonymous_0)
FN:26,(anonymous_1)
FN:34,(anonymous_2)
FN:52,(anonymous_3)
FN:65,(anonymous_4)
FNF:5
FNH:0
FNDA:0,(anonymous_0)
FNDA:0,(anonymous_1)
FNDA:0,(anonymous_2)
FNDA:0,(anonymous_3)
FNDA:0,(anonymous_4)
DA:18,0
DA:19,0
DA:27,0
DA:35,0
DA:40,0
DA:47,0
DA:48,0
DA:52,0
DA:53,0
DA:60,0
DA:61,0
DA:66,0
DA:67,0
DA:144,0
LF:14
LH:0
BRDA:47,0,0,0
BRDA:47,0,1,0
BRDA:60,1,0,0
BRDA:60,1,1,0
BRDA:66,2,0,0
BRDA:66,2,1,0
BRDA:72,3,0,0
BRDA:72,3,1,0
BRDA:73,4,0,0
BRDA:73,4,1,0
BRF:10
BRH:0
end_of_record
TN:
SF:components\Monitoring\[MON]AlertPanel.tsx
FN:38,(anonymous_0)
FN:45,(anonymous_1)
FN:47,(anonymous_2)
FN:48,(anonymous_3)
FN:51,(anonymous_4)
FN:54,(anonymous_5)
FN:58,(anonymous_6)
FN:63,(anonymous_7)
FN:76,(anonymous_8)
FN:76,(anonymous_9)
FN:84,(anonymous_10)
FN:95,(anonymous_11)
FN:99,(anonymous_12)
FN:101,(anonymous_13)
FN:118,(anonymous_14)
FN:130,(anonymous_15)
FN:146,(anonymous_16)
FN:152,(anonymous_17)
FN:185,(anonymous_18)
FN:196,(anonymous_19)
FN:200,(anonymous_20)
FNF:21
FNH:0
FNDA:0,(anonymous_0)
FNDA:0,(anonymous_1)
FNDA:0,(anonymous_2)
FNDA:0,(anonymous_3)
FNDA:0,(anonymous_4)
FNDA:0,(anonymous_5)
FNDA:0,(anonymous_6)
FNDA:0,(anonymous_7)
FNDA:0,(anonymous_8)
FNDA:0,(anonymous_9)
FNDA:0,(anonymous_10)
FNDA:0,(anonymous_11)
FNDA:0,(anonymous_12)
FNDA:0,(anonymous_13)
FNDA:0,(anonymous_14)
FNDA:0,(anonymous_15)
FNDA:0,(anonymous_16)
FNDA:0,(anonymous_17)
FNDA:0,(anonymous_18)
FNDA:0,(anonymous_19)
FNDA:0,(anonymous_20)
DA:38,0
DA:39,0
DA:40,0
DA:41,0
DA:42,0
DA:43,0
DA:45,0
DA:47,0
DA:48,0
DA:51,0
DA:54,0
DA:55,0
DA:58,0
DA:59,0
DA:60,0
DA:63,0
DA:64,0
DA:65,0
DA:75,0
DA:76,0
DA:78,0
DA:79,0
DA:80,0
DA:84,0
DA:85,0
DA:87,0
DA:89,0
DA:91,0
DA:95,0
DA:96,0
DA:99,0
DA:100,0
DA:102,0
DA:103,0
DA:109,0
DA:119,0
DA:131,0
DA:146,0
DA:152,0
DA:185,0
DA:196,0
DA:200,0
LF:42
LH:0
BRDA:55,0,0,0
BRDA:55,0,1,0
BRDA:64,1,0,0
BRDA:64,1,1,0
BRDA:76,2,0,0
BRDA:76,2,1,0
BRDA:85,3,0,0
BRDA:85,3,1,0
BRDA:85,3,2,0
BRDA:102,4,0,0
BRDA:102,4,1,0
BRDA:134,5,0,0
BRDA:134,5,1,0
BRDA:143,6,0,0
BRDA:143,6,1,0
BRDA:153,7,0,0
BRDA:153,7,1,0
BRDA:166,8,0,0
BRDA:166,8,1,0
BRDA:166,8,2,0
BRF:20
BRH:0
end_of_record
TN:
SF:components\Monitoring\[MON]Dashboard.tsx
FN:96,(anonymous_0)
FN:117,(anonymous_1)
FN:121,(anonymous_2)
FN:121,(anonymous_3)
FN:131,(anonymous_4)
FN:142,(anonymous_5)
FN:149,(anonymous_6)
FN:158,(anonymous_7)
FN:160,(anonymous_8)
FN:165,(anonymous_9)
FN:408,(anonymous_10)
FN:458,(anonymous_11)
FN:479,(anonymous_12)
FN:487,(anonymous_13)
FN:493,(anonymous_14)
FN:499,(anonymous_15)
FN:506,(anonymous_16)
FN:518,(anonymous_17)
FN:518,(anonymous_18)
FN:519,(anonymous_19)
FN:520,(anonymous_20)
FN:535,(anonymous_21)
FN:546,(anonymous_22)
FN:547,(anonymous_23)
FN:548,(anonymous_24)
FN:549,(anonymous_25)
FN:555,(anonymous_26)
FN:562,(anonymous_27)
FN:572,(anonymous_28)
FN:577,(anonymous_29)
FN:581,(anonymous_30)
FN:594,(anonymous_31)
FN:616,(anonymous_32)
FN:633,(anonymous_33)
FN:636,(anonymous_34)
FN:637,(anonymous_35)
FN:638,(anonymous_36)
FN:648,(anonymous_37)
FN:659,(anonymous_38)
FN:661,(anonymous_39)
FN:664,(anonymous_40)
FN:669,(anonymous_41)
FN:672,(anonymous_42)
FN:681,(anonymous_43)
FN:685,(anonymous_44)
FN:688,(anonymous_45)
FN:694,(anonymous_46)
FN:702,(anonymous_47)
FN:714,(anonymous_48)
FN:715,(anonymous_49)
FN:716,(anonymous_50)
FN:722,(anonymous_51)
FN:727,(anonymous_52)
FN:739,(anonymous_53)
FN:747,(anonymous_54)
FN:752,(anonymous_55)
FN:760,(anonymous_56)
FN:765,(anonymous_57)
FN:809,(anonymous_58)
FN:813,(anonymous_59)
FN:825,(anonymous_60)
FN:827,(anonymous_61)
FN:830,(anonymous_62)
FN:839,(anonymous_63)
FN:846,(anonymous_64)
FN:853,(anonymous_65)
FN:872,(anonymous_66)
FN:878,(anonymous_67)
FN:886,(anonymous_68)
FN:887,(anonymous_69)
FN:900,(anonymous_70)
FN:905,(anonymous_71)
FN:910,(anonymous_72)
FN:918,(anonymous_73)
FN:926,(anonymous_74)
FN:927,(anonymous_75)
FN:939,(anonymous_76)
FN:940,(anonymous_77)
FN:952,(anonymous_78)
FN:953,(anonymous_79)
FN:965,(anonymous_80)
FN:966,(anonymous_81)
FN:978,(anonymous_82)
FN:979,(anonymous_83)
FN:991,(anonymous_84)
FN:999,(anonymous_85)
FN:1002,(anonymous_86)
FN:1014,(anonymous_87)
FN:1017,(anonymous_88)
FN:1018,(anonymous_89)
FN:1020,(anonymous_90)
FN:1029,(anonymous_91)
FN:1030,(anonymous_92)
FN:1042,(anonymous_93)
FN:1043,(anonymous_94)
FN:1059,(anonymous_95)
FN:1060,(anonymous_96)
FN:1084,(anonymous_97)
FN:1092,(anonymous_98)
FN:1095,(anonymous_99)
FN:1105,(anonymous_100)
FN:1120,(anonymous_101)
FN:1121,(anonymous_102)
FN:1141,(anonymous_103)
FN:1142,(anonymous_104)
FN:1160,(anonymous_105)
FN:1161,(anonymous_106)
FN:1179,(anonymous_107)
FN:1180,(anonymous_108)
FN:1199,(anonymous_109)
FN:1200,(anonymous_110)
FN:1207,(anonymous_111)
FN:1209,(anonymous_112)
FN:1215,(anonymous_113)
FN:1221,(anonymous_114)
FN:1224,(anonymous_115)
FN:1231,(anonymous_116)
FN:1242,(anonymous_117)
FN:1251,(anonymous_118)
FN:1260,(anonymous_119)
FN:1377,(anonymous_120)
FN:1420,(anonymous_121)
FN:1444,(anonymous_122)
FN:1452,(anonymous_123)
FN:1456,(anonymous_124)
FN:1474,(anonymous_125)
FN:1475,(anonymous_126)
FN:1481,(anonymous_127)
FN:1489,(anonymous_128)
FN:1490,(anonymous_129)
FN:1495,(anonymous_130)
FN:1497,(anonymous_131)
FN:1500,(anonymous_132)
FN:1503,(anonymous_133)
FN:1518,(anonymous_134)
FN:1519,(anonymous_135)
FN:1533,(anonymous_136)
FN:1534,(anonymous_137)
FN:1551,(anonymous_138)
FN:1552,(anonymous_139)
FN:1570,(anonymous_140)
FN:1571,(anonymous_141)
FN:1584,(anonymous_142)
FN:1585,(anonymous_143)
FN:1611,(anonymous_144)
FN:1620,(anonymous_145)
FN:1621,(anonymous_146)
FN:1629,(anonymous_147)
FN:1639,(anonymous_148)
FN:1642,(anonymous_149)
FN:1646,(anonymous_150)
FN:1647,(anonymous_151)
FN:1659,(anonymous_152)
FN:1660,(anonymous_153)
FN:1661,(anonymous_154)
FN:1662,(anonymous_155)
FN:1663,(anonymous_156)
FN:1679,(anonymous_157)
FN:1687,(anonymous_158)
FN:1693,(anonymous_159)
FN:1696,(anonymous_160)
FN:1711,(anonymous_161)
FN:1716,(anonymous_162)
FN:1716,(anonymous_163)
FN:1717,(anonymous_164)
FN:1717,(anonymous_165)
FN:1718,(anonymous_166)
FN:1777,(anonymous_167)
FN:1782,(anonymous_168)
FN:1794,(anonymous_169)
FN:1799,(anonymous_170)
FN:1803,(anonymous_171)
FN:1807,(anonymous_172)
FN:1821,(anonymous_173)
FN:1830,(anonymous_174)
FN:1840,(anonymous_175)
FN:1841,(anonymous_176)
FN:1847,(anonymous_177)
FN:1849,(anonymous_178)
FN:1850,(anonymous_179)
FN:1856,(anonymous_180)
FN:1862,(anonymous_181)
FN:1872,(anonymous_182)
FN:1882,(anonymous_183)
FN:1888,(anonymous_184)
FN:1918,(anonymous_185)
FN:1919,(anonymous_186)
FN:1941,(anonymous_187)
FN:1947,(anonymous_188)
FN:1955,(anonymous_189)
FN:1967,(anonymous_190)
FN:1968,(anonymous_191)
FN:1982,(anonymous_192)
FN:2003,(anonymous_193)
FN:2003,(anonymous_194)
FN:2010,(anonymous_195)
FN:2033,(anonymous_196)
FN:2046,(anonymous_197)
FN:2052,(anonymous_198)
FN:2053,(anonymous_199)
FN:2065,(anonymous_200)
FN:2069,(anonymous_201)
FN:2070,(anonymous_202)
FN:2090,(anonymous_203)
FN:2143,(anonymous_204)
FN:2147,(anonymous_205)
FN:2174,(anonymous_206)
FN:2179,(anonymous_207)
FN:2186,(anonymous_208)
FN:2230,(anonymous_209)
FN:2238,(anonymous_210)
FN:2252,(anonymous_211)
FN:2268,(anonymous_212)
FN:2277,(anonymous_213)
FN:2279,(anonymous_214)
FN:2283,(anonymous_215)
FN:2291,(anonymous_216)
FN:2292,(anonymous_217)
FN:2310,(anonymous_218)
FN:2316,(anonymous_219)
FN:2319,(anonymous_220)
FN:2343,(anonymous_221)
FN:2344,(anonymous_222)
FN:2350,(anonymous_223)
FN:2365,(anonymous_224)
FN:2380,(anonymous_225)
FN:2383,(anonymous_226)
FN:2414,(anonymous_227)
FN:2415,(anonymous_228)
FN:2418,(anonymous_229)
FN:2421,(anonymous_230)
FN:2448,(anonymous_231)
FN:2449,(anonymous_232)
FN:2454,(anonymous_233)
FN:2456,(anonymous_234)
FN:2466,(anonymous_235)
FN:2469,(anonymous_236)
FN:2473,(anonymous_237)
FN:2477,(anonymous_238)
FN:2478,(anonymous_239)
FN:2489,(anonymous_240)
FN:2491,(anonymous_241)
FN:2500,(anonymous_242)
FN:2504,(anonymous_243)
FN:2541,(anonymous_244)
FN:2554,(anonymous_245)
FN:2558,(anonymous_246)
FN:2571,(anonymous_247)
FN:2587,(anonymous_248)
FN:2606,(anonymous_249)
FNF:250
FNH:0
FNDA:0,(anonymous_0)
FNDA:0,(anonymous_1)
FNDA:0,(anonymous_2)
FNDA:0,(anonymous_3)
FNDA:0,(anonymous_4)
FNDA:0,(anonymous_5)
FNDA:0,(anonymous_6)
FNDA:0,(anonymous_7)
FNDA:0,(anonymous_8)
FNDA:0,(anonymous_9)
FNDA:0,(anonymous_10)
FNDA:0,(anonymous_11)
FNDA:0,(anonymous_12)
FNDA:0,(anonymous_13)
FNDA:0,(anonymous_14)
FNDA:0,(anonymous_15)
FNDA:0,(anonymous_16)
FNDA:0,(anonymous_17)
FNDA:0,(anonymous_18)
FNDA:0,(anonymous_19)
FNDA:0,(anonymous_20)
FNDA:0,(anonymous_21)
FNDA:0,(anonymous_22)
FNDA:0,(anonymous_23)
FNDA:0,(anonymous_24)
FNDA:0,(anonymous_25)
FNDA:0,(anonymous_26)
FNDA:0,(anonymous_27)
FNDA:0,(anonymous_28)
FNDA:0,(anonymous_29)
FNDA:0,(anonymous_30)
FNDA:0,(anonymous_31)
FNDA:0,(anonymous_32)
FNDA:0,(anonymous_33)
FNDA:0,(anonymous_34)
FNDA:0,(anonymous_35)
FNDA:0,(anonymous_36)
FNDA:0,(anonymous_37)
FNDA:0,(anonymous_38)
FNDA:0,(anonymous_39)
FNDA:0,(anonymous_40)
FNDA:0,(anonymous_41)
FNDA:0,(anonymous_42)
FNDA:0,(anonymous_43)
FNDA:0,(anonymous_44)
FNDA:0,(anonymous_45)
FNDA:0,(anonymous_46)
FNDA:0,(anonymous_47)
FNDA:0,(anonymous_48)
FNDA:0,(anonymous_49)
FNDA:0,(anonymous_50)
FNDA:0,(anonymous_51)
FNDA:0,(anonymous_52)
FNDA:0,(anonymous_53)
FNDA:0,(anonymous_54)
FNDA:0,(anonymous_55)
FNDA:0,(anonymous_56)
FNDA:0,(anonymous_57)
FNDA:0,(anonymous_58)
FNDA:0,(anonymous_59)
FNDA:0,(anonymous_60)
FNDA:0,(anonymous_61)
FNDA:0,(anonymous_62)
FNDA:0,(anonymous_63)
FNDA:0,(anonymous_64)
FNDA:0,(anonymous_65)
FNDA:0,(anonymous_66)
FNDA:0,(anonymous_67)
FNDA:0,(anonymous_68)
FNDA:0,(anonymous_69)
FNDA:0,(anonymous_70)
FNDA:0,(anonymous_71)
FNDA:0,(anonymous_72)
FNDA:0,(anonymous_73)
FNDA:0,(anonymous_74)
FNDA:0,(anonymous_75)
FNDA:0,(anonymous_76)
FNDA:0,(anonymous_77)
FNDA:0,(anonymous_78)
FNDA:0,(anonymous_79)
FNDA:0,(anonymous_80)
FNDA:0,(anonymous_81)
FNDA:0,(anonymous_82)
FNDA:0,(anonymous_83)
FNDA:0,(anonymous_84)
FNDA:0,(anonymous_85)
FNDA:0,(anonymous_86)
FNDA:0,(anonymous_87)
FNDA:0,(anonymous_88)
FNDA:0,(anonymous_89)
FNDA:0,(anonymous_90)
FNDA:0,(anonymous_91)
FNDA:0,(anonymous_92)
FNDA:0,(anonymous_93)
FNDA:0,(anonymous_94)
FNDA:0,(anonymous_95)
FNDA:0,(anonymous_96)
FNDA:0,(anonymous_97)
FNDA:0,(anonymous_98)
FNDA:0,(anonymous_99)
FNDA:0,(anonymous_100)
FNDA:0,(anonymous_101)
FNDA:0,(anonymous_102)
FNDA:0,(anonymous_103)
FNDA:0,(anonymous_104)
FNDA:0,(anonymous_105)
FNDA:0,(anonymous_106)
FNDA:0,(anonymous_107)
FNDA:0,(anonymous_108)
FNDA:0,(anonymous_109)
FNDA:0,(anonymous_110)
FNDA:0,(anonymous_111)
FNDA:0,(anonymous_112)
FNDA:0,(anonymous_113)
FNDA:0,(anonymous_114)
FNDA:0,(anonymous_115)
FNDA:0,(anonymous_116)
FNDA:0,(anonymous_117)
FNDA:0,(anonymous_118)
FNDA:0,(anonymous_119)
FNDA:0,(anonymous_120)
FNDA:0,(anonymous_121)
FNDA:0,(anonymous_122)
FNDA:0,(anonymous_123)
FNDA:0,(anonymous_124)
FNDA:0,(anonymous_125)
FNDA:0,(anonymous_126)
FNDA:0,(anonymous_127)
FNDA:0,(anonymous_128)
FNDA:0,(anonymous_129)
FNDA:0,(anonymous_130)
FNDA:0,(anonymous_131)
FNDA:0,(anonymous_132)
FNDA:0,(anonymous_133)
FNDA:0,(anonymous_134)
FNDA:0,(anonymous_135)
FNDA:0,(anonymous_136)
FNDA:0,(anonymous_137)
FNDA:0,(anonymous_138)
FNDA:0,(anonymous_139)
FNDA:0,(anonymous_140)
FNDA:0,(anonymous_141)
FNDA:0,(anonymous_142)
FNDA:0,(anonymous_143)
FNDA:0,(anonymous_144)
FNDA:0,(anonymous_145)
FNDA:0,(anonymous_146)
FNDA:0,(anonymous_147)
FNDA:0,(anonymous_148)
FNDA:0,(anonymous_149)
FNDA:0,(anonymous_150)
FNDA:0,(anonymous_151)
FNDA:0,(anonymous_152)
FNDA:0,(anonymous_153)
FNDA:0,(anonymous_154)
FNDA:0,(anonymous_155)
FNDA:0,(anonymous_156)
FNDA:0,(anonymous_157)
FNDA:0,(anonymous_158)
FNDA:0,(anonymous_159)
FNDA:0,(anonymous_160)
FNDA:0,(anonymous_161)
FNDA:0,(anonymous_162)
FNDA:0,(anonymous_163)
FNDA:0,(anonymous_164)
FNDA:0,(anonymous_165)
FNDA:0,(anonymous_166)
FNDA:0,(anonymous_167)
FNDA:0,(anonymous_168)
FNDA:0,(anonymous_169)
FNDA:0,(anonymous_170)
FNDA:0,(anonymous_171)
FNDA:0,(anonymous_172)
FNDA:0,(anonymous_173)
FNDA:0,(anonymous_174)
FNDA:0,(anonymous_175)
FNDA:0,(anonymous_176)
FNDA:0,(anonymous_177)
FNDA:0,(anonymous_178)
FNDA:0,(anonymous_179)
FNDA:0,(anonymous_180)
FNDA:0,(anonymous_181)
FNDA:0,(anonymous_182)
FNDA:0,(anonymous_183)
FNDA:0,(anonymous_184)
FNDA:0,(anonymous_185)
FNDA:0,(anonymous_186)
FNDA:0,(anonymous_187)
FNDA:0,(anonymous_188)
FNDA:0,(anonymous_189)
FNDA:0,(anonymous_190)
FNDA:0,(anonymous_191)
FNDA:0,(anonymous_192)
FNDA:0,(anonymous_193)
FNDA:0,(anonymous_194)
FNDA:0,(anonymous_195)
FNDA:0,(anonymous_196)
FNDA:0,(anonymous_197)
FNDA:0,(anonymous_198)
FNDA:0,(anonymous_199)
FNDA:0,(anonymous_200)
FNDA:0,(anonymous_201)
FNDA:0,(anonymous_202)
FNDA:0,(anonymous_203)
FNDA:0,(anonymous_204)
FNDA:0,(anonymous_205)
FNDA:0,(anonymous_206)
FNDA:0,(anonymous_207)
FNDA:0,(anonymous_208)
FNDA:0,(anonymous_209)
FNDA:0,(anonymous_210)
FNDA:0,(anonymous_211)
FNDA:0,(anonymous_212)
FNDA:0,(anonymous_213)
FNDA:0,(anonymous_214)
FNDA:0,(anonymous_215)
FNDA:0,(anonymous_216)
FNDA:0,(anonymous_217)
FNDA:0,(anonymous_218)
FNDA:0,(anonymous_219)
FNDA:0,(anonymous_220)
FNDA:0,(anonymous_221)
FNDA:0,(anonymous_222)
FNDA:0,(anonymous_223)
FNDA:0,(anonymous_224)
FNDA:0,(anonymous_225)
FNDA:0,(anonymous_226)
FNDA:0,(anonymous_227)
FNDA:0,(anonymous_228)
FNDA:0,(anonymous_229)
FNDA:0,(anonymous_230)
FNDA:0,(anonymous_231)
FNDA:0,(anonymous_232)
FNDA:0,(anonymous_233)
FNDA:0,(anonymous_234)
FNDA:0,(anonymous_235)
FNDA:0,(anonymous_236)
FNDA:0,(anonymous_237)
FNDA:0,(anonymous_238)
FNDA:0,(anonymous_239)
FNDA:0,(anonymous_240)
FNDA:0,(anonymous_241)
FNDA:0,(anonymous_242)
FNDA:0,(anonymous_243)
FNDA:0,(anonymous_244)
FNDA:0,(anonymous_245)
FNDA:0,(anonymous_246)
FNDA:0,(anonymous_247)
FNDA:0,(anonymous_248)
FNDA:0,(anonymous_249)
DA:96,0
DA:97,0
DA:98,0
DA:117,0
DA:118,0
DA:119,0
DA:121,0
DA:124,0
DA:125,0
DA:126,0
DA:127,0
DA:128,0
DA:131,0
DA:132,0
DA:135,0
DA:136,0
DA:137,0
DA:138,0
DA:142,0
DA:143,0
DA:145,0
DA:146,0
DA:149,0
DA:150,0
DA:151,0
DA:152,0
DA:154,0
DA:158,0
DA:160,0
DA:165,0
DA:166,0
DA:167,0
DA:169,0
DA:170,0
DA:172,0
DA:173,0
DA:175,0
DA:176,0
DA:178,0
DA:180,0
DA:190,0
DA:206,0
DA:249,0
DA:314,0
DA:408,0
DA:409,0
DA:410,0
DA:411,0
DA:412,0
DA:413,0
DA:414,0
DA:415,0
DA:416,0
DA:417,0
DA:418,0
DA:419,0
DA:420,0
DA:421,0
DA:422,0
DA:429,0
DA:430,0
DA:431,0
DA:432,0
DA:433,0
DA:434,0
DA:435,0
DA:436,0
DA:437,0
DA:438,0
DA:439,0
DA:440,0
DA:441,0
DA:442,0
DA:443,0
DA:444,0
DA:445,0
DA:446,0
DA:447,0
DA:448,0
DA:449,0
DA:450,0
DA:451,0
DA:452,0
DA:453,0
DA:454,0
DA:455,0
DA:456,0
DA:458,0
DA:459,0
DA:460,0
DA:462,0
DA:464,0
DA:466,0
DA:468,0
DA:470,0
DA:475,0
DA:479,0
DA:480,0
DA:481,0
DA:482,0
DA:484,0
DA:487,0
DA:493,0
DA:499,0
DA:506,0
DA:507,0
DA:508,0
DA:518,0
DA:519,0
DA:520,0
DA:521,0
DA:522,0
DA:525,0
DA:535,0
DA:536,0
DA:537,0
DA:545,0
DA:546,0
DA:547,0
DA:548,0
DA:549,0
DA:551,0
DA:552,0
DA:555,0
DA:561,0
DA:562,0
DA:563,0
DA:564,0
DA:565,0
DA:566,0
DA:570,0
DA:571,0
DA:572,0
DA:574,0
DA:576,0
DA:578,0
DA:579,0
DA:581,0
DA:587,0
DA:594,0
DA:595,0
DA:596,0
DA:597,0
DA:599,0
DA:601,0
DA:602,0
DA:604,0
DA:605,0
DA:607,0
DA:608,0
DA:610,0
DA:611,0
DA:615,0
DA:616,0
DA:619,0
DA:621,0
DA:629,0
DA:633,0
DA:634,0
DA:636,0
DA:637,0
DA:639,0
DA:648,0
DA:659,0
DA:661,0
DA:662,0
DA:663,0
DA:664,0
DA:669,0
DA:670,0
DA:671,0
DA:672,0
DA:677,0
DA:678,0
DA:679,0
DA:681,0
DA:684,0
DA:685,0
DA:688,0
DA:689,0
DA:690,0
DA:694,0
DA:696,0
DA:697,0
DA:698,0
DA:702,0
DA:704,0
DA:707,0
DA:708,0
DA:709,0
DA:712,0
DA:713,0
DA:714,0
DA:715,0
DA:716,0
DA:720,0
DA:722,0
DA:725,0
DA:727,0
DA:730,0
DA:739,0
DA:741,0
DA:742,0
DA:743,0
DA:747,0
DA:749,0
DA:752,0
DA:754,0
DA:755,0
DA:756,0
DA:760,0
DA:762,0
DA:765,0
DA:767,0
DA:768,0
DA:770,0
DA:771,0
DA:774,0
DA:776,0
DA:777,0
DA:779,0
DA:780,0
DA:782,0
DA:783,0
DA:785,0
DA:786,0
DA:788,0
DA:791,0
DA:792,0
DA:797,0
DA:798,0
DA:806,0
DA:809,0
DA:810,0
DA:811,0
DA:813,0
DA:825,0
DA:826,0
DA:827,0
DA:830,0
DA:831,0
DA:832,0
DA:839,0
DA:840,0
DA:842,0
DA:843,0
DA:846,0
DA:847,0
DA:848,0
DA:850,0
DA:853,0
DA:854,0
DA:855,0
DA:858,0
DA:865,0
DA:868,0
DA:872,0
DA:873,0
DA:874,0
DA:878,0
DA:879,0
DA:880,0
DA:882,0
DA:886,0
DA:887,0
DA:897,0
DA:900,0
DA:901,0
DA:905,0
DA:906,0
DA:910,0
DA:911,0
DA:913,0
DA:914,0
DA:915,0
DA:918,0
DA:923,0
DA:926,0
DA:927,0
DA:940,0
DA:953,0
DA:966,0
DA:979,0
DA:991,0
DA:999,0
DA:1000,0
DA:1002,0
DA:1015,0
DA:1017,0
DA:1019,0
DA:1021,0
DA:1030,0
DA:1031,0
DA:1033,0
DA:1043,0
DA:1044,0
DA:1046,0
DA:1060,0
DA:1061,0
DA:1068,0
DA:1084,0
DA:1092,0
DA:1093,0
DA:1095,0
DA:1106,0
DA:1121,0
DA:1142,0
DA:1161,0
DA:1180,0
DA:1199,0
DA:1200,0
DA:1207,0
DA:1208,0
DA:1210,0
DA:1215,0
DA:1221,0
DA:1222,0
DA:1224,0
DA:1225,0
DA:1227,0
DA:1231,0
DA:1242,0
DA:1251,0
DA:1260,0
DA:1378,0
DA:1379,0
DA:1380,0
DA:1381,0
DA:1382,0
DA:1383,0
DA:1387,0
DA:1419,0
DA:1421,0
DA:1422,0
DA:1425,0
DA:1426,0
DA:1427,0
DA:1429,0
DA:1432,0
DA:1433,0
DA:1434,0
DA:1435,0
DA:1437,0
DA:1444,0
DA:1445,0
DA:1447,0
DA:1448,0
DA:1449,0
DA:1452,0
DA:1453,0
DA:1455,0
DA:1456,0
DA:1458,0
DA:1463,0
DA:1464,0
DA:1467,0
DA:1468,0
DA:1469,0
DA:1474,0
DA:1475,0
DA:1481,0
DA:1482,0
DA:1483,0
DA:1484,0
DA:1488,0
DA:1489,0
DA:1490,0
DA:1492,0
DA:1495,0
DA:1496,0
DA:1497,0
DA:1500,0
DA:1501,0
DA:1503,0
DA:1519,0
DA:1534,0
DA:1552,0
DA:1571,0
DA:1585,0
DA:1611,0
DA:1620,0
DA:1621,0
DA:1628,0
DA:1630,0
DA:1631,0
DA:1634,0
DA:1635,0
DA:1638,0
DA:1639,0
DA:1641,0
DA:1642,0
DA:1646,0
DA:1647,0
DA:1648,0
DA:1652,0
DA:1656,0
DA:1657,0
DA:1659,0
DA:1660,0
DA:1661,0
DA:1662,0
DA:1663,0
DA:1666,0
DA:1669,0
DA:1679,0
DA:1680,0
DA:1681,0
DA:1682,0
DA:1683,0
DA:1687,0
DA:1688,0
DA:1689,0
DA:1693,0
DA:1694,0
DA:1696,0
DA:1712,0
DA:1713,0
DA:1716,0
DA:1717,0
DA:1719,0
DA:1777,0
DA:1782,0
DA:1794,0
DA:1799,0
DA:1800,0
DA:1803,0
DA:1804,0
DA:1807,0
DA:1808,0
DA:1809,0
DA:1811,0
DA:1821,0
DA:1822,0
DA:1823,0
DA:1826,0
DA:1827,0
DA:1830,0
DA:1831,0
DA:1832,0
DA:1835,0
DA:1836,0
DA:1839,0
DA:1840,0
DA:1841,0
DA:1845,0
DA:1848,0
DA:1849,0
DA:1850,0
DA:1851,0
DA:1853,0
DA:1856,0
DA:1857,0
DA:1858,0
DA:1859,0
DA:1862,0
DA:1863,0
DA:1864,0
DA:1865,0
DA:1867,0
DA:1872,0
DA:1873,0
DA:1876,0
DA:1877,0
DA:1878,0
DA:1879,0
DA:1882,0
DA:1883,0
DA:1884,0
DA:1888,0
DA:1889,0
DA:1918,0
DA:1919,0
DA:1941,0
DA:1946,0
DA:1948,0
DA:1949,0
DA:1950,0
DA:1951,0
DA:1954,0
DA:1955,0
DA:1958,0
DA:1959,0
DA:1960,0
DA:1964,0
DA:1967,0
DA:1968,0
DA:1969,0
DA:1971,0
DA:1972,0
DA:1982,0
DA:1983,0
DA:1984,0
DA:1985,0
DA:1987,0
DA:1988,0
DA:1989,0
DA:1990,0
DA:1992,0
DA:1994,0
DA:1995,0
DA:1996,0
DA:2000,0
DA:2003,0
DA:2007,0
DA:2010,0
DA:2011,0
DA:2012,0
DA:2013,0
DA:2014,0
DA:2017,0
DA:2018,0
DA:2019,0
DA:2020,0
DA:2025,0
DA:2028,0
DA:2031,0
DA:2033,0
DA:2036,0
DA:2041,0
DA:2046,0
DA:2047,0
DA:2048,0
DA:2052,0
DA:2053,0
DA:2065,0
DA:2069,0
DA:2071,0
DA:2091,0
DA:2143,0
DA:2147,0
DA:2174,0
DA:2179,0
DA:2180,0
DA:2181,0
DA:2182,0
DA:2185,0
DA:2186,0
DA:2188,0
DA:2189,0
DA:2190,0
DA:2191,0
DA:2192,0
DA:2193,0
DA:2196,0
DA:2197,0
DA:2198,0
DA:2200,0
DA:2201,0
DA:2202,0
DA:2204,0
DA:2205,0
DA:2206,0
DA:2209,0
DA:2211,0
DA:2212,0
DA:2213,0
DA:2217,0
DA:2218,0
DA:2229,0
DA:2230,0
DA:2231,0
DA:2232,0
DA:2235,0
DA:2236,0
DA:2238,0
DA:2239,0
DA:2240,0
DA:2241,0
DA:2242,0
DA:2252,0
DA:2253,0
DA:2254,0
DA:2255,0
DA:2256,0
DA:2266,0
DA:2267,0
DA:2268,0
DA:2276,0
DA:2277,0
DA:2278,0
DA:2279,0
DA:2282,0
DA:2284,0
DA:2288,0
DA:2289,0
DA:2290,0
DA:2291,0
DA:2292,0
DA:2294,0
DA:2302,0
DA:2307,0
DA:2310,0
DA:2311,0
DA:2312,0
DA:2316,0
DA:2317,0
DA:2319,0
DA:2343,0
DA:2345,0
DA:2350,0
DA:2366,0
DA:2381,0
DA:2383,0
DA:2414,0
DA:2416,0
DA:2418,0
DA:2421,0
DA:2448,0
DA:2449,0
DA:2454,0
DA:2456,0
DA:2458,0
DA:2459,0
DA:2463,0
DA:2464,0
DA:2466,0
DA:2469,0
DA:2470,0
DA:2473,0
DA:2474,0
DA:2477,0
DA:2478,0
DA:2479,0
DA:2480,0
DA:2483,0
DA:2484,0
DA:2489,0
DA:2490,0
DA:2491,0
DA:2493,0
DA:2497,0
DA:2498,0
DA:2500,0
DA:2503,0
DA:2504,0
DA:2507,0
DA:2542,0
DA:2555,0
DA:2558,0
DA:2572,0
DA:2588,0
DA:2606,0
LF:642
LH:0
BRDA:106,0,0,0
BRDA:106,0,1,0
BRDA:143,1,0,0
BRDA:143,1,1,0
BRDA:151,2,0,0
BRDA:151,2,1,0
BRDA:167,3,0,0
BRDA:167,3,1,0
BRDA:170,4,0,0
BRDA:170,4,1,0
BRDA:173,5,0,0
BRDA:173,5,1,0
BRDA:176,6,0,0
BRDA:176,6,1,0
BRDA:460,7,0,0
BRDA:460,7,1,0
BRDA:460,7,2,0
BRDA:460,7,3,0
BRDA:460,7,4,0
BRDA:460,7,5,0
BRDA:471,8,0,0
BRDA:471,8,1,0
BRDA:472,9,0,0
BRDA:472,9,1,0
BRDA:487,10,0,0
BRDA:487,10,1,0
BRDA:493,11,0,0
BRDA:493,11,1,0
BRDA:499,12,0,0
BRDA:499,12,1,0
BRDA:507,13,0,0
BRDA:507,13,1,0
BRDA:521,14,0,0
BRDA:521,14,1,0
BRDA:522,15,0,0
BRDA:522,15,1,0
BRDA:522,15,2,0
BRDA:536,16,0,0
BRDA:536,16,1,0
BRDA:584,17,0,0
BRDA:584,17,1,0
BRDA:599,18,0,0
BRDA:599,18,1,0
BRDA:599,18,2,0
BRDA:599,18,3,0
BRDA:616,19,0,0
BRDA:616,19,1,0
BRDA:663,20,0,0
BRDA:663,20,1,0
BRDA:663,21,0,0
BRDA:663,21,1,0
BRDA:663,21,2,0
BRDA:671,22,0,0
BRDA:671,22,1,0
BRDA:671,23,0,0
BRDA:671,23,1,0
BRDA:680,24,0,0
BRDA:680,24,1,0
BRDA:681,25,0,0
BRDA:681,25,1,0
BRDA:681,25,2,0
BRDA:685,26,0,0
BRDA:685,26,1,0
BRDA:685,27,0,0
BRDA:685,27,1,0
BRDA:697,28,0,0
BRDA:697,28,1,0
BRDA:707,29,0,0
BRDA:707,29,1,0
BRDA:722,30,0,0
BRDA:722,30,1,0
BRDA:727,31,0,0
BRDA:727,31,1,0
BRDA:742,32,0,0
BRDA:742,32,1,0
BRDA:755,33,0,0
BRDA:755,33,1,0
BRDA:771,34,0,0
BRDA:771,34,1,0
BRDA:774,35,0,0
BRDA:774,35,1,0
BRDA:774,35,2,0
BRDA:774,35,3,0
BRDA:774,35,4,0
BRDA:776,36,0,0
BRDA:776,36,1,0
BRDA:779,37,0,0
BRDA:779,37,1,0
BRDA:782,38,0,0
BRDA:782,38,1,0
BRDA:791,39,0,0
BRDA:791,39,1,0
BRDA:797,40,0,0
BRDA:797,40,1,0
BRDA:810,41,0,0
BRDA:810,41,1,0
BRDA:812,42,0,0
BRDA:812,42,1,0
BRDA:842,43,0,0
BRDA:842,43,1,0
BRDA:843,44,0,0
BRDA:843,44,1,0
BRDA:850,45,0,0
BRDA:850,45,1,0
BRDA:850,45,2,0
BRDA:853,46,0,0
BRDA:853,46,1,0
BRDA:853,47,0,0
BRDA:853,47,1,0
BRDA:854,48,0,0
BRDA:854,48,1,0
BRDA:865,49,0,0
BRDA:865,49,1,0
BRDA:872,50,0,0
BRDA:872,50,1,0
BRDA:872,51,0,0
BRDA:872,51,1,0
BRDA:873,52,0,0
BRDA:873,52,1,0
BRDA:886,53,0,0
BRDA:886,53,1,0
BRDA:887,54,0,0
BRDA:887,54,1,0
BRDA:911,55,0,0
BRDA:911,55,1,0
BRDA:942,56,0,0
BRDA:942,56,1,0
BRDA:955,57,0,0
BRDA:955,57,1,0
BRDA:968,58,0,0
BRDA:968,58,1,0
BRDA:1031,59,0,0
BRDA:1031,59,1,0
BRDA:1044,60,0,0
BRDA:1044,60,1,0
BRDA:1061,61,0,0
BRDA:1061,61,1,0
BRDA:1064,62,0,0
BRDA:1064,62,1,0
BRDA:1135,63,0,0
BRDA:1135,63,1,0
BRDA:1151,64,0,0
BRDA:1151,64,1,0
BRDA:1170,65,0,0
BRDA:1170,65,1,0
BRDA:1212,66,0,0
BRDA:1212,66,1,0
BRDA:1222,67,0,0
BRDA:1222,67,1,0
BRDA:1270,68,0,0
BRDA:1270,68,1,0
BRDA:1281,69,0,0
BRDA:1281,69,1,0
BRDA:1379,70,0,0
BRDA:1379,70,1,0
BRDA:1380,71,0,0
BRDA:1380,71,1,0
BRDA:1382,72,0,0
BRDA:1382,72,1,0
BRDA:1396,73,0,0
BRDA:1396,73,1,0
BRDA:1398,74,0,0
BRDA:1398,74,1,0
BRDA:1421,75,0,0
BRDA:1421,75,1,0
BRDA:1422,76,0,0
BRDA:1422,76,1,0
BRDA:1432,77,0,0
BRDA:1432,77,1,0
BRDA:1434,78,0,0
BRDA:1434,78,1,0
BRDA:1445,79,0,0
BRDA:1445,79,1,0
BRDA:1445,80,0,0
BRDA:1445,80,1,0
BRDA:1453,81,0,0
BRDA:1453,81,1,0
BRDA:1467,82,0,0
BRDA:1467,82,1,0
BRDA:1477,83,0,0
BRDA:1477,83,1,0
BRDA:1482,84,0,0
BRDA:1482,84,1,0
BRDA:1573,85,0,0
BRDA:1573,85,1,0
BRDA:1589,86,0,0
BRDA:1589,86,1,0
BRDA:1615,87,0,0
BRDA:1615,87,1,0
BRDA:1634,88,0,0
BRDA:1634,88,1,0
BRDA:1635,89,0,0
BRDA:1635,89,1,0
BRDA:1639,90,0,0
BRDA:1639,90,1,0
BRDA:1642,91,0,0
BRDA:1642,91,1,0
BRDA:1648,92,0,0
BRDA:1648,92,1,0
BRDA:1657,93,0,0
BRDA:1657,93,1,0
BRDA:1680,94,0,0
BRDA:1680,94,1,0
BRDA:1682,95,0,0
BRDA:1682,95,1,0
BRDA:1688,96,0,0
BRDA:1688,96,1,0
BRDA:1710,97,0,0
BRDA:1710,97,1,0
BRDA:1712,98,0,0
BRDA:1712,98,1,0
BRDA:1713,99,0,0
BRDA:1713,99,1,0
BRDA:1717,100,0,0
BRDA:1717,100,1,0
BRDA:1729,101,0,0
BRDA:1729,101,1,0
BRDA:1744,102,0,0
BRDA:1744,102,1,0
BRDA:1746,103,0,0
BRDA:1746,103,1,0
BRDA:1753,104,0,0
BRDA:1753,104,1,0
BRDA:1760,105,0,0
BRDA:1760,105,1,0
BRDA:1762,106,0,0
BRDA:1762,106,1,0
BRDA:1813,107,0,0
BRDA:1813,107,1,0
BRDA:1815,108,0,0
BRDA:1815,108,1,0
BRDA:1816,109,0,0
BRDA:1816,109,1,0
BRDA:1851,110,0,0
BRDA:1851,110,1,0
BRDA:1883,111,0,0
BRDA:1883,111,1,0
BRDA:1951,112,0,0
BRDA:1951,112,1,0
BRDA:1955,113,0,0
BRDA:1955,113,1,0
BRDA:1958,114,0,0
BRDA:1958,114,1,0
BRDA:1971,115,0,0
BRDA:1971,115,1,0
BRDA:1977,116,0,0
BRDA:1977,116,1,0
BRDA:1994,117,0,0
BRDA:1994,117,1,0
BRDA:2003,118,0,0
BRDA:2003,118,1,0
BRDA:2047,119,0,0
BRDA:2047,119,1,0
BRDA:2064,120,0,0
BRDA:2064,120,1,0
BRDA:2078,121,0,0
BRDA:2078,121,1,0
BRDA:2083,122,0,0
BRDA:2083,122,1,0
BRDA:2094,123,0,0
BRDA:2094,123,1,0
BRDA:2149,124,0,0
BRDA:2149,124,1,0
BRDA:2192,125,0,0
BRDA:2192,125,1,0
BRDA:2193,126,0,0
BRDA:2193,126,1,0
BRDA:2211,127,0,0
BRDA:2211,127,1,0
BRDA:2217,128,0,0
BRDA:2217,128,1,0
BRDA:2231,129,0,0
BRDA:2231,129,1,0
BRDA:2232,130,0,0
BRDA:2232,130,1,0
BRDA:2239,131,0,0
BRDA:2239,131,1,0
BRDA:2241,132,0,0
BRDA:2241,132,1,0
BRDA:2246,133,0,0
BRDA:2246,133,1,0
BRDA:2253,134,0,0
BRDA:2253,134,1,0
BRDA:2255,135,0,0
BRDA:2255,135,1,0
BRDA:2260,136,0,0
BRDA:2260,136,1,0
BRDA:2266,137,0,0
BRDA:2266,137,1,0
BRDA:2279,138,0,0
BRDA:2279,138,1,0
BRDA:2284,139,0,0
BRDA:2284,139,1,0
BRDA:2284,139,2,0
BRDA:2284,139,3,0
BRDA:2288,140,0,0
BRDA:2288,140,1,0
BRDA:2291,141,0,0
BRDA:2291,141,1,0
BRDA:2311,142,0,0
BRDA:2311,142,1,0
BRDA:2311,143,0,0
BRDA:2311,143,1,0
BRDA:2311,143,2,0
BRDA:2330,144,0,0
BRDA:2330,144,1,0
BRDA:2335,145,0,0
BRDA:2335,145,1,0
BRDA:2347,146,0,0
BRDA:2347,146,1,0
BRDA:2368,147,0,0
BRDA:2368,147,1,0
BRDA:2386,148,0,0
BRDA:2386,148,1,0
BRDA:2427,149,0,0
BRDA:2427,149,1,0
BRDA:2429,150,0,0
BRDA:2429,150,1,0
BRDA:2503,151,0,0
BRDA:2503,151,1,0
BRDA:2514,152,0,0
BRDA:2514,152,1,0
BRDA:2533,153,0,0
BRDA:2533,153,1,0
BRDA:2583,154,0,0
BRDA:2583,154,1,0
BRDA:2591,155,0,0
BRDA:2591,155,1,0
BRDA:2595,156,0,0
BRDA:2595,156,1,0
BRDA:2603,157,0,0
BRDA:2603,157,1,0
BRF:332
BRH:0
end_of_record
TN:
SF:components\Monitoring\[MON]MetricsChart.tsx
FN:28,(anonymous_0)
FN:32,(anonymous_1)
FN:33,(anonymous_2)
FN:40,(anonymous_3)
FN:43,(anonymous_4)
FN:44,(anonymous_5)
FNF:6
FNH:0
FNDA:0,(anonymous_0)
FNDA:0,(anonymous_1)
FNDA:0,(anonymous_2)
FNDA:0,(anonymous_3)
FNDA:0,(anonymous_4)
FNDA:0,(anonymous_5)
DA:28,0
DA:29,0
DA:30,0
DA:32,0
DA:33,0
DA:34,0
DA:37,0
DA:38,0
DA:40,0
DA:43,0
DA:44,0
DA:51,0
LF:12
LH:0
BRDA:28,0,0,0
BRF:1
BRH:0
end_of_record
TN:
SF:components\Notifications\[NOTIFY]Toast.tsx
FN:9,(anonymous_0)
FN:13,(anonymous_1)
FNF:2
FNH:0
FNDA:0,(anonymous_0)
FNDA:0,(anonymous_1)
DA:9,0
DA:10,0
DA:11,0
DA:13,0
DA:14,0
DA:15,0
DA:17,0
DA:18,0
DA:22,0
DA:23,0
DA:26,0
LF:11
LH:0
BRDA:9,0,0,0
BRDA:14,1,0,0
BRDA:14,1,1,0
BRDA:17,2,0,0
BRDA:17,2,1,0
BRDA:22,3,0,0
BRDA:22,3,1,0
BRDA:41,4,0,0
BRDA:41,4,1,0
BRF:9
BRH:0
end_of_record
TN:
SF:components\Pages\[GAME]Game.tsx
FN:31,(anonymous_0)
FN:47,(anonymous_1)
FN:52,(anonymous_2)
FN:59,(anonymous_3)
FN:66,(anonymous_4)
FN:78,(anonymous_5)
FN:79,(anonymous_6)
FN:92,(anonymous_7)
FN:109,(anonymous_8)
FN:112,(anonymous_9)
FN:137,(anonymous_10)
FN:141,(anonymous_11)
FN:160,(anonymous_12)
FN:166,(anonymous_13)
FN:182,(anonymous_14)
FN:192,(anonymous_15)
FN:198,(anonymous_16)
FN:285,(anonymous_17)
FN:303,(anonymous_18)
FNF:19
FNH:0
FNDA:0,(anonymous_0)
FNDA:0,(anonymous_1)
FNDA:0,(anonymous_2)
FNDA:0,(anonymous_3)
FNDA:0,(anonymous_4)
FNDA:0,(anonymous_5)
FNDA:0,(anonymous_6)
FNDA:0,(anonymous_7)
FNDA:0,(anonymous_8)
FNDA:0,(anonymous_9)
FNDA:0,(anonymous_10)
FNDA:0,(anonymous_11)
FNDA:0,(anonymous_12)
FNDA:0,(anonymous_13)
FNDA:0,(anonymous_14)
FNDA:0,(anonymous_15)
FNDA:0,(anonymous_16)
FNDA:0,(anonymous_17)
FNDA:0,(anonymous_18)
DA:31,0
DA:32,0
DA:33,0
DA:34,0
DA:35,0
DA:36,0
DA:37,0
DA:38,0
DA:39,0
DA:46,0
DA:48,0
DA:52,0
DA:53,0
DA:59,0
DA:61,0
DA:63,0
DA:66,0
DA:67,0
DA:68,0
DA:78,0
DA:79,0
DA:80,0
DA:82,0
DA:83,0
DA:84,0
DA:85,0
DA:88,0
DA:91,0
DA:92,0
DA:93,0
DA:97,0
DA:98,0
DA:102,0
DA:105,0
DA:106,0
DA:109,0
DA:110,0
DA:111,0
DA:112,0
DA:113,0
DA:123,0
DA:124,0
DA:125,0
DA:131,0
DA:132,0
DA:137,0
DA:138,0
DA:141,0
DA:142,0
DA:143,0
DA:144,0
DA:147,0
DA:148,0
DA:149,0
DA:160,0
DA:161,0
DA:163,0
DA:166,0
DA:168,0
DA:170,0
DA:173,0
DA:174,0
DA:182,0
DA:183,0
DA:192,0
DA:193,0
DA:198,0
DA:199,0
DA:201,0
DA:202,0
DA:204,0
DA:207,0
DA:208,0
DA:216,0
DA:220,0
DA:221,0
DA:228,0
DA:229,0
DA:238,0
DA:285,0
DA:303,0
LF:81
LH:0
BRDA:61,0,0,0
BRDA:61,0,1,0
BRDA:67,1,0,0
BRDA:67,1,1,0
BRDA:80,2,0,0
BRDA:80,2,1,0
BRDA:91,3,0,0
BRDA:91,3,1,0
BRDA:105,4,0,0
BRDA:105,4,1,0
BRDA:110,5,0,0
BRDA:110,5,1,0
BRDA:113,6,0,0
BRDA:113,6,1,0
BRDA:123,7,0,0
BRDA:123,7,1,0
BRDA:131,8,0,0
BRDA:131,8,1,0
BRDA:147,9,0,0
BRDA:147,9,1,0
BRDA:161,10,0,0
BRDA:161,10,1,0
BRDA:161,11,0,0
BRDA:161,11,1,0
BRDA:168,12,0,0
BRDA:168,12,1,0
BRDA:173,13,0,0
BRDA:173,13,1,0
BRDA:199,14,0,0
BRDA:199,14,1,0
BRDA:199,15,0,0
BRDA:199,15,1,0
BRDA:202,16,0,0
BRDA:202,16,1,0
BRDA:207,17,0,0
BRDA:207,17,1,0
BRDA:211,18,0,0
BRDA:211,18,1,0
BRDA:220,19,0,0
BRDA:220,19,1,0
BRDA:220,20,0,0
BRDA:220,20,1,0
BRDA:228,21,0,0
BRDA:228,21,1,0
BRDA:228,22,0,0
BRDA:228,22,1,0
BRDA:228,22,2,0
BRDA:232,23,0,0
BRDA:232,23,1,0
BRDA:266,24,0,0
BRDA:266,24,1,0
BRF:51
BRH:0
end_of_record
TN:
SF:components\Pages\[UI]Home.tsx
FN:58,(anonymous_0)
FN:64,(anonymous_1)
FN:65,(anonymous_2)
FN:98,(anonymous_3)
FN:253,(anonymous_4)
FN:328,(anonymous_5)
FNF:6
FNH:0
FNDA:0,(anonymous_0)
FNDA:0,(anonymous_1)
FNDA:0,(anonymous_2)
FNDA:0,(anonymous_3)
FNDA:0,(anonymous_4)
FNDA:0,(anonymous_5)
DA:27,0
DA:58,0
DA:59,0
DA:60,0
DA:61,0
DA:62,0
DA:64,0
DA:65,0
DA:66,0
DA:67,0
DA:87,0
DA:88,0
DA:90,0
DA:91,0
DA:95,0
DA:98,0
DA:99,0
DA:101,0
DA:103,0
DA:105,0
DA:107,0
DA:111,0
DA:112,0
DA:119,0
DA:254,0
DA:329,0
LF:26
LH:0
BRDA:99,0,0,0
BRDA:99,0,1,0
BRDA:99,0,2,0
BRDA:99,0,3,0
BRDA:111,1,0,0
BRDA:111,1,1,0
BRDA:317,2,0,0
BRDA:317,2,1,0
BRDA:356,3,0,0
BRDA:356,3,1,0
BRDA:367,4,0,0
BRDA:367,4,1,0
BRF:12
BRH:0
end_of_record
TN:
SF:components\Pages\[UI]Leaderboard.tsx
FN:49,(anonymous_0)
FN:65,(anonymous_1)
FN:118,(anonymous_2)
FN:127,(anonymous_3)
FN:144,(anonymous_4)
FN:151,(anonymous_5)
FN:152,(anonymous_6)
FN:195,(anonymous_7)
FN:207,(anonymous_8)
FN:209,(anonymous_9)
FN:227,(anonymous_10)
FN:253,(anonymous_11)
FNF:12
FNH:0
FNDA:0,(anonymous_0)
FNDA:0,(anonymous_1)
FNDA:0,(anonymous_2)
FNDA:0,(anonymous_3)
FNDA:0,(anonymous_4)
FNDA:0,(anonymous_5)
FNDA:0,(anonymous_6)
FNDA:0,(anonymous_7)
FNDA:0,(anonymous_8)
FNDA:0,(anonymous_9)
FNDA:0,(anonymous_10)
FNDA:0,(anonymous_11)
DA:49,0
DA:50,0
DA:52,0
DA:65,0
DA:66,0
DA:68,0
DA:118,0
DA:128,0
DA:144,0
DA:145,0
DA:146,0
DA:147,0
DA:148,0
DA:149,0
DA:151,0
DA:152,0
DA:153,0
DA:155,0
DA:184,0
DA:185,0
DA:187,0
DA:188,0
DA:192,0
DA:195,0
DA:196,0
DA:199,0
DA:200,0
DA:207,0
DA:208,0
DA:209,0
DA:210,0
DA:214,0
DA:228,0
DA:254,0
DA:272,0
LF:35
LH:0
BRDA:60,0,0,0
BRDA:60,0,1,0
BRDA:72,1,0,0
BRDA:72,1,1,0
BRDA:79,2,0,0
BRDA:79,2,1,0
BRDA:125,3,0,0
BRDA:125,3,1,0
BRDA:199,4,0,0
BRDA:199,4,1,0
BRDA:208,5,0,0
BRDA:208,5,1,0
BRDA:231,6,0,0
BRDA:231,6,1,0
BRDA:236,7,0,0
BRDA:236,7,1,0
BRDA:282,8,0,0
BRDA:282,8,1,0
BRDA:301,9,0,0
BRDA:301,9,1,0
BRDA:304,10,0,0
BRDA:304,10,1,0
BRDA:305,11,0,0
BRDA:305,11,1,0
BRF:24
BRH:0
end_of_record
TN:
SF:components\Pages\[UI]NotFound.tsx
FN:5,(anonymous_0)
FNF:1
FNH:0
FNDA:0,(anonymous_0)
DA:5,0
DA:6,0
LF:2
LH:0
BRF:0
BRH:0
end_of_record
TN:
SF:components\Pages\[UI]Profile.tsx
FN:63,(anonymous_0)
FN:71,(anonymous_1)
FN:72,(anonymous_2)
FN:145,(anonymous_3)
FN:158,(anonymous_4)
FN:308,(anonymous_5)
FN:319,(anonymous_6)
FN:370,(anonymous_7)
FN:381,(anonymous_8)
FNF:9
FNH:0
FNDA:0,(anonymous_0)
FNDA:0,(anonymous_1)
FNDA:0,(anonymous_2)
FNDA:0,(anonymous_3)
FNDA:0,(anonymous_4)
FNDA:0,(anonymous_5)
FNDA:0,(anonymous_6)
FNDA:0,(anonymous_7)
FNDA:0,(anonymous_8)
DA:63,0
DA:64,0
DA:65,0
DA:66,0
DA:67,0
DA:68,0
DA:69,0
DA:71,0
DA:72,0
DA:73,0
DA:75,0
DA:134,0
DA:135,0
DA:137,0
DA:138,0
DA:142,0
DA:145,0
DA:146,0
DA:148,0
DA:150,0
DA:152,0
DA:154,0
DA:158,0
DA:159,0
DA:161,0
DA:163,0
DA:165,0
DA:169,0
DA:170,0
DA:177,0
DA:178,0
DA:187,0
DA:308,0
DA:320,0
DA:370,0
DA:382,0
LF:36
LH:0
BRDA:146,0,0,0
BRDA:146,0,1,0
BRDA:146,0,2,0
BRDA:146,0,3,0
BRDA:159,1,0,0
BRDA:159,1,1,0
BRDA:159,1,2,0
BRDA:169,2,0,0
BRDA:169,2,1,0
BRDA:177,3,0,0
BRDA:177,3,1,0
BRDA:203,4,0,0
BRDA:203,4,1,0
BRDA:206,5,0,0
BRDA:206,5,1,0
BRDA:218,6,0,0
BRDA:218,6,1,0
BRDA:221,7,0,0
BRDA:221,7,1,0
BRDA:224,8,0,0
BRDA:224,8,1,0
BRDA:241,9,0,0
BRDA:241,9,1,0
BRDA:251,10,0,0
BRDA:251,10,1,0
BRDA:262,11,0,0
BRDA:262,11,1,0
BRDA:275,12,0,0
BRDA:275,12,1,0
BRDA:286,13,0,0
BRDA:286,13,1,0
BRDA:306,14,0,0
BRDA:306,14,1,0
BRDA:308,15,0,0
BRDA:308,15,1,0
BRDA:310,16,0,0
BRDA:310,16,1,0
BRDA:311,17,0,0
BRDA:311,17,1,0
BRDA:313,18,0,0
BRDA:313,18,1,0
BRDA:331,19,0,0
BRDA:331,19,1,0
BRDA:338,20,0,0
BRDA:338,20,1,0
BRDA:368,21,0,0
BRDA:368,21,1,0
BRDA:370,22,0,0
BRDA:370,22,1,0
BRDA:372,23,0,0
BRDA:372,23,1,0
BRDA:373,24,0,0
BRDA:373,24,1,0
BRDA:375,25,0,0
BRDA:375,25,1,0
BRDA:393,26,0,0
BRDA:393,26,1,0
BRDA:400,27,0,0
BRDA:400,27,1,0
BRF:59
BRH:0
end_of_record
TN:
SF:components\QRCode\[QR]QRDialog.tsx
FN:31,(anonymous_0)
FN:42,(anonymous_1)
FN:53,(anonymous_2)
FN:60,(anonymous_3)
FNF:4
FNH:0
FNDA:0,(anonymous_0)
FNDA:0,(anonymous_1)
FNDA:0,(anonymous_2)
FNDA:0,(anonymous_3)
DA:31,0
DA:32,0
DA:42,0
DA:51,0
DA:53,0
DA:54,0
DA:55,0
DA:57,0
DA:60,0
DA:61,0
DA:64,0
DA:65,0
DA:66,0
DA:68,0
LF:14
LH:0
BRDA:38,0,0,0
BRDA:38,0,1,0
BRDA:48,1,0,0
BRDA:51,2,0,0
BRDA:51,2,1,0
BRDA:54,3,0,0
BRDA:54,3,1,0
BRDA:65,4,0,0
BRDA:65,4,1,0
BRDA:66,5,0,0
BRDA:66,5,1,0
BRDA:70,6,0,0
BRDA:70,6,1,0
BRDA:73,7,0,0
BRDA:73,7,1,0
BRDA:80,8,0,0
BRDA:80,8,1,0
BRDA:86,9,0,0
BRDA:86,9,1,0
BRDA:86,9,2,0
BRF:20
BRH:0
end_of_record
TN:
SF:components\QRCode\[QR]QRDisplay.tsx
FN:13,(anonymous_0)
FN:29,(anonymous_1)
FN:30,(anonymous_2)
FNF:3
FNH:0
FNDA:0,(anonymous_0)
FNDA:0,(anonymous_1)
FNDA:0,(anonymous_2)
DA:13,0
DA:23,0
DA:29,0
DA:30,0
DA:31,0
DA:32,0
DA:33,0
DA:37,0
DA:38,0
DA:39,0
DA:40,0
DA:41,0
DA:42,0
DA:45,0
LF:14
LH:0
BRDA:31,0,0,0
BRDA:31,0,1,0
BRDA:39,1,0,0
BRDA:39,1,1,0
BRDA:47,2,0,0
BRDA:47,2,1,0
BRDA:53,3,0,0
BRDA:53,3,1,0
BRDA:59,4,0,0
BRDA:59,4,1,0
BRF:10
BRH:0
end_of_record
TN:
SF:components\QRCode\[QR]QRScanner.tsx
FN:12,(anonymous_0)
FN:23,(anonymous_1)
FN:37,(anonymous_2)
FN:44,(anonymous_3)
FN:45,(anonymous_4)
FN:61,(anonymous_5)
FN:87,(anonymous_6)
FN:94,(anonymous_7)
FN:102,(anonymous_8)
FNF:9
FNH:0
FNDA:0,(anonymous_0)
FNDA:0,(anonymous_1)
FNDA:0,(anonymous_2)
FNDA:0,(anonymous_3)
FNDA:0,(anonymous_4)
FNDA:0,(anonymous_5)
FNDA:0,(anonymous_6)
FNDA:0,(anonymous_7)
FNDA:0,(anonymous_8)
DA:12,0
DA:23,0
DA:37,0
DA:38,0
DA:39,0
DA:40,0
DA:41,0
DA:42,0
DA:44,0
DA:45,0
DA:46,0
DA:48,0
DA:49,0
DA:50,0
DA:54,0
DA:55,0
DA:59,0
DA:62,0
DA:71,0
DA:72,0
DA:73,0
DA:74,0
DA:76,0
DA:77,0
DA:78,0
DA:79,0
DA:84,0
DA:87,0
DA:88,0
DA:89,0
DA:94,0
DA:95,0
DA:96,0
DA:97,0
DA:98,0
DA:102,0
DA:103,0
DA:104,0
DA:106,0
DA:107,0
DA:111,0
DA:112,0
DA:129,0
LF:43
LH:0
BRDA:49,0,0,0
BRDA:49,0,1,0
BRDA:54,1,0,0
BRDA:54,1,1,0
BRDA:76,2,0,0
BRDA:76,2,1,0
BRDA:78,3,0,0
BRDA:78,3,1,0
BRDA:79,4,0,0
BRDA:79,4,1,0
BRDA:88,5,0,0
BRDA:88,5,1,0
BRDA:97,6,0,0
BRDA:97,6,1,0
BRDA:103,7,0,0
BRDA:103,7,1,0
BRDA:106,8,0,0
BRDA:106,8,1,0
BRDA:111,9,0,0
BRDA:111,9,1,0
BRDA:133,10,0,0
BRDA:133,10,1,0
BRDA:142,11,0,0
BRDA:142,11,1,0
BRDA:142,11,2,0
BRF:25
BRH:0
end_of_record
TN:
SF:components\QRCode\[QR]index.ts
FNF:0
FNH:0
LF:0
LH:0
BRF:0
BRH:0
end_of_record
TN:
SF:components\Tournament\[TOURN]TournamentBracket.tsx
FN:6,(anonymous_0)
FN:21,(anonymous_1)
FN:35,(anonymous_2)
FN:49,(anonymous_3)
FN:55,(anonymous_4)
FN:58,(anonymous_5)
FN:59,(anonymous_6)
FN:68,(anonymous_7)
FN:69,(anonymous_8)
FN:74,(anonymous_9)
FN:87,(anonymous_10)
FN:90,(anonymous_11)
FN:101,(anonymous_12)
FN:131,(anonymous_13)
FNF:14
FNH:0
FNDA:0,(anonymous_0)
FNDA:0,(anonymous_1)
FNDA:0,(anonymous_2)
FNDA:0,(anonymous_3)
FNDA:0,(anonymous_4)
FNDA:0,(anonymous_5)
FNDA:0,(anonymous_6)
FNDA:0,(anonymous_7)
FNDA:0,(anonymous_8)
FNDA:0,(anonymous_9)
FNDA:0,(anonymous_10)
FNDA:0,(anonymous_11)
FNDA:0,(anonymous_12)
FNDA:0,(anonymous_13)
DA:6,0
DA:21,0
DA:35,0
DA:49,0
DA:53,0
DA:55,0
DA:57,0
DA:58,0
DA:59,0
DA:60,0
DA:61,0
DA:62,0
DA:67,0
DA:68,0
DA:69,0
DA:71,0
DA:74,0
DA:75,0
DA:77,0
DA:79,0
DA:81,0
DA:83,0
DA:87,0
DA:88,0
DA:90,0
DA:102,0
DA:124,0
DA:132,0
LF:28
LH:0
BRDA:37,0,0,0
BRDA:37,0,1,0
BRDA:38,1,0,0
BRDA:38,1,1,0
BRDA:40,2,0,0
BRDA:40,2,1,0
BRDA:60,3,0,0
BRDA:60,3,1,0
BRDA:75,4,0,0
BRDA:75,4,1,0
BRDA:75,4,2,0
BRDA:75,4,3,0
BRDA:91,5,0,0
BRDA:91,5,1,0
BRDA:110,6,0,0
BRDA:110,6,1,0
BRDA:116,7,0,0
BRDA:116,7,1,0
BRF:18
BRH:0
end_of_record
TN:
SF:components\Training\[TRAIN]ExerciseList.tsx
FN:16,(anonymous_0)
FN:22,(anonymous_1)
FN:38,(anonymous_2)
FN:39,(anonymous_3)
FN:46,(anonymous_4)
FN:52,(anonymous_5)
FN:63,(anonymous_6)
FN:80,(anonymous_7)
FNF:8
FNH:0
FNDA:0,(anonymous_0)
FNDA:0,(anonymous_1)
FNDA:0,(anonymous_2)
FNDA:0,(anonymous_3)
FNDA:0,(anonymous_4)
FNDA:0,(anonymous_5)
FNDA:0,(anonymous_6)
FNDA:0,(anonymous_7)
DA:16,0
DA:22,0
DA:38,0
DA:39,0
DA:40,0
DA:41,0
DA:42,0
DA:43,0
DA:46,0
DA:47,0
DA:48,0
DA:49,0
DA:52,0
DA:53,0
DA:61,0
DA:64,0
DA:81,0
LF:17
LH:0
BRDA:40,0,0,0
BRDA:40,0,1,0
BRDA:41,1,0,0
BRDA:41,1,1,0
BRDA:42,2,0,0
BRDA:42,2,1,0
BRDA:47,3,0,0
BRDA:47,3,1,0
BRDA:48,4,0,0
BRDA:48,4,1,0
BRDA:99,5,0,0
BRDA:99,5,1,0
BRDA:108,6,0,0
BRDA:108,6,1,0
BRDA:111,7,0,0
BRDA:111,7,1,0
BRF:16
BRH:0
end_of_record
TN:
SF:components\Training\[TRAIN]ProgressChart.tsx
FN:26,(anonymous_0)
FN:29,(anonymous_1)
FN:30,(anonymous_2)
FNF:3
FNH:0
FNDA:0,(anonymous_0)
FNDA:0,(anonymous_1)
FNDA:0,(anonymous_2)
DA:26,0
DA:27,0
DA:29,0
DA:30,0
DA:38,0
LF:5
LH:0
BRDA:32,0,0,0
BRDA:32,0,1,0
BRDA:33,1,0,0
BRDA:33,1,1,0
BRDA:34,2,0,0
BRDA:34,2,1,0
BRF:6
BRH:0
end_of_record
TN:
SF:components\Training\[TRAIN]TrainingDashboard.tsx
FN:22,(anonymous_0)
FN:27,(anonymous_1)
FN:56,(anonymous_2)
FN:62,(anonymous_3)
FN:66,(anonymous_4)
FN:84,(anonymous_5)
FN:87,(anonymous_6)
FN:88,(anonymous_7)
FN:179,(anonymous_8)
FNF:9
FNH:0
FNDA:0,(anonymous_0)
FNDA:0,(anonymous_1)
FNDA:0,(anonymous_2)
FNDA:0,(anonymous_3)
FNDA:0,(anonymous_4)
FNDA:0,(anonymous_5)
FNDA:0,(anonymous_6)
FNDA:0,(anonymous_7)
FNDA:0,(anonymous_8)
DA:22,0
DA:27,0
DA:56,0
DA:57,0
DA:58,0
DA:59,0
DA:60,0
DA:62,0
DA:63,0
DA:66,0
DA:67,0
DA:68,0
DA:69,0
DA:74,0
DA:75,0
DA:77,0
DA:78,0
DA:80,0
DA:84,0
DA:85,0
DA:86,0
DA:87,0
DA:88,0
DA:90,0
DA:93,0
DA:94,0
DA:101,0
DA:102,0
DA:109,0
DA:180,0
LF:30
LH:0
BRDA:85,0,0,0
BRDA:85,0,1,0
BRDA:93,1,0,0
BRDA:93,1,1,0
BRDA:101,2,0,0
BRDA:101,2,1,0
BRDA:151,3,0,0
BRDA:151,3,1,0
BRF:8
BRH:0
end_of_record
TN:
SF:components\VirtualizedList\index.tsx
FN:12,VirtualizedList
FN:29,(anonymous_1)
FN:34,(anonymous_2)
FN:60,(anonymous_3)
FNF:4
FNH:0
FNDA:0,VirtualizedList
FNDA:0,(anonymous_1)
FNDA:0,(anonymous_2)
FNDA:0,(anonymous_3)
DA:19,0
DA:20,0
DA:22,0
DA:23,0
DA:24,0
DA:26,0
DA:27,0
DA:29,0
DA:30,0
DA:34,0
DA:35,0
DA:36,0
DA:40,0
DA:48,0
DA:61,0
LF:15
LH:0
BRDA:17,0,0,0
BRDA:35,1,0,0
BRDA:35,1,1,0
BRF:3
BRH:0
end_of_record
TN:
SF:components\events\[EVENT]EventList.tsx
FN:31,(anonymous_0)
FN:38,(anonymous_1)
FN:44,(anonymous_2)
FN:50,(anonymous_3)
FN:54,(anonymous_4)
FN:59,(anonymous_5)
FN:75,(anonymous_6)
FN:83,(anonymous_7)
FN:112,(anonymous_8)
FN:130,(anonymous_9)
FN:166,(anonymous_10)
FN:168,(anonymous_11)
FN:170,(anonymous_12)
FN:183,(anonymous_13)
FN:245,(anonymous_14)
FN:246,(anonymous_15)
FN:253,(anonymous_16)
FN:254,(anonymous_17)
FNF:18
FNH:0
FNDA:0,(anonymous_0)
FNDA:0,(anonymous_1)
FNDA:0,(anonymous_2)
FNDA:0,(anonymous_3)
FNDA:0,(anonymous_4)
FNDA:0,(anonymous_5)
FNDA:0,(anonymous_6)
FNDA:0,(anonymous_7)
FNDA:0,(anonymous_8)
FNDA:0,(anonymous_9)
FNDA:0,(anonymous_10)
FNDA:0,(anonymous_11)
FNDA:0,(anonymous_12)
FNDA:0,(anonymous_13)
FNDA:0,(anonymous_14)
FNDA:0,(anonymous_15)
FNDA:0,(anonymous_16)
FNDA:0,(anonymous_17)
DA:29,0
DA:31,0
DA:32,0
DA:33,0
DA:34,0
DA:35,0
DA:37,0
DA:39,0
DA:40,0
DA:41,0
DA:42,0
DA:45,0
DA:49,0
DA:51,0
DA:52,0
DA:55,0
DA:59,0
DA:60,0
DA:61,0
DA:75,0
DA:76,0
DA:77,0
DA:78,0
DA:80,0
DA:83,0
DA:84,0
DA:86,0
DA:88,0
DA:90,0
DA:92,0
DA:94,0
DA:98,0
DA:99,0
DA:106,0
DA:112,0
DA:131,0
DA:166,0
DA:168,0
DA:170,0
DA:183,0
DA:245,0
DA:246,0
DA:253,0
DA:254,0
LF:44
LH:0
BRDA:31,0,0,0
BRDA:45,1,0,0
BRDA:45,1,1,0
BRDA:55,2,0,0
BRDA:55,2,1,0
BRDA:76,3,0,0
BRDA:76,3,1,0
BRDA:84,4,0,0
BRDA:84,4,1,0
BRDA:84,4,2,0
BRDA:84,4,3,0
BRDA:84,4,4,0
BRDA:98,5,0,0
BRDA:98,5,1,0
BRDA:108,6,0,0
BRDA:108,6,1,0
BRDA:147,7,0,0
BRDA:147,7,1,0
BRDA:152,8,0,0
BRDA:152,8,1,0
BRDA:157,9,0,0
BRDA:157,9,1,0
BRDA:159,10,0,0
BRDA:159,10,1,0
BRDA:162,11,0,0
BRDA:162,11,1,0
BRDA:168,12,0,0
BRDA:168,12,1,0
BRDA:170,13,0,0
BRDA:170,13,1,0
BRF:30
BRH:0
end_of_record
TN:
SF:components\experiments\[TEST]CreateExperiment.tsx
FN:23,(anonymous_0)
FN:37,(anonymous_1)
FN:44,(anonymous_2)
FN:46,(anonymous_3)
FN:50,(anonymous_4)
FN:65,(anonymous_5)
FN:131,(anonymous_6)
FN:139,(anonymous_7)
FN:147,(anonymous_8)
FN:158,(anonymous_9)
FN:169,(anonymous_10)
FN:173,(anonymous_11)
FN:181,(anonymous_12)
FN:193,(anonymous_13)
FN:202,(anonymous_14)
FNF:15
FNH:0
FNDA:0,(anonymous_0)
FNDA:0,(anonymous_1)
FNDA:0,(anonymous_2)
FNDA:0,(anonymous_3)
FNDA:0,(anonymous_4)
FNDA:0,(anonymous_5)
FNDA:0,(anonymous_6)
FNDA:0,(anonymous_7)
FNDA:0,(anonymous_8)
FNDA:0,(anonymous_9)
FNDA:0,(anonymous_10)
FNDA:0,(anonymous_11)
FNDA:0,(anonymous_12)
FNDA:0,(anonymous_13)
FNDA:0,(anonymous_14)
DA:23,0
DA:24,0
DA:25,0
DA:26,0
DA:27,0
DA:28,0
DA:29,0
DA:30,0
DA:31,0
DA:32,0
DA:33,0
DA:35,0
DA:37,0
DA:38,0
DA:39,0
DA:40,0
DA:44,0
DA:45,0
DA:46,0
DA:50,0
DA:51,0
DA:52,0
DA:53,0
DA:56,0
DA:57,0
DA:58,0
DA:59,0
DA:62,0
DA:65,0
DA:66,0
DA:67,0
DA:68,0
DA:70,0
DA:72,0
DA:73,0
DA:74,0
DA:92,0
DA:93,0
DA:94,0
DA:97,0
DA:98,0
DA:101,0
DA:102,0
DA:103,0
DA:104,0
DA:105,0
DA:106,0
DA:107,0
DA:108,0
DA:110,0
DA:114,0
DA:131,0
DA:139,0
DA:147,0
DA:158,0
DA:170,0
DA:173,0
DA:181,0
DA:193,0
DA:202,0
LF:60
LH:0
BRDA:38,0,0,0
BRDA:38,0,1,0
BRDA:38,1,0,0
BRDA:38,1,1,0
BRDA:45,2,0,0
BRDA:45,2,1,0
BRDA:51,3,0,0
BRDA:51,3,1,0
BRDA:51,4,0,0
BRDA:51,4,1,0
BRDA:51,4,2,0
BRDA:51,4,3,0
BRDA:51,4,4,0
BRDA:57,5,0,0
BRDA:57,5,1,0
BRDA:57,6,0,0
BRDA:57,6,1,0
BRDA:57,6,2,0
BRDA:70,7,0,0
BRDA:70,7,1,0
BRDA:87,8,0,0
BRDA:87,8,1,0
BRDA:92,9,0,0
BRDA:92,9,1,0
BRDA:94,10,0,0
BRDA:94,10,1,0
BRDA:110,11,0,0
BRDA:110,11,1,0
BRDA:125,12,0,0
BRDA:125,12,1,0
BRDA:126,13,0,0
BRDA:126,13,1,0
BRDA:173,14,0,0
BRDA:173,14,1,0
BRF:34
BRH:0
end_of_record
TN:
SF:components\experiments\[TEST]Dashboard.tsx
FN:45,(anonymous_0)
FN:52,(anonymous_1)
FN:56,(anonymous_2)
FN:62,(anonymous_3)
FN:82,(anonymous_4)
FN:97,(anonymous_5)
FN:100,(anonymous_6)
FN:117,(anonymous_7)
FN:118,(anonymous_8)
FN:158,(anonymous_9)
FN:162,(anonymous_10)
FN:181,(anonymous_11)
FN:182,(anonymous_12)
FNF:13
FNH:0
FNDA:0,(anonymous_0)
FNDA:0,(anonymous_1)
FNDA:0,(anonymous_2)
FNDA:0,(anonymous_3)
FNDA:0,(anonymous_4)
FNDA:0,(anonymous_5)
FNDA:0,(anonymous_6)
FNDA:0,(anonymous_7)
FNDA:0,(anonymous_8)
FNDA:0,(anonymous_9)
FNDA:0,(anonymous_10)
FNDA:0,(anonymous_11)
FNDA:0,(anonymous_12)
DA:45,0
DA:46,0
DA:47,0
DA:48,0
DA:49,0
DA:50,0
DA:52,0
DA:53,0
DA:56,0
DA:57,0
DA:58,0
DA:62,0
DA:63,0
DA:64,0
DA:65,0
DA:70,0
DA:71,0
DA:72,0
DA:73,0
DA:76,0
DA:78,0
DA:82,0
DA:83,0
DA:84,0
DA:85,0
DA:90,0
DA:91,0
DA:93,0
DA:97,0
DA:98,0
DA:100,0
DA:101,0
DA:103,0
DA:118,0
DA:119,0
DA:135,0
DA:136,0
DA:143,0
DA:159,0
DA:162,0
DA:181,0
DA:183,0
LF:42
LH:0
BRDA:57,0,0,0
BRDA:57,0,1,0
BRDA:72,1,0,0
BRDA:72,1,1,0
BRDA:98,2,0,0
BRDA:98,2,1,0
BRDA:98,3,0,0
BRDA:98,3,1,0
BRDA:101,4,0,0
BRDA:101,4,1,0
BRDA:135,5,0,0
BRDA:135,5,1,0
BRDA:161,6,0,0
BRDA:161,6,1,0
BRDA:172,7,0,0
BRDA:172,7,1,0
BRDA:192,8,0,0
BRDA:192,8,1,0
BRF:18
BRH:0
end_of_record
TN:
SF:components\marketplace\MarketplaceGrid.tsx
FN:20,(anonymous_0)
FN:21,(anonymous_1)
FN:36,(anonymous_2)
FN:40,(anonymous_3)
FNF:4
FNH:0
FNDA:0,(anonymous_0)
FNDA:0,(anonymous_1)
FNDA:0,(anonymous_2)
FNDA:0,(anonymous_3)
DA:20,0
DA:21,0
DA:22,0
DA:24,0
DA:26,0
DA:28,0
DA:30,0
DA:34,0
DA:37,0
DA:40,0
LF:10
LH:0
BRDA:22,0,0,0
BRDA:22,0,1,0
BRDA:22,0,2,0
BRDA:22,0,3,0
BRDA:60,1,0,0
BRDA:60,1,1,0
BRF:6
BRH:0
end_of_record
TN:
SF:components\marketplace\MarketplaceLayout.tsx
FN:10,(anonymous_0)
FN:15,(anonymous_1)
FN:31,(anonymous_2)
FN:41,(anonymous_3)
FN:56,(anonymous_4)
FN:82,(anonymous_5)
FN:87,(anonymous_6)
FN:102,(anonymous_7)
FN:114,(anonymous_8)
FN:118,(anonymous_9)
FN:135,(anonymous_10)
FN:144,(anonymous_11)
FN:145,(anonymous_12)
FN:148,(anonymous_13)
FN:149,(anonymous_14)
FN:152,(anonymous_15)
FN:153,(anonymous_16)
FN:203,(anonymous_17)
FN:215,(anonymous_18)
FN:223,(anonymous_19)
FNF:20
FNH:0
FNDA:0,(anonymous_0)
FNDA:0,(anonymous_1)
FNDA:0,(anonymous_2)
FNDA:0,(anonymous_3)
FNDA:0,(anonymous_4)
FNDA:0,(anonymous_5)
FNDA:0,(anonymous_6)
FNDA:0,(anonymous_7)
FNDA:0,(anonymous_8)
FNDA:0,(anonymous_9)
FNDA:0,(anonymous_10)
FNDA:0,(anonymous_11)
FNDA:0,(anonymous_12)
FNDA:0,(anonymous_13)
FNDA:0,(anonymous_14)
FNDA:0,(anonymous_15)
FNDA:0,(anonymous_16)
FNDA:0,(anonymous_17)
FNDA:0,(anonymous_18)
FNDA:0,(anonymous_19)
DA:10,0
DA:11,0
DA:12,0
DA:13,0
DA:15,0
DA:16,0
DA:19,0
DA:31,0
DA:41,0
DA:56,0
DA:82,0
DA:87,0
DA:102,0
DA:103,0
DA:104,0
DA:105,0
DA:106,0
DA:107,0
DA:108,0
DA:114,0
DA:115,0
DA:118,0
DA:119,0
DA:120,0
DA:121,0
DA:125,0
DA:126,0
DA:127,0
DA:129,0
DA:131,0
DA:135,0
DA:136,0
DA:137,0
DA:138,0
DA:140,0
DA:144,0
DA:145,0
DA:148,0
DA:149,0
DA:152,0
DA:153,0
DA:156,0
DA:203,0
DA:216,0
DA:223,0
LF:45
LH:0
BRDA:24,0,0,0
BRDA:24,0,1,0
BRDA:169,1,0,0
BRDA:169,1,1,0
BRDA:173,2,0,0
BRDA:173,2,1,0
BRDA:177,3,0,0
BRDA:177,3,1,0
BRDA:181,4,0,0
BRDA:181,4,1,0
BRDA:210,5,0,0
BRDA:210,5,1,0
BRDA:211,6,0,0
BRDA:211,6,1,0
BRF:14
BRH:0
end_of_record
TN:
SF:components\marketplace\[MARKET]CartView.tsx
FN:10,(anonymous_0)
FN:17,(anonymous_1)
FN:18,(anonymous_2)
FN:29,(anonymous_3)
FN:31,(anonymous_4)
FN:41,(anonymous_5)
FN:63,(anonymous_6)
FN:74,(anonymous_7)
FN:81,(anonymous_8)
FN:89,(anonymous_9)
FN:115,(anonymous_10)
FNF:11
FNH:0
FNDA:0,(anonymous_0)
FNDA:0,(anonymous_1)
FNDA:0,(anonymous_2)
FNDA:0,(anonymous_3)
FNDA:0,(anonymous_4)
FNDA:0,(anonymous_5)
FNDA:0,(anonymous_6)
FNDA:0,(anonymous_7)
FNDA:0,(anonymous_8)
FNDA:0,(anonymous_9)
FNDA:0,(anonymous_10)
DA:10,0
DA:11,0
DA:12,0
DA:13,0
DA:14,0
DA:15,0
DA:17,0
DA:18,0
DA:19,0
DA:20,0
DA:21,0
DA:22,0
DA:24,0
DA:29,0
DA:30,0
DA:31,0
DA:32,0
DA:33,0
DA:34,0
DA:37,0
DA:41,0
DA:42,0
DA:43,0
DA:44,0
DA:45,0
DA:46,0
DA:47,0
DA:49,0
DA:51,0
DA:55,0
DA:64,0
DA:74,0
DA:81,0
DA:89,0
DA:115,0
LF:35
LH:0
BRDA:19,0,0,0
BRDA:19,0,1,0
BRDA:32,1,0,0
BRDA:32,1,1,0
BRDA:49,2,0,0
BRDA:49,2,1,0
BRDA:58,3,0,0
BRDA:58,3,1,0
BRDA:60,4,0,0
BRDA:60,4,1,0
BRDA:107,5,0,0
BRDA:107,5,1,0
BRF:12
BRH:0
end_of_record
TN:
SF:components\marketplace\[MARKET]InventoryView.tsx
FN:6,(anonymous_0)
FN:11,(anonymous_1)
FN:15,(anonymous_2)
FN:40,(anonymous_3)
FNF:4
FNH:0
FNDA:0,(anonymous_0)
FNDA:0,(anonymous_1)
FNDA:0,(anonymous_2)
FNDA:0,(anonymous_3)
DA:6,0
DA:7,0
DA:8,0
DA:9,0
DA:11,0
DA:12,0
DA:15,0
DA:16,0
DA:17,0
DA:18,0
DA:19,0
DA:20,0
DA:22,0
DA:24,0
DA:28,0
DA:29,0
DA:32,0
DA:33,0
DA:36,0
DA:41,0
LF:20
LH:0
BRDA:28,0,0,0
BRDA:28,0,1,0
BRDA:32,1,0,0
BRDA:32,1,1,0
BRDA:54,2,0,0
BRDA:54,2,1,0
BRF:6
BRH:0
end_of_record
TN:
SF:components\marketplace\[MARKET]TransactionHistory.tsx
FN:6,(anonymous_0)
FN:11,(anonymous_1)
FN:15,(anonymous_2)
FN:40,(anonymous_3)
FN:49,(anonymous_4)
FNF:5
FNH:0
FNDA:0,(anonymous_0)
FNDA:0,(anonymous_1)
FNDA:0,(anonymous_2)
FNDA:0,(anonymous_3)
FNDA:0,(anonymous_4)
DA:6,0
DA:7,0
DA:8,0
DA:9,0
DA:11,0
DA:12,0
DA:15,0
DA:16,0
DA:17,0
DA:18,0
DA:19,0
DA:20,0
DA:22,0
DA:24,0
DA:28,0
DA:29,0
DA:32,0
DA:33,0
DA:36,0
DA:41,0
DA:50,0
LF:21
LH:0
BRDA:28,0,0,0
BRDA:28,0,1,0
BRDA:32,1,0,0
BRDA:32,1,1,0
BRDA:71,2,0,0
BRDA:71,2,1,0
BRF:6
BRH:0
end_of_record
TN:
SF:components\matches\[GAME]LiveMatch.tsx
FN:12,(anonymous_0)
FN:16,(anonymous_1)
FN:22,(anonymous_2)
FN:29,(anonymous_3)
FNF:4
FNH:0
FNDA:0,(anonymous_0)
FNDA:0,(anonymous_1)
FNDA:0,(anonymous_2)
FNDA:0,(anonymous_3)
DA:12,0
DA:13,0
DA:14,0
DA:16,0
DA:17,0
DA:18,0
DA:19,0
DA:22,0
DA:23,0
DA:24,0
DA:25,0
DA:29,0
DA:30,0
DA:31,0
DA:32,0
DA:33,0
DA:38,0
DA:39,0
DA:47,0
LF:19
LH:0
BRDA:17,0,0,0
BRDA:17,0,1,0
BRDA:17,1,0,0
BRDA:17,1,1,0
BRDA:24,2,0,0
BRDA:24,2,1,0
BRDA:31,3,0,0
BRDA:31,3,1,0
BRDA:38,4,0,0
BRDA:38,4,1,0
BRDA:76,5,0,0
BRDA:76,5,1,0
BRDA:79,6,0,0
BRDA:79,6,1,0
BRF:14
BRH:0
end_of_record
TN:
SF:components\tournaments\TournamentDetail.tsx
FN:54,(anonymous_0)
FN:65,(anonymous_1)
FN:72,(anonymous_2)
FN:85,(anonymous_3)
FN:95,(anonymous_4)
FN:106,(anonymous_5)
FN:118,(anonymous_6)
FN:147,(anonymous_7)
FN:153,(anonymous_8)
FN:159,(anonymous_9)
FN:180,(anonymous_10)
FN:185,(anonymous_11)
FN:284,(anonymous_12)
FN:296,(anonymous_13)
FNF:14
FNH:0
FNDA:0,(anonymous_0)
FNDA:0,(anonymous_1)
FNDA:0,(anonymous_2)
FNDA:0,(anonymous_3)
FNDA:0,(anonymous_4)
FNDA:0,(anonymous_5)
FNDA:0,(anonymous_6)
FNDA:0,(anonymous_7)
FNDA:0,(anonymous_8)
FNDA:0,(anonymous_9)
FNDA:0,(anonymous_10)
FNDA:0,(anonymous_11)
FNDA:0,(anonymous_12)
FNDA:0,(anonymous_13)
DA:46,0
DA:47,0
DA:54,0
DA:55,0
DA:56,0
DA:57,0
DA:58,0
DA:59,0
DA:60,0
DA:61,0
DA:62,0
DA:63,0
DA:65,0
DA:66,0
DA:67,0
DA:68,0
DA:72,0
DA:73,0
DA:74,0
DA:75,0
DA:76,0
DA:78,0
DA:79,0
DA:81,0
DA:85,0
DA:86,0
DA:87,0
DA:88,0
DA:90,0
DA:91,0
DA:95,0
DA:96,0
DA:97,0
DA:98,0
DA:99,0
DA:101,0
DA:102,0
DA:106,0
DA:107,0
DA:108,0
DA:109,0
DA:110,0
DA:111,0
DA:113,0
DA:114,0
DA:118,0
DA:119,0
DA:121,0
DA:122,0
DA:123,0
DA:124,0
DA:125,0
DA:127,0
DA:128,0
DA:132,0
DA:147,0
DA:153,0
DA:160,0
DA:181,0
DA:186,0
DA:187,0
DA:198,0
DA:199,0
DA:202,0
DA:204,0
DA:285,0
DA:296,0
LF:67
LH:0
BRDA:66,0,0,0
BRDA:66,0,1,0
BRDA:119,1,0,0
BRDA:119,1,1,0
BRDA:147,2,0,0
BRDA:147,2,1,0
BRDA:153,3,0,0
BRDA:153,3,1,0
BRDA:162,4,0,0
BRDA:162,4,1,0
BRDA:164,5,0,0
BRDA:164,5,1,0
BRDA:166,6,0,0
BRDA:166,6,1,0
BRDA:168,7,0,0
BRDA:168,7,1,0
BRDA:182,8,0,0
BRDA:182,8,1,0
BRDA:182,8,2,0
BRDA:198,9,0,0
BRDA:198,9,1,0
BRDA:202,10,0,0
BRDA:202,10,1,0
BRDA:213,11,0,0
BRDA:213,11,1,0
BRDA:215,12,0,0
BRDA:215,12,1,0
BRDA:217,13,0,0
BRDA:217,13,1,0
BRDA:219,14,0,0
BRDA:219,14,1,0
BRDA:228,15,0,0
BRDA:228,15,1,0
BRDA:228,15,2,0
BRDA:233,16,0,0
BRDA:233,16,1,0
BRDA:233,16,2,0
BRDA:253,17,0,0
BRDA:253,17,1,0
BRDA:258,18,0,0
BRDA:258,18,1,0
BRDA:265,19,0,0
BRDA:265,19,1,0
BRDA:277,20,0,0
BRDA:277,20,1,0
BRDA:277,21,0,0
BRDA:277,21,1,0
BRDA:307,22,0,0
BRDA:307,22,1,0
BRDA:310,23,0,0
BRDA:310,23,1,0
BRF:51
BRH:0
end_of_record
TN:
SF:components\tournaments\TournamentForm.tsx
FN:17,(anonymous_0)
FN:24,(anonymous_1)
FN:30,(anonymous_2)
FN:51,(anonymous_3)
FN:214,(anonymous_4)
FNF:5
FNH:0
FNDA:0,(anonymous_0)
FNDA:0,(anonymous_1)
FNDA:0,(anonymous_2)
FNDA:0,(anonymous_3)
FNDA:0,(anonymous_4)
DA:9,0
DA:10,0
DA:17,0
DA:18,0
DA:19,0
DA:20,0
DA:21,0
DA:22,0
DA:24,0
DA:25,0
DA:26,0
DA:30,0
DA:31,0
DA:32,0
DA:33,0
DA:34,0
DA:35,0
DA:44,0
DA:45,0
DA:47,0
DA:51,0
DA:52,0
DA:53,0
DA:54,0
DA:63,0
DA:64,0
DA:65,0
DA:67,0
DA:68,0
DA:70,0
DA:72,0
DA:73,0
DA:75,0
DA:79,0
DA:214,0
LF:35
LH:0
BRDA:25,0,0,0
BRDA:25,0,1,0
BRDA:39,1,0,0
BRDA:39,1,1,0
BRDA:58,2,0,0
BRDA:58,2,1,0
BRDA:63,3,0,0
BRDA:63,3,1,0
BRDA:81,4,0,0
BRDA:81,4,1,0
BRDA:212,5,0,0
BRDA:212,5,1,0
BRF:12
BRH:0
end_of_record
TN:
SF:components\tournaments\[TOURN]MatchStats.tsx
FN:30,(anonymous_0)
FN:35,(anonymous_1)
FN:39,(anonymous_2)
FN:60,(anonymous_3)
FN:66,(anonymous_4)
FN:71,(anonymous_5)
FN:80,(anonymous_6)
FN:85,(anonymous_7)
FNF:8
FNH:0
FNDA:0,(anonymous_0)
FNDA:0,(anonymous_1)
FNDA:0,(anonymous_2)
FNDA:0,(anonymous_3)
FNDA:0,(anonymous_4)
FNDA:0,(anonymous_5)
FNDA:0,(anonymous_6)
FNDA:0,(anonymous_7)
DA:30,0
DA:31,0
DA:32,0
DA:33,0
DA:35,0
DA:36,0
DA:39,0
DA:40,0
DA:41,0
DA:42,0
DA:46,0
DA:47,0
DA:49,0
DA:51,0
DA:55,0
DA:60,0
DA:66,0
DA:72,0
DA:73,0
DA:80,0
DA:86,0
DA:97,0
DA:98,0
DA:101,0
LF:24
LH:0
BRDA:72,0,0,0
BRDA:72,0,1,0
BRDA:73,1,0,0
BRDA:73,1,1,0
BRDA:80,2,0,0
BRDA:80,2,1,0
BRDA:88,3,0,0
BRDA:88,3,1,0
BRDA:88,4,0,0
BRDA:88,4,1,0
BRDA:91,5,0,0
BRDA:91,5,1,0
BRDA:91,6,0,0
BRDA:91,6,1,0
BRDA:97,7,0,0
BRDA:97,7,1,0
BRDA:117,8,0,0
BRDA:117,8,1,0
BRDA:160,9,0,0
BRDA:160,9,1,0
BRDA:165,10,0,0
BRDA:165,10,1,0
BRDA:168,11,0,0
BRDA:168,11,1,0
BRDA:171,12,0,0
BRDA:171,12,1,0
BRF:26
BRH:0
end_of_record
TN:
SF:components\tournaments\[TOURN]PrizeManagement.tsx
FN:22,(anonymous_0)
FN:30,(anonymous_1)
FN:36,(anonymous_2)
FN:53,(anonymous_3)
FN:77,(anonymous_4)
FN:89,(anonymous_5)
FN:95,(anonymous_6)
FN:100,(anonymous_7)
FN:109,(anonymous_8)
FN:114,(anonymous_9)
FN:146,(anonymous_10)
FN:165,(anonymous_11)
FN:180,(anonymous_12)
FNF:13
FNH:0
FNDA:0,(anonymous_0)
FNDA:0,(anonymous_1)
FNDA:0,(anonymous_2)
FNDA:0,(anonymous_3)
FNDA:0,(anonymous_4)
FNDA:0,(anonymous_5)
FNDA:0,(anonymous_6)
FNDA:0,(anonymous_7)
FNDA:0,(anonymous_8)
FNDA:0,(anonymous_9)
FNDA:0,(anonymous_10)
FNDA:0,(anonymous_11)
FNDA:0,(anonymous_12)
DA:9,0
DA:22,0
DA:23,0
DA:24,0
DA:25,0
DA:26,0
DA:27,0
DA:28,0
DA:30,0
DA:31,0
DA:32,0
DA:36,0
DA:37,0
DA:38,0
DA:39,0
DA:43,0
DA:44,0
DA:46,0
DA:47,0
DA:49,0
DA:53,0
DA:54,0
DA:56,0
DA:57,0
DA:58,0
DA:59,0
DA:60,0
DA:62,0
DA:63,0
DA:67,0
DA:78,0
DA:89,0
DA:95,0
DA:101,0
DA:110,0
DA:115,0
DA:116,0
DA:125,0
DA:146,0
DA:165,0
DA:181,0
DA:182,0
LF:42
LH:0
BRDA:31,0,0,0
BRDA:31,0,1,0
BRDA:54,1,0,0
BRDA:54,1,1,0
BRDA:79,2,0,0
BRDA:79,2,1,0
BRDA:79,3,0,0
BRDA:79,3,1,0
BRDA:79,4,0,0
BRDA:79,4,1,0
BRDA:101,5,0,0
BRDA:101,5,1,0
BRDA:102,6,0,0
BRDA:102,6,1,0
BRDA:110,7,0,0
BRDA:110,7,1,0
BRDA:187,8,0,0
BRDA:187,8,1,0
BRF:18
BRH:0
end_of_record
TN:
[...]
FN:229,(anonymous_14)
FN:236,(anonymous_15)
FN:246,(anonymous_16)
FN:247,(anonymous_17)
FN:251,(anonymous_18)
FN:252,(anonymous_19)
FN:255,(anonymous_20)
FN:265,(anonymous_21)
FN:271,(anonymous_22)
FN:272,(anonymous_23)
FNF:24
FNH:0
FNDA:0,(anonymous_0)
FNDA:0,(anonymous_1)
FNDA:0,(anonymous_2)
FNDA:0,(anonymous_3)
FNDA:0,(anonymous_4)
FNDA:0,(anonymous_5)
FNDA:0,(anonymous_6)
FNDA:0,(anonymous_7)
FNDA:0,(anonymous_8)
FNDA:0,(anonymous_9)
FNDA:0,(anonymous_10)
FNDA:0,(anonymous_11)
FNDA:0,(anonymous_12)
FNDA:0,(anonymous_13)
FNDA:0,(anonymous_14)
FNDA:0,(anonymous_15)
FNDA:0,(anonymous_16)
FNDA:0,(anonymous_17)
FNDA:0,(anonymous_18)
FNDA:0,(anonymous_19)
FNDA:0,(anonymous_20)
FNDA:0,(anonymous_21)
FNDA:0,(anonymous_22)
FNDA:0,(anonymous_23)
DA:38,0
DA:71,0
DA:72,0
DA:78,0
DA:79,0
DA:80,0
DA:81,0
DA:85,0
DA:86,0
DA:88,0
DA:92,0
DA:96,0
DA:97,0
DA:99,0
DA:100,0
DA:104,0
DA:110,0
DA:111,0
DA:114,0
DA:115,0
DA:116,0
DA:123,0
DA:124,0
DA:125,0
DA:126,0
DA:129,0
DA:133,0
DA:135,0
DA:136,0
DA:142,0
DA:143,0
DA:153,0
DA:158,0
DA:161,0
DA:162,0
DA:163,0
DA:165,0
DA:170,0
DA:186,0
DA:187,0
DA:189,0
DA:190,0
DA:195,0
DA:196,0
DA:200,0
DA:210,0
DA:217,0
DA:223,0
DA:227,0
DA:228,0
DA:230,0
DA:233,0
DA:245,0
DA:246,0
DA:247,0
DA:250,0
DA:251,0
DA:252,0
DA:255,0
DA:261,0
DA:262,0
DA:263,0
DA:265,0
DA:266,0
DA:267,0
DA:270,0
DA:271,0
DA:272,0
DA:274,0
LF:69
LH:0
BRDA:70,0,0,0
BRDA:85,1,0,0
BRDA:85,1,1,0
BRDA:92,2,0,0
BRDA:92,2,1,0
BRDA:97,3,0,0
BRDA:97,3,1,0
BRDA:99,4,0,0
BRDA:99,4,1,0
BRDA:101,5,0,0
BRDA:101,5,1,0
BRDA:110,6,0,0
BRDA:110,6,1,0
BRDA:114,7,0,0
BRDA:114,7,1,0
BRDA:116,8,0,0
BRDA:116,8,1,0
BRDA:125,9,0,0
BRDA:125,9,1,0
BRDA:133,10,0,0
BRDA:133,10,1,0
BRDA:135,11,0,0
BRDA:135,11,1,0
BRDA:142,12,0,0
BRDA:142,12,1,0
BRDA:152,13,0,0
BRDA:172,14,0,0
BRDA:172,14,1,0
BRDA:173,15,0,0
BRDA:173,15,1,0
BRDA:184,16,0,0
BRDA:189,17,0,0
BRDA:189,17,1,0
BRDA:226,18,0,0
BRDA:230,19,0,0
BRDA:230,19,1,0
BRDA:230,19,2,0
BRDA:267,20,0,0
BRDA:267,20,1,0
BRF:39
BRH:0
end_of_record
TN:
SF:utils\[GAME]gameMetricsMonitor.ts
FN:9,(anonymous_0)
FN:15,(anonymous_1)
FN:27,(anonymous_2)
FN:28,(anonymous_3)
FN:34,(anonymous_4)
FN:37,(anonymous_5)
FN:42,(anonymous_6)
FN:47,(anonymous_7)
FN:51,(anonymous_8)
FNF:9
FNH:0
FNDA:0,(anonymous_0)
FNDA:0,(anonymous_1)
FNDA:0,(anonymous_2)
FNDA:0,(anonymous_3)
FNDA:0,(anonymous_4)
FNDA:0,(anonymous_5)
FNDA:0,(anonymous_6)
FNDA:0,(anonymous_7)
FNDA:0,(anonymous_8)
DA:2,0
DA:3,0
DA:10,0
DA:11,0
DA:12,0
DA:16,0
DA:23,0
DA:24,0
DA:28,0
DA:29,0
DA:30,0
DA:35,0
DA:36,0
DA:37,0
DA:39,0
DA:44,0
DA:48,0
DA:52,0
LF:18
LH:0
BRDA:29,0,0,0
BRDA:29,0,1,0
BRDA:36,1,0,0
BRDA:36,1,1,0
BRF:4
BRH:0
end_of_record
TN:
SF:utils\[LOG]auditLogger.ts
FN:38,(anonymous_0)
FN:44,(anonymous_1)
FN:51,(anonymous_2)
FN:52,(anonymous_3)
FN:57,(anonymous_4)
FN:68,(anonymous_5)
FN:72,(anonymous_6)
FN:95,(anonymous_7)
FN:123,(anonymous_8)
FN:138,(anonymous_9)
FN:158,(anonymous_10)
FN:166,(anonymous_11)
FN:174,(anonymous_12)
FN:182,(anonymous_13)
FNF:14
FNH:0
FNDA:0,(anonymous_0)
FNDA:0,(anonymous_1)
FNDA:0,(anonymous_2)
FNDA:0,(anonymous_3)
FNDA:0,(anonymous_4)
FNDA:0,(anonymous_5)
FNDA:0,(anonymous_6)
FNDA:0,(anonymous_7)
FNDA:0,(anonymous_8)
FNDA:0,(anonymous_9)
FNDA:0,(anonymous_10)
FNDA:0,(anonymous_11)
FNDA:0,(anonymous_12)
FNDA:0,(anonymous_13)
DA:24,0
DA:34,0
DA:35,0
DA:39,0
DA:40,0
DA:41,0
DA:45,0
DA:46,0
DA:48,0
DA:52,0
DA:53,0
DA:58,0
DA:59,0
DA:69,0
DA:80,0
DA:82,0
DA:96,0
DA:98,0
DA:99,0
DA:101,0
DA:102,0
DA:111,0
DA:113,0
DA:114,0
DA:117,0
DA:119,0
DA:129,0
DA:131,0
DA:133,0
DA:134,0
DA:145,0
DA:154,0
DA:155,0
DA:163,0
DA:171,0
DA:179,0
DA:194,0
DA:196,0
DA:197,0
DA:199,0
DA:200,0
DA:202,0
DA:203,0
DA:205,0
DA:206,0
DA:208,0
DA:209,0
DA:211,0
DA:212,0
DA:214,0
DA:215,0
DA:217,0
DA:218,0
DA:221,0
DA:227,0
DA:228,0
DA:231,0
LF:57
LH:0
BRDA:38,0,0,0
BRDA:45,1,0,0
BRDA:45,1,1,0
BRDA:59,2,0,0
BRDA:59,2,1,0
BRDA:77,3,0,0
BRDA:96,4,0,0
BRDA:96,4,1,0
BRDA:106,5,0,0
BRDA:106,5,1,0
BRDA:111,6,0,0
BRDA:111,6,1,0
BRDA:127,7,0,0
BRDA:133,8,0,0
BRDA:133,8,1,0
BRDA:143,9,0,0
BRDA:161,10,0,0
BRDA:169,11,0,0
BRDA:177,12,0,0
BRDA:183,13,0,0
BRDA:196,14,0,0
BRDA:196,14,1,0
BRDA:199,15,0,0
BRDA:199,15,1,0
BRDA:202,16,0,0
BRDA:202,16,1,0
BRDA:205,17,0,0
BRDA:205,17,1,0
BRDA:208,18,0,0
BRDA:208,18,1,0
BRDA:211,19,0,0
BRDA:211,19,1,0
BRDA:214,20,0,0
BRDA:214,20,1,0
BRDA:217,21,0,0
BRDA:217,21,1,0
BRDA:223,22,0,0
BRDA:223,22,1,0
BRDA:227,23,0,0
BRDA:227,23,1,0
BRF:40
BRH:0
end_of_record
TN:
SF:utils\[MON]monitoring.ts
FN:95,(anonymous_0)
FN:99,(anonymous_1)
FN:106,(anonymous_2)
FN:116,(anonymous_3)
FN:130,(anonymous_4)
FN:145,(anonymous_5)
FN:152,(anonymous_6)
FN:166,(anonymous_7)
FN:180,(anonymous_8)
FN:181,(anonymous_9)
FN:190,(anonymous_10)
FN:193,(anonymous_11)
FN:196,(anonymous_12)
FN:204,(anonymous_13)
FN:206,(anonymous_14)
FN:207,(anonymous_15)
FN:211,(anonymous_16)
FN:215,(anonymous_17)
FN:227,(anonymous_18)
FN:229,(anonymous_19)
FN:245,(anonymous_20)
FN:256,(anonymous_21)
FN:260,(anonymous_22)
FN:265,(anonymous_23)
FN:269,(anonymous_24)
FN:270,(anonymous_25)
FN:273,(anonymous_26)
FN:296,(anonymous_27)
FN:300,(anonymous_28)
FN:315,(anonymous_29)
FN:319,(anonymous_30)
FN:326,(anonymous_31)
FN:353,(anonymous_32)
FN:357,(anonymous_33)
FN:367,(anonymous_34)
FN:372,(anonymous_35)
FN:373,(anonymous_36)
FN:384,(anonymous_37)
FN:388,(anonymous_38)
FN:395,(anonymous_39)
FN:407,(anonymous_40)
FN:411,(anonymous_41)
FN:421,(anonymous_42)
FN:425,(anonymous_43)
FN:432,(anonymous_44)
FN:449,(anonymous_45)
FN:450,(anonymous_46)
FNF:47
FNH:0
FNDA:0,(anonymous_0)
FNDA:0,(anonymous_1)
FNDA:0,(anonymous_2)
FNDA:0,(anonymous_3)
FNDA:0,(anonymous_4)
FNDA:0,(anonymous_5)
FNDA:0,(anonymous_6)
FNDA:0,(anonymous_7)
FNDA:0,(anonymous_8)
FNDA:0,(anonymous_9)
FNDA:0,(anonymous_10)
FNDA:0,(anonymous_11)
FNDA:0,(anonymous_12)
FNDA:0,(anonymous_13)
FNDA:0,(anonymous_14)
FNDA:0,(anonymous_15)
FNDA:0,(anonymous_16)
FNDA:0,(anonymous_17)
FNDA:0,(anonymous_18)
FNDA:0,(anonymous_19)
FNDA:0,(anonymous_20)
FNDA:0,(anonymous_21)
FNDA:0,(anonymous_22)
FNDA:0,(anonymous_23)
FNDA:0,(anonymous_24)
FNDA:0,(anonymous_25)
FNDA:0,(anonymous_26)
FNDA:0,(anonymous_27)
FNDA:0,(anonymous_28)
FNDA:0,(anonymous_29)
FNDA:0,(anonymous_30)
FNDA:0,(anonymous_31)
FNDA:0,(anonymous_32)
FNDA:0,(anonymous_33)
FNDA:0,(anonymous_34)
FNDA:0,(anonymous_35)
FNDA:0,(anonymous_36)
FNDA:0,(anonymous_37)
FNDA:0,(anonymous_38)
FNDA:0,(anonymous_39)
FNDA:0,(anonymous_40)
FNDA:0,(anonymous_41)
FNDA:0,(anonymous_42)
FNDA:0,(anonymous_43)
FNDA:0,(anonymous_44)
FNDA:0,(anonymous_45)
FNDA:0,(anonymous_46)
DA:69,0
DA:70,0
DA:71,0
DA:72,0
DA:73,0
DA:74,0
DA:75,0
DA:76,0
DA:81,0
DA:96,0
DA:100,0
DA:101,0
DA:103,0
DA:107,0
DA:108,0
DA:109,0
DA:110,0
DA:112,0
DA:113,0
DA:117,0
DA:118,0
DA:119,0
DA:120,0
DA:121,0
DA:122,0
DA:124,0
DA:125,0
DA:126,0
DA:131,0
DA:132,0
DA:133,0
DA:134,0
DA:135,0
DA:136,0
DA:138,0
DA:139,0
DA:140,0
DA:142,0
DA:146,0
DA:147,0
DA:148,0
DA:149,0
DA:153,0
DA:158,0
DA:159,0
DA:160,0
DA:161,0
DA:162,0
DA:167,0
DA:175,0
DA:176,0
DA:177,0
DA:181,0
DA:182,0
DA:183,0
DA:184,0
DA:185,0
DA:191,0
DA:192,0
DA:193,0
DA:195,0
DA:196,0
DA:198,0
DA:199,0
DA:201,0
DA:205,0
DA:206,0
DA:207,0
DA:212,0
DA:216,0
DA:217,0
DA:224,0
DA:228,0
DA:229,0
DA:230,0
DA:231,0
DA:234,0
DA:235,0
DA:236,0
DA:237,0
DA:238,0
DA:242,0
DA:246,0
DA:247,0
DA:248,0
DA:250,0
DA:257,0
DA:262,0
DA:266,0
DA:270,0
DA:274,0
DA:275,0
DA:276,0
DA:277,0
DA:278,0
DA:279,0
DA:280,0
DA:281,0
DA:297,0
DA:301,0
DA:307,0
DA:308,0
DA:320,0
DA:321,0
DA:323,0
DA:327,0
DA:329,0
DA:330,0
DA:333,0
DA:334,0
DA:337,0
DA:338,0
DA:344,0
DA:345,0
DA:346,0
DA:350,0
DA:354,0
DA:358,0
DA:359,0
DA:368,0
DA:369,0
DA:372,0
DA:373,0
DA:374,0
DA:381,0
DA:382,0
DA:389,0
DA:390,0
DA:392,0
DA:396,0
DA:402,0
DA:403,0
DA:408,0
DA:412,0
DA:418,0
DA:419,0
DA:426,0
DA:427,0
DA:429,0
DA:433,0
DA:435,0
DA:436,0
DA:437,0
DA:439,0
DA:440,0
DA:442,0
DA:446,0
DA:450,0
LF:148
LH:0
BRDA:100,0,0,0
BRDA:100,0,1,0
BRDA:108,1,0,0
BRDA:108,1,1,0
BRDA:118,2,0,0
BRDA:118,2,1,0
BRDA:120,3,0,0
BRDA:120,3,1,0
BRDA:134,4,0,0
BRDA:134,4,1,0
BRDA:147,5,0,0
BRDA:147,5,1,0
BRDA:159,6,0,0
BRDA:159,6,1,0
BRDA:161,7,0,0
BRDA:161,7,1,0
BRDA:182,8,0,0
BRDA:182,8,1,0
BRDA:184,9,0,0
BRDA:184,9,1,0
BRDA:192,10,0,0
BRDA:192,10,1,0
BRDA:195,11,0,0
BRDA:195,11,1,0
BRDA:198,12,0,0
BRDA:198,12,1,0
BRDA:231,13,0,0
BRDA:231,13,1,0
BRDA:237,14,0,0
BRDA:237,14,1,0
BRDA:237,15,0,0
BRDA:237,15,1,0
BRDA:262,16,0,0
BRDA:262,16,1,0
BRDA:320,17,0,0
BRDA:320,17,1,0
BRDA:327,18,0,0
BRDA:329,19,0,0
BRDA:329,19,1,0
BRDA:340,20,0,0
BRDA:340,20,1,0
BRDA:345,21,0,0
BRDA:345,21,1,0
BRDA:389,22,0,0
BRDA:389,22,1,0
BRDA:395,23,0,0
BRDA:402,24,0,0
BRDA:402,24,1,0
BRDA:426,25,0,0
BRDA:426,25,1,0
BRDA:432,26,0,0
BRDA:440,27,0,0
BRDA:440,27,1,0
BRDA:446,28,0,0
BRDA:446,28,1,0
BRF:55
BRH:0
end_of_record
TN:
SF:utils\[TEST]experimentTracker.ts
FN:13,(anonymous_0)
FN:15,(anonymous_1)
FN:22,(anonymous_2)
FN:26,(anonymous_3)
FN:57,(anonymous_4)
FN:93,useExperiment
FN:97,(anonymous_6)
FN:103,(anonymous_7)
FNF:8
FNH:0
FNDA:0,(anonymous_0)
FNDA:0,(anonymous_1)
FNDA:0,(anonymous_2)
FNDA:0,(anonymous_3)
FNDA:0,(anonymous_4)
FNDA:0,useExperiment
FNDA:0,(anonymous_6)
FNDA:0,(anonymous_7)
DA:10,0
DA:11,0
DA:16,0
DA:17,0
DA:19,0
DA:23,0
DA:28,0
DA:29,0
DA:30,0
DA:33,0
DA:34,0
DA:35,0
DA:38,0
DA:44,0
DA:45,0
DA:48,0
DA:49,0
DA:50,0
DA:52,0
DA:53,0
DA:62,0
DA:63,0
DA:64,0
DA:67,0
DA:69,0
DA:83,0
DA:84,0
DA:87,0
DA:94,0
DA:95,0
DA:97,0
DA:98,0
DA:99,0
DA:100,0
DA:103,0
DA:104,0
DA:105,0
DA:106,0
DA:109,0
LF:39
LH:0
BRDA:16,0,0,0
BRDA:16,0,1,0
BRDA:29,1,0,0
BRDA:29,1,1,0
BRDA:34,2,0,0
BRDA:34,2,1,0
BRDA:44,3,0,0
BRDA:44,3,1,0
BRDA:60,4,0,0
BRDA:63,5,0,0
BRDA:63,5,1,0
BRDA:78,6,0,0
BRDA:78,6,1,0
BRDA:83,7,0,0
BRDA:83,7,1,0
BRF:15
BRH:0
end_of_record
TN:
SF:utils\[UTIL]dataCompression.ts
FN:34,(anonymous_0)
FN:38,(anonymous_1)
FN:45,(anonymous_2)
FN:47,(anonymous_3)
FN:51,(anonymous_4)
FN:63,(anonymous_5)
FN:73,(anonymous_6)
FN:88,(anonymous_7)
FN:91,(anonymous_8)
FN:108,(anonymous_9)
FN:110,(anonymous_10)
FN:114,(anonymous_11)
FN:129,(anonymous_12)
FN:134,(anonymous_13)
FN:161,(anonymous_14)
FN:171,(anonymous_15)
FN:174,(anonymous_16)
FN:190,(anonymous_17)
FN:214,(anonymous_18)
FN:221,(anonymous_19)
FN:225,(anonymous_20)
FNF:21
FNH:0
FNDA:0,(anonymous_0)
FNDA:0,(anonymous_1)
FNDA:0,(anonymous_2)
FNDA:0,(anonymous_3)
FNDA:0,(anonymous_4)
FNDA:0,(anonymous_5)
FNDA:0,(anonymous_6)
FNDA:0,(anonymous_7)
FNDA:0,(anonymous_8)
FNDA:0,(anonymous_9)
FNDA:0,(anonymous_10)
FNDA:0,(anonymous_11)
FNDA:0,(anonymous_12)
FNDA:0,(anonymous_13)
FNDA:0,(anonymous_14)
FNDA:0,(anonymous_15)
FNDA:0,(anonymous_16)
FNDA:0,(anonymous_17)
FNDA:0,(anonymous_18)
FNDA:0,(anonymous_19)
FNDA:0,(anonymous_20)
DA:24,0
DA:35,0
DA:39,0
DA:40,0
DA:42,0
DA:46,0
DA:47,0
DA:52,0
DA:56,0
DA:64,0
DA:65,0
DA:66,0
DA:69,0
DA:70,0
DA:77,0
DA:78,0
DA:81,0
DA:82,0
DA:83,0
DA:87,0
DA:88,0
DA:91,0
DA:93,0
DA:102,0
DA:110,0
DA:113,0
DA:114,0
DA:118,0
DA:121,0
DA:122,0
DA:123,0
DA:126,0
DA:130,0
DA:131,0
DA:138,0
DA:139,0
DA:142,0
DA:143,0
DA:148,0
DA:150,0
DA:152,0
DA:154,0
DA:155,0
DA:157,0
DA:162,0
DA:163,0
DA:164,0
DA:167,0
DA:168,0
DA:173,0
DA:174,0
DA:176,0
DA:177,0
DA:178,0
DA:180,0
DA:181,0
DA:182,0
DA:185,0
DA:191,0
DA:193,0
DA:194,0
DA:195,0
DA:197,0
DA:198,0
DA:199,0
DA:200,0
DA:207,0
DA:211,0
DA:219,0
DA:220,0
DA:221,0
DA:224,0
DA:225,0
DA:229,0
LF:74
LH:0
BRDA:34,0,0,0
BRDA:39,1,0,0
BRDA:39,1,1,0
BRDA:65,2,0,0
BRDA:65,2,1,0
BRDA:97,3,0,0
BRDA:97,3,1,0
BRDA:122,4,0,0
BRDA:122,4,1,0
BRDA:152,5,0,0
BRDA:152,5,1,0
BRDA:152,6,0,0
BRDA:152,6,1,0
BRDA:163,7,0,0
BRDA:163,7,1,0
BRDA:195,8,0,0
BRDA:195,8,1,0
BRDA:198,9,0,0
BRDA:198,9,1,0
BRDA:199,10,0,0
BRDA:199,10,1,0
BRF:21
BRH:0
end_of_record
TN:
SF:utils\[UTIL]dataCompressor.ts
FN:18,(anonymous_0)
FN:20,(anonymous_1)
FN:27,(anonymous_2)
FN:32,(anonymous_3)
FN:37,(anonymous_4)
FN:42,(anonymous_5)
FN:49,(anonymous_6)
FN:50,(anonymous_7)
FN:56,(anonymous_8)
FN:62,(anonymous_9)
FN:77,(anonymous_10)
FN:79,(anonymous_11)
FNF:12
FNH:0
FNDA:0,(anonymous_0)
FNDA:0,(anonymous_1)
FNDA:0,(anonymous_2)
FNDA:0,(anonymous_3)
FNDA:0,(anonymous_4)
FNDA:0,(anonymous_5)
FNDA:0,(anonymous_6)
FNDA:0,(anonymous_7)
FNDA:0,(anonymous_8)
FNDA:0,(anonymous_9)
FNDA:0,(anonymous_10)
FNDA:0,(anonymous_11)
DA:16,0
DA:21,0
DA:22,0
DA:24,0
DA:28,0
DA:29,0
DA:33,0
DA:34,0
DA:38,0
DA:39,0
DA:43,0
DA:44,0
DA:45,0
DA:46,0
DA:50,0
DA:57,0
DA:58,0
DA:59,0
DA:60,0
DA:62,0
DA:63,0
DA:64,0
DA:65,0
DA:66,0
DA:70,0
DA:78,0
DA:79,0
DA:80,0
LF:28
LH:0
BRDA:21,0,0,0
BRDA:21,0,1,0
BRDA:44,1,0,0
BRDA:44,1,1,0
BRDA:65,2,0,0
BRDA:65,2,1,0
BRDA:73,3,0,0
BRDA:73,3,1,0
BRF:8
BRH:0
end_of_record
TN:
SF:utils\[UTIL]format_detection.ts
FN:9,supportsAVIF
FN:15,(anonymous_1)
FN:15,(anonymous_2)
FN:25,supportsWebP
FN:31,(anonymous_4)
FN:31,(anonymous_5)
FN:41,getBestSupportedFormat
FN:56,getOptimalImageUrl
FN:68,createPictureElement
FN:97,createResponsivePictureElement
FN:108,(anonymous_10)
FN:110,(anonymous_11)
FNF:12
FNH:0
FNDA:0,supportsAVIF
FNDA:0,(anonymous_1)
FNDA:0,(anonymous_2)
FNDA:0,supportsWebP
FNDA:0,(anonymous_4)
FNDA:0,(anonymous_5)
FNDA:0,getBestSupportedFormat
FNDA:0,getOptimalImageUrl
FNDA:0,createPictureElement
FNDA:0,createResponsivePictureElement
FNDA:0,(anonymous_10)
FNDA:0,(anonymous_11)
DA:10,0
DA:12,0
DA:13,0
DA:14,0
DA:15,0
DA:17,0
DA:26,0
DA:28,0
DA:29,0
DA:30,0
DA:31,0
DA:33,0
DA:42,0
DA:43,0
DA:45,0
DA:46,0
DA:48,0
DA:57,0
DA:58,0
DA:69,0
DA:108,0
DA:109,0
DA:111,0
DA:117,0
DA:122,0
LF:25
LH:0
BRDA:42,0,0,0
BRDA:42,0,1,0
BRDA:45,1,0,0
BRDA:45,1,1,0
BRDA:82,2,0,0
BRDA:82,2,1,0
BRDA:136,3,0,0
BRDA:136,3,1,0
BRDA:136,3,2,0
BRDA:139,4,0,0
BRDA:139,4,1,0
BRF:11
BRH:0
end_of_record
TN:
SF:utils\[UTIL]location.ts
FN:10,watchLocation
FN:19,(anonymous_1)
FN:31,(anonymous_2)
FN:34,getCurrentLocation
FN:35,(anonymous_4)
FN:42,(anonymous_5)
FN:56,calculateDistance
FNF:7
FNH:0
FNDA:0,watchLocation
FNDA:0,(anonymous_1)
FNDA:0,(anonymous_2)
FNDA:0,getCurrentLocation
FNDA:0,(anonymous_4)
FNDA:0,(anonymous_5)
FNDA:0,calculateDistance
DA:14,0
DA:15,0
DA:18,0
DA:20,0
DA:31,0
DA:35,0
DA:36,0
DA:37,0
DA:38,0
DA:41,0
DA:43,0
DA:57,0
DA:58,0
DA:59,0
DA:60,0
DA:61,0
DA:64,0
DA:66,0
DA:68,0
LF:19
LH:0
BRDA:14,0,0,0
BRDA:14,0,1,0
BRDA:36,1,0,0
BRDA:36,1,1,0
BRF:4
BRH:0
end_of_record
TN:
SF:utils\[UTIL]rateLimiter.ts
FN:31,(anonymous_0)
FN:35,(anonymous_1)
FN:42,(anonymous_2)
FN:43,(anonymous_3)
FN:55,(anonymous_4)
FN:72,(anonymous_5)
FN:77,(anonymous_6)
FN:107,(anonymous_7)
FN:117,(anonymous_8)
FN:124,(anonymous_9)
FN:132,(anonymous_10)
FN:142,(anonymous_11)
FN:169,(anonymous_12)
FNF:13
FNH:0
FNDA:0,(anonymous_0)
FNDA:0,(anonymous_1)
FNDA:0,(anonymous_2)
FNDA:0,(anonymous_3)
FNDA:0,(anonymous_4)
FNDA:0,(anonymous_5)
FNDA:0,(anonymous_6)
FNDA:0,(anonymous_7)
FNDA:0,(anonymous_8)
FNDA:0,(anonymous_9)
FNDA:0,(anonymous_10)
FNDA:0,(anonymous_11)
FNDA:0,(anonymous_12)
DA:18,0
DA:26,0
DA:27,0
DA:28,0
DA:29,0
DA:32,0
DA:36,0
DA:37,0
DA:39,0
DA:43,0
DA:44,0
DA:45,0
DA:46,0
DA:47,0
DA:48,0
DA:49,0
DA:56,0
DA:57,0
DA:59,0
DA:61,0
DA:62,0
DA:63,0
DA:65,0
DA:66,0
DA:67,0
DA:68,0
DA:73,0
DA:74,0
DA:78,0
DA:80,0
DA:81,0
DA:87,0
DA:88,0
DA:90,0
DA:91,0
DA:92,0
DA:98,0
DA:100,0
DA:108,0
DA:110,0
DA:111,0
DA:112,0
DA:113,0
DA:116,0
DA:117,0
DA:121,0
DA:125,0
DA:126,0
DA:133,0
DA:134,0
DA:135,0
DA:138,0
DA:139,0
DA:147,0
DA:148,0
DA:150,0
DA:151,0
DA:158,0
DA:159,0
DA:160,0
DA:162,0
DA:170,0
DA:171,0
DA:172,0
DA:174,0
DA:175,0
LF:66
LH:0
BRDA:36,0,0,0
BRDA:36,0,1,0
BRDA:46,1,0,0
BRDA:46,1,1,0
BRDA:47,2,0,0
BRDA:47,2,1,0
BRDA:57,3,0,0
BRDA:57,3,1,0
BRDA:59,4,0,0
BRDA:59,4,1,0
BRDA:65,5,0,0
BRDA:65,5,1,0
BRDA:73,6,0,0
BRDA:73,6,1,0
BRDA:77,7,0,0
BRDA:78,8,0,0
BRDA:78,8,1,0
BRDA:80,9,0,0
BRDA:80,9,1,0
BRDA:90,10,0,0
BRDA:90,10,1,0
BRDA:107,11,0,0
BRDA:107,12,0,0
BRDA:112,13,0,0
BRDA:112,13,1,0
BRDA:116,14,0,0
BRDA:116,14,1,0
BRDA:125,15,0,0
BRDA:125,15,1,0
BRDA:133,16,0,0
BRDA:133,16,1,0
BRDA:134,17,0,0
BRDA:134,17,1,0
BRDA:147,18,0,0
BRDA:147,18,1,0
BRDA:150,19,0,0
BRDA:150,19,1,0
BRDA:170,20,0,0
BRDA:170,20,1,0
BRF:39
BRH:0
end_of_record
TN:
SF:utils\[UTIL]retryMechanism.ts
FN:32,(anonymous_0)
FN:36,(anonymous_1)
FN:39,(anonymous_2)
FN:47,(anonymous_3)
FN:52,(anonymous_4)
FN:53,(anonymous_5)
FN:56,(anonymous_6)
FN:88,(anonymous_7)
FN:92,(anonymous_8)
FN:93,(anonymous_9)
FN:98,(anonymous_10)
FN:105,(anonymous_11)
FNF:12
FNH:0
FNDA:0,(anonymous_0)
FNDA:0,(anonymous_1)
FNDA:0,(anonymous_2)
FNDA:0,(anonymous_3)
FNDA:0,(anonymous_4)
FNDA:0,(anonymous_5)
FNDA:0,(anonymous_6)
FNDA:0,(anonymous_7)
FNDA:0,(anonymous_8)
FNDA:0,(anonymous_9)
FNDA:0,(anonymous_10)
FNDA:0,(anonymous_11)
DA:15,0
DA:33,0
DA:37,0
DA:39,0
DA:40,0
DA:41,0
DA:43,0
DA:48,0
DA:49,0
DA:53,0
DA:57,0
DA:58,0
DA:60,0
DA:61,0
DA:62,0
DA:64,0
DA:65,0
DA:71,0
DA:72,0
DA:76,0
DA:77,0
DA:81,0
DA:82,0
DA:92,0
DA:93,0
DA:103,0
DA:105,0
DA:106,0
DA:108,0
DA:109,0
DA:112,0
LF:31
LH:0
BRDA:32,0,0,0
BRDA:37,1,0,0
BRDA:37,1,1,0
BRDA:40,2,0,0
BRDA:40,2,1,0
BRDA:41,3,0,0
BRDA:41,3,1,0
BRDA:43,4,0,0
BRDA:43,4,1,0
BRDA:71,5,0,0
BRDA:71,5,1,0
BRDA:71,6,0,0
BRDA:71,6,1,0
BRDA:76,7,0,0
BRDA:76,7,1,0
BRDA:108,8,0,0
BRDA:108,8,1,0
BRF:17
BRH:0
end_of_record
TN:
SF:utils\[UTIL]throttle.ts
FN:6,throttle
FN:15,(anonymous_1)
FN:26,throttled
FN:45,(anonymous_3)
FN:51,throttleLocationUpdates
FN:60,(anonymous_5)
FN:88,calculateDistance
FNF:7
FNH:0
FNDA:0,throttle
FNDA:0,(anonymous_1)
FNDA:0,throttled
FNDA:0,(anonymous_3)
FNDA:0,throttleLocationUpdates
FNDA:0,(anonymous_5)
FNDA:0,calculateDistance
DA:11,0
DA:12,0
DA:13,0
DA:15,0
DA:16,0
DA:17,0
DA:18,0
DA:19,0
DA:20,0
DA:21,0
DA:22,0
DA:26,0
DA:27,0
DA:28,0
DA:29,0
DA:32,0
DA:34,0
DA:35,0
DA:36,0
DA:37,0
DA:39,0
DA:40,0
DA:43,0
DA:44,0
DA:45,0
DA:56,0
DA:57,0
DA:59,0
DA:61,0
DA:64,0
DA:65,0
DA:66,0
DA:67,0
DA:68,0
DA:72,0
DA:73,0
DA:76,0
DA:77,0
DA:78,0
DA:79,0
DA:92,0
DA:93,0
DA:94,0
DA:95,0
DA:96,0
DA:99,0
DA:101,0
DA:103,0
LF:48
LH:0
BRDA:9,0,0,0
BRDA:16,1,0,0
BRDA:16,1,1,0
BRDA:19,2,0,0
BRDA:19,2,1,0
BRDA:28,3,0,0
BRDA:28,3,1,0
BRDA:28,4,0,0
BRDA:28,4,1,0
BRDA:34,5,0,0
BRDA:34,5,1,0
BRDA:34,6,0,0
BRDA:34,6,1,0
BRDA:35,7,0,0
BRDA:35,7,1,0
BRDA:43,8,0,0
BRDA:43,8,1,0
BRDA:43,9,0,0
BRDA:43,9,1,0
BRDA:53,10,0,0
BRDA:54,11,0,0
BRDA:64,12,0,0
BRDA:64,12,1,0
BRDA:76,13,0,0
BRDA:76,13,1,0
BRDA:76,14,0,0
BRDA:76,14,1,0
BRF:27
BRH:0
end_of_record
TN:
SF:utils\[VAL]validation.ts
FN:30,(anonymous_0)
FN:34,(anonymous_1)
FN:38,(anonymous_2)
FN:42,(anonymous_3)
FN:65,(anonymous_4)
FN:87,(anonymous_5)
FN:137,(anonymous_6)
FN:153,(anonymous_7)
FNF:8
FNH:0
FNDA:0,(anonymous_0)
FNDA:0,(anonymous_1)
FNDA:0,(anonymous_2)
FNDA:0,(anonymous_3)
FNDA:0,(anonymous_4)
FNDA:0,(anonymous_5)
FNDA:0,(anonymous_6)
FNDA:0,(anonymous_7)
DA:24,0
DA:25,0
DA:26,0
DA:27,0
DA:28,0
DA:31,0
DA:35,0
DA:39,0
DA:43,0
DA:44,0
DA:46,0
DA:48,0
DA:49,0
DA:50,0
DA:51,0
DA:62,0
DA:71,0
DA:72,0
DA:74,0
DA:76,0
DA:77,0
DA:84,0
DA:91,0
DA:93,0
DA:94,0
DA:100,0
DA:101,0
DA:105,0
DA:106,0
DA:107,0
DA:109,0
DA:111,0
DA:112,0
DA:119,0
DA:120,0
DA:127,0
DA:128,0
DA:134,0
DA:138,0
DA:139,0
DA:140,0
DA:141,0
DA:142,0
DA:145,0
DA:148,0
DA:150,0
DA:154,0
LF:47
LH:0
BRDA:46,0,0,0
BRDA:46,0,1,0
BRDA:48,1,0,0
BRDA:48,1,1,0
BRDA:48,2,0,0
BRDA:48,2,1,0
BRDA:49,3,0,0
BRDA:49,3,1,0
BRDA:54,4,0,0
BRDA:54,4,1,0
BRDA:74,5,0,0
BRDA:74,5,1,0
BRDA:89,6,0,0
BRDA:91,7,0,0
BRDA:91,7,1,0
BRDA:94,8,0,0
BRDA:94,8,1,0
BRDA:100,9,0,0
BRDA:100,9,1,0
BRDA:111,10,0,0
BRDA:111,10,1,0
BRDA:111,11,0,0
BRDA:111,11,1,0
BRDA:119,12,0,0
BRDA:119,12,1,0
BRDA:127,13,0,0
BRDA:127,13,1,0
BRF:27
BRH:0
end_of_record
TN:
SF:utils\pdfExport.ts
FN:4,(anonymous_0)
FNF:1
FNH:0
FNDA:0,(anonymous_0)
DA:4,0
DA:5,0
DA:6,0
DA:7,0
DA:8,0
DA:12,0
DA:18,0
DA:24,0
DA:25,0
DA:26,0
DA:29,0
DA:32,0
DA:34,0
DA:35,0
LF:14
LH:0
BRDA:4,0,0,0
BRDA:7,1,0,0
BRDA:7,1,1,0
BRF:3
BRH:0
end_of_record
TN:
SF:utils\validation.ts
FN:6,(anonymous_0)
FN:22,(anonymous_1)
FN:47,(anonymous_2)
FNF:3
FNH:3
FNDA:7,(anonymous_0)
FNDA:7,(anonymous_1)
FNDA:7,(anonymous_2)
DA:6,1
DA:7,7
DA:8,7
DA:22,1
DA:23,7
DA:24,7
DA:25,7
DA:26,7
DA:27,7
DA:29,7
DA:47,1
DA:48,7
DA:49,7
LF:13
LH:13
BRDA:30,0,0,7
BRDA:30,0,1,5
BRDA:30,0,2,3
BRDA:30,0,3,2
BRDA:30,0,4,2
BRF:5
BRH:5
end_of_record
