TN:
SF:services\api\src\cache\cache.helper.ts
FN:22,CacheHelper
FN:22,<instance_members_initializer>
FN:27,writeThrough
FN:62,readWithCache
FN:99,invalidatePatterns
FN:120,batchGet
FN:153,batchSet
FN:172,generateKey
FN:181,generateApiKey
FN:197,generateUserKey
FN:213,generateVenueKey
FN:229,healthCheck
FN:241,getStats
FNF:13
FNH:13
FNDA:14,CacheHelper
FNDA:14,<instance_members_initializer>
FNDA:2,writeThrough
FNDA:2,readWithCache
FNDA:2,invalidatePatterns
FNDA:1,batchGet
FNDA:1,batchSet
FNDA:3,generateKey
FNDA:2,generateApiKey
FNDA:2,generateUserKey
FNDA:2,generateVenueKey
FNDA:2,healthCheck
FNDA:1,getStats
DA:1,1
DA:18,1
DA:19,1
DA:20,1
DA:22,1
DA:27,1
DA:28,2
DA:29,2
DA:31,2
DA:33,2
DA:36,2
DA:37,2
DA:38,2
DA:39,2
DA:42,2
DA:43,1
DA:44,1
DA:46,2
DA:47,2
DA:48,2
DA:49,2
DA:50,2
DA:51,0
DA:52,0
DA:53,0
DA:54,0
DA:55,0
DA:56,0
DA:57,2
DA:62,1
DA:63,2
DA:64,2
DA:65,2
DA:66,2
DA:67,2
DA:69,2
DA:71,2
DA:72,2
DA:73,1
DA:74,1
DA:75,1
DA:78,1
DA:79,1
DA:82,2
DA:83,1
DA:84,1
DA:86,1
DA:87,2
DA:88,0
DA:89,0
DA:90,0
DA:91,0
DA:92,0
DA:93,0
DA:94,2
DA:99,1
DA:100,2
DA:101,2
DA:102,5
DA:103,2
DA:105,2
DA:106,2
DA:108,2
DA:109,2
DA:110,2
DA:111,2
DA:112,0
DA:113,0
DA:114,0
DA:115,2
DA:120,1
DA:121,1
DA:122,1
DA:123,1
DA:124,1
DA:126,1
DA:127,1
DA:128,3
DA:129,3
DA:130,1
DA:132,1
DA:134,1
DA:135,3
DA:136,2
DA:137,2
DA:138,1
DA:140,1
DA:141,1
DA:142,1
DA:143,1
DA:144,1
DA:145,0
DA:146,0
DA:147,0
DA:148,1
DA:153,1
DA:154,1
DA:155,1
DA:156,1
DA:157,1
DA:158,2
DA:159,1
DA:161,1
DA:162,1
DA:163,1
DA:164,0
DA:165,0
DA:166,0
DA:167,1
DA:172,1
DA:173,3
DA:174,3
DA:175,3
DA:176,3
DA:181,1
DA:182,2
DA:183,2
DA:184,2
DA:185,2
DA:186,2
DA:187,2
DA:188,1
DA:189,1
DA:190,1
DA:191,1
DA:192,2
DA:197,1
DA:198,2
DA:199,2
DA:200,2
DA:201,2
DA:202,2
DA:203,2
DA:204,1
DA:205,1
DA:206,1
DA:207,1
DA:208,2
DA:213,1
DA:214,2
DA:215,2
DA:216,2
DA:217,2
DA:218,2
DA:219,2
DA:220,1
DA:221,1
DA:222,1
DA:223,1
DA:224,2
DA:229,1
DA:230,2
DA:231,2
DA:232,2
DA:233,0
DA:234,0
DA:235,0
DA:236,2
DA:241,1
DA:242,1
DA:243,1
DA:244,1
DA:245,0
DA:246,0
DA:247,0
DA:248,1
DA:249,1
LF:167
LH:140
BRDA:22,0,0,14
BRDA:22,1,0,14
BRDA:27,2,0,2
BRDA:42,3,0,1
BRDA:50,4,0,0
BRDA:62,5,0,2
BRDA:72,6,0,1
BRDA:82,7,0,1
BRDA:87,8,0,0
BRDA:99,9,0,2
BRDA:111,10,0,0
BRDA:101,11,0,5
BRDA:106,12,0,5
BRDA:120,13,0,1
BRDA:144,14,0,0
BRDA:127,15,0,3
BRDA:134,16,0,3
BRDA:135,17,0,2
BRDA:153,18,0,1
BRDA:163,19,0,0
BRDA:157,20,0,2
BRDA:172,21,0,3
BRDA:174,22,0,6
BRDA:181,23,0,2
BRDA:187,24,0,1
BRDA:197,25,0,2
BRDA:203,26,0,1
BRDA:213,27,0,2
BRDA:219,28,0,1
BRDA:229,29,0,2
BRDA:232,30,0,0
BRDA:241,31,0,1
BRDA:244,32,0,0
BRF:33
BRH:26
end_of_record
TN:
SF:services\api\src\cache\cache.service.ts
FN:28,CacheService
FN:30,onModuleInit
FN:85,onModuleDestroy
FN:92,generateKey
FN:96,get
FN:130,set
FN:163,delete
FN:178,deleteByPattern
FN:198,exists
FN:213,clear
FN:227,ping
FN:242,getStats
FNF:12
FNH:0
FNDA:0,CacheService
FNDA:0,onModuleInit
FNDA:0,onModuleDestroy
FNDA:0,generateKey
FNDA:0,get
FNDA:0,set
FNDA:0,delete
FNDA:0,deleteByPattern
FNDA:0,exists
FNDA:0,clear
FNDA:0,ping
FNDA:0,getStats
DA:1,1
DA:8,1
DA:21,1
DA:22,1
DA:23,1
DA:24,1
DA:25,1
DA:26,1
DA:28,1
DA:30,1
DA:31,0
DA:32,0
DA:35,0
DA:36,0
DA:37,0
DA:38,0
DA:40,0
DA:41,0
DA:42,0
DA:43,0
DA:44,0
DA:46,0
DA:47,0
DA:48,0
DA:50,0
DA:51,0
DA:52,0
DA:53,0
DA:54,0
DA:55,0
DA:56,0
DA:57,0
DA:58,0
DA:59,0
DA:60,0
DA:61,0
DA:62,0
DA:64,0
DA:65,0
DA:66,0
DA:68,0
DA:69,0
DA:70,0
DA:73,0
DA:74,0
DA:75,0
DA:76,0
DA:78,0
DA:79,0
DA:80,0
DA:81,0
DA:82,0
DA:83,0
DA:85,1
DA:86,0
DA:87,0
DA:88,0
DA:89,0
DA:90,0
DA:92,1
DA:93,0
DA:94,0
DA:96,1
DA:97,0
DA:99,0
DA:100,0
DA:101,0
DA:102,0
DA:103,0
DA:104,0
DA:105,0
DA:107,0
DA:108,0
DA:109,0
DA:111,0
DA:112,0
DA:113,0
DA:115,0
DA:118,0
DA:119,0
DA:120,0
DA:121,0
DA:123,0
DA:124,0
DA:125,0
DA:126,0
DA:127,0
DA:128,0
DA:130,1
DA:131,0
DA:132,0
DA:133,0
DA:134,0
DA:135,0
DA:137,0
DA:138,0
DA:139,0
DA:140,0
DA:141,0
DA:142,0
DA:143,0
DA:145,0
DA:146,0
DA:147,0
DA:149,0
DA:150,0
DA:151,0
DA:152,0
DA:153,0
DA:155,0
DA:156,0
DA:157,0
DA:158,0
DA:159,0
DA:160,0
DA:161,0
DA:163,1
DA:164,0
DA:165,0
DA:166,0
DA:168,0
DA:169,0
DA:170,0
DA:171,0
DA:172,0
DA:173,0
DA:174,0
DA:175,0
DA:176,0
DA:178,1
DA:179,0
DA:180,0
DA:181,0
DA:183,0
DA:184,0
DA:185,0
DA:186,0
DA:187,0
DA:189,0
DA:190,0
DA:191,0
DA:192,0
DA:193,0
DA:194,0
DA:195,0
DA:196,0
DA:198,1
DA:199,0
DA:200,0
DA:201,0
DA:203,0
DA:204,0
DA:205,0
DA:206,0
DA:207,0
DA:208,0
DA:209,0
DA:210,0
DA:211,0
DA:213,1
DA:214,0
DA:215,0
DA:216,0
DA:218,0
DA:219,0
DA:220,0
DA:221,0
DA:222,0
DA:223,0
DA:224,0
DA:227,1
DA:228,0
DA:229,0
DA:230,0
DA:232,0
DA:233,0
DA:234,0
DA:235,0
DA:236,0
DA:237,0
DA:238,0
DA:239,0
DA:242,1
DA:246,0
DA:247,0
DA:248,0
DA:249,0
DA:251,0
DA:252,0
DA:253,0
DA:254,0
DA:255,0
DA:257,0
DA:258,0
DA:259,0
DA:260,0
DA:261,0
DA:262,0
DA:263,0
DA:264,0
DA:265,0
DA:266,0
DA:267,1
LF:203
LH:21
BRF:0
BRH:0
end_of_record
