TN:
SF:src\services\avatar\AvatarProgressionService.ts
FN:103,<instance_members_initializer>
FN:105,AvatarProgressionService
FN:109,initializeDefaultFeatures
FN:165,getUserAvatarProgression
FN:193,addStoryAchievement
FN:217,updateVenueMastery
FN:248,calculateMasteryLevel
FN:257,unlockVenueMasteryRewards
FN:290,checkAchievementUnlocks
FN:321,evaluateUnlockCondition
FN:338,addTemporaryEffect
FN:354,getVisualProgression
FN:359,updateCurrentOutfit
FN:368,addAccessory
FN:379,removeAccessory
FN:388,onStoryEvent
FN:402,generateAchievementTitle
FN:417,generateAchievementDescription
FN:432,mapEventTypeToAchievementType
FN:447,generateVisualReward
FN:478,startStoryArc
FN:483,advanceStoryArc
FN:499,triggerEvolution
FN:511,grantPoolGodBlessing
FNF:24
FNH:24
FNDA:26,<instance_members_initializer>
FNDA:26,AvatarProgressionService
FNDA:26,initializeDefaultFeatures
FNDA:194,getUserAvatarProgression
FNDA:8,addStoryAchievement
FNDA:113,updateVenueMastery
FNDA:113,calculateMasteryLevel
FNDA:10,unlockVenueMasteryRewards
FNDA:8,checkAchievementUnlocks
FNDA:31,evaluateUnlockCondition
FNDA:18,addTemporaryEffect
FNDA:4,getVisualProgression
FNDA:1,updateCurrentOutfit
FNDA:1,addAccessory
FNDA:1,removeAccessory
FNDA:4,onStoryEvent
FNDA:4,generateAchievementTitle
FNDA:4,generateAchievementDescription
FNDA:4,mapEventTypeToAchievementType
FNDA:4,generateVisualReward
FNDA:3,startStoryArc
FNDA:2,advanceStoryArc
FNDA:1,triggerEvolution
FNDA:3,grantPoolGodBlessing
DA:102,1
DA:103,1
DA:105,26
DA:106,26
DA:107,26
DA:109,26
DA:111,26
DA:112,26
DA:113,26
DA:114,26
DA:115,26
DA:116,26
DA:117,26
DA:118,26
DA:119,26
DA:120,26
DA:121,26
DA:122,26
DA:123,26
DA:124,26
DA:125,26
DA:126,26
DA:127,26
DA:128,26
DA:129,26
DA:130,26
DA:131,26
DA:132,26
DA:133,26
DA:134,26
DA:135,26
DA:136,26
DA:137,26
DA:138,26
DA:139,26
DA:140,26
DA:141,26
DA:142,26
DA:143,26
DA:144,26
DA:145,26
DA:146,26
DA:147,26
DA:148,26
DA:149,26
DA:150,26
DA:151,26
DA:152,26
DA:153,26
DA:154,26
DA:155,26
DA:156,26
DA:157,26
DA:160,26
DA:161,26
DA:163,26
DA:165,1
DA:166,194
DA:168,24
DA:169,24
DA:170,24
DA:171,24
DA:172,24
DA:173,24
DA:174,24
DA:175,24
DA:176,24
DA:177,24
DA:178,24
DA:179,24
DA:180,24
DA:181,24
DA:182,24
DA:183,24
DA:184,24
DA:185,24
DA:186,24
DA:187,24
DA:188,24
DA:189,24
DA:190,194
DA:191,194
DA:193,1
DA:194,8
DA:195,8
DA:196,8
DA:197,8
DA:198,8
DA:200,8
DA:203,8
DA:206,8
DA:207,8
DA:208,8
DA:209,8
DA:210,8
DA:211,8
DA:212,8
DA:213,8
DA:214,8
DA:215,8
DA:217,1
DA:218,113
DA:220,113
DA:221,113
DA:222,6
DA:223,6
DA:224,6
DA:225,6
DA:226,6
DA:227,6
DA:228,6
DA:229,6
DA:230,6
DA:231,6
DA:232,6
DA:233,6
DA:235,113
DA:236,113
DA:237,81
DA:238,81
DA:241,113
DA:242,113
DA:243,10
DA:244,10
DA:245,10
DA:246,113
DA:248,1
DA:249,113
DA:250,113
DA:251,113
DA:252,113
DA:253,113
DA:254,39
DA:255,113
DA:257,1
DA:258,10
DA:261,10
DA:262,10
DA:263,10
DA:264,10
DA:265,10
DA:266,10
DA:267,10
DA:268,10
DA:269,10
DA:270,10
DA:272,10
DA:273,10
DA:276,10
DA:279,10
DA:280,10
DA:281,10
DA:282,10
DA:283,10
DA:284,10
DA:285,10
DA:286,10
DA:287,10
DA:288,10
DA:290,1
DA:291,8
DA:294,8
DA:295,40
DA:296,5
DA:297,5
DA:298,5
DA:300,5
DA:303,5
DA:304,5
DA:305,4
DA:306,4
DA:307,5
DA:308,0
DA:309,0
DA:310,5
DA:311,0
DA:312,0
DA:313,5
DA:314,1
DA:315,1
DA:316,5
DA:317,5
DA:318,8
DA:319,8
DA:321,1
DA:323,31
DA:324,4
DA:325,4
DA:326,31
DA:327,0
DA:328,0
DA:329,31
DA:330,1
DA:331,1
DA:332,31
DA:333,0
DA:334,0
DA:335,26
DA:336,31
DA:338,1
DA:339,18
DA:340,18
DA:343,18
DA:344,18
DA:345,0
DA:346,0
DA:347,0
DA:348,0
DA:349,0
DA:350,18
DA:351,18
DA:352,18
DA:354,1
DA:355,4
DA:356,4
DA:357,4
DA:359,1
DA:360,1
DA:361,1
DA:363,1
DA:364,1
DA:365,1
DA:366,1
DA:368,1
DA:369,1
DA:370,1
DA:372,1
DA:373,1
DA:374,1
DA:375,1
DA:376,1
DA:377,1
DA:379,1
DA:380,1
DA:381,1
DA:382,1
DA:383,1
DA:384,1
DA:385,1
DA:388,1
DA:390,4
DA:391,4
DA:392,4
DA:393,4
DA:394,4
DA:395,4
DA:396,4
DA:397,4
DA:399,4
DA:400,4
DA:402,1
DA:403,4
DA:404,4
DA:405,1
DA:406,4
DA:407,0
DA:408,4
DA:409,1
DA:410,4
DA:411,1
DA:412,4
DA:413,1
DA:414,4
DA:415,4
DA:417,1
DA:418,4
DA:419,4
DA:420,1
DA:421,4
DA:422,0
DA:423,4
DA:424,1
DA:425,4
DA:426,1
DA:427,4
DA:428,1
DA:429,4
DA:430,4
DA:432,1
DA:433,4
DA:434,4
DA:435,1
DA:436,4
DA:437,1
DA:438,4
DA:439,4
DA:440,4
DA:441,1
DA:442,4
DA:443,1
DA:444,4
DA:445,4
DA:447,1
DA:449,4
DA:450,4
DA:451,1
DA:452,1
DA:453,1
DA:454,1
DA:455,1
DA:456,1
DA:457,1
DA:458,1
DA:459,1
DA:460,1
DA:461,4
DA:462,0
DA:463,0
DA:464,0
DA:465,0
DA:466,0
DA:467,0
DA:468,0
DA:469,0
DA:470,0
DA:471,0
DA:472,4
DA:473,3
DA:474,4
DA:475,4
DA:478,1
DA:479,3
DA:480,3
DA:481,3
DA:483,1
DA:484,2
DA:485,2
DA:486,1
DA:487,1
DA:488,1
DA:489,1
DA:490,1
DA:491,0
DA:492,0
DA:494,0
DA:495,0
DA:496,1
DA:497,2
DA:499,1
DA:500,1
DA:502,1
DA:503,0
DA:504,1
DA:505,0
DA:506,1
DA:507,1
DA:508,1
DA:509,1
DA:511,1
DA:512,3
DA:513,3
DA:514,3
DA:515,3
DA:516,3
DA:517,3
DA:518,3
DA:519,3
DA:520,3
DA:521,3
DA:522,3
DA:523,3
DA:524,1
DA:526,1
LF:363
LH:332
BRDA:103,0,0,26
BRDA:105,1,0,26
BRDA:109,2,0,26
BRDA:165,3,0,194
BRDA:166,4,0,24
BRDA:193,5,0,8
BRDA:217,6,0,113
BRDA:221,7,0,6
BRDA:236,8,0,81
BRDA:242,9,0,10
BRDA:220,10,0,107
BRDA:248,11,0,113
BRDA:250,12,0,1
BRDA:250,13,0,1
BRDA:250,14,0,112
BRDA:251,15,0,21
BRDA:251,16,0,21
BRDA:251,17,0,91
BRDA:252,18,0,21
BRDA:252,19,0,21
BRDA:252,20,0,70
BRDA:253,21,0,31
BRDA:253,22,0,31
BRDA:253,23,0,39
BRDA:257,24,0,10
BRDA:265,25,0,3
BRDA:265,26,0,7
BRDA:290,27,0,8
BRDA:294,28,0,40
BRDA:295,29,0,31
BRDA:295,30,0,5
BRDA:304,31,0,4
BRDA:307,32,0,0
BRDA:310,33,0,0
BRDA:313,34,0,1
BRDA:321,35,0,31
BRDA:323,36,0,7
BRDA:323,37,0,4
BRDA:325,38,0,27
BRDA:326,39,0,0
BRDA:326,40,0,0
BRDA:328,41,0,27
BRDA:329,42,0,8
BRDA:329,43,0,1
BRDA:331,44,0,26
BRDA:332,45,0,8
BRDA:332,46,0,0
BRDA:334,47,0,26
BRDA:338,48,0,18
BRDA:354,49,0,4
BRDA:359,50,0,1
BRDA:361,51,0,2
BRDA:361,52,0,1
BRDA:368,53,0,1
BRDA:370,54,0,2
BRDA:370,55,0,1
BRDA:379,56,0,1
BRDA:388,57,0,4
BRDA:402,58,0,4
BRDA:404,59,0,1
BRDA:406,60,0,0
BRDA:408,61,0,1
BRDA:410,62,0,1
BRDA:412,63,0,1
BRDA:417,64,0,4
BRDA:419,65,0,1
BRDA:421,66,0,0
BRDA:423,67,0,1
BRDA:425,68,0,1
BRDA:427,69,0,1
BRDA:432,70,0,4
BRDA:434,71,0,1
BRDA:436,72,0,1
BRDA:438,73,0,1
BRDA:439,74,0,1
BRDA:440,75,0,1
BRDA:442,76,0,1
BRDA:447,77,0,4
BRDA:450,78,0,1
BRDA:461,79,0,0
BRDA:472,80,0,3
BRDA:478,81,0,3
BRDA:483,82,0,2
BRDA:485,83,0,1
BRDA:485,84,0,1
BRDA:490,85,0,0
BRDA:499,86,0,1
BRDA:502,87,0,0
BRDA:504,88,0,0
BRDA:511,89,0,3
BRDA:521,90,0,2
BRF:91
BRH:80
end_of_record
TN:
SF:src\services\economy\DojoCoinEconomyService.ts
FN:50,<static_initializer>
FN:51,<instance_members_initializer>
FN:57,DojoCoinEconomyService
FN:62,getInstance
FN:72,initializeCategories
FN:147,getUserProfile
FN:154,createDefaultProfile
FN:178,earnCoins
FN:259,spendCoins
FN:327,transferCoins
FN:415,getUserBalance
FN:427,getUserTransactions
FN:437,getTransactionStats
FN:477,checkRankUpgrade
FN:513,calculateRankProgress
FN:535,getNextRank
FN:544,checkLimits
FN:589,updateEarningsTracking
FN:617,getWeekStart
FN:627,storeTransaction
FN:640,generateTransactionId
FN:647,getTransactionCategories
FN:654,getLeaderboard
FN:663,getEarningsLeaderboard
FNF:24
FNH:24
FNDA:1,<static_initializer>
FNDA:33,<instance_members_initializer>
FNDA:33,DojoCoinEconomyService
FNDA:35,getInstance
FNDA:33,initializeCategories
FNDA:101,getUserProfile
FNDA:32,createDefaultProfile
FNDA:85,earnCoins
FNDA:7,spendCoins
FNDA:3,transferCoins
FNDA:10,getUserBalance
FNDA:2,getUserTransactions
FNDA:5,getTransactionStats
FNDA:81,checkRankUpgrade
FNDA:7,calculateRankProgress
FNDA:7,getNextRank
FNDA:83,checkLimits
FNDA:81,updateEarningsTracking
FNDA:164,getWeekStart
FNDA:89,storeTransaction
FNDA:89,generateTransactionId
FNDA:1,getTransactionCategories
FNDA:1,getLeaderboard
FNDA:2,getEarningsLeaderboard
DA:1,1
DA:49,1
DA:50,1
DA:51,1
DA:52,33
DA:53,33
DA:54,33
DA:55,33
DA:57,1
DA:58,33
DA:59,33
DA:60,33
DA:62,1
DA:63,35
DA:64,33
DA:65,33
DA:66,35
DA:67,35
DA:72,1
DA:73,33
DA:74,33
DA:75,33
DA:76,33
DA:77,33
DA:78,33
DA:79,33
DA:80,33
DA:81,33
DA:82,33
DA:83,33
DA:84,33
DA:85,33
DA:86,33
DA:87,33
DA:88,33
DA:89,33
DA:90,33
DA:91,33
DA:92,33
DA:93,33
DA:94,33
DA:95,33
DA:96,33
DA:97,33
DA:98,33
DA:99,33
DA:100,33
DA:101,33
DA:102,33
DA:103,33
DA:104,33
DA:105,33
DA:106,33
DA:107,33
DA:108,33
DA:109,33
DA:110,33
DA:111,33
DA:112,33
DA:113,33
DA:114,33
DA:115,33
DA:116,33
DA:117,33
DA:118,33
DA:119,33
DA:120,33
DA:121,33
DA:122,33
DA:123,33
DA:124,33
DA:125,33
DA:126,33
DA:127,33
DA:128,33
DA:129,33
DA:130,33
DA:131,33
DA:132,33
DA:133,33
DA:134,33
DA:135,33
DA:136,33
DA:137,33
DA:139,33
DA:140,330
DA:141,33
DA:142,33
DA:147,1
DA:148,101
DA:149,101
DA:154,1
DA:155,32
DA:156,32
DA:157,32
DA:158,32
DA:159,32
DA:160,32
DA:161,32
DA:162,32
DA:163,32
DA:164,32
DA:165,32
DA:166,32
DA:167,32
DA:168,32
DA:169,32
DA:171,32
DA:172,32
DA:173,32
DA:178,1
DA:179,85
DA:180,85
DA:181,85
DA:182,85
DA:183,85
DA:184,85
DA:186,85
DA:187,0
DA:188,0
DA:190,85
DA:191,1
DA:192,1
DA:194,84
DA:195,85
DA:196,1
DA:197,1
DA:200,85
DA:201,2
DA:202,2
DA:204,81
DA:205,81
DA:208,81
DA:209,81
DA:210,81
DA:211,81
DA:212,81
DA:213,81
DA:214,81
DA:215,81
DA:216,81
DA:217,81
DA:218,81
DA:219,81
DA:222,81
DA:223,81
DA:224,81
DA:225,81
DA:226,81
DA:229,81
DA:232,81
DA:235,81
DA:236,85
DA:237,7
DA:238,7
DA:239,7
DA:240,7
DA:241,7
DA:242,7
DA:243,7
DA:246,81
DA:247,81
DA:248,81
DA:249,81
DA:250,81
DA:251,81
DA:253,81
DA:254,85
DA:259,1
DA:260,7
DA:261,7
DA:262,7
DA:263,7
DA:264,7
DA:265,7
DA:267,7
DA:268,0
DA:269,0
DA:271,7
DA:272,0
DA:273,0
DA:275,7
DA:276,7
DA:277,0
DA:278,0
DA:280,7
DA:283,7
DA:284,1
DA:285,1
DA:287,6
DA:290,6
DA:291,6
DA:292,6
DA:293,6
DA:294,6
DA:295,6
DA:296,6
DA:297,6
DA:298,6
DA:299,6
DA:300,6
DA:301,6
DA:304,6
DA:305,6
DA:306,6
DA:307,6
DA:308,6
DA:311,6
DA:314,6
DA:315,6
DA:316,6
DA:317,6
DA:318,6
DA:319,6
DA:321,6
DA:322,7
DA:327,1
DA:328,3
DA:329,3
DA:330,3
DA:331,3
DA:332,3
DA:333,3
DA:335,3
DA:336,0
DA:337,0
DA:339,3
DA:340,1
DA:341,1
DA:343,3
DA:344,0
DA:345,0
DA:347,2
DA:348,2
DA:351,3
DA:352,1
DA:353,1
DA:356,1
DA:357,1
DA:358,1
DA:359,1
DA:360,1
DA:361,1
DA:362,1
DA:363,1
DA:364,1
DA:365,1
DA:366,1
DA:367,1
DA:369,1
DA:370,1
DA:371,1
DA:372,1
DA:373,1
DA:374,1
DA:375,1
DA:376,1
DA:377,1
DA:378,1
DA:379,1
DA:380,1
DA:383,1
DA:384,1
DA:385,1
DA:386,1
DA:387,1
DA:389,1
DA:390,1
DA:391,1
DA:392,1
DA:393,1
DA:396,1
DA:397,1
DA:400,1
DA:401,1
DA:402,1
DA:403,1
DA:404,1
DA:405,1
DA:406,1
DA:407,1
DA:409,1
DA:410,3
DA:415,1
DA:416,10
DA:417,1
DA:418,1
DA:420,9
DA:421,9
DA:422,10
DA:427,1
DA:428,2
DA:429,2
DA:430,2
DA:431,2
DA:432,2
DA:437,1
DA:443,5
DA:444,5
DA:445,5
DA:446,5
DA:447,5
DA:448,5
DA:449,5
DA:450,5
DA:451,5
DA:452,5
DA:453,4
DA:454,1
DA:457,5
DA:458,5
DA:459,5
DA:460,5
DA:461,5
DA:462,5
DA:463,5
DA:465,5
DA:466,5
DA:467,5
DA:468,5
DA:469,5
DA:470,5
DA:471,5
DA:472,5
DA:477,1
DA:478,81
DA:479,81
DA:482,81
DA:483,81
DA:484,81
DA:485,81
DA:486,81
DA:487,81
DA:488,81
DA:491,81
DA:492,1
DA:493,81
DA:494,0
DA:495,80
DA:496,26
DA:497,80
DA:498,24
DA:499,24
DA:501,81
DA:502,7
DA:503,7
DA:504,7
DA:505,7
DA:507,74
DA:508,81
DA:513,1
DA:514,7
DA:515,7
DA:516,7
DA:517,7
DA:518,7
DA:519,7
DA:520,7
DA:522,7
DA:523,7
DA:524,7
DA:526,7
DA:528,6
DA:529,6
DA:530,7
DA:535,1
DA:536,7
DA:537,7
DA:538,7
DA:539,7
DA:544,1
DA:545,83
DA:546,83
DA:548,83
DA:549,83
DA:552,83
DA:553,30
DA:554,30
DA:555,19
DA:556,19
DA:557,30
DA:558,30
DA:559,30
DA:560,30
DA:561,1
DA:562,1
DA:563,29
DA:564,29
DA:565,30
DA:568,83
DA:569,52
DA:570,52
DA:571,2
DA:572,2
DA:573,52
DA:574,52
DA:575,52
DA:576,52
DA:577,1
DA:578,1
DA:579,51
DA:580,51
DA:581,52
DA:583,81
DA:584,83
DA:589,1
DA:590,81
DA:591,81
DA:592,81
DA:595,81
DA:596,0
DA:597,0
DA:600,81
DA:601,0
DA:602,0
DA:605,81
DA:606,81
DA:607,81
DA:609,81
DA:610,81
DA:611,81
DA:612,81
DA:617,1
DA:618,164
DA:619,164
DA:620,164
DA:621,164
DA:622,164
DA:627,1
DA:628,89
DA:629,26
DA:630,26
DA:631,89
DA:632,89
DA:633,89
DA:634,89
DA:635,89
DA:640,1
DA:641,89
DA:642,89
DA:647,1
DA:648,1
DA:649,1
DA:654,1
DA:655,1
DA:656,1
DA:657,1
DA:658,1
DA:663,1
DA:664,2
DA:665,2
DA:666,2
DA:667,2
DA:668,1
DA:671,1
LF:455
LH:438
BRDA:50,0,0,1
BRDA:51,1,0,33
BRDA:57,2,0,33
BRDA:62,3,0,35
BRDA:63,4,0,33
BRDA:72,5,0,33
BRDA:139,6,0,330
BRDA:147,7,0,101
BRDA:148,8,0,32
BRDA:154,9,0,32
BRDA:178,10,0,85
BRDA:186,11,0,0
BRDA:190,12,0,1
BRDA:192,13,0,84
BRDA:195,14,0,1
BRDA:197,15,0,83
BRDA:200,16,0,2
BRDA:202,17,0,81
BRDA:236,18,0,7
BRDA:243,19,0,81
BRDA:259,20,0,7
BRDA:267,21,0,0
BRDA:271,22,0,0
BRDA:276,23,0,0
BRDA:283,24,0,1
BRDA:285,25,0,6
BRDA:327,26,0,3
BRDA:335,27,0,0
BRDA:339,28,0,1
BRDA:341,29,0,2
BRDA:343,30,0,0
BRDA:345,31,0,2
BRDA:351,32,0,1
BRDA:415,33,0,10
BRDA:416,34,0,1
BRDA:418,35,0,9
BRDA:427,36,0,2
BRDA:428,37,0,0
BRDA:430,38,0,3
BRDA:437,39,0,5
BRDA:444,40,0,1
BRDA:452,41,0,4
BRDA:453,42,0,1
BRDA:463,43,0,4
BRDA:463,44,0,1
BRDA:447,45,0,5
BRDA:448,46,0,3
BRDA:450,47,0,5
BRDA:451,48,0,2
BRDA:458,49,0,5
BRDA:463,50,0,1
BRDA:477,51,0,81
BRDA:491,52,0,1
BRDA:493,53,0,80
BRDA:493,54,0,0
BRDA:495,55,0,26
BRDA:497,56,0,54
BRDA:497,57,0,24
BRDA:501,58,0,7
BRDA:505,59,0,74
BRDA:513,60,0,7
BRDA:526,61,0,1
BRDA:526,62,0,6
BRDA:535,63,0,7
BRDA:544,64,0,83
BRDA:546,65,0,0
BRDA:552,66,0,30
BRDA:554,67,0,19
BRDA:559,68,0,19
BRDA:560,69,0,1
BRDA:562,70,0,29
BRDA:565,71,0,82
BRDA:568,72,0,52
BRDA:570,73,0,2
BRDA:575,74,0,2
BRDA:576,75,0,1
BRDA:578,76,0,51
BRDA:581,77,0,81
BRDA:589,78,0,81
BRDA:595,79,0,0
BRDA:600,80,0,0
BRDA:617,81,0,164
BRDA:620,82,0,0
BRDA:627,83,0,89
BRDA:628,84,0,26
BRDA:640,85,0,89
BRDA:647,86,0,1
BRDA:654,87,0,1
BRDA:656,88,0,3
BRDA:663,89,0,2
BRDA:665,90,0,3
BRF:91
BRH:79
end_of_record
