TN:
SF:src/services/avatar/AvatarProgressionService.ts
FN:102,<instance_members_initializer>
FN:105,AvatarProgressionService
FN:109,initializeDefaultFeatures
FN:165,getUserAvatarProgression
FN:193,addStoryAchievement
FN:217,updateVenueMastery
FN:248,calculateMasteryLevel
FN:257,unlockVenueMasteryRewards
FN:290,checkAchievementUnlocks
FN:321,evaluateUnlockCondition
FN:338,addTemporaryEffect
FN:354,getVisualProgression
FN:359,updateCurrentOutfit
FN:368,addAccessory
FN:379,removeAccessory
FN:388,onStoryEvent
FN:402,generateAchievementTitle
FN:417,generateAchievementDescription
FN:432,mapEventTypeToAchievementType
FN:447,generateVisualReward
FN:478,startStoryArc
FN:483,advanceStoryArc
FN:499,triggerEvolution
FN:511,grantPoolGodBlessing
FNF:24
FNH:24
FNDA:26,<instance_members_initializer>
FNDA:26,AvatarProgressionService
FNDA:26,initializeDefaultFeatures
FNDA:194,getUserAvatarProgression
FNDA:8,addStoryAchievement
FNDA:113,updateVenueMastery
FNDA:113,calculateMasteryLevel
FNDA:10,unlockVenueMasteryRewards
FNDA:8,checkAchievementUnlocks
FNDA:31,evaluateUnlockCondition
FNDA:18,addTemporaryEffect
FNDA:4,getVisualProgression
FNDA:1,updateCurrentOutfit
FNDA:1,addAccessory
FNDA:1,removeAccessory
FNDA:4,onStoryEvent
FNDA:4,generateAchievementTitle
FNDA:4,generateAchievementDescription
FNDA:4,mapEventTypeToAchievementType
FNDA:4,generateVisualReward
FNDA:3,startStoryArc
FNDA:2,advanceStoryArc
FNDA:1,triggerEvolution
FNDA:3,grantPoolGodBlessing
DA:102,1
DA:103,26
DA:105,26
DA:106,26
DA:107,26
DA:109,26
DA:111,26
DA:112,26
DA:113,26
DA:114,26
DA:115,26
DA:116,26
DA:117,26
DA:118,26
DA:119,26
DA:120,26
DA:121,26
DA:122,26
DA:123,26
DA:124,26
DA:125,26
DA:126,26
DA:127,26
DA:128,26
DA:129,26
DA:130,26
DA:131,26
DA:132,26
DA:133,26
DA:134,26
DA:135,26
DA:136,26
DA:137,26
DA:138,26
DA:139,26
DA:140,26
DA:141,26
DA:142,26
DA:143,26
DA:144,26
DA:145,26
DA:146,26
DA:147,26
DA:148,26
DA:149,26
DA:150,26
DA:151,26
DA:152,26
DA:153,26
DA:154,26
DA:155,26
DA:156,26
DA:157,26
DA:160,26
DA:161,26
DA:163,26
DA:165,26
DA:166,194
DA:168,24
DA:169,24
DA:170,24
DA:171,24
DA:172,24
DA:173,24
DA:174,24
DA:175,24
DA:176,24
DA:177,24
DA:178,24
DA:179,24
DA:180,24
DA:181,24
DA:182,24
DA:183,24
DA:184,24
DA:185,24
DA:186,24
DA:187,24
DA:188,24
DA:189,24
DA:190,194
DA:191,194
DA:193,26
DA:194,8
DA:195,8
DA:196,8
DA:197,8
DA:198,8
DA:200,8
DA:203,8
DA:206,8
DA:207,8
DA:208,8
DA:209,8
DA:210,8
DA:211,8
DA:212,8
DA:213,8
DA:214,8
DA:215,8
DA:217,26
DA:218,113
DA:220,113
DA:221,113
DA:222,6
DA:223,6
DA:224,6
DA:225,6
DA:226,6
DA:227,6
DA:228,6
DA:229,6
DA:230,6
DA:231,6
DA:232,6
DA:233,6
DA:235,113
DA:236,113
DA:237,81
DA:238,81
DA:241,113
DA:242,113
DA:243,10
DA:244,10
DA:245,10
DA:246,113
DA:248,26
DA:249,113
DA:250,113
DA:251,113
DA:252,113
DA:253,113
DA:254,39
DA:255,113
DA:257,26
DA:258,10
DA:261,10
DA:262,10
DA:263,10
DA:264,10
DA:265,10
DA:266,10
DA:267,10
DA:268,10
DA:269,10
DA:270,10
DA:272,10
DA:273,10
DA:276,10
DA:279,10
DA:280,10
DA:281,10
DA:282,10
DA:283,10
DA:284,10
DA:285,10
DA:286,10
DA:287,10
DA:288,10
DA:290,26
DA:291,8
DA:294,8
DA:295,40
DA:296,5
DA:297,5
DA:298,5
DA:300,5
DA:303,5
DA:304,5
DA:305,4
DA:306,4
DA:307,5
DA:308,0
DA:309,0
DA:310,5
DA:311,0
DA:312,0
DA:313,5
DA:314,1
DA:315,1
DA:316,5
DA:317,5
DA:318,8
DA:319,8
DA:321,26
DA:323,31
DA:324,4
DA:325,4
DA:326,31
DA:327,0
DA:328,0
DA:329,31
DA:330,1
DA:331,1
DA:332,31
DA:333,0
DA:334,0
DA:335,26
DA:336,31
DA:338,26
DA:339,18
DA:340,18
DA:343,18
DA:344,18
DA:345,0
DA:346,0
DA:347,0
DA:348,0
DA:349,0
DA:350,18
DA:351,18
DA:352,18
DA:354,26
DA:355,4
DA:356,4
DA:357,4
DA:359,26
DA:360,1
DA:361,1
DA:363,1
DA:364,1
DA:365,1
DA:366,1
DA:368,26
DA:369,1
DA:370,1
DA:372,1
DA:373,1
DA:374,1
DA:375,1
DA:376,1
DA:377,1
DA:379,26
DA:380,1
DA:381,1
DA:382,1
DA:383,1
DA:384,1
DA:385,1
DA:388,26
DA:390,4
DA:391,4
DA:392,4
DA:393,4
DA:394,4
DA:395,4
DA:396,4
DA:397,4
DA:399,4
DA:400,4
DA:402,26
DA:403,4
DA:404,4
DA:405,1
DA:406,4
DA:407,0
DA:408,4
DA:409,1
DA:410,4
DA:411,1
DA:412,4
DA:413,1
DA:414,4
DA:415,4
DA:417,26
DA:418,4
DA:419,4
DA:420,1
DA:421,4
DA:422,0
DA:423,4
DA:424,1
DA:425,4
DA:426,1
DA:427,4
DA:428,1
DA:429,4
DA:430,4
DA:432,26
DA:433,4
DA:434,4
DA:435,1
DA:436,4
DA:437,1
DA:438,4
DA:439,4
DA:440,4
DA:441,1
DA:442,4
DA:443,1
DA:444,4
DA:445,4
DA:447,26
DA:449,4
DA:450,4
DA:451,1
DA:452,1
DA:453,1
DA:454,1
DA:455,1
DA:456,1
DA:457,1
DA:458,1
DA:459,1
DA:460,1
DA:461,4
DA:462,0
DA:463,0
DA:464,0
DA:465,0
DA:466,0
DA:467,0
DA:468,0
DA:469,0
DA:470,0
DA:471,0
DA:472,4
DA:473,3
DA:474,4
DA:475,4
DA:478,26
DA:479,3
DA:480,3
DA:481,3
DA:483,26
DA:484,2
DA:485,2
DA:486,1
DA:487,1
DA:488,1
DA:489,1
DA:490,1
DA:491,0
DA:492,0
DA:494,0
DA:495,0
DA:496,1
DA:497,2
DA:499,26
DA:500,1
DA:502,1
DA:503,0
DA:504,1
DA:505,0
DA:506,1
DA:507,1
DA:508,1
DA:509,1
DA:511,26
DA:512,3
DA:513,3
DA:514,3
DA:515,3
DA:516,3
DA:517,3
DA:518,3
DA:519,3
DA:520,3
DA:521,3
DA:522,3
DA:523,3
DA:524,26
DA:526,1
LF:363
LH:332
BRDA:102,0,0,26
BRDA:105,1,0,26
BRDA:109,2,0,26
BRDA:165,3,0,194
BRDA:166,4,0,24
BRDA:193,5,0,8
BRDA:217,6,0,113
BRDA:221,7,0,6
BRDA:236,8,0,81
BRDA:242,9,0,10
BRDA:220,10,0,107
BRDA:248,11,0,113
BRDA:250,12,0,1
BRDA:250,13,0,1
BRDA:250,14,0,112
BRDA:251,15,0,21
BRDA:251,16,0,21
BRDA:251,17,0,91
BRDA:252,18,0,21
BRDA:252,19,0,21
BRDA:252,20,0,70
BRDA:253,21,0,31
BRDA:253,22,0,31
BRDA:253,23,0,39
BRDA:257,24,0,10
BRDA:265,25,0,3
BRDA:265,26,0,7
BRDA:290,27,0,8
BRDA:294,28,0,40
BRDA:295,29,0,31
BRDA:295,30,0,5
BRDA:304,31,0,4
BRDA:307,32,0,0
BRDA:310,33,0,0
BRDA:313,34,0,1
BRDA:321,35,0,31
BRDA:323,36,0,7
BRDA:323,37,0,4
BRDA:325,38,0,27
BRDA:326,39,0,0
BRDA:326,40,0,0
BRDA:328,41,0,27
BRDA:329,42,0,8
BRDA:329,43,0,1
BRDA:331,44,0,26
BRDA:332,45,0,8
BRDA:332,46,0,0
BRDA:334,47,0,26
BRDA:338,48,0,18
BRDA:354,49,0,4
BRDA:359,50,0,1
BRDA:361,51,0,2
BRDA:361,52,0,1
BRDA:368,53,0,1
BRDA:370,54,0,2
BRDA:370,55,0,1
BRDA:379,56,0,1
BRDA:388,57,0,4
BRDA:402,58,0,4
BRDA:404,59,0,1
BRDA:406,60,0,0
BRDA:408,61,0,1
BRDA:410,62,0,1
BRDA:412,63,0,1
BRDA:417,64,0,4
BRDA:419,65,0,1
BRDA:421,66,0,0
BRDA:423,67,0,1
BRDA:425,68,0,1
BRDA:427,69,0,1
BRDA:432,70,0,4
BRDA:434,71,0,1
BRDA:436,72,0,1
BRDA:438,73,0,1
BRDA:439,74,0,1
BRDA:440,75,0,1
BRDA:442,76,0,1
BRDA:447,77,0,4
BRDA:450,78,0,1
BRDA:461,79,0,0
BRDA:472,80,0,3
BRDA:478,81,0,3
BRDA:483,82,0,2
BRDA:485,83,0,1
BRDA:485,84,0,1
BRDA:490,85,0,0
BRDA:499,86,0,1
BRDA:502,87,0,0
BRDA:504,88,0,0
BRDA:511,89,0,3
BRDA:521,90,0,2
BRF:91
BRH:80
end_of_record
TN:
SF:src/services/economy/DojoCoinEconomyService.ts
FN:49,<instance_members_initializer>
FN:49,<static_initializer>
FN:57,DojoCoinEconomyService
FN:62,getInstance
FN:72,initializeCategories
FN:147,getUserProfile
FN:154,createDefaultProfile
FN:178,earnCoins
FN:259,spendCoins
FN:327,transferCoins
FN:415,getUserBalance
FN:427,getUserTransactions
FN:437,getTransactionStats
FN:477,checkRankUpgrade
FN:513,calculateRankProgress
FN:535,getNextRank
FN:544,checkLimits
FN:589,updateEarningsTracking
FN:617,getWeekStart
FN:627,storeTransaction
FN:640,generateTransactionId
FN:647,getTransactionCategories
FN:654,getLeaderboard
FN:663,getEarningsLeaderboard
FNF:24
FNH:24
FNDA:30,<instance_members_initializer>
FNDA:1,<static_initializer>
FNDA:30,DojoCoinEconomyService
FNDA:32,getInstance
FNDA:30,initializeCategories
FNDA:97,getUserProfile
FNDA:30,createDefaultProfile
FNDA:82,earnCoins
FNDA:6,spendCoins
FNDA:3,transferCoins
FNDA:10,getUserBalance
FNDA:1,getUserTransactions
FNDA:4,getTransactionStats
FNDA:78,checkRankUpgrade
FNDA:6,calculateRankProgress
FNDA:6,getNextRank
FNDA:80,checkLimits
FNDA:78,updateEarningsTracking
FNDA:158,getWeekStart
FNDA:85,storeTransaction
FNDA:85,generateTransactionId
FNDA:1,getTransactionCategories
FNDA:1,getLeaderboard
FNDA:1,getEarningsLeaderboard
DA:1,1
DA:49,1
DA:50,1
DA:51,1
DA:52,1
DA:53,1
DA:54,1
DA:55,1
DA:57,1
DA:58,30
DA:59,30
DA:60,30
DA:62,1
DA:63,32
DA:64,30
DA:65,30
DA:66,32
DA:67,32
DA:72,1
DA:73,30
DA:74,30
DA:75,30
DA:76,30
DA:77,30
DA:78,30
DA:79,30
DA:80,30
DA:81,30
DA:82,30
DA:83,30
DA:84,30
DA:85,30
DA:86,30
DA:87,30
DA:88,30
DA:89,30
DA:90,30
DA:91,30
DA:92,30
DA:93,30
DA:94,30
DA:95,30
DA:96,30
DA:97,30
DA:98,30
DA:99,30
DA:100,30
DA:101,30
DA:102,30
DA:103,30
DA:104,30
DA:105,30
DA:106,30
DA:107,30
DA:108,30
DA:109,30
DA:110,30
DA:111,30
DA:112,30
DA:113,30
DA:114,30
DA:115,30
DA:116,30
DA:117,30
DA:118,30
DA:119,30
DA:120,30
DA:121,30
DA:122,30
DA:123,30
DA:124,30
DA:125,30
DA:126,30
DA:127,30
DA:128,30
DA:129,30
DA:130,30
DA:131,30
DA:132,30
DA:133,30
DA:134,30
DA:135,30
DA:136,30
DA:137,30
DA:139,30
DA:140,300
DA:141,30
DA:142,30
DA:147,1
DA:148,97
DA:149,97
DA:154,1
DA:155,30
DA:156,30
DA:157,30
DA:158,30
DA:159,30
DA:160,30
DA:161,30
DA:162,30
DA:163,30
DA:164,30
DA:165,30
DA:166,30
DA:167,30
DA:168,30
DA:169,30
DA:171,30
DA:172,30
DA:173,30
DA:178,1
DA:179,82
DA:180,82
DA:181,82
DA:182,82
DA:183,82
DA:184,82
DA:186,82
DA:187,0
DA:188,0
DA:190,82
DA:191,1
DA:192,1
DA:194,81
DA:195,82
DA:196,1
DA:197,1
DA:200,82
DA:201,2
DA:202,2
DA:204,78
DA:205,78
DA:208,78
DA:209,78
DA:210,78
DA:211,78
DA:212,78
DA:213,78
DA:214,78
DA:215,78
DA:216,78
DA:217,78
DA:218,78
DA:219,78
DA:222,78
DA:223,78
DA:224,78
DA:225,78
DA:226,78
DA:229,78
DA:232,78
DA:235,78
DA:236,82
DA:237,6
DA:238,6
DA:239,6
DA:240,6
DA:241,6
DA:242,6
DA:243,6
DA:246,78
DA:247,78
DA:248,78
DA:249,78
DA:250,78
DA:251,78
DA:253,78
DA:254,82
DA:259,1
DA:260,6
DA:261,6
DA:262,6
DA:263,6
DA:264,6
DA:265,6
DA:267,6
DA:268,0
DA:269,0
DA:271,6
DA:272,0
DA:273,0
DA:275,6
DA:276,6
DA:277,0
DA:278,0
DA:280,6
DA:283,6
DA:284,1
DA:285,1
DA:287,5
DA:290,5
DA:291,5
DA:292,5
DA:293,5
DA:294,5
DA:295,5
DA:296,5
DA:297,5
DA:298,5
DA:299,5
DA:300,5
DA:301,5
DA:304,5
DA:305,5
DA:306,5
DA:307,5
DA:308,5
DA:311,5
DA:314,5
DA:315,5
DA:316,5
DA:317,5
DA:318,5
DA:319,5
DA:321,5
DA:322,6
DA:327,1
DA:328,3
DA:329,3
DA:330,3
DA:331,3
DA:332,3
DA:333,3
DA:335,3
DA:336,0
DA:337,0
DA:339,3
DA:340,1
DA:341,1
DA:343,3
DA:344,0
DA:345,0
DA:347,2
DA:348,2
DA:351,3
DA:352,1
DA:353,1
DA:356,1
DA:357,1
DA:358,1
DA:359,1
DA:360,1
DA:361,1
DA:362,1
DA:363,1
DA:364,1
DA:365,1
DA:366,1
DA:367,1
DA:369,1
DA:370,1
DA:371,1
DA:372,1
DA:373,1
DA:374,1
DA:375,1
DA:376,1
DA:377,1
DA:378,1
DA:379,1
DA:380,1
DA:383,1
DA:384,1
DA:385,1
DA:386,1
DA:387,1
DA:389,1
DA:390,1
DA:391,1
DA:392,1
DA:393,1
DA:396,1
DA:397,1
DA:400,1
DA:401,1
DA:402,1
DA:403,1
DA:404,1
DA:405,1
DA:406,1
DA:407,1
DA:409,1
DA:410,3
DA:415,1
DA:416,10
DA:417,1
DA:418,1
DA:420,9
DA:421,9
DA:422,10
DA:427,1
DA:428,1
DA:429,1
DA:430,1
DA:431,1
DA:432,1
DA:437,1
DA:443,4
DA:444,4
DA:445,4
DA:446,4
DA:447,4
DA:448,4
DA:449,4
DA:450,4
DA:451,4
DA:452,4
DA:453,4
DA:454,0
DA:457,4
DA:458,4
DA:459,5
DA:460,5
DA:461,4
DA:462,4
DA:463,4
DA:465,4
DA:466,4
DA:467,4
DA:468,4
DA:469,4
DA:470,4
DA:471,4
DA:472,4
DA:477,1
DA:478,78
DA:479,78
DA:482,78
DA:483,78
DA:484,78
DA:485,78
DA:486,78
DA:487,78
DA:488,78
DA:491,78
DA:492,0
DA:493,78
DA:494,0
DA:495,78
DA:496,26
DA:497,78
DA:498,24
DA:499,24
DA:501,78
DA:502,6
DA:503,6
DA:504,6
DA:505,6
DA:507,72
DA:508,78
DA:513,1
DA:514,6
DA:515,6
DA:516,6
DA:517,6
DA:518,6
DA:519,6
DA:520,6
DA:522,6
DA:523,6
DA:524,6
DA:526,6
DA:528,6
DA:529,6
DA:530,6
DA:535,1
DA:536,6
DA:537,6
DA:538,6
DA:539,6
DA:544,1
DA:545,80
DA:546,80
DA:548,80
DA:549,80
DA:552,80
DA:553,28
DA:554,28
DA:555,18
DA:556,18
DA:557,28
DA:558,28
DA:559,28
DA:560,28
DA:561,1
DA:562,1
DA:563,27
DA:564,27
DA:565,28
DA:568,80
DA:569,52
DA:570,52
DA:571,2
DA:572,2
DA:573,52
DA:574,52
DA:575,52
DA:576,52
DA:577,1
DA:578,1
DA:579,51
DA:580,51
DA:581,52
DA:583,78
DA:584,80
DA:589,1
DA:590,78
DA:591,78
DA:592,78
DA:595,78
DA:596,0
DA:597,0
DA:600,78
DA:601,0
DA:602,0
DA:605,78
DA:606,78
DA:607,78
DA:609,78
DA:610,78
DA:611,78
DA:612,78
DA:617,1
DA:618,158
DA:619,158
DA:620,158
DA:621,158
DA:622,158
DA:627,1
DA:628,85
DA:629,24
DA:630,24
DA:631,85
DA:632,85
DA:633,85
DA:634,85
DA:635,85
DA:640,1
DA:641,85
DA:642,85
DA:647,1
DA:648,1
DA:649,1
DA:654,1
DA:655,1
DA:656,1
DA:657,1
DA:658,1
DA:663,1
DA:664,1
DA:665,1
DA:666,1
DA:667,1
DA:668,1
DA:671,1
LF:455
LH:436
BRDA:49,0,0,30
BRDA:49,1,0,1
BRDA:57,2,0,30
BRDA:62,3,0,32
BRDA:63,4,0,30
BRDA:72,5,0,30
BRDA:139,6,0,300
BRDA:147,7,0,97
BRDA:148,8,0,30
BRDA:154,9,0,30
BRDA:178,10,0,82
BRDA:186,11,0,0
BRDA:190,12,0,1
BRDA:192,13,0,81
BRDA:195,14,0,1
BRDA:197,15,0,80
BRDA:200,16,0,2
BRDA:202,17,0,78
BRDA:236,18,0,6
BRDA:243,19,0,78
BRDA:259,20,0,6
BRDA:267,21,0,0
BRDA:271,22,0,0
BRDA:276,23,0,0
BRDA:283,24,0,1
BRDA:285,25,0,5
BRDA:327,26,0,3
BRDA:335,27,0,0
BRDA:339,28,0,1
BRDA:341,29,0,2
BRDA:343,30,0,0
BRDA:345,31,0,2
BRDA:351,32,0,1
BRDA:415,33,0,10
BRDA:416,34,0,1
BRDA:418,35,0,9
BRDA:427,36,0,1
BRDA:428,37,0,0
BRDA:430,38,0,1
BRDA:437,39,0,4
BRDA:444,40,0,0
BRDA:453,41,0,0
BRDA:463,42,0,0
BRDA:447,43,0,5
BRDA:448,44,0,3
BRDA:450,45,0,5
BRDA:451,46,0,2
BRDA:458,47,0,5
BRDA:463,48,0,1
BRDA:477,49,0,78
BRDA:491,50,0,0
BRDA:493,51,0,0
BRDA:495,52,0,26
BRDA:497,53,0,52
BRDA:497,54,0,24
BRDA:501,55,0,6
BRDA:505,56,0,72
BRDA:513,57,0,6
BRDA:526,58,0,0
BRDA:535,59,0,6
BRDA:544,60,0,80
BRDA:546,61,0,0
BRDA:552,62,0,28
BRDA:554,63,0,18
BRDA:559,64,0,18
BRDA:560,65,0,1
BRDA:562,66,0,27
BRDA:565,67,0,79
BRDA:568,68,0,52
BRDA:570,69,0,2
BRDA:575,70,0,2
BRDA:576,71,0,1
BRDA:578,72,0,51
BRDA:581,73,0,78
BRDA:589,74,0,78
BRDA:595,75,0,0
BRDA:600,76,0,0
BRDA:617,77,0,158
BRDA:620,78,0,0
BRDA:627,79,0,85
BRDA:628,80,0,24
BRDA:640,81,0,85
BRDA:647,82,0,1
BRDA:654,83,0,1
BRDA:656,84,0,3
BRDA:663,85,0,1
BRDA:665,86,0,3
BRF:87
BRH:70
end_of_record
