TN:
SF:src\__tests__\mocks\emptyMock.js
FNF:0
FNH:0
DA:1,1
LF:1
LH:1
BRF:0
BRH:0
end_of_record
TN:
SF:src\__tests__\mocks\handlers.ts
FN:16,(anonymous_0)
FN:32,(anonymous_1)
FN:49,(anonymous_2)
FN:66,(anonymous_3)
FNF:4
FNH:0
FNDA:0,(anonymous_0)
FNDA:0,(anonymous_1)
FNDA:0,(anonymous_2)
FNDA:0,(anonymous_3)
DA:4,1
DA:5,1
DA:6,1
DA:7,1
DA:10,1
DA:11,1
DA:12,1
DA:14,1
DA:17,0
DA:18,0
DA:33,0
DA:34,0
DA:50,0
DA:51,0
DA:67,0
DA:68,0
LF:16
LH:8
BRDA:5,0,0,1
BRDA:5,0,1,0
BRDA:7,1,0,0
BRDA:7,1,1,1
BRDA:7,2,0,1
BRDA:7,2,1,1
BRDA:10,3,0,1
BRDA:10,3,1,1
BRDA:12,4,0,0
BRDA:12,4,1,1
BRDA:17,5,0,0
BRDA:17,5,1,0
BRDA:17,6,0,0
BRDA:17,6,1,0
BRDA:17,6,2,0
BRDA:33,7,0,0
BRDA:33,7,1,0
BRDA:33,8,0,0
BRDA:33,8,1,0
BRDA:33,8,2,0
BRDA:50,9,0,0
BRDA:50,9,1,0
BRDA:50,10,0,0
BRDA:50,10,1,0
BRDA:50,10,2,0
BRDA:67,11,0,0
BRDA:67,11,1,0
BRDA:67,12,0,0
BRDA:67,12,1,0
BRDA:67,12,2,0
BRF:30
BRH:7
end_of_record
TN:
SF:src\__tests__\mocks\server.ts
FNF:0
FNH:0
DA:6,1
LF:1
LH:1
BRF:0
BRH:0
end_of_record
TN:
SF:src\ai\game-analysis\GameAnalysisService.ts
FN:9,(anonymous_0)
FN:27,(anonymous_1)
FN:34,(anonymous_2)
FN:41,(anonymous_3)
FN:45,(anonymous_4)
FN:49,(anonymous_5)
FN:53,(anonymous_6)
FN:57,(anonymous_7)
FN:69,(anonymous_8)
FN:102,(anonymous_9)
FN:122,(anonymous_10)
FN:147,(anonymous_11)
FN:149,(anonymous_12)
FNF:13
FNH:13
FNDA:17,(anonymous_0)
FNDA:16,(anonymous_1)
FNDA:37,(anonymous_2)
FNDA:8,(anonymous_3)
FNDA:4,(anonymous_4)
FNDA:6,(anonymous_5)
FNDA:2,(anonymous_6)
FNDA:32,(anonymous_7)
FNDA:37,(anonymous_8)
FNDA:37,(anonymous_9)
FNDA:37,(anonymous_10)
FNDA:27,(anonymous_11)
FNDA:48,(anonymous_12)
DA:10,17
DA:16,17
DA:17,17
DA:24,17
DA:28,16
DA:29,16
DA:30,16
DA:31,16
DA:35,37
DA:36,37
DA:37,37
DA:38,37
DA:42,8
DA:46,4
DA:50,6
DA:54,2
DA:58,32
DA:70,37
DA:71,37
DA:73,35
DA:74,35
DA:75,29
DA:76,29
DA:77,29
DA:82,6
DA:87,35
DA:88,35
DA:91,35
DA:92,1
DA:96,35
DA:103,37
DA:104,37
DA:105,31
DA:106,31
DA:107,31
DA:112,6
DA:116,37
DA:123,37
DA:124,37
DA:130,37
DA:131,31
DA:132,25
DA:134,6
DA:139,37
DA:143,0
DA:148,27
DA:149,48
LF:47
LH:46
BRDA:71,0,0,2
BRDA:71,0,1,35
BRDA:74,1,0,29
BRDA:74,1,1,6
BRDA:87,2,0,35
BRDA:87,2,1,16
BRDA:91,3,0,1
BRDA:91,3,1,34
BRDA:91,4,0,35
BRDA:91,4,1,6
BRDA:104,5,0,31
BRDA:104,5,1,6
BRDA:125,6,0,27
BRDA:125,6,1,10
BRDA:130,7,0,31
BRDA:130,7,1,6
BRDA:131,8,0,25
BRDA:131,8,1,6
BRDA:139,9,0,0
BRDA:139,9,1,37
BRDA:140,10,0,37
BRDA:140,10,1,37
BRDA:149,11,0,27
BRDA:149,11,1,0
BRF:24
BRH:22
end_of_record
TN:
SF:src\ai\real-time\RealTimeAnalysisService.ts
FN:14,(anonymous_0)
FN:26,(anonymous_1)
FN:31,(anonymous_2)
FN:36,(anonymous_3)
FN:43,(anonymous_4)
FN:48,(anonymous_5)
FN:58,(anonymous_6)
FN:71,(anonymous_7)
FN:79,(anonymous_8)
FN:88,(anonymous_9)
FN:92,(anonymous_10)
FN:106,(anonymous_11)
FN:109,(anonymous_12)
FN:120,(anonymous_13)
FN:124,(anonymous_14)
FNF:15
FNH:15
FNDA:14,(anonymous_0)
FNDA:12,(anonymous_1)
FNDA:60,(anonymous_2)
FNDA:15,(anonymous_3)
FNDA:21,(anonymous_4)
FNDA:11,(anonymous_5)
FNDA:1,(anonymous_6)
FNDA:7,(anonymous_7)
FNDA:1,(anonymous_8)
FNDA:60,(anonymous_9)
FNDA:17,(anonymous_10)
FNDA:17,(anonymous_11)
FNDA:15,(anonymous_12)
FNDA:4,(anonymous_13)
FNDA:2,(anonymous_14)
DA:15,14
DA:16,14
DA:17,14
DA:18,14
DA:27,12
DA:28,0
DA:31,12
DA:32,60
DA:37,15
DA:38,12
DA:39,12
DA:44,21
DA:45,21
DA:52,11
DA:53,8
DA:55,11
DA:62,1
DA:63,1
DA:64,1
DA:65,1
DA:66,1
DA:72,7
DA:80,1
DA:89,60
DA:90,60
DA:92,60
DA:93,17
DA:94,17
DA:95,17
DA:97,0
DA:98,0
DA:102,60
DA:103,60
DA:107,17
DA:108,17
DA:109,12
DA:110,15
DA:111,15
DA:113,5
DA:114,5
DA:121,4
DA:125,2
LF:42
LH:39
BRDA:26,0,0,12
BRDA:27,1,0,0
BRDA:27,1,1,12
BRDA:37,2,0,12
BRDA:37,2,1,3
BRDA:52,3,0,8
BRDA:52,3,1,3
BRDA:63,4,0,1
BRDA:63,4,1,0
BRDA:65,5,0,1
BRDA:65,5,1,0
BRDA:108,6,0,12
BRDA:108,6,1,5
BRF:13
BRH:10
end_of_record
TN:
SF:src\ai\shot-analysis\ShotAnalysisModel.ts
FN:37,(anonymous_0)
FN:42,(anonymous_1)
FN:58,(anonymous_2)
FN:94,(anonymous_3)
FN:116,(anonymous_4)
FN:144,(anonymous_5)
FN:170,(anonymous_6)
FN:177,(anonymous_7)
FN:191,(anonymous_8)
FN:226,(anonymous_9)
FN:227,(anonymous_10)
FN:239,(anonymous_11)
FN:248,(anonymous_12)
FN:264,(anonymous_13)
FN:265,(anonymous_14)
FN:287,(anonymous_15)
FN:296,(anonymous_16)
FN:303,(anonymous_17)
FN:316,(anonymous_18)
FN:330,(anonymous_19)
FN:347,(anonymous_20)
FNF:21
FNH:11
FNDA:1,(anonymous_0)
FNDA:1,(anonymous_1)
FNDA:1,(anonymous_2)
FNDA:2,(anonymous_3)
FNDA:6,(anonymous_4)
FNDA:2,(anonymous_5)
FNDA:0,(anonymous_6)
FNDA:0,(anonymous_7)
FNDA:0,(anonymous_8)
FNDA:0,(anonymous_9)
FNDA:0,(anonymous_10)
FNDA:0,(anonymous_11)
FNDA:0,(anonymous_12)
FNDA:2,(anonymous_13)
FNDA:4,(anonymous_14)
FNDA:8,(anonymous_15)
FNDA:4,(anonymous_16)
FNDA:4,(anonymous_17)
FNDA:0,(anonymous_18)
FNDA:0,(anonymous_19)
FNDA:0,(anonymous_20)
DA:27,1
DA:28,1
DA:34,1
DA:38,1
DA:39,1
DA:43,1
DA:59,1
DA:62,1
DA:71,1
DA:72,1
DA:73,1
DA:74,1
DA:77,1
DA:85,1
DA:91,1
DA:101,2
DA:102,2
DA:105,2
DA:106,2
DA:107,2
DA:108,2
DA:109,2
DA:111,2
DA:117,6
DA:125,2
DA:126,2
DA:127,2
DA:133,0
DA:134,0
DA:135,0
DA:141,0
DA:153,2
DA:154,0
DA:155,0
DA:158,0
DA:164,0
DA:165,0
DA:167,0
DA:174,0
DA:175,0
DA:177,0
DA:179,0
DA:180,0
DA:181,0
DA:182,0
DA:184,0
DA:185,0
DA:188,0
DA:197,0
DA:198,0
DA:199,0
DA:200,0
DA:201,0
DA:203,0
DA:204,0
DA:205,0
DA:206,0
DA:208,0
DA:209,0
DA:210,0
DA:211,0
DA:215,0
DA:216,0
DA:218,0
DA:219,0
DA:221,0
DA:222,0
DA:225,0
DA:226,0
DA:227,0
DA:229,0
DA:231,0
DA:245,0
DA:253,0
DA:254,0
DA:255,0
DA:257,0
DA:265,2
DA:266,4
DA:267,4
DA:268,4
DA:270,4
DA:284,2
DA:291,8
DA:300,4
DA:306,4
DA:309,4
DA:310,4
DA:313,4
DA:318,0
DA:319,0
DA:323,0
DA:326,0
DA:327,0
DA:332,0
DA:337,0
DA:338,0
DA:339,0
DA:340,0
DA:341,0
DA:343,0
DA:348,0
LF:102
LH:40
BRDA:97,0,0,0
BRDA:98,1,0,0
BRDA:99,2,0,0
BRDA:209,3,0,0
BRDA:209,3,1,0
BRDA:218,4,0,0
BRDA:218,4,1,0
BRDA:219,5,0,0
BRDA:219,5,1,0
BRDA:229,6,0,0
BRDA:229,6,1,0
BRDA:280,7,0,2
BRDA:280,7,1,2
BRDA:318,8,0,0
BRDA:318,8,1,0
BRDA:338,9,0,0
BRDA:338,9,1,0
BRF:17
BRH:2
end_of_record
TN:
SF:src\ai\shot-analysis\ShotAnalysisService.ts
FN:23,(anonymous_0)
FN:30,(anonymous_1)
FN:50,(anonymous_2)
FN:66,(anonymous_3)
FN:85,(anonymous_4)
FNF:5
FNH:5
FNDA:12,(anonymous_0)
FNDA:6,(anonymous_1)
FNDA:4,(anonymous_2)
FNDA:3,(anonymous_3)
FNDA:5,(anonymous_4)
DA:20,12
DA:21,12
DA:24,12
DA:31,6
DA:32,6
DA:44,6
DA:54,4
DA:56,3
DA:60,3
DA:67,3
DA:68,1
DA:71,2
DA:72,2
DA:73,2
DA:75,2
DA:76,2
DA:78,2
DA:79,2
DA:91,5
LF:19
LH:19
BRDA:54,0,0,1
BRDA:54,0,1,3
BRDA:54,1,0,4
BRDA:54,1,1,3
BRDA:67,2,0,1
BRDA:67,2,1,2
BRDA:67,3,0,3
BRDA:67,3,1,2
BRF:8
BRH:8
end_of_record
TN:
SF:src\ai\shot-analysis\ShotFeedbackService.ts
FN:20,(anonymous_0)
FN:28,(anonymous_1)
FN:40,(anonymous_2)
FN:99,(anonymous_3)
FN:109,(anonymous_4)
FN:116,(anonymous_5)
FN:117,(anonymous_6)
FN:123,(anonymous_7)
FNF:8
FNH:8
FNDA:21,(anonymous_0)
FNDA:193,(anonymous_1)
FNDA:193,(anonymous_2)
FNDA:393,(anonymous_3)
FNDA:11,(anonymous_4)
FNDA:8,(anonymous_5)
FNDA:18,(anonymous_6)
FNDA:2,(anonymous_7)
DA:17,21
DA:18,21
DA:21,21
DA:22,21
DA:30,193
DA:33,193
DA:34,193
DA:42,193
DA:50,193
DA:51,2
DA:60,193
DA:61,3
DA:70,193
DA:71,2
DA:80,193
DA:90,193
DA:100,393
DA:101,393
DA:102,200
DA:110,11
DA:117,18
DA:124,2
DA:125,2
LF:23
LH:23
BRDA:50,0,0,2
BRDA:50,0,1,191
BRDA:50,1,0,193
BRDA:50,1,1,2
BRDA:60,2,0,3
BRDA:60,2,1,190
BRDA:70,3,0,2
BRDA:70,3,1,191
BRDA:82,4,0,192
BRDA:82,4,1,1
BRDA:85,5,0,192
BRDA:85,5,1,1
BRDA:101,6,0,200
BRDA:101,6,1,193
BRDA:109,7,0,7
BRF:15
BRH:15
end_of_record
TN:
SF:src\ai\shot-analysis\ShotPerformanceAnalyzer.ts
FN:28,(anonymous_0)
FN:38,(anonymous_1)
FN:57,(anonymous_2)
FN:66,(anonymous_3)
FN:85,(anonymous_4)
FN:106,(anonymous_5)
FN:130,(anonymous_6)
FN:137,(anonymous_7)
FN:141,(anonymous_8)
FN:144,(anonymous_9)
FN:162,(anonymous_10)
FN:174,(anonymous_11)
FN:176,(anonymous_12)
FN:183,(anonymous_13)
FN:184,(anonymous_14)
FN:186,(anonymous_15)
FN:188,(anonymous_16)
FN:196,(anonymous_17)
FN:197,(anonymous_18)
FN:199,(anonymous_19)
FN:201,(anonymous_20)
FN:209,(anonymous_21)
FN:211,(anonymous_22)
FN:214,(anonymous_23)
FN:216,(anonymous_24)
FN:224,(anonymous_25)
FN:226,(anonymous_26)
FN:231,(anonymous_27)
FN:233,(anonymous_28)
FN:239,(anonymous_29)
FN:243,(anonymous_30)
FN:249,(anonymous_31)
FN:251,(anonymous_32)
FN:266,(anonymous_33)
FN:271,(anonymous_34)
FNF:35
FNH:34
FNDA:314,(anonymous_0)
FNDA:210,(anonymous_1)
FNDA:210,(anonymous_2)
FNDA:6736,(anonymous_3)
FNDA:210,(anonymous_4)
FNDA:210,(anonymous_5)
FNDA:210,(anonymous_6)
FNDA:6526,(anonymous_7)
FNDA:6526,(anonymous_8)
FNDA:6526,(anonymous_9)
FNDA:13262,(anonymous_10)
FNDA:210,(anonymous_11)
FNDA:1651,(anonymous_12)
FNDA:210,(anonymous_13)
FNDA:1651,(anonymous_14)
FNDA:1651,(anonymous_15)
FNDA:1651,(anonymous_16)
FNDA:210,(anonymous_17)
FNDA:1651,(anonymous_18)
FNDA:1651,(anonymous_19)
FNDA:1651,(anonymous_20)
FNDA:210,(anonymous_21)
FNDA:1651,(anonymous_22)
FNDA:1651,(anonymous_23)
FNDA:1651,(anonymous_24)
FNDA:210,(anonymous_25)
FNDA:6526,(anonymous_26)
FNDA:0,(anonymous_27)
FNDA:203,(anonymous_28)
FNDA:210,(anonymous_29)
FNDA:6526,(anonymous_30)
FNDA:6526,(anonymous_31)
FNDA:6526,(anonymous_32)
FNDA:630,(anonymous_33)
FNDA:11,(anonymous_34)
DA:22,86
DA:23,86
DA:29,314
DA:30,314
DA:31,110
DA:39,210
DA:40,210
DA:41,210
DA:42,210
DA:43,210
DA:45,210
DA:58,210
DA:59,210
DA:60,210
DA:67,6736
DA:68,6736
DA:73,6736
DA:74,0
DA:75,6736
DA:76,6731
DA:78,5
DA:86,210
DA:88,210
DA:89,3
DA:92,210
DA:93,4
DA:96,210
DA:97,4
DA:100,210
DA:112,210
DA:114,210
DA:115,210
DA:116,210
DA:117,210
DA:119,210
DA:137,6526
DA:141,6526
DA:144,210
DA:145,6526
DA:147,210
DA:149,210
DA:151,210
DA:166,13262
DA:167,13262
DA:168,13262
DA:175,210
DA:176,1651
DA:184,1651
DA:186,1651
DA:188,1651
DA:190,210
DA:197,1651
DA:199,1651
DA:201,1651
DA:203,210
DA:210,210
DA:211,1651
DA:214,1651
DA:216,1651
DA:218,210
DA:225,210
DA:226,210
DA:227,6526
DA:230,210
DA:231,0
DA:233,203
DA:240,210
DA:241,210
DA:244,6526
DA:249,6526
DA:252,6526
DA:256,210
DA:257,210
DA:258,210
DA:260,210
DA:267,630
DA:268,630
DA:270,6
DA:271,11
LF:79
LH:77
BRDA:30,0,0,110
BRDA:30,0,1,204
BRDA:73,1,0,0
BRDA:73,1,1,6736
BRDA:74,2,0,0
BRDA:74,2,1,0
BRDA:75,3,0,6731
BRDA:75,3,1,5
BRDA:76,4,0,5
BRDA:76,4,1,6726
BRDA:88,5,0,3
BRDA:88,5,1,207
BRDA:88,6,0,210
BRDA:88,6,1,4
BRDA:92,7,0,4
BRDA:92,7,1,206
BRDA:96,8,0,4
BRDA:96,8,1,206
BRDA:138,9,0,210
BRDA:138,9,1,7
BRDA:142,10,0,210
BRDA:142,10,1,7
BRDA:176,11,0,210
BRDA:176,11,1,7
BRDA:186,12,0,210
BRDA:186,12,1,7
BRDA:189,13,0,210
BRDA:189,13,1,7
BRDA:199,14,0,210
BRDA:199,14,1,7
BRDA:202,15,0,210
BRDA:202,15,1,7
BRDA:214,16,0,210
BRDA:214,16,1,7
BRDA:217,17,0,210
BRDA:217,17,1,7
BRDA:227,18,0,6526
BRDA:227,18,1,203
BRDA:252,19,0,6526
BRDA:252,19,1,6526
BRDA:256,20,0,210
BRDA:256,20,1,0
BRDA:257,21,0,207
BRDA:257,21,1,3
BRDA:258,22,0,208
BRDA:258,22,1,2
BRDA:268,23,0,624
BRDA:268,23,1,6
BRF:48
BRH:44
end_of_record
TN:
SF:src\ai\shot-analysis\TrainingService.ts
FN:53,(anonymous_0)
FN:61,(anonymous_1)
FN:129,(anonymous_2)
FN:145,(anonymous_3)
FN:171,(anonymous_4)
FN:181,(anonymous_5)
FN:196,(anonymous_6)
FN:199,(anonymous_7)
FN:213,(anonymous_8)
FN:235,(anonymous_9)
FN:242,(anonymous_10)
FN:244,(anonymous_11)
FN:252,(anonymous_12)
FN:259,(anonymous_13)
FN:270,(anonymous_14)
FN:287,(anonymous_15)
FNF:16
FNH:16
FNDA:48,(anonymous_0)
FNDA:35,(anonymous_1)
FNDA:9,(anonymous_2)
FNDA:33,(anonymous_3)
FNDA:69,(anonymous_4)
FNDA:29,(anonymous_5)
FNDA:22,(anonymous_6)
FNDA:22,(anonymous_7)
FNDA:4,(anonymous_8)
FNDA:29,(anonymous_9)
FNDA:67,(anonymous_10)
FNDA:67,(anonymous_11)
FNDA:8,(anonymous_12)
FNDA:11,(anonymous_13)
FNDA:15,(anonymous_14)
FNDA:12,(anonymous_15)
DA:45,48
DA:46,48
DA:54,48
DA:55,48
DA:62,35
DA:63,3
DA:67,32
DA:68,0
DA:72,32
DA:73,55
DA:74,0
DA:76,55
DA:77,1
DA:79,54
DA:80,0
DA:82,54
DA:83,0
DA:85,54
DA:86,0
DA:88,54
DA:89,0
DA:93,54
DA:94,0
DA:96,54
DA:97,0
DA:99,54
DA:100,0
DA:103,54
DA:104,0
DA:108,31
DA:122,31
DA:123,31
DA:130,9
DA:131,3
DA:134,6
DA:135,6
DA:136,6
DA:138,6
DA:139,6
DA:146,33
DA:147,4
DA:151,29
DA:152,29
DA:155,29
DA:158,29
DA:161,29
DA:172,69
DA:173,65
DA:182,29
DA:184,29
DA:185,29
DA:187,29
DA:191,29
DA:192,25
DA:196,22
DA:199,22
DA:202,4
DA:206,4
DA:214,4
DA:216,4
DA:217,4
DA:219,4
DA:223,1
DA:225,3
DA:236,29
DA:238,28
DA:239,28
DA:241,28
DA:242,67
DA:243,28
DA:244,67
DA:246,28
DA:256,8
DA:259,8
DA:260,11
DA:261,11
DA:264,8
DA:271,15
DA:274,7
DA:276,2
DA:278,2
DA:280,4
DA:291,12
DA:297,12
DA:299,1
DA:314,1
DA:332,3
DA:345,7
LF:88
LH:78
BRDA:62,0,0,3
BRDA:62,0,1,32
BRDA:67,1,0,0
BRDA:67,1,1,32
BRDA:67,2,0,32
BRDA:67,2,1,32
BRDA:73,3,0,0
BRDA:73,3,1,55
BRDA:73,4,0,55
BRDA:73,4,1,55
BRDA:73,4,2,55
BRDA:76,5,0,1
BRDA:76,5,1,54
BRDA:79,6,0,0
BRDA:79,6,1,54
BRDA:79,7,0,54
BRDA:79,7,1,54
BRDA:82,8,0,0
BRDA:82,8,1,54
BRDA:82,9,0,54
BRDA:82,9,1,54
BRDA:85,10,0,0
BRDA:85,10,1,54
BRDA:88,11,0,0
BRDA:88,11,1,54
BRDA:88,12,0,54
BRDA:88,12,1,54
BRDA:88,12,2,54
BRDA:93,13,0,0
BRDA:93,13,1,54
BRDA:96,14,0,0
BRDA:96,14,1,54
BRDA:96,15,0,54
BRDA:96,15,1,54
BRDA:99,16,0,0
BRDA:99,16,1,54
BRDA:99,17,0,54
BRDA:99,17,1,54
BRDA:99,17,2,54
BRDA:103,18,0,0
BRDA:103,18,1,54
BRDA:103,19,0,54
BRDA:103,19,1,0
BRDA:103,19,2,0
BRDA:130,20,0,3
BRDA:130,20,1,6
BRDA:146,21,0,4
BRDA:146,21,1,29
BRDA:172,22,0,4
BRDA:172,22,1,65
BRDA:182,23,0,0
BRDA:182,23,1,29
BRDA:185,24,0,0
BRDA:185,24,1,29
BRDA:191,25,0,25
BRDA:191,25,1,4
BRDA:202,26,0,4
BRDA:202,26,1,0
BRDA:203,27,0,4
BRDA:203,27,1,4
BRDA:214,28,0,0
BRDA:214,28,1,4
BRDA:219,29,0,1
BRDA:219,29,1,3
BRDA:236,30,0,1
BRDA:236,30,1,28
BRDA:239,31,0,0
BRDA:239,31,1,28
BRDA:254,32,0,0
BRDA:271,33,0,2
BRDA:271,33,1,7
BRDA:271,33,2,2
BRDA:271,33,3,2
BRDA:271,33,4,4
BRDA:297,34,0,1
BRDA:297,34,1,1
BRDA:297,34,2,3
BRDA:297,34,3,7
BRF:78
BRH:60
end_of_record
TN:
SF:src\components\auth\SocialSignIn.tsx
FN:27,(anonymous_0)
FN:45,(anonymous_1)
FN:71,(anonymous_2)
FN:72,(anonymous_3)
FN:95,(anonymous_4)
FN:101,(anonymous_5)
FN:107,(anonymous_6)
FN:113,(anonymous_7)
FN:119,(anonymous_8)
FN:129,(anonymous_9)
FN:164,(anonymous_10)
FNF:11
FNH:0
FNDA:0,(anonymous_0)
FNDA:0,(anonymous_1)
FNDA:0,(anonymous_2)
FNDA:0,(anonymous_3)
FNDA:0,(anonymous_4)
FNDA:0,(anonymous_5)
FNDA:0,(anonymous_6)
FNDA:0,(anonymous_7)
FNDA:0,(anonymous_8)
FNDA:0,(anonymous_9)
FNDA:0,(anonymous_10)
DA:27,1
DA:31,0
DA:32,0
DA:33,0
DA:40,0
DA:42,0
DA:43,0
DA:45,0
DA:49,0
DA:51,0
DA:52,0
DA:53,0
DA:55,0
DA:56,0
DA:63,0
DA:65,0
DA:68,0
DA:70,0
DA:71,0
DA:72,0
DA:73,0
DA:76,0
DA:83,0
DA:86,0
DA:90,0
DA:95,0
DA:101,0
DA:107,0
DA:113,0
DA:119,0
DA:123,0
DA:130,0
DA:165,0
LF:33
LH:1
BRDA:49,0,0,0
BRDA:49,0,1,0
BRDA:55,1,0,0
BRDA:55,1,1,0
BRDA:68,2,0,0
BRDA:68,2,1,0
BRDA:70,3,0,0
BRDA:70,3,1,0
BRDA:78,4,0,0
BRDA:78,4,1,0
BRDA:165,5,0,0
BRDA:165,5,1,0
BRF:12
BRH:0
end_of_record
TN:
SF:src\components\common\LoadingSkeletons.tsx
FN:4,(anonymous_0)
FN:16,(anonymous_1)
FN:22,(anonymous_2)
FNF:3
FNH:3
FNDA:1,(anonymous_0)
FNDA:1,(anonymous_1)
FNDA:1,(anonymous_2)
DA:4,1
DA:5,1
DA:16,1
DA:22,1
DA:23,1
LF:5
LH:5
BRF:0
BRH:0
end_of_record
TN:
SF:src\components\common\TabPanel.tsx
FN:12,(anonymous_0)
FNF:1
FNH:1
FNDA:2,(anonymous_0)
DA:11,1
DA:13,2
LF:2
LH:2
BRDA:21,0,0,2
BRDA:21,0,1,1
BRF:2
BRH:2
end_of_record
TN:
SF:src\components\game\GameBoard.tsx
FN:16,(anonymous_0)
FN:33,(anonymous_1)
FN:62,(anonymous_2)
FN:67,(anonymous_3)
FN:88,(anonymous_4)
FN:107,(anonymous_5)
FN:118,(anonymous_6)
FN:120,(anonymous_7)
FN:123,(anonymous_8)
FN:151,(anonymous_9)
FNF:10
FNH:1
FNDA:8,(anonymous_0)
FNDA:0,(anonymous_1)
FNDA:0,(anonymous_2)
FNDA:0,(anonymous_3)
FNDA:0,(anonymous_4)
FNDA:0,(anonymous_5)
FNDA:0,(anonymous_6)
FNDA:0,(anonymous_7)
FNDA:0,(anonymous_8)
FNDA:0,(anonymous_9)
DA:16,1
DA:24,8
DA:25,8
DA:26,8
DA:29,8
DA:30,0
DA:31,0
DA:33,0
DA:34,0
DA:37,0
DA:44,0
DA:45,0
DA:48,0
DA:49,0
DA:52,0
DA:55,0
DA:58,0
DA:59,0
DA:62,0
DA:63,0
DA:67,0
DA:69,0
DA:77,0
DA:80,0
DA:81,0
DA:88,0
DA:89,0
DA:93,0
DA:97,0
DA:98,0
DA:107,0
DA:108,0
DA:114,0
DA:118,0
DA:120,0
DA:123,0
DA:124,0
DA:135,0
DA:136,0
DA:144,0
DA:147,0
DA:151,0
DA:152,0
DA:153,0
DA:156,0
DA:157,0
DA:158,0
DA:159,0
DA:163,0
DA:164,0
DA:165,0
DA:166,0
DA:171,0
DA:174,0
LF:54
LH:5
BRDA:22,0,0,8
BRDA:34,1,0,0
BRDA:34,1,1,0
BRDA:58,2,0,0
BRDA:58,2,1,0
BRDA:135,3,0,0
BRDA:135,3,1,0
BRDA:153,4,0,0
BRDA:153,4,1,0
BRDA:157,5,0,0
BRDA:157,5,1,0
BRDA:163,6,0,0
BRDA:163,6,1,0
BRDA:164,7,0,0
BRDA:164,7,1,0
BRF:15
BRH:1
end_of_record
TN:
SF:src\components\game\GameControls.tsx
FN:23,(anonymous_0)
FN:41,(anonymous_1)
FN:42,(anonymous_2)
FN:49,(anonymous_3)
FN:53,(anonymous_4)
FN:54,(anonymous_5)
FN:68,(anonymous_6)
FN:84,(anonymous_7)
FNF:8
FNH:1
FNDA:8,(anonymous_0)
FNDA:0,(anonymous_1)
FNDA:0,(anonymous_2)
FNDA:0,(anonymous_3)
FNDA:0,(anonymous_4)
FNDA:0,(anonymous_5)
FNDA:0,(anonymous_6)
FNDA:0,(anonymous_7)
DA:23,1
DA:29,8
DA:30,8
DA:31,8
DA:32,8
DA:33,8
DA:38,8
DA:39,0
DA:41,0
DA:42,0
DA:43,0
DA:44,0
DA:49,0
DA:50,0
DA:52,0
DA:53,0
DA:54,0
DA:55,0
DA:56,0
DA:57,0
DA:58,0
DA:59,0
DA:61,0
DA:65,0
DA:68,0
DA:69,0
DA:71,0
DA:72,0
DA:73,0
DA:75,0
DA:78,0
DA:81,0
DA:84,0
DA:85,0
DA:86,0
DA:87,0
DA:89,0
DA:90,0
DA:91,0
DA:94,0
LF:40
LH:7
BRDA:26,0,0,8
BRDA:43,1,0,0
BRDA:43,1,1,0
BRDA:50,2,0,0
BRDA:50,2,1,0
BRDA:50,3,0,0
BRDA:50,3,1,0
BRDA:55,4,0,0
BRDA:55,4,1,0
BRDA:69,5,0,0
BRDA:69,5,1,0
BRDA:71,6,0,0
BRDA:71,6,1,0
BRDA:85,7,0,0
BRDA:85,7,1,0
BRDA:170,8,0,0
BRDA:170,8,1,0
BRDA:173,9,0,0
BRDA:173,9,1,0
BRF:19
BRH:1
end_of_record
TN:
SF:src\components\game\GamePlay.tsx
FN:46,(anonymous_0)
FN:67,(anonymous_1)
FN:74,(anonymous_2)
FN:79,(anonymous_3)
FN:90,(anonymous_4)
FN:95,(anonymous_5)
FN:105,(anonymous_6)
FN:112,(anonymous_7)
FN:113,(anonymous_8)
FN:123,(anonymous_9)
FN:130,(anonymous_10)
FN:134,(anonymous_11)
FN:146,(anonymous_12)
FN:154,(anonymous_13)
FN:167,(anonymous_14)
FN:182,(anonymous_15)
FN:187,(anonymous_16)
FN:233,(anonymous_17)
FNF:18
FNH:1
FNDA:16,(anonymous_0)
FNDA:0,(anonymous_1)
FNDA:0,(anonymous_2)
FNDA:0,(anonymous_3)
FNDA:0,(anonymous_4)
FNDA:0,(anonymous_5)
FNDA:0,(anonymous_6)
FNDA:0,(anonymous_7)
FNDA:0,(anonymous_8)
FNDA:0,(anonymous_9)
FNDA:0,(anonymous_10)
FNDA:0,(anonymous_11)
FNDA:0,(anonymous_12)
FNDA:0,(anonymous_13)
FNDA:0,(anonymous_14)
FNDA:0,(anonymous_15)
FNDA:0,(anonymous_16)
FNDA:0,(anonymous_17)
DA:46,1
DA:51,16
DA:56,16
DA:57,16
DA:58,16
DA:59,16
DA:60,16
DA:61,16
DA:64,0
DA:65,0
DA:67,0
DA:69,0
DA:72,0
DA:74,0
DA:75,0
DA:76,0
DA:79,0
DA:80,0
DA:81,0
DA:90,0
DA:91,0
DA:95,0
DA:97,0
DA:105,0
DA:112,0
DA:113,0
DA:118,0
DA:119,0
DA:123,0
DA:124,0
DA:126,0
DA:127,0
DA:130,0
DA:131,0
DA:134,0
DA:135,0
DA:137,0
DA:138,0
DA:139,0
DA:140,0
DA:143,0
DA:146,0
DA:147,0
DA:148,0
DA:149,0
DA:150,0
DA:151,0
DA:154,0
DA:156,0
DA:168,0
DA:169,0
DA:178,0
DA:179,0
DA:182,0
DA:184,0
DA:187,0
DA:188,0
DA:195,0
DA:198,0
DA:199,0
DA:202,0
DA:234,0
DA:235,0
LF:63
LH:8
BRDA:48,0,0,12
BRDA:118,1,0,0
BRDA:118,1,1,0
BRDA:118,2,0,0
BRDA:118,2,1,0
BRDA:124,3,0,0
BRDA:124,3,1,0
BRDA:131,4,0,0
BRDA:131,4,1,0
BRDA:131,5,0,0
BRDA:131,5,1,0
BRDA:135,6,0,0
BRDA:135,6,1,0
BRDA:147,7,0,0
BRDA:147,7,1,0
BRDA:198,8,0,0
BRDA:198,8,1,0
BRDA:239,9,0,0
BRDA:239,9,1,0
BRF:19
BRH:1
end_of_record
TN:
SF:src\components\game\GameSpectate.tsx
FN:47,(anonymous_0)
FN:53,(anonymous_1)
FN:60,(anonymous_2)
FN:64,(anonymous_3)
FN:69,(anonymous_4)
FN:72,(anonymous_5)
FN:81,(anonymous_6)
FN:86,(anonymous_7)
FN:101,(anonymous_8)
FN:133,(anonymous_9)
FNF:10
FNH:0
FNDA:0,(anonymous_0)
FNDA:0,(anonymous_1)
FNDA:0,(anonymous_2)
FNDA:0,(anonymous_3)
FNDA:0,(anonymous_4)
FNDA:0,(anonymous_5)
FNDA:0,(anonymous_6)
FNDA:0,(anonymous_7)
FNDA:0,(anonymous_8)
FNDA:0,(anonymous_9)
DA:47,1
DA:48,0
DA:49,0
DA:50,0
DA:51,0
DA:53,0
DA:55,0
DA:58,0
DA:60,0
DA:61,0
DA:64,0
DA:65,0
DA:66,0
DA:69,0
DA:70,0
DA:72,0
DA:73,0
DA:79,0
DA:81,0
DA:82,0
DA:86,0
DA:87,0
DA:88,0
DA:89,0
DA:91,0
DA:97,0
DA:101,0
DA:102,0
DA:104,0
DA:105,0
DA:107,0
DA:113,0
DA:115,0
DA:121,0
DA:125,0
DA:126,0
DA:133,0
DA:134,0
DA:172,0
LF:39
LH:1
BRDA:102,0,0,0
BRDA:102,0,1,0
BRDA:102,0,2,0
BRDA:125,1,0,0
BRDA:125,1,1,0
BRDA:125,2,0,0
BRDA:125,2,1,0
BRDA:139,3,0,0
BRDA:139,3,1,0
BRDA:164,4,0,0
BRDA:164,4,1,0
BRDA:183,5,0,0
BRDA:183,5,1,0
BRF:13
BRH:0
end_of_record
TN:
SF:src\components\game\ShotAnalysis.tsx
FN:38,(anonymous_0)
FN:56,(anonymous_1)
FN:60,(anonymous_2)
FN:74,(anonymous_3)
FN:76,(anonymous_4)
FN:217,(anonymous_5)
FN:232,(anonymous_6)
FNF:7
FNH:0
FNDA:0,(anonymous_0)
FNDA:0,(anonymous_1)
FNDA:0,(anonymous_2)
FNDA:0,(anonymous_3)
FNDA:0,(anonymous_4)
FNDA:0,(anonymous_5)
FNDA:0,(anonymous_6)
DA:38,2
DA:46,0
DA:47,0
DA:50,0
DA:51,0
DA:52,0
DA:53,0
DA:54,0
DA:56,0
DA:57,0
DA:60,0
DA:61,0
DA:62,0
DA:64,0
DA:65,0
DA:66,0
DA:68,0
DA:70,0
DA:74,0
DA:76,0
DA:79,0
DA:80,0
DA:81,0
DA:83,0
DA:88,0
DA:112,0
DA:113,0
DA:129,0
DA:130,0
DA:133,0
DA:218,0
DA:233,0
LF:32
LH:1
BRDA:91,0,0,0
BRDA:91,0,1,0
BRDA:93,1,0,0
BRDA:93,1,1,0
BRDA:112,2,0,0
BRDA:112,2,1,0
BRDA:129,3,0,0
BRDA:129,3,1,0
BRDA:148,4,0,0
BRDA:148,4,1,0
BRDA:150,5,0,0
BRDA:150,5,1,0
BRDA:161,6,0,0
BRDA:161,6,1,0
BRDA:163,7,0,0
BRDA:163,7,1,0
BRDA:178,8,0,0
BRDA:178,8,1,0
BRDA:180,9,0,0
BRDA:180,9,1,0
BRF:20
BRH:0
end_of_record
TN:
SF:src\components\optimization\DependencySizeBarChart.tsx
FN:23,(anonymous_0)
FNF:1
FNH:1
FNDA:2,(anonymous_0)
DA:23,1
DA:24,2
LF:2
LH:2
BRF:0
BRH:0
end_of_record
TN:
SF:src\components\optimization\LargeChunksList.tsx
FN:16,(anonymous_0)
FN:35,(anonymous_1)
FNF:2
FNH:2
FNDA:2,(anonymous_0)
FNDA:4,(anonymous_1)
DA:16,1
DA:17,2
DA:36,4
LF:3
LH:3
BRDA:43,0,0,0
BRDA:43,0,1,4
BRF:2
BRH:1
end_of_record
TN:
SF:src\components\optimization\OptimizationSuggestionsList.tsx
FN:8,(anonymous_0)
FN:14,(anonymous_1)
FNF:2
FNH:2
FNDA:2,(anonymous_0)
FNDA:2,(anonymous_1)
DA:8,1
DA:9,2
DA:15,2
LF:3
LH:3
BRF:0
BRH:0
end_of_record
TN:
SF:src\components\shot-analysis\ShotTracker.tsx
FN:12,(anonymous_0)
FN:17,(anonymous_1)
FN:20,(anonymous_2)
FN:24,(anonymous_3)
FN:28,(anonymous_4)
FN:33,(anonymous_5)
FN:38,(anonymous_6)
FN:68,(anonymous_7)
FN:72,(anonymous_8)
FN:97,(anonymous_9)
FN:101,(anonymous_10)
FNF:11
FNH:4
FNDA:6,(anonymous_0)
FNDA:6,(anonymous_1)
FNDA:0,(anonymous_2)
FNDA:0,(anonymous_3)
FNDA:0,(anonymous_4)
FNDA:6,(anonymous_5)
FNDA:0,(anonymous_6)
FNDA:1,(anonymous_7)
FNDA:0,(anonymous_8)
FNDA:0,(anonymous_9)
FNDA:0,(anonymous_10)
DA:12,1
DA:13,6
DA:14,6
DA:15,6
DA:17,6
DA:18,6
DA:20,6
DA:21,0
DA:24,6
DA:25,0
DA:28,6
DA:29,0
DA:30,0
DA:33,6
DA:34,6
DA:38,6
DA:42,0
DA:43,0
DA:45,0
DA:46,0
DA:49,0
DA:52,0
DA:53,0
DA:54,0
DA:55,0
DA:56,0
DA:57,0
DA:60,0
DA:61,0
DA:62,0
DA:63,0
DA:64,0
DA:65,0
DA:68,6
DA:69,1
DA:72,6
DA:73,0
DA:76,6
DA:97,0
DA:101,0
LF:40
LH:16
BRDA:43,0,0,0
BRDA:43,0,1,0
BRDA:46,1,0,0
BRDA:46,1,1,0
BRF:4
BRH:0
end_of_record
TN:
SF:src\components\social\SocialFeed.tsx
FN:78,(anonymous_0)
FN:90,(anonymous_1)
FN:94,(anonymous_2)
FN:107,(anonymous_3)
FN:110,(anonymous_4)
FN:126,(anonymous_5)
FN:136,(anonymous_6)
FN:137,(anonymous_7)
FN:140,(anonymous_8)
FN:141,(anonymous_9)
FN:142,(anonymous_10)
FN:146,(anonymous_11)
FN:158,(anonymous_12)
FN:174,(anonymous_13)
FN:190,(anonymous_14)
FN:206,(anonymous_15)
FN:206,(anonymous_16)
FN:212,(anonymous_17)
FN:312,(anonymous_18)
FN:346,(anonymous_19)
FN:359,(anonymous_20)
FN:368,(anonymous_21)
FN:384,(anonymous_22)
FN:404,(anonymous_23)
FN:431,(anonymous_24)
FN:441,(anonymous_25)
FNF:26
FNH:1
FNDA:29,(anonymous_0)
FNDA:0,(anonymous_1)
FNDA:0,(anonymous_2)
FNDA:0,(anonymous_3)
FNDA:0,(anonymous_4)
FNDA:0,(anonymous_5)
FNDA:0,(anonymous_6)
FNDA:0,(anonymous_7)
FNDA:0,(anonymous_8)
FNDA:0,(anonymous_9)
FNDA:0,(anonymous_10)
FNDA:0,(anonymous_11)
FNDA:0,(anonymous_12)
FNDA:0,(anonymous_13)
FNDA:0,(anonymous_14)
FNDA:0,(anonymous_15)
FNDA:0,(anonymous_16)
FNDA:0,(anonymous_17)
FNDA:0,(anonymous_18)
FNDA:0,(anonymous_19)
FNDA:0,(anonymous_20)
FNDA:0,(anonymous_21)
FNDA:0,(anonymous_22)
FNDA:0,(anonymous_23)
FNDA:0,(anonymous_24)
FNDA:0,(anonymous_25)
DA:78,1
DA:79,29
DA:80,28
DA:81,28
DA:82,28
DA:83,28
DA:84,28
DA:86,0
DA:87,0
DA:88,0
DA:90,0
DA:92,0
DA:94,0
DA:95,0
DA:96,0
DA:97,0
DA:98,0
DA:99,0
DA:104,0
DA:105,0
DA:107,0
DA:110,0
DA:111,0
DA:112,0
DA:113,0
DA:114,0
DA:115,0
DA:117,0
DA:118,0
DA:126,0
DA:127,0
DA:128,0
DA:129,0
DA:130,0
DA:132,0
DA:136,0
DA:137,0
DA:140,0
DA:141,0
DA:142,0
DA:146,0
DA:147,0
DA:148,0
DA:151,0
DA:152,0
DA:154,0
DA:158,0
DA:159,0
DA:160,0
DA:167,0
DA:168,0
DA:170,0
DA:174,0
DA:175,0
DA:176,0
DA:179,0
DA:180,0
DA:186,0
DA:190,0
DA:191,0
DA:192,0
DA:199,0
DA:200,0
DA:206,0
DA:208,0
DA:212,0
DA:213,0
DA:313,0
DA:346,0
DA:359,0
DA:368,0
DA:369,0
DA:385,0
DA:404,0
DA:415,0
DA:431,0
DA:442,0
LF:77
LH:7
BRDA:96,0,0,0
BRDA:96,0,1,0
BRDA:98,1,0,0
BRDA:98,1,1,0
BRDA:142,2,0,0
BRDA:142,2,1,0
BRDA:256,3,0,0
BRDA:256,3,1,0
BRDA:256,3,2,0
BRDA:273,4,0,0
BRDA:273,4,1,0
BRDA:275,5,0,0
BRDA:275,5,1,0
BRDA:277,6,0,0
BRDA:277,6,1,0
BRDA:288,7,0,0
BRDA:288,7,1,0
BRDA:288,7,2,0
BRDA:301,8,0,0
BRDA:301,8,1,0
BRDA:310,9,0,0
BRDA:310,9,1,0
BRDA:329,10,0,0
BRDA:329,10,1,0
BRDA:343,11,0,0
BRDA:343,11,1,0
BRDA:440,12,0,0
BRDA:440,12,1,0
BRF:28
BRH:0
end_of_record
TN:
SF:src\components\tournament\TournamentBracket.tsx
FN:42,(anonymous_0)
FN:60,(anonymous_1)
FN:70,(anonymous_2)
FN:76,(anonymous_3)
FN:87,(anonymous_4)
FN:98,(anonymous_5)
FN:111,(anonymous_6)
FN:179,(anonymous_7)
FN:191,(anonymous_8)
FN:192,(anonymous_9)
FN:223,(anonymous_10)
FN:224,(anonymous_11)
FNF:12
FNH:0
FNDA:0,(anonymous_0)
FNDA:0,(anonymous_1)
FNDA:0,(anonymous_2)
FNDA:0,(anonymous_3)
FNDA:0,(anonymous_4)
FNDA:0,(anonymous_5)
FNDA:0,(anonymous_6)
FNDA:0,(anonymous_7)
FNDA:0,(anonymous_8)
FNDA:0,(anonymous_9)
FNDA:0,(anonymous_10)
FNDA:0,(anonymous_11)
DA:42,1
DA:48,0
DA:49,0
DA:52,0
DA:53,0
DA:54,0
DA:55,0
DA:56,0
DA:59,0
DA:61,0
DA:62,0
DA:64,0
DA:65,0
DA:70,0
DA:71,0
DA:72,0
DA:76,0
DA:77,0
DA:79,0
DA:81,0
DA:83,0
DA:87,0
DA:88,0
DA:90,0
DA:92,0
DA:94,0
DA:98,0
DA:99,0
DA:100,0
DA:102,0
DA:111,0
DA:179,0
DA:180,0
DA:182,0
DA:192,0
DA:209,0
DA:223,0
DA:224,0
LF:38
LH:1
BRDA:46,0,0,0
BRDA:61,1,0,0
BRDA:61,1,1,0
BRDA:71,2,0,0
BRDA:71,2,1,0
BRDA:77,3,0,0
BRDA:77,3,1,0
BRDA:77,3,2,0
BRDA:88,4,0,0
BRDA:88,4,1,0
BRDA:88,4,2,0
BRDA:110,5,0,0
BRDA:110,5,1,0
BRDA:113,6,0,0
BRDA:113,6,1,0
BRDA:123,7,0,0
BRDA:123,7,1,0
BRDA:125,8,0,0
BRDA:125,8,1,0
BRDA:137,9,0,0
BRDA:137,9,1,0
BRDA:145,10,0,0
BRDA:145,10,1,0
BRDA:150,11,0,0
BRDA:150,11,1,0
BRDA:157,12,0,0
BRDA:157,12,1,0
BRDA:166,13,0,0
BRDA:166,13,1,0
BRDA:188,14,0,0
BRDA:188,14,1,0
BRDA:192,15,0,0
BRDA:192,15,1,0
BRDA:195,16,0,0
BRDA:195,16,1,0
BRDA:200,17,0,0
BRDA:200,17,1,0
BRF:37
BRH:0
end_of_record
TN:
SF:src\components\tournaments\TournamentDetail.tsx
FN:30,(anonymous_0)
FN:37,(anonymous_1)
FN:48,(anonymous_2)
FN:66,(anonymous_3)
FN:73,(anonymous_4)
FN:107,(anonymous_5)
FN:131,(anonymous_6)
FN:149,(anonymous_7)
FN:220,(anonymous_8)
FNF:9
FNH:7
FNDA:18,(anonymous_0)
FNDA:36,(anonymous_1)
FNDA:36,(anonymous_2)
FNDA:17,(anonymous_3)
FNDA:17,(anonymous_4)
FNDA:0,(anonymous_5)
FNDA:15,(anonymous_6)
FNDA:3,(anonymous_7)
FNDA:0,(anonymous_8)
DA:30,1
DA:31,18
DA:32,0
DA:35,18
DA:38,36
DA:48,1
DA:50,36
DA:51,36
DA:52,36
DA:53,36
DA:54,36
DA:57,36
DA:58,36
DA:59,36
DA:62,36
DA:63,36
DA:64,36
DA:66,36
DA:67,17
DA:68,0
DA:69,0
DA:70,0
DA:73,17
DA:74,17
DA:75,17
DA:76,17
DA:77,17
DA:78,15
DA:80,15
DA:81,15
DA:82,15
DA:83,15
DA:84,15
DA:85,14
DA:87,1
DA:88,1
DA:90,15
DA:93,0
DA:96,1
DA:97,1
DA:98,1
DA:100,16
DA:104,17
DA:107,36
DA:108,0
DA:110,0
DA:111,0
DA:112,0
DA:113,0
DA:115,0
DA:117,0
DA:119,0
DA:120,0
DA:121,0
DA:123,0
DA:124,0
DA:126,0
DA:131,36
DA:132,15
DA:134,15
DA:138,15
DA:143,15
DA:149,3
DA:176,36
DA:177,17
DA:184,19
DA:185,1
DA:193,18
DA:194,0
DA:202,18
DA:220,0
LF:71
LH:51
BRDA:31,0,0,0
BRDA:31,0,1,18
BRDA:31,1,0,18
BRDA:31,1,1,18
BRDA:67,2,0,0
BRDA:67,2,1,17
BRDA:80,3,0,15
BRDA:80,3,1,0
BRDA:97,4,0,1
BRDA:97,4,1,0
BRDA:108,5,0,0
BRDA:108,5,1,0
BRDA:108,6,0,0
BRDA:108,6,1,0
BRDA:120,7,0,0
BRDA:120,7,1,0
BRDA:132,8,0,0
BRDA:132,8,1,15
BRDA:132,9,0,15
BRDA:132,9,1,15
BRDA:138,10,0,15
BRDA:138,10,1,6
BRDA:138,10,2,10
BRDA:138,10,3,5
BRDA:145,11,0,15
BRDA:145,11,1,5
BRDA:152,12,0,0
BRDA:152,12,1,5
BRDA:155,13,0,15
BRDA:155,13,1,1
BRDA:158,14,0,15
BRDA:158,14,1,1
BRDA:161,15,0,15
BRDA:161,15,1,1
BRDA:164,16,0,15
BRDA:164,16,1,1
BRDA:167,17,0,15
BRDA:167,17,1,1
BRDA:176,18,0,17
BRDA:176,18,1,19
BRDA:184,19,0,1
BRDA:184,19,1,18
BRDA:193,20,0,0
BRDA:193,20,1,18
BRDA:209,21,0,18
BRDA:209,21,1,18
BRDA:209,21,2,15
BRDA:213,22,0,18
BRDA:213,22,1,3
BRDA:218,23,0,0
BRDA:218,23,1,3
BRDA:226,24,0,18
BRDA:226,24,1,0
BRDA:232,25,0,18
BRDA:232,25,1,0
BRDA:232,25,2,0
BRDA:243,26,0,18
BRDA:243,26,1,0
BRDA:247,27,0,18
BRDA:247,27,1,0
BRDA:248,28,0,0
BRDA:248,28,1,0
BRDA:252,29,0,0
BRDA:252,29,1,18
BRDA:252,30,0,1
BRDA:252,30,1,17
BRDA:252,31,0,17
BRDA:252,31,1,0
BRDA:258,32,0,18
BRDA:258,32,1,18
BRDA:264,33,0,18
BRDA:264,33,1,18
BRDA:277,34,0,18
BRDA:277,34,1,0
BRF:74
BRH:50
end_of_record
TN:
SF:src\components\venue\VenueDashboard.tsx
FN:12,(anonymous_0)
FN:17,(anonymous_1)
FN:18,(anonymous_2)
FN:71,(anonymous_3)
FN:113,(anonymous_4)
FN:134,(anonymous_5)
FNF:6
FNH:2
FNDA:2,(anonymous_0)
FNDA:2,(anonymous_1)
FNDA:0,(anonymous_2)
FNDA:0,(anonymous_3)
FNDA:0,(anonymous_4)
FNDA:0,(anonymous_5)
DA:12,1
DA:13,2
DA:14,2
DA:15,2
DA:17,2
DA:18,2
DA:19,0
DA:20,0
DA:21,0
DA:23,0
DA:28,0
DA:31,0
DA:32,0
DA:34,0
DA:38,2
DA:39,0
DA:43,2
DA:44,2
DA:51,0
DA:52,0
DA:59,0
DA:60,0
DA:69,0
DA:71,0
DA:73,0
DA:114,0
DA:135,0
LF:27
LH:9
BRDA:38,0,0,0
BRDA:38,0,1,2
BRDA:43,1,0,2
BRDA:43,1,1,0
BRDA:51,2,0,0
BRDA:51,2,1,0
BRDA:59,3,0,0
BRDA:59,3,1,0
BRDA:87,4,0,0
BRDA:87,4,1,0
BRDA:87,4,2,0
BRDA:112,5,0,0
BRDA:112,5,1,0
BRDA:133,6,0,0
BRDA:133,6,1,0
BRF:15
BRH:2
end_of_record
TN:
SF:src\components\wallet\WalletDashboard.tsx
FN:15,(anonymous_0)
FN:26,(anonymous_1)
FN:28,(anonymous_2)
FN:32,(anonymous_3)
FN:62,(anonymous_4)
FN:99,(anonymous_5)
FN:131,(anonymous_6)
FN:136,(anonymous_7)
FN:160,(anonymous_8)
FNF:9
FNH:6
FNDA:17,(anonymous_0)
FNDA:6,(anonymous_1)
FNDA:6,(anonymous_2)
FNDA:6,(anonymous_3)
FNDA:0,(anonymous_4)
FNDA:0,(anonymous_5)
FNDA:8,(anonymous_6)
FNDA:8,(anonymous_7)
FNDA:0,(anonymous_8)
DA:15,1
DA:16,17
DA:17,16
DA:19,16
DA:20,16
DA:21,16
DA:22,16
DA:23,16
DA:26,16
DA:28,16
DA:29,6
DA:32,16
DA:33,6
DA:34,6
DA:36,6
DA:37,5
DA:39,5
DA:40,5
DA:44,5
DA:45,5
DA:47,0
DA:48,0
DA:53,1
DA:54,1
DA:55,1
DA:56,1
DA:58,6
DA:62,16
DA:63,0
DA:65,0
DA:67,0
DA:68,0
DA:69,0
DA:72,0
DA:76,16
DA:77,6
DA:84,10
DA:99,0
DA:131,8
DA:136,8
DA:160,0
LF:41
LH:31
BRDA:39,0,0,5
BRDA:39,0,1,0
BRDA:76,1,0,6
BRDA:76,1,1,10
BRDA:94,2,0,10
BRDA:94,2,1,2
BRDA:115,3,0,10
BRDA:115,3,1,2
BRDA:118,4,0,8
BRDA:118,4,1,2
BRDA:131,5,0,8
BRDA:131,5,1,2
BRDA:131,6,0,8
BRDA:131,6,1,0
BRDA:136,7,0,8
BRDA:136,7,1,2
BRDA:136,8,0,8
BRDA:136,8,1,0
BRDA:162,9,0,10
BRDA:162,9,1,2
BRF:20
BRH:17
end_of_record
TN:
SF:src\components\wallet\WalletStats.tsx
FN:28,(anonymous_0)
FN:71,(anonymous_1)
FN:78,(anonymous_2)
FN:79,(anonymous_3)
FNF:4
FNH:4
FNDA:8,(anonymous_0)
FNDA:3,(anonymous_1)
FNDA:2,(anonymous_2)
FNDA:2,(anonymous_3)
DA:28,1
DA:29,8
DA:31,8
DA:71,1
DA:72,3
DA:74,3
DA:75,1
DA:78,2
DA:79,2
DA:81,2
LF:10
LH:10
BRDA:62,0,0,8
BRDA:62,0,1,4
BRDA:74,1,0,1
BRDA:74,1,1,2
BRDA:78,2,0,1
BRDA:78,2,1,1
BRDA:79,3,0,1
BRDA:79,3,1,1
BRDA:86,4,0,2
BRDA:86,4,1,0
BRDA:87,5,0,2
BRDA:87,5,1,0
BRDA:104,6,0,2
BRDA:104,6,1,0
BRDA:112,7,0,2
BRDA:112,7,1,0
BRF:16
BRH:12
end_of_record
TN:
SF:src\components\wallet\WalletTransactionList.tsx
FN:26,(anonymous_0)
FN:27,(anonymous_1)
FN:34,(anonymous_2)
FN:41,(anonymous_3)
FN:61,(anonymous_4)
FNF:5
FNH:5
FNDA:2,(anonymous_0)
FNDA:3,(anonymous_1)
FNDA:3,(anonymous_2)
FNDA:3,(anonymous_3)
FNDA:3,(anonymous_4)
DA:26,1
DA:27,2
DA:28,3
DA:29,3
DA:30,2
DA:31,2
DA:34,2
DA:35,3
DA:36,3
DA:37,2
DA:38,2
DA:41,2
DA:42,3
DA:43,3
DA:44,2
DA:45,2
DA:46,2
DA:48,0
DA:51,2
DA:52,1
DA:59,1
DA:62,3
LF:22
LH:21
BRDA:29,0,0,1
BRDA:29,0,1,2
BRDA:30,1,0,0
BRDA:30,1,1,2
BRDA:31,2,0,1
BRDA:31,2,1,1
BRDA:36,3,0,1
BRDA:36,3,1,2
BRDA:37,4,0,0
BRDA:37,4,1,2
BRDA:38,5,0,1
BRDA:38,5,1,1
BRDA:43,6,0,1
BRDA:43,6,1,2
BRDA:44,7,0,0
BRDA:44,7,1,2
BRDA:45,8,0,2
BRDA:45,8,1,0
BRDA:46,9,0,1
BRDA:46,9,1,1
BRDA:48,10,0,0
BRDA:48,10,1,0
BRDA:51,11,0,1
BRDA:51,11,1,1
BRDA:71,12,0,3
BRDA:71,12,1,0
BRDA:83,13,0,3
BRDA:83,13,1,0
BRDA:88,14,0,2
BRDA:88,14,1,1
BRDA:91,15,0,3
BRDA:91,15,1,0
BRDA:97,16,0,3
BRDA:97,16,1,2
BRF:34
BRH:25
end_of_record
TN:
SF:src\config\ssl.ts
FN:59,validateSSLConfig
FNF:1
FNH:0
FNDA:0,validateSSLConfig
DA:19,1
DA:31,1
DA:60,0
DA:61,0
DA:64,0
DA:65,0
DA:68,0
DA:69,0
DA:73,0
DA:74,0
DA:75,0
DA:76,0
DA:81,0
DA:82,0
DA:86,0
DA:87,0
DA:90,0
LF:17
LH:2
BRDA:33,0,0,1
BRDA:33,0,1,1
BRDA:40,1,0,1
BRDA:40,1,1,0
BRDA:60,2,0,0
BRDA:60,2,1,0
BRDA:68,3,0,0
BRDA:68,3,1,0
BRDA:75,4,0,0
BRDA:75,4,1,0
BRDA:81,5,0,0
BRDA:81,5,1,0
BRDA:81,6,0,0
BRDA:81,6,1,0
BRDA:86,7,0,0
BRDA:86,7,1,0
BRDA:86,8,0,0
BRDA:86,8,1,0
BRF:18
BRH:3
end_of_record
TN:
SF:src\core\consensus\ConsensusManager.ts
FN:58,(anonymous_0)
FN:87,(anonymous_1)
FN:88,(anonymous_2)
FN:114,(anonymous_3)
FN:120,(anonymous_4)
FN:128,(anonymous_5)
FN:133,(anonymous_6)
FN:145,(anonymous_7)
FN:161,(anonymous_8)
FN:187,(anonymous_9)
FN:238,(anonymous_10)
FN:266,(anonymous_11)
FN:298,(anonymous_12)
FN:316,(anonymous_13)
FN:324,(anonymous_14)
FN:329,(anonymous_15)
FN:350,(anonymous_16)
FN:363,(anonymous_17)
FN:392,(anonymous_18)
FN:401,(anonymous_19)
FN:406,(anonymous_20)
FN:407,(anonymous_21)
FN:412,(anonymous_22)
FN:415,(anonymous_23)
FN:428,(anonymous_24)
FN:437,(anonymous_25)
FN:445,(anonymous_26)
FN:455,(anonymous_27)
FN:459,(anonymous_28)
FN:463,(anonymous_29)
FN:467,(anonymous_30)
FN:471,(anonymous_31)
FN:475,(anonymous_32)
FNF:33
FNH:0
FNDA:0,(anonymous_0)
FNDA:0,(anonymous_1)
FNDA:0,(anonymous_2)
FNDA:0,(anonymous_3)
FNDA:0,(anonymous_4)
FNDA:0,(anonymous_5)
FNDA:0,(anonymous_6)
FNDA:0,(anonymous_7)
FNDA:0,(anonymous_8)
FNDA:0,(anonymous_9)
FNDA:0,(anonymous_10)
FNDA:0,(anonymous_11)
FNDA:0,(anonymous_12)
FNDA:0,(anonymous_13)
FNDA:0,(anonymous_14)
FNDA:0,(anonymous_15)
FNDA:0,(anonymous_16)
FNDA:0,(anonymous_17)
FNDA:0,(anonymous_18)
FNDA:0,(anonymous_19)
FNDA:0,(anonymous_20)
FNDA:0,(anonymous_21)
FNDA:0,(anonymous_22)
FNDA:0,(anonymous_23)
FNDA:0,(anonymous_24)
FNDA:0,(anonymous_25)
FNDA:0,(anonymous_26)
FNDA:0,(anonymous_27)
FNDA:0,(anonymous_28)
FNDA:0,(anonymous_29)
FNDA:0,(anonymous_30)
FNDA:0,(anonymous_31)
FNDA:0,(anonymous_32)
DA:63,0
DA:64,0
DA:65,0
DA:66,0
DA:67,0
DA:68,0
DA:69,0
DA:70,0
DA:71,0
DA:72,0
DA:73,0
DA:74,0
DA:75,0
DA:76,0
DA:77,0
DA:78,0
DA:79,0
DA:80,0
DA:81,0
DA:83,0
DA:84,0
DA:88,0
DA:89,0
DA:91,0
DA:92,0
DA:94,0
DA:98,0
DA:100,0
DA:101,0
DA:103,0
DA:107,0
DA:109,0
DA:110,0
DA:114,0
DA:115,0
DA:116,0
DA:117,0
DA:120,0
DA:121,0
DA:122,0
DA:123,0
DA:124,0
DA:129,0
DA:130,0
DA:134,0
DA:135,0
DA:136,0
DA:138,0
DA:139,0
DA:140,0
DA:142,0
DA:146,0
DA:147,0
DA:150,0
DA:155,0
DA:156,0
DA:158,0
DA:162,0
DA:163,0
DA:165,0
DA:166,0
DA:167,0
DA:168,0
DA:170,0
DA:190,0
DA:195,0
DA:196,0
DA:197,0
DA:200,0
DA:201,0
DA:202,0
DA:204,0
DA:208,0
DA:209,0
DA:212,0
DA:213,0
DA:216,0
DA:221,0
DA:222,0
DA:226,0
DA:229,0
DA:230,0
DA:231,0
DA:232,0
DA:235,0
DA:241,0
DA:243,0
DA:244,0
DA:246,0
DA:247,0
DA:248,0
DA:249,0
DA:252,0
DA:253,0
DA:254,0
DA:255,0
DA:258,0
DA:259,0
DA:260,0
DA:261,0
DA:267,0
DA:269,0
DA:271,0
DA:272,0
DA:273,0
DA:276,0
DA:281,0
DA:282,0
DA:283,0
DA:286,0
DA:301,0
DA:303,0
DA:305,0
DA:306,0
DA:307,0
DA:308,0
DA:311,0
DA:312,0
DA:315,0
DA:316,0
DA:318,0
DA:319,0
DA:325,0
DA:326,0
DA:330,0
DA:331,0
DA:332,0
DA:335,0
DA:336,0
DA:337,0
DA:341,0
DA:342,0
DA:343,0
DA:346,0
DA:347,0
DA:351,0
DA:352,0
DA:353,0
DA:354,0
DA:355,0
DA:357,0
DA:358,0
DA:359,0
DA:364,0
DA:365,0
DA:366,0
DA:367,0
DA:368,0
DA:369,0
DA:371,0
DA:374,0
DA:375,0
DA:377,0
DA:389,0
DA:393,0
DA:394,0
DA:398,0
DA:401,0
DA:402,0
DA:407,0
DA:408,0
DA:414,0
DA:415,0
DA:417,0
DA:419,0
DA:423,0
DA:424,0
DA:429,0
DA:430,0
DA:431,0
DA:432,0
DA:433,0
DA:438,0
DA:439,0
DA:440,0
DA:441,0
DA:446,0
DA:447,0
DA:449,0
DA:450,0
DA:451,0
DA:456,0
DA:460,0
DA:464,0
DA:468,0
DA:472,0
DA:476,0
DA:477,0
LF:188
LH:0
BRDA:89,0,0,0
BRDA:89,0,1,0
BRDA:89,0,2,0
BRDA:89,0,3,0
BRDA:89,0,4,0
BRDA:134,1,0,0
BRDA:134,1,1,0
BRDA:138,2,0,0
BRDA:138,2,1,0
BRDA:146,3,0,0
BRDA:146,3,1,0
BRDA:163,4,0,0
BRDA:163,4,1,0
BRDA:165,5,0,0
BRDA:165,5,1,0
BRDA:167,6,0,0
BRDA:167,6,1,0
BRDA:195,7,0,0
BRDA:195,7,1,0
BRDA:204,8,0,0
BRDA:204,8,1,0
BRDA:205,9,0,0
BRDA:205,9,1,0
BRDA:216,10,0,0
BRDA:216,10,1,0
BRDA:217,11,0,0
BRDA:217,11,1,0
BRDA:217,11,2,0
BRDA:229,12,0,0
BRDA:229,12,1,0
BRDA:241,13,0,0
BRDA:241,13,1,0
BRDA:246,14,0,0
BRDA:246,14,1,0
BRDA:252,15,0,0
BRDA:252,15,1,0
BRDA:258,16,0,0
BRDA:258,16,1,0
BRDA:259,17,0,0
BRDA:259,17,1,0
BRDA:271,18,0,0
BRDA:271,18,1,0
BRDA:276,19,0,0
BRDA:276,19,1,0
BRDA:277,20,0,0
BRDA:277,20,1,0
BRDA:277,20,2,0
BRDA:277,20,3,0
BRDA:301,21,0,0
BRDA:301,21,1,0
BRDA:305,22,0,0
BRDA:305,22,1,0
BRDA:311,23,0,0
BRDA:311,23,1,0
BRDA:311,24,0,0
BRDA:311,24,1,0
BRDA:318,25,0,0
BRDA:318,25,1,0
BRDA:341,26,0,0
BRDA:341,26,1,0
BRDA:357,27,0,0
BRDA:357,27,1,0
BRDA:375,28,0,0
BRDA:375,28,1,0
BRDA:393,29,0,0
BRDA:393,29,1,0
BRDA:419,30,0,0
BRDA:419,30,1,0
BRDA:420,31,0,0
BRDA:420,31,1,0
BRDA:438,32,0,0
BRDA:438,32,1,0
BRDA:447,33,0,0
BRDA:447,33,1,0
BRDA:449,34,0,0
BRDA:449,34,1,0
BRDA:450,35,0,0
BRDA:450,35,1,0
BRDA:450,36,0,0
BRDA:450,36,1,0
BRDA:476,37,0,0
BRDA:476,37,1,0
BRF:82
BRH:0
end_of_record
TN:
SF:src\core\consensus\ConsensusProtocol.ts
FN:83,(anonymous_0)
FN:104,(anonymous_1)
FN:105,(anonymous_2)
FN:122,(anonymous_3)
FN:129,(anonymous_4)
FN:133,(anonymous_5)
FN:142,(anonymous_6)
FN:152,(anonymous_7)
FN:159,(anonymous_8)
FN:187,(anonymous_9)
FN:209,(anonymous_10)
FN:228,(anonymous_11)
FN:246,(anonymous_12)
FN:249,(anonymous_13)
FN:257,(anonymous_14)
FN:269,(anonymous_15)
FN:274,(anonymous_16)
FN:284,(anonymous_17)
FN:293,(anonymous_18)
FN:332,(anonymous_19)
FN:350,(anonymous_20)
FN:372,(anonymous_21)
FN:376,(anonymous_22)
FN:380,(anonymous_23)
FN:384,(anonymous_24)
FN:388,(anonymous_25)
FNF:26
FNH:0
FNDA:0,(anonymous_0)
FNDA:0,(anonymous_1)
FNDA:0,(anonymous_2)
FNDA:0,(anonymous_3)
FNDA:0,(anonymous_4)
FNDA:0,(anonymous_5)
FNDA:0,(anonymous_6)
FNDA:0,(anonymous_7)
FNDA:0,(anonymous_8)
FNDA:0,(anonymous_9)
FNDA:0,(anonymous_10)
FNDA:0,(anonymous_11)
FNDA:0,(anonymous_12)
FNDA:0,(anonymous_13)
FNDA:0,(anonymous_14)
FNDA:0,(anonymous_15)
FNDA:0,(anonymous_16)
FNDA:0,(anonymous_17)
FNDA:0,(anonymous_18)
FNDA:0,(anonymous_19)
FNDA:0,(anonymous_20)
FNDA:0,(anonymous_21)
FNDA:0,(anonymous_22)
FNDA:0,(anonymous_23)
FNDA:0,(anonymous_24)
FNDA:0,(anonymous_25)
DA:84,0
DA:85,0
DA:86,0
DA:87,0
DA:88,0
DA:89,0
DA:90,0
DA:91,0
DA:92,0
DA:93,0
DA:94,0
DA:95,0
DA:96,0
DA:97,0
DA:98,0
DA:99,0
DA:101,0
DA:105,0
DA:106,0
DA:108,0
DA:109,0
DA:111,0
DA:112,0
DA:114,0
DA:115,0
DA:117,0
DA:118,0
DA:122,0
DA:123,0
DA:124,0
DA:130,0
DA:134,0
DA:135,0
DA:137,0
DA:138,0
DA:143,0
DA:144,0
DA:147,0
DA:152,0
DA:153,0
DA:154,0
DA:160,0
DA:161,0
DA:162,0
DA:163,0
DA:164,0
DA:166,0
DA:173,0
DA:184,0
DA:188,0
DA:189,0
DA:190,0
DA:193,0
DA:194,0
DA:195,0
DA:196,0
DA:197,0
DA:200,0
DA:201,0
DA:202,0
DA:203,0
DA:205,0
DA:210,0
DA:216,0
DA:229,0
DA:230,0
DA:233,0
DA:234,0
DA:235,0
DA:236,0
DA:237,0
DA:238,0
DA:239,0
DA:242,0
DA:243,0
DA:247,0
DA:248,0
DA:249,0
DA:252,0
DA:253,0
DA:258,0
DA:259,0
DA:260,0
DA:261,0
DA:262,0
DA:270,0
DA:271,0
DA:274,0
DA:275,0
DA:285,0
DA:286,0
DA:287,0
DA:288,0
DA:289,0
DA:294,0
DA:295,0
DA:302,0
DA:303,0
DA:305,0
DA:306,0
DA:316,0
DA:317,0
DA:329,0
DA:333,0
DA:334,0
DA:335,0
DA:337,0
DA:354,0
DA:355,0
DA:356,0
DA:361,0
DA:362,0
DA:364,0
DA:365,0
DA:373,0
DA:377,0
DA:381,0
DA:385,0
DA:389,0
LF:119
LH:0
BRDA:106,0,0,0
BRDA:106,0,1,0
BRDA:106,0,2,0
BRDA:106,0,3,0
BRDA:123,1,0,0
BRDA:123,1,1,0
BRDA:134,2,0,0
BRDA:134,2,1,0
BRDA:137,3,0,0
BRDA:137,3,1,0
BRDA:143,4,0,0
BRDA:143,4,1,0
BRDA:153,5,0,0
BRDA:153,5,1,0
BRDA:169,6,0,0
BRDA:169,6,1,0
BRDA:188,7,0,0
BRDA:188,7,1,0
BRDA:193,8,0,0
BRDA:193,8,1,0
BRDA:200,9,0,0
BRDA:200,9,1,0
BRDA:200,10,0,0
BRDA:200,10,1,0
BRDA:229,11,0,0
BRDA:229,11,1,0
BRDA:229,12,0,0
BRDA:229,12,1,0
BRDA:233,13,0,0
BRDA:233,13,1,0
BRDA:252,14,0,0
BRDA:252,14,1,0
BRDA:258,15,0,0
BRDA:258,15,1,0
BRDA:270,16,0,0
BRDA:270,16,1,0
BRDA:286,17,0,0
BRDA:286,17,1,0
BRDA:305,18,0,0
BRDA:305,18,1,0
BRDA:316,19,0,0
BRDA:316,19,1,0
BRDA:333,20,0,0
BRDA:333,20,1,0
BRDA:333,21,0,0
BRDA:333,21,1,0
BRDA:355,22,0,0
BRDA:355,22,1,0
BRDA:355,23,0,0
BRDA:355,23,1,0
BRDA:362,24,0,0
BRDA:362,24,1,0
BRF:52
BRH:0
end_of_record
TN:
SF:src\core\consensus\RaftConsensus.ts
FN:62,(anonymous_0)
FN:82,(anonymous_1)
FN:88,(anonymous_2)
FN:91,(anonymous_3)
FN:100,(anonymous_4)
FN:112,(anonymous_5)
FN:142,(anonymous_6)
FN:157,(anonymous_7)
FN:169,(anonymous_8)
FN:172,(anonymous_9)
FN:182,(anonymous_10)
FN:191,(anonymous_11)
FN:195,(anonymous_12)
FN:199,(anonymous_13)
FN:203,(anonymous_14)
FN:220,(anonymous_15)
FNF:16
FNH:0
FNDA:0,(anonymous_0)
FNDA:0,(anonymous_1)
FNDA:0,(anonymous_2)
FNDA:0,(anonymous_3)
FNDA:0,(anonymous_4)
FNDA:0,(anonymous_5)
FNDA:0,(anonymous_6)
FNDA:0,(anonymous_7)
FNDA:0,(anonymous_8)
FNDA:0,(anonymous_9)
FNDA:0,(anonymous_10)
FNDA:0,(anonymous_11)
FNDA:0,(anonymous_12)
FNDA:0,(anonymous_13)
FNDA:0,(anonymous_14)
FNDA:0,(anonymous_15)
DA:63,0
DA:64,0
DA:65,0
DA:66,0
DA:67,0
DA:69,0
DA:70,0
DA:71,0
DA:72,0
DA:73,0
DA:74,0
DA:75,0
DA:76,0
DA:77,0
DA:79,0
DA:83,0
DA:84,0
DA:87,0
DA:88,0
DA:92,0
DA:93,0
DA:94,0
DA:95,0
DA:96,0
DA:101,0
DA:102,0
DA:104,0
DA:118,0
DA:119,0
DA:120,0
DA:121,0
DA:124,0
DA:125,0
DA:127,0
DA:134,0
DA:135,0
DA:143,0
DA:144,0
DA:148,0
DA:149,0
DA:162,0
DA:163,0
DA:164,0
DA:165,0
DA:166,0
DA:169,0
DA:170,0
DA:172,0
DA:175,0
DA:176,0
DA:183,0
DA:187,0
DA:192,0
DA:196,0
DA:200,0
DA:209,0
DA:221,0
DA:222,0
DA:224,0
DA:225,0
LF:60
LH:0
BRDA:83,0,0,0
BRDA:83,0,1,0
BRDA:92,1,0,0
BRDA:92,1,1,0
BRDA:102,2,0,0
BRDA:102,2,1,0
BRDA:118,3,0,0
BRDA:118,3,1,0
BRDA:125,4,0,0
BRDA:125,4,1,0
BRDA:127,5,0,0
BRDA:127,5,1,0
BRDA:128,6,0,0
BRDA:128,6,1,0
BRDA:128,6,2,0
BRDA:128,6,3,0
BRDA:128,6,4,0
BRDA:128,6,5,0
BRDA:143,7,0,0
BRDA:143,7,1,0
BRDA:162,8,0,0
BRDA:162,8,1,0
BRDA:170,9,0,0
BRDA:170,9,1,0
BRDA:172,10,0,0
BRDA:172,10,1,0
BRDA:183,11,0,0
BRDA:183,11,1,0
BRDA:196,12,0,0
BRDA:196,12,1,0
BRDA:221,13,0,0
BRDA:221,13,1,0
BRDA:224,14,0,0
BRDA:224,14,1,0
BRF:34
BRH:0
end_of_record
TN:
SF:src\core\consensus\types.ts
FNF:0
FNH:0
LF:0
LH:0
BRF:0
BRH:0
end_of_record
TN:
SF:src\core\consistency\CRDT.ts
FN:12,(anonymous_0)
FN:23,(anonymous_1)
FN:30,(anonymous_2)
FN:42,(anonymous_3)
FN:52,(anonymous_4)
FN:59,(anonymous_5)
FN:66,(anonymous_6)
FN:82,(anonymous_7)
FN:90,(anonymous_8)
FN:98,(anonymous_9)
FN:105,(anonymous_10)
FN:106,(anonymous_11)
FN:113,(anonymous_12)
FN:120,(anonymous_13)
FN:133,(anonymous_14)
FN:141,(anonymous_15)
FN:150,(anonymous_16)
FN:159,(anonymous_17)
FN:160,(anonymous_18)
FN:166,(anonymous_19)
FN:174,(anonymous_20)
FN:181,(anonymous_21)
FNF:22
FNH:0
FNDA:0,(anonymous_0)
FNDA:0,(anonymous_1)
FNDA:0,(anonymous_2)
FNDA:0,(anonymous_3)
FNDA:0,(anonymous_4)
FNDA:0,(anonymous_5)
FNDA:0,(anonymous_6)
FNDA:0,(anonymous_7)
FNDA:0,(anonymous_8)
FNDA:0,(anonymous_9)
FNDA:0,(anonymous_10)
FNDA:0,(anonymous_11)
FNDA:0,(anonymous_12)
FNDA:0,(anonymous_13)
FNDA:0,(anonymous_14)
FNDA:0,(anonymous_15)
FNDA:0,(anonymous_16)
FNDA:0,(anonymous_17)
FNDA:0,(anonymous_18)
FNDA:0,(anonymous_19)
FNDA:0,(anonymous_20)
FNDA:0,(anonymous_21)
DA:13,0
DA:14,0
DA:24,0
DA:31,0
DA:32,0
DA:43,0
DA:44,0
DA:45,0
DA:53,0
DA:60,0
DA:67,0
DA:83,0
DA:84,0
DA:91,0
DA:92,0
DA:99,0
DA:106,0
DA:107,0
DA:114,0
DA:121,0
DA:134,0
DA:135,0
DA:142,0
DA:143,0
DA:151,0
DA:152,0
DA:160,0
DA:167,0
DA:168,0
DA:175,0
DA:182,0
LF:31
LH:0
BRDA:43,0,0,0
BRDA:43,0,1,0
BRDA:142,1,0,0
BRDA:142,1,1,0
BRDA:151,2,0,0
BRDA:151,2,1,0
BRDA:175,3,0,0
BRDA:175,3,1,0
BRF:8
BRH:0
end_of_record
TN:
SF:src\core\consistency\VectorClock.ts
FN:13,(anonymous_0)
FN:19,(anonymous_1)
FN:26,(anonymous_2)
FN:33,(anonymous_3)
FN:40,(anonymous_4)
FN:48,(anonymous_5)
FN:49,(anonymous_6)
FN:57,(anonymous_7)
FN:70,(anonymous_8)
FN:77,(anonymous_9)
FN:84,(anonymous_10)
FN:88,(anonymous_11)
FN:120,(anonymous_12)
FN:124,(anonymous_13)
FN:128,(anonymous_14)
FNF:15
FNH:11
FNDA:39,(anonymous_0)
FNDA:0,(anonymous_1)
FNDA:32,(anonymous_2)
FNDA:8,(anonymous_3)
FNDA:0,(anonymous_4)
FNDA:2,(anonymous_5)
FNDA:2,(anonymous_6)
FNDA:6,(anonymous_7)
FNDA:2,(anonymous_8)
FNDA:1,(anonymous_9)
FNDA:1,(anonymous_10)
FNDA:3,(anonymous_11)
FNDA:0,(anonymous_12)
FNDA:0,(anonymous_13)
FNDA:3,(anonymous_14)
DA:14,39
DA:15,39
DA:16,39
DA:20,0
DA:27,32
DA:34,8
DA:41,0
DA:49,2
DA:50,2
DA:58,6
DA:59,6
DA:60,6
DA:61,6
DA:62,5
DA:64,5
DA:71,2
DA:78,1
DA:85,1
DA:89,3
DA:90,3
DA:92,3
DA:97,3
DA:99,6
DA:102,6
DA:104,6
DA:105,3
DA:106,3
DA:107,3
DA:110,6
DA:111,3
DA:115,0
DA:116,0
DA:117,0
DA:121,0
DA:125,0
DA:129,3
DA:134,3
DA:135,3
DA:136,0
DA:139,3
LF:40
LH:32
BRDA:27,0,0,32
BRDA:27,0,1,23
BRDA:50,1,0,2
BRDA:50,1,1,0
BRDA:60,2,0,6
BRDA:60,2,1,0
BRDA:61,3,0,1
BRDA:61,3,1,5
BRDA:62,4,0,2
BRDA:62,4,1,3
BRDA:71,5,0,2
BRDA:71,5,1,1
BRDA:99,6,0,3
BRDA:99,6,1,3
BRDA:102,7,0,3
BRDA:102,7,1,3
BRDA:104,8,0,3
BRDA:104,8,1,3
BRDA:106,9,0,3
BRDA:106,9,1,0
BRDA:110,10,0,3
BRDA:110,10,1,3
BRDA:110,11,0,6
BRDA:110,11,1,3
BRDA:115,12,0,0
BRDA:115,12,1,0
BRDA:115,13,0,0
BRDA:115,13,1,0
BRDA:116,14,0,0
BRDA:116,14,1,0
BRDA:116,15,0,0
BRDA:116,15,1,0
BRDA:135,16,0,0
BRDA:135,16,1,3
BRDA:135,17,0,3
BRDA:135,17,1,1
BRDA:135,18,0,3
BRDA:135,18,1,1
BRF:38
BRH:26
end_of_record
TN:
SF:src\core\game\GameState.ts
FN:105,getBallType
FN:132,(anonymous_1)
FN:153,(anonymous_2)
FN:156,(anonymous_3)
FN:178,(anonymous_4)
FN:199,(anonymous_5)
FN:291,(anonymous_6)
FN:329,(anonymous_7)
FN:367,(anonymous_8)
FN:445,(anonymous_9)
FN:482,(anonymous_10)
FN:498,(anonymous_11)
FN:515,(anonymous_12)
FN:524,(anonymous_13)
FN:536,(anonymous_14)
FN:557,(anonymous_15)
FN:587,(anonymous_16)
FN:604,(anonymous_17)
FN:621,(anonymous_18)
FN:673,(anonymous_19)
FN:690,(anonymous_20)
FN:710,(anonymous_21)
FN:720,(anonymous_22)
FN:771,(anonymous_23)
FN:774,(anonymous_24)
FN:790,(anonymous_25)
FN:810,(anonymous_26)
FN:826,(anonymous_27)
FN:846,(anonymous_28)
FN:871,(anonymous_29)
FN:921,(anonymous_30)
FN:926,(anonymous_31)
FN:928,(anonymous_32)
FN:930,(anonymous_33)
FN:932,(anonymous_34)
FN:940,(anonymous_35)
FN:956,(anonymous_36)
FN:957,(anonymous_37)
FN:962,(anonymous_38)
FN:970,(anonymous_39)
FN:970,(anonymous_40)
FN:1054,(anonymous_41)
FN:1062,(anonymous_42)
FN:1066,(anonymous_43)
FN:1081,(anonymous_44)
FN:1162,(anonymous_45)
FN:1170,(anonymous_46)
FN:1174,(anonymous_47)
FN:1194,(anonymous_48)
FN:1204,(anonymous_49)
FN:1224,(anonymous_50)
FN:1233,(anonymous_51)
FN:1249,(anonymous_52)
FNF:53
FNH:0
FNDA:0,getBallType
FNDA:0,(anonymous_1)
FNDA:0,(anonymous_2)
FNDA:0,(anonymous_3)
FNDA:0,(anonymous_4)
FNDA:0,(anonymous_5)
FNDA:0,(anonymous_6)
FNDA:0,(anonymous_7)
FNDA:0,(anonymous_8)
FNDA:0,(anonymous_9)
FNDA:0,(anonymous_10)
FNDA:0,(anonymous_11)
FNDA:0,(anonymous_12)
FNDA:0,(anonymous_13)
FNDA:0,(anonymous_14)
FNDA:0,(anonymous_15)
FNDA:0,(anonymous_16)
FNDA:0,(anonymous_17)
FNDA:0,(anonymous_18)
FNDA:0,(anonymous_19)
FNDA:0,(anonymous_20)
FNDA:0,(anonymous_21)
FNDA:0,(anonymous_22)
FNDA:0,(anonymous_23)
FNDA:0,(anonymous_24)
FNDA:0,(anonymous_25)
FNDA:0,(anonymous_26)
FNDA:0,(anonymous_27)
FNDA:0,(anonymous_28)
FNDA:0,(anonymous_29)
FNDA:0,(anonymous_30)
FNDA:0,(anonymous_31)
FNDA:0,(anonymous_32)
FNDA:0,(anonymous_33)
FNDA:0,(anonymous_34)
FNDA:0,(anonymous_35)
FNDA:0,(anonymous_36)
FNDA:0,(anonymous_37)
FNDA:0,(anonymous_38)
FNDA:0,(anonymous_39)
FNDA:0,(anonymous_40)
FNDA:0,(anonymous_41)
FNDA:0,(anonymous_42)
FNDA:0,(anonymous_43)
FNDA:0,(anonymous_44)
FNDA:0,(anonymous_45)
FNDA:0,(anonymous_46)
FNDA:0,(anonymous_47)
FNDA:0,(anonymous_48)
FNDA:0,(anonymous_49)
FNDA:0,(anonymous_50)
FNDA:0,(anonymous_51)
FNDA:0,(anonymous_52)
DA:102,1
DA:108,0
DA:109,0
DA:110,0
DA:111,0
DA:112,0
DA:133,0
DA:134,0
DA:135,0
DA:136,0
DA:137,0
DA:138,0
DA:139,0
DA:140,0
DA:141,0
DA:147,0
DA:148,0
DA:150,0
DA:156,0
DA:158,0
DA:161,0
DA:162,0
DA:163,0
DA:166,0
DA:167,0
DA:171,0
DA:173,0
DA:179,0
DA:180,0
DA:181,0
DA:184,0
DA:191,0
DA:196,0
DA:203,0
DA:206,0
DA:207,0
DA:210,0
DA:215,0
DA:216,0
DA:217,0
DA:220,0
DA:222,0
DA:223,0
DA:224,0
DA:225,0
DA:226,0
DA:228,0
DA:232,0
DA:233,0
DA:234,0
DA:235,0
DA:236,0
DA:238,0
DA:242,0
DA:245,0
DA:246,0
DA:247,0
DA:248,0
DA:250,0
DA:259,0
DA:263,0
DA:268,0
DA:269,0
DA:270,0
DA:271,0
DA:272,0
DA:275,0
DA:277,0
DA:280,0
DA:285,0
DA:288,0
DA:289,0
DA:290,0
DA:291,0
DA:292,0
DA:296,0
DA:297,0
DA:298,0
DA:299,0
DA:303,0
DA:308,0
DA:311,0
DA:313,0
DA:316,0
DA:317,0
DA:319,0
DA:321,0
DA:324,0
DA:326,0
DA:329,0
DA:342,0
DA:343,0
DA:347,0
DA:350,0
DA:351,0
DA:352,0
DA:353,0
DA:354,0
DA:358,0
DA:360,0
DA:361,0
DA:367,0
DA:368,0
DA:369,0
DA:370,0
DA:374,0
DA:375,0
DA:376,0
DA:377,0
DA:378,0
DA:379,0
DA:384,0
DA:385,0
DA:388,0
DA:389,0
DA:391,0
DA:393,0
DA:396,0
DA:398,0
DA:401,0
DA:403,0
DA:404,0
DA:405,0
DA:407,0
DA:410,0
DA:412,0
DA:413,0
DA:414,0
DA:415,0
DA:416,0
DA:418,0
DA:419,0
DA:422,0
DA:425,0
DA:433,0
DA:434,0
DA:437,0
DA:439,0
DA:440,0
DA:446,0
DA:447,0
DA:448,0
DA:450,0
DA:451,0
DA:454,0
DA:458,0
DA:459,0
DA:462,0
DA:466,0
DA:468,0
DA:479,0
DA:483,0
DA:489,0
DA:506,0
DA:516,0
DA:525,0
DA:526,0
DA:528,0
DA:541,0
DA:542,0
DA:543,0
DA:544,0
DA:545,0
DA:546,0
DA:548,0
DA:562,0
DA:563,0
DA:564,0
DA:566,0
DA:567,0
DA:569,0
DA:570,0
DA:572,0
DA:574,0
DA:578,0
DA:592,0
DA:593,0
DA:594,0
DA:595,0
DA:609,0
DA:610,0
DA:611,0
DA:612,0
DA:625,0
DA:626,0
DA:629,0
DA:639,0
DA:649,0
DA:650,0
DA:653,0
DA:654,0
DA:655,0
DA:656,0
DA:657,0
DA:658,0
DA:666,0
DA:670,0
DA:674,0
DA:675,0
DA:676,0
DA:679,0
DA:682,0
DA:683,0
DA:684,0
DA:685,0
DA:686,0
DA:687,0
DA:688,0
DA:689,0
DA:690,0
DA:691,0
DA:692,0
DA:694,0
DA:695,0
DA:698,0
DA:699,0
DA:701,0
DA:702,0
DA:706,0
DA:707,0
DA:715,0
DA:716,0
DA:717,0
DA:718,0
DA:720,0
DA:721,0
DA:722,0
DA:723,0
DA:725,0
DA:726,0
DA:727,0
DA:729,0
DA:730,0
DA:731,0
DA:732,0
DA:734,0
DA:735,0
DA:736,0
DA:740,0
DA:741,0
DA:742,0
DA:746,0
DA:755,0
DA:758,0
DA:759,0
DA:764,0
DA:768,0
DA:772,0
DA:773,0
DA:774,0
DA:775,0
DA:776,0
DA:777,0
DA:778,0
DA:779,0
DA:780,0
DA:783,0
DA:784,0
DA:785,0
DA:791,0
DA:792,0
DA:794,0
DA:795,0
DA:796,0
DA:797,0
DA:798,0
DA:799,0
DA:800,0
DA:802,0
DA:803,0
DA:807,0
DA:811,0
DA:812,0
DA:813,0
DA:814,0
DA:816,0
DA:817,0
DA:818,0
DA:819,0
DA:820,0
DA:821,0
DA:827,0
DA:828,0
DA:830,0
DA:831,0
DA:832,0
DA:835,0
DA:838,0
DA:839,0
DA:840,0
DA:844,0
DA:846,0
DA:849,0
DA:850,0
DA:852,0
DA:854,0
DA:855,0
DA:856,0
DA:857,0
DA:862,0
DA:863,0
DA:864,0
DA:865,0
DA:867,0
DA:870,0
DA:871,0
DA:873,0
DA:882,0
DA:885,0
DA:886,0
DA:889,0
DA:890,0
DA:891,0
DA:896,0
DA:899,0
DA:900,0
DA:901,0
DA:903,0
DA:908,0
DA:909,0
DA:911,0
DA:912,0
DA:918,0
DA:921,0
DA:924,0
DA:927,0
DA:928,0
DA:930,0
DA:932,0
DA:933,0
DA:934,0
DA:937,0
DA:938,0
DA:939,0
DA:940,0
DA:942,0
DA:943,0
DA:944,0
DA:945,0
DA:946,0
DA:947,0
DA:948,0
DA:949,0
DA:956,0
DA:957,0
DA:959,0
DA:960,0
DA:961,0
DA:962,0
DA:965,0
DA:970,0
DA:972,0
DA:973,0
DA:975,0
DA:976,0
DA:977,0
DA:978,0
DA:979,0
DA:980,0
DA:981,0
DA:982,0
DA:983,0
DA:984,0
DA:985,0
DA:986,0
DA:987,0
DA:990,0
DA:991,0
DA:992,0
DA:993,0
DA:996,0
DA:997,0
DA:998,0
DA:1002,0
DA:1003,0
DA:1004,0
DA:1005,0
DA:1006,0
DA:1007,0
DA:1008,0
DA:1014,0
DA:1015,0
DA:1018,0
DA:1021,0
DA:1022,0
DA:1023,0
DA:1027,0
DA:1029,0
DA:1030,0
DA:1033,0
DA:1034,0
DA:1036,0
DA:1043,0
DA:1044,0
DA:1047,0
DA:1048,0
DA:1051,0
DA:1055,0
DA:1056,0
DA:1057,0
DA:1058,0
DA:1061,0
DA:1062,0
DA:1063,0
DA:1064,0
DA:1066,0
DA:1074,0
DA:1081,0
DA:1082,0
DA:1083,0
DA:1084,0
DA:1085,0
DA:1087,0
DA:1094,0
DA:1095,0
DA:1096,0
DA:1098,0
DA:1099,0
DA:1100,0
DA:1103,0
DA:1105,0
DA:1106,0
DA:1107,0
DA:1110,0
DA:1111,0
DA:1112,0
DA:1113,0
DA:1114,0
DA:1115,0
DA:1116,0
DA:1117,0
DA:1118,0
DA:1123,0
DA:1124,0
DA:1125,0
DA:1126,0
DA:1129,0
DA:1130,0
DA:1133,0
DA:1134,0
DA:1135,0
DA:1136,0
DA:1137,0
DA:1140,0
DA:1141,0
DA:1146,0
DA:1147,0
DA:1149,0
DA:1150,0
DA:1151,0
DA:1153,0
DA:1154,0
DA:1155,0
DA:1156,0
DA:1162,0
DA:1163,0
DA:1165,0
DA:1171,0
DA:1172,0
DA:1174,0
DA:1175,0
DA:1176,0
DA:1177,0
DA:1179,0
DA:1180,0
DA:1182,0
DA:1183,0
DA:1187,0
DA:1188,0
DA:1189,0
DA:1190,0
DA:1191,0
DA:1195,0
DA:1196,0
DA:1197,0
DA:1198,0
DA:1199,0
DA:1200,0
DA:1205,0
DA:1227,0
DA:1237,0
DA:1238,0
DA:1239,0
DA:1240,0
DA:1241,0
DA:1242,0
DA:1245,0
DA:1250,0
DA:1251,0
DA:1252,0
DA:1253,0
DA:1254,0
DA:1269,0
LF:493
LH:1
BRDA:108,0,0,0
BRDA:108,0,1,0
BRDA:109,1,0,0
BRDA:109,1,1,0
BRDA:110,2,0,0
BRDA:110,2,1,0
BRDA:110,3,0,0
BRDA:110,3,1,0
BRDA:111,4,0,0
BRDA:111,4,1,0
BRDA:111,5,0,0
BRDA:111,5,1,0
BRDA:161,6,0,0
BRDA:161,6,1,0
BRDA:161,7,0,0
BRDA:161,7,1,0
BRDA:166,8,0,0
BRDA:166,8,1,0
BRDA:179,9,0,0
BRDA:179,9,1,0
BRDA:210,10,0,0
BRDA:210,10,1,0
BRDA:211,11,0,0
BRDA:211,11,1,0
BRDA:211,11,2,0
BRDA:220,12,0,0
BRDA:220,12,1,0
BRDA:220,12,2,0
BRDA:220,12,3,0
BRDA:220,12,4,0
BRDA:220,12,5,0
BRDA:220,12,6,0
BRDA:220,12,7,0
BRDA:220,12,8,0
BRDA:220,12,9,0
BRDA:220,12,10,0
BRDA:220,12,11,0
BRDA:220,12,12,0
BRDA:220,12,13,0
BRDA:222,13,0,0
BRDA:222,13,1,0
BRDA:224,14,0,0
BRDA:224,14,1,0
BRDA:245,15,0,0
BRDA:245,15,1,0
BRDA:245,16,0,0
BRDA:245,16,1,0
BRDA:247,17,0,0
BRDA:247,17,1,0
BRDA:248,18,0,0
BRDA:248,18,1,0
BRDA:256,19,0,0
BRDA:256,19,1,0
BRDA:257,20,0,0
BRDA:257,20,1,0
BRDA:268,21,0,0
BRDA:268,21,1,0
BRDA:288,22,0,0
BRDA:288,22,1,0
BRDA:288,23,0,0
BRDA:288,23,1,0
BRDA:288,23,2,0
BRDA:290,24,0,0
BRDA:290,24,1,0
BRDA:316,25,0,0
BRDA:316,25,1,0
BRDA:316,26,0,0
BRDA:316,26,1,0
BRDA:324,27,0,0
BRDA:324,27,1,0
BRDA:350,28,0,0
BRDA:350,28,1,0
BRDA:350,29,0,0
BRDA:350,29,1,0
BRDA:350,29,2,0
BRDA:352,30,0,0
BRDA:352,30,1,0
BRDA:358,31,0,0
BRDA:358,31,1,0
BRDA:358,32,0,0
BRDA:358,32,1,0
BRDA:358,32,2,0
BRDA:358,32,3,0
BRDA:368,33,0,0
BRDA:368,33,1,0
BRDA:374,34,0,0
BRDA:374,34,1,0
BRDA:378,35,0,0
BRDA:378,35,1,0
BRDA:403,36,0,0
BRDA:403,36,1,0
BRDA:403,37,0,0
BRDA:403,37,1,0
BRDA:412,38,0,0
BRDA:412,38,1,0
BRDA:412,39,0,0
BRDA:412,39,1,0
BRDA:415,40,0,0
BRDA:415,40,1,0
BRDA:418,41,0,0
BRDA:418,41,1,0
BRDA:450,42,0,0
BRDA:450,42,1,0
BRDA:450,43,0,0
BRDA:450,43,1,0
BRDA:450,43,2,0
BRDA:458,44,0,0
BRDA:458,44,1,0
BRDA:526,45,0,0
BRDA:526,45,1,0
BRDA:526,46,0,0
BRDA:526,46,1,0
BRDA:542,47,0,0
BRDA:542,47,1,0
BRDA:542,48,0,0
BRDA:542,48,1,0
BRDA:542,48,2,0
BRDA:544,49,0,0
BRDA:544,49,1,0
BRDA:545,50,0,0
BRDA:545,50,1,0
BRDA:563,51,0,0
BRDA:563,51,1,0
BRDA:563,52,0,0
BRDA:563,52,1,0
BRDA:563,52,2,0
BRDA:566,53,0,0
BRDA:566,53,1,0
BRDA:569,54,0,0
BRDA:569,54,1,0
BRDA:572,55,0,0
BRDA:572,55,1,0
BRDA:572,56,0,0
BRDA:572,56,1,0
BRDA:572,56,2,0
BRDA:572,56,3,0
BRDA:593,57,0,0
BRDA:593,57,1,0
BRDA:593,58,0,0
BRDA:593,58,1,0
BRDA:593,58,2,0
BRDA:610,59,0,0
BRDA:610,59,1,0
BRDA:610,60,0,0
BRDA:610,60,1,0
BRDA:610,60,2,0
BRDA:655,61,0,0
BRDA:655,61,1,0
BRDA:675,62,0,0
BRDA:675,62,1,0
BRDA:675,63,0,0
BRDA:675,63,1,0
BRDA:716,64,0,0
BRDA:716,64,1,0
BRDA:716,65,0,0
BRDA:716,65,1,0
BRDA:721,66,0,0
BRDA:721,66,1,0
BRDA:725,67,0,0
BRDA:725,67,1,0
BRDA:729,68,0,0
BRDA:729,68,1,0
BRDA:734,69,0,0
BRDA:734,69,1,0
BRDA:740,70,0,0
BRDA:740,70,1,0
BRDA:740,70,2,0
BRDA:741,71,0,0
BRDA:741,71,1,0
BRDA:773,72,0,0
BRDA:773,72,1,0
BRDA:775,73,0,0
BRDA:775,73,1,0
BRDA:775,74,0,0
BRDA:775,74,1,0
BRDA:784,75,0,0
BRDA:784,75,1,0
BRDA:792,76,0,0
BRDA:792,76,1,0
BRDA:792,77,0,0
BRDA:792,77,1,0
BRDA:794,78,0,0
BRDA:794,78,1,0
BRDA:805,79,0,0
BRDA:805,79,1,0
BRDA:812,80,0,0
BRDA:812,80,1,0
BRDA:812,81,0,0
BRDA:812,81,1,0
BRDA:816,82,0,0
BRDA:816,82,1,0
BRDA:830,83,0,0
BRDA:830,83,1,0
BRDA:839,84,0,0
BRDA:839,84,1,0
BRDA:846,85,0,0
BRDA:846,85,1,0
BRDA:846,85,2,0
BRDA:849,86,0,0
BRDA:849,86,1,0
BRDA:870,87,0,0
BRDA:870,87,1,0
BRDA:875,88,0,0
BRDA:875,88,1,0
BRDA:885,89,0,0
BRDA:885,89,1,0
BRDA:890,90,0,0
BRDA:890,90,1,0
BRDA:892,91,0,0
BRDA:892,91,1,0
BRDA:899,92,0,0
BRDA:899,92,1,0
BRDA:899,93,0,0
BRDA:899,93,1,0
BRDA:911,94,0,0
BRDA:911,94,1,0
BRDA:918,95,0,0
BRDA:918,95,1,0
BRDA:919,96,0,0
BRDA:919,96,1,0
BRDA:919,96,2,0
BRDA:927,97,0,0
BRDA:927,97,1,0
BRDA:934,98,0,0
BRDA:934,98,1,0
BRDA:937,99,0,0
BRDA:937,99,1,0
BRDA:940,100,0,0
BRDA:940,100,1,0
BRDA:942,101,0,0
BRDA:942,101,1,0
BRDA:946,102,0,0
BRDA:946,102,1,0
BRDA:959,103,0,0
BRDA:959,103,1,0
BRDA:959,104,0,0
BRDA:959,104,1,0
BRDA:962,105,0,0
BRDA:962,105,1,0
BRDA:965,106,0,0
BRDA:965,106,1,0
BRDA:967,107,0,0
BRDA:967,107,1,0
BRDA:975,108,0,0
BRDA:975,108,1,0
BRDA:979,109,0,0
BRDA:979,109,1,0
BRDA:979,110,0,0
BRDA:979,110,1,0
BRDA:983,111,0,0
BRDA:983,111,1,0
BRDA:983,112,0,0
BRDA:983,112,1,0
BRDA:987,113,0,0
BRDA:987,113,1,0
BRDA:990,114,0,0
BRDA:990,114,1,0
BRDA:1002,115,0,0
BRDA:1002,115,1,0
BRDA:1014,116,0,0
BRDA:1014,116,1,0
BRDA:1021,117,0,0
BRDA:1021,117,1,0
BRDA:1029,118,0,0
BRDA:1029,118,1,0
BRDA:1034,119,0,0
BRDA:1034,119,1,0
BRDA:1057,120,0,0
BRDA:1057,120,1,0
BRDA:1057,121,0,0
BRDA:1057,121,1,0
BRDA:1057,121,2,0
BRDA:1057,121,3,0
BRDA:1083,122,0,0
BRDA:1083,122,1,0
BRDA:1098,123,0,0
BRDA:1098,123,1,0
BRDA:1098,124,0,0
BRDA:1098,124,1,0
BRDA:1103,125,0,0
BRDA:1103,125,1,0
BRDA:1106,126,0,0
BRDA:1106,126,1,0
BRDA:1110,127,0,0
BRDA:1110,127,1,0
BRDA:1110,128,0,0
BRDA:1110,128,1,0
BRDA:1112,129,0,0
BRDA:1112,129,1,0
BRDA:1112,130,0,0
BRDA:1112,130,1,0
BRDA:1112,130,2,0
BRDA:1115,131,0,0
BRDA:1115,131,1,0
BRDA:1126,132,0,0
BRDA:1126,132,1,0
BRDA:1126,133,0,0
BRDA:1126,133,1,0
BRDA:1126,133,2,0
BRDA:1126,133,3,0
BRDA:1133,134,0,0
BRDA:1133,134,1,0
BRDA:1134,135,0,0
BRDA:1134,135,1,0
BRDA:1136,136,0,0
BRDA:1136,136,1,0
BRDA:1140,137,0,0
BRDA:1140,137,1,0
BRDA:1140,138,0,0
BRDA:1140,138,1,0
BRDA:1149,139,0,0
BRDA:1149,139,1,0
BRDA:1153,140,0,0
BRDA:1153,140,1,0
BRDA:1153,141,0,0
BRDA:1153,141,1,0
BRDA:1170,142,0,0
BRDA:1171,143,0,0
BRDA:1171,143,1,0
BRDA:1190,144,0,0
BRDA:1190,144,1,0
BRDA:1195,145,0,0
BRDA:1195,145,1,0
BRDA:1199,146,0,0
BRDA:1199,146,1,0
BRDA:1241,147,0,0
BRDA:1241,147,1,0
BRF:327
BRH:0
end_of_record
TN:
SF:src\core\network\NetworkConsensusIntegration.ts
FN:28,(anonymous_0)
FN:37,(anonymous_1)
FN:63,(anonymous_2)
FN:65,(anonymous_3)
FN:70,(anonymous_4)
FN:74,(anonymous_5)
FN:79,(anonymous_6)
FN:83,(anonymous_7)
FN:87,(anonymous_8)
FN:95,(anonymous_9)
FN:113,(anonymous_10)
FN:128,(anonymous_11)
FN:158,(anonymous_12)
FN:165,(anonymous_13)
FN:172,(anonymous_14)
FN:179,(anonymous_15)
FNF:16
FNH:8
FNDA:13,(anonymous_0)
FNDA:39,(anonymous_1)
FNDA:13,(anonymous_2)
FNDA:0,(anonymous_3)
FNDA:0,(anonymous_4)
FNDA:0,(anonymous_5)
FNDA:0,(anonymous_6)
FNDA:0,(anonymous_7)
FNDA:0,(anonymous_8)
FNDA:2,(anonymous_9)
FNDA:2,(anonymous_10)
FNDA:0,(anonymous_11)
FNDA:1,(anonymous_12)
FNDA:0,(anonymous_13)
FNDA:2,(anonymous_14)
FNDA:1,(anonymous_15)
DA:29,13
DA:30,13
DA:31,13
DA:34,13
DA:37,39
DA:42,13
DA:49,13
DA:60,13
DA:65,13
DA:66,0
DA:70,13
DA:71,0
DA:74,13
DA:75,0
DA:79,13
DA:80,0
DA:83,13
DA:84,0
DA:87,13
DA:88,0
DA:96,2
DA:98,2
DA:101,1
DA:103,1
DA:105,1
DA:106,0
DA:114,2
DA:115,2
DA:116,1
DA:117,1
DA:118,1
DA:120,1
DA:121,0
DA:129,0
DA:130,0
DA:133,0
DA:135,0
DA:136,0
DA:142,0
DA:145,0
DA:150,0
DA:151,0
DA:159,1
DA:166,0
DA:173,2
DA:180,1
LF:46
LH:28
BRDA:129,0,0,0
BRDA:129,0,1,0
BRF:2
BRH:0
end_of_record
TN:
SF:src\core\network\NetworkErrorRecovery.ts
FN:68,(anonymous_0)
FN:85,(anonymous_1)
FN:92,(anonymous_2)
FN:101,(anonymous_3)
FN:110,(anonymous_4)
FN:115,(anonymous_5)
FN:120,(anonymous_6)
FN:128,(anonymous_7)
FN:132,(anonymous_8)
FN:142,(anonymous_9)
FN:148,(anonymous_10)
FN:153,(anonymous_11)
FN:172,(anonymous_12)
FN:174,(anonymous_13)
FN:180,(anonymous_14)
FN:185,(anonymous_15)
FN:195,(anonymous_16)
FN:197,(anonymous_17)
FN:202,(anonymous_18)
FN:209,(anonymous_19)
FN:222,(anonymous_20)
FN:227,(anonymous_21)
FN:245,(anonymous_22)
FN:261,(anonymous_23)
FN:280,(anonymous_24)
FN:330,(anonymous_25)
FNF:26
FNH:10
FNDA:5,(anonymous_0)
FNDA:5,(anonymous_1)
FNDA:0,(anonymous_2)
FNDA:4,(anonymous_3)
FNDA:0,(anonymous_4)
FNDA:0,(anonymous_5)
FNDA:0,(anonymous_6)
FNDA:0,(anonymous_7)
FNDA:4,(anonymous_8)
FNDA:4,(anonymous_9)
FNDA:0,(anonymous_10)
FNDA:4,(anonymous_11)
FNDA:0,(anonymous_12)
FNDA:0,(anonymous_13)
FNDA:0,(anonymous_14)
FNDA:0,(anonymous_15)
FNDA:5,(anonymous_16)
FNDA:0,(anonymous_17)
FNDA:5,(anonymous_18)
FNDA:0,(anonymous_19)
FNDA:0,(anonymous_20)
FNDA:0,(anonymous_21)
FNDA:0,(anonymous_22)
FNDA:0,(anonymous_23)
FNDA:7,(anonymous_24)
FNDA:5,(anonymous_25)
DA:30,1
DA:66,5
DA:72,5
DA:73,5
DA:74,5
DA:75,5
DA:76,5
DA:77,5
DA:78,5
DA:79,5
DA:81,5
DA:82,5
DA:86,5
DA:87,5
DA:88,5
DA:89,5
DA:94,0
DA:95,0
DA:96,0
DA:97,0
DA:102,4
DA:103,4
DA:104,4
DA:105,4
DA:106,4
DA:111,0
DA:112,0
DA:116,0
DA:117,0
DA:121,0
DA:129,0
DA:134,4
DA:135,4
DA:136,4
DA:138,0
DA:143,4
DA:144,4
DA:145,4
DA:149,0
DA:150,0
DA:154,4
DA:155,4
DA:157,4
DA:161,0
DA:162,4
DA:163,0
DA:164,0
DA:165,0
DA:167,0
DA:173,0
DA:174,0
DA:175,0
DA:177,0
DA:181,0
DA:182,0
DA:186,0
DA:187,0
DA:188,0
DA:189,0
DA:190,0
DA:191,0
DA:196,5
DA:197,5
DA:198,0
DA:203,5
DA:204,5
DA:205,5
DA:210,0
DA:211,0
DA:212,0
DA:213,0
DA:214,0
DA:216,0
DA:226,0
DA:227,0
DA:229,0
DA:230,0
DA:235,0
DA:241,0
DA:246,0
DA:247,0
DA:248,0
DA:251,0
DA:254,0
DA:255,0
DA:256,0
DA:258,0
DA:265,0
DA:266,0
DA:277,0
DA:286,7
DA:289,7
DA:291,7
DA:292,7
DA:293,0
DA:294,0
DA:296,7
DA:298,7
DA:299,1
DA:301,6
DA:302,6
DA:303,6
DA:304,2
DA:312,2
DA:318,4
DA:320,4
DA:321,4
DA:322,4
DA:323,0
DA:324,0
DA:326,4
DA:331,5
DA:332,5
DA:333,0
DA:335,5
DA:336,5
DA:337,5
DA:338,5
DA:339,5
LF:119
LH:60
BRDA:70,0,0,0
BRDA:94,1,0,0
BRDA:94,1,1,0
BRDA:104,2,0,4
BRDA:104,2,1,0
BRDA:122,3,0,0
BRDA:122,3,1,0
BRDA:122,3,2,0
BRDA:136,4,0,4
BRDA:136,4,1,0
BRDA:143,5,0,4
BRDA:143,5,1,4
BRDA:154,6,0,4
BRDA:154,6,1,0
BRDA:155,7,0,4
BRDA:155,7,1,4
BRDA:157,8,0,0
BRDA:157,8,1,4
BRDA:158,9,0,4
BRDA:158,9,1,4
BRDA:162,10,0,0
BRDA:162,10,1,4
BRDA:163,11,0,0
BRDA:163,11,1,0
BRDA:164,12,0,0
BRDA:164,12,1,0
BRDA:189,13,0,0
BRDA:189,13,1,0
BRDA:196,14,0,0
BRDA:196,14,1,5
BRDA:203,15,0,5
BRDA:203,15,1,0
BRDA:212,16,0,0
BRDA:212,16,1,0
BRDA:213,17,0,0
BRDA:213,17,1,0
BRDA:291,18,0,7
BRDA:291,18,1,7
BRDA:292,19,0,0
BRDA:292,19,1,7
BRDA:298,20,0,1
BRDA:298,20,1,6
BRDA:320,21,0,4
BRDA:320,21,1,4
BRDA:322,22,0,0
BRDA:322,22,1,4
BRF:46
BRH:21
end_of_record
TN:
SF:src\core\network\NetworkTransport.ts
FN:63,(anonymous_0)
FN:67,(anonymous_1)
FN:84,(anonymous_2)
FN:108,(anonymous_3)
FN:132,(anonymous_4)
FN:179,(anonymous_5)
FN:193,(anonymous_6)
FN:199,(anonymous_7)
FN:206,(anonymous_8)
FN:209,(anonymous_9)
FN:224,(anonymous_10)
FN:244,(anonymous_11)
FN:251,(anonymous_12)
FN:261,(anonymous_13)
FN:269,(anonymous_14)
FN:273,(anonymous_15)
FN:274,(anonymous_16)
FN:280,(anonymous_17)
FN:281,(anonymous_18)
FN:289,(anonymous_19)
FN:303,(anonymous_20)
FN:313,(anonymous_21)
FN:315,(anonymous_22)
FN:315,(anonymous_23)
FN:320,(anonymous_24)
FN:321,(anonymous_25)
FN:327,(anonymous_26)
FN:332,(anonymous_27)
FN:339,(anonymous_28)
FN:358,(anonymous_29)
FN:373,(anonymous_30)
FN:380,(anonymous_31)
FN:407,(anonymous_32)
FN:410,(anonymous_33)
FN:438,(anonymous_34)
FN:446,(anonymous_35)
FN:468,(anonymous_36)
FN:476,(anonymous_37)
FN:488,(anonymous_38)
FN:497,(anonymous_39)
FN:498,(anonymous_40)
FN:502,(anonymous_41)
FN:515,(anonymous_42)
FN:522,(anonymous_43)
FN:528,(anonymous_44)
FN:536,(anonymous_45)
FNF:46
FNH:7
FNDA:44,(anonymous_0)
FNDA:25,(anonymous_1)
FNDA:27,(anonymous_2)
FNDA:14,(anonymous_3)
FNDA:0,(anonymous_4)
FNDA:0,(anonymous_5)
FNDA:0,(anonymous_6)
FNDA:0,(anonymous_7)
FNDA:0,(anonymous_8)
FNDA:0,(anonymous_9)
FNDA:0,(anonymous_10)
FNDA:0,(anonymous_11)
FNDA:0,(anonymous_12)
FNDA:0,(anonymous_13)
FNDA:0,(anonymous_14)
FNDA:0,(anonymous_15)
FNDA:0,(anonymous_16)
FNDA:27,(anonymous_17)
FNDA:27,(anonymous_18)
FNDA:0,(anonymous_19)
FNDA:0,(anonymous_20)
FNDA:0,(anonymous_21)
FNDA:0,(anonymous_22)
FNDA:0,(anonymous_23)
FNDA:0,(anonymous_24)
FNDA:0,(anonymous_25)
FNDA:0,(anonymous_26)
FNDA:0,(anonymous_27)
FNDA:0,(anonymous_28)
FNDA:0,(anonymous_29)
FNDA:0,(anonymous_30)
FNDA:0,(anonymous_31)
FNDA:0,(anonymous_32)
FNDA:0,(anonymous_33)
FNDA:0,(anonymous_34)
FNDA:0,(anonymous_35)
FNDA:0,(anonymous_36)
FNDA:0,(anonymous_37)
FNDA:0,(anonymous_38)
FNDA:0,(anonymous_39)
FNDA:0,(anonymous_40)
FNDA:0,(anonymous_41)
FNDA:0,(anonymous_42)
FNDA:27,(anonymous_43)
FNDA:0,(anonymous_44)
FNDA:0,(anonymous_45)
DA:52,44
DA:53,44
DA:54,44
DA:55,44
DA:56,44
DA:57,44
DA:58,44
DA:59,44
DA:60,44
DA:61,44
DA:64,44
DA:65,44
DA:66,44
DA:67,44
DA:68,40
DA:69,40
DA:70,40
DA:71,40
DA:85,27
DA:87,27
DA:88,27
DA:89,0
DA:90,0
DA:91,0
DA:92,0
DA:94,27
DA:103,27
DA:104,0
DA:109,14
DA:111,0
DA:112,0
DA:113,0
DA:114,0
DA:115,0
DA:116,0
DA:118,0
DA:127,0
DA:128,0
DA:137,0
DA:138,0
DA:144,0
DA:145,0
DA:149,0
DA:150,0
DA:151,0
DA:152,0
DA:153,0
DA:159,0
DA:160,0
DA:162,0
DA:168,0
DA:169,0
DA:175,0
DA:176,0
DA:179,0
DA:180,0
DA:188,0
DA:189,0
DA:194,0
DA:195,0
DA:196,0
DA:197,0
DA:199,0
DA:200,0
DA:201,0
DA:203,0
DA:206,0
DA:207,0
DA:209,0
DA:210,0
DA:211,0
DA:212,0
DA:214,0
DA:215,0
DA:217,0
DA:218,0
DA:225,0
DA:226,0
DA:227,0
DA:228,0
DA:230,0
DA:231,0
DA:232,0
DA:233,0
DA:234,0
DA:236,0
DA:242,0
DA:244,0
DA:245,0
DA:246,0
DA:248,0
DA:252,0
DA:253,0
DA:254,0
DA:255,0
DA:256,0
DA:262,0
DA:263,0
DA:265,0
DA:266,0
DA:270,0
DA:274,0
DA:275,0
DA:277,0
DA:281,27
DA:282,27
DA:283,27
DA:288,0
DA:289,0
DA:290,0
DA:299,0
DA:300,0
DA:303,0
DA:304,0
DA:305,0
DA:308,27
DA:314,0
DA:315,0
DA:316,0
DA:321,0
DA:322,0
DA:324,0
DA:328,0
DA:329,0
DA:332,0
DA:333,0
DA:334,0
DA:337,0
DA:339,0
DA:340,0
DA:341,0
DA:342,0
DA:343,0
DA:346,0
DA:354,0
DA:355,0
DA:358,0
DA:359,0
DA:363,0
DA:369,0
DA:370,0
DA:373,0
DA:374,0
DA:375,0
DA:376,0
DA:377,0
DA:380,0
DA:381,0
DA:382,0
DA:383,0
DA:384,0
DA:385,0
DA:386,0
DA:387,0
DA:389,0
DA:398,0
DA:402,0
DA:408,0
DA:410,0
DA:411,0
DA:412,0
DA:413,0
DA:416,0
DA:417,0
DA:418,0
DA:419,0
DA:422,0
DA:423,0
DA:424,0
DA:425,0
DA:427,0
DA:434,0
DA:438,0
DA:439,0
DA:440,0
DA:441,0
DA:442,0
DA:446,0
DA:447,0
DA:453,0
DA:457,0
DA:465,0
DA:469,0
DA:470,0
DA:472,0
DA:473,0
DA:477,0
DA:478,0
DA:479,0
DA:480,0
DA:481,0
DA:484,0
DA:485,0
DA:486,0
DA:487,0
DA:489,0
DA:498,0
DA:499,0
DA:503,0
DA:510,0
DA:516,0
DA:517,0
DA:518,0
DA:523,27
DA:524,27
DA:525,27
DA:529,0
DA:537,0
LF:208
LH:31
BRDA:68,0,0,40
BRDA:68,0,1,26
BRDA:69,1,0,40
BRDA:69,1,1,26
BRDA:85,2,0,0
BRDA:85,2,1,27
BRDA:97,3,0,27
BRDA:97,3,1,0
BRDA:109,4,0,14
BRDA:109,4,1,0
BRDA:121,5,0,0
BRDA:121,5,1,0
BRDA:137,6,0,0
BRDA:137,6,1,0
BRDA:150,7,0,0
BRDA:150,7,1,0
BRDA:151,8,0,0
BRDA:151,8,1,0
BRDA:152,9,0,0
BRDA:152,9,1,0
BRDA:168,10,0,0
BRDA:168,10,1,0
BRDA:197,11,0,0
BRDA:197,11,1,0
BRDA:210,12,0,0
BRDA:210,12,1,0
BRDA:214,13,0,0
BRDA:214,13,1,0
BRDA:226,14,0,0
BRDA:226,14,1,0
BRDA:232,15,0,0
BRDA:232,15,1,0
BRDA:253,16,0,0
BRDA:253,16,1,0
BRDA:254,17,0,0
BRDA:254,17,1,0
BRDA:254,18,0,0
BRDA:254,18,1,0
BRDA:263,19,0,0
BRDA:263,19,1,0
BRDA:293,20,0,0
BRDA:293,20,1,0
BRDA:314,21,0,0
BRDA:314,21,1,0
BRDA:328,22,0,0
BRDA:328,22,1,0
BRDA:392,23,0,0
BRDA:392,23,1,0
BRDA:416,24,0,0
BRDA:416,24,1,0
BRDA:430,25,0,0
BRDA:430,25,1,0
BRDA:439,26,0,0
BRDA:439,26,1,0
BRDA:449,27,0,0
BRDA:449,27,1,0
BRDA:478,28,0,0
BRDA:478,28,1,0
BRDA:484,29,0,0
BRDA:484,29,1,0
BRDA:485,30,0,0
BRDA:485,30,1,0
BRDA:506,31,0,0
BRDA:506,31,1,0
BRDA:516,32,0,0
BRDA:516,32,1,0
BRF:66
BRH:7
end_of_record
TN:
SF:src\core\network\WebSocketTransport.ts
FN:11,(anonymous_0)
FN:16,(anonymous_1)
FN:17,(anonymous_2)
FN:20,(anonymous_3)
FN:25,(anonymous_4)
FN:34,(anonymous_5)
FN:39,(anonymous_6)
FN:45,(anonymous_7)
FN:52,(anonymous_8)
FN:70,(anonymous_9)
FN:87,(anonymous_10)
FNF:11
FNH:10
FNDA:7,(anonymous_0)
FNDA:7,(anonymous_1)
FNDA:7,(anonymous_2)
FNDA:6,(anonymous_3)
FNDA:2,(anonymous_4)
FNDA:1,(anonymous_5)
FNDA:0,(anonymous_6)
FNDA:1,(anonymous_7)
FNDA:2,(anonymous_8)
FNDA:1,(anonymous_9)
FNDA:1,(anonymous_10)
DA:6,7
DA:9,7
DA:12,7
DA:13,7
DA:17,7
DA:18,7
DA:20,7
DA:21,6
DA:22,6
DA:25,7
DA:26,2
DA:27,2
DA:28,1
DA:30,1
DA:34,7
DA:35,1
DA:36,0
DA:39,7
DA:40,0
DA:46,1
DA:47,1
DA:48,1
DA:56,2
DA:57,1
DA:60,1
DA:67,1
DA:73,1
DA:74,0
DA:77,1
DA:84,1
DA:88,1
LF:31
LH:28
BRDA:46,0,0,1
BRDA:46,0,1,0
BRDA:56,1,0,1
BRDA:56,1,1,1
BRDA:73,2,0,0
BRDA:73,2,1,1
BRF:6
BRH:4
end_of_record
TN:
SF:src\core\network\types.ts
FNF:0
FNH:0
LF:0
LH:0
BRF:0
BRH:0
end_of_record
TN:
SF:src\core\network\metrics\NetworkMetricsCollector.ts
FN:22,(anonymous_0)
FN:27,(anonymous_1)
FN:34,(anonymous_2)
FN:35,(anonymous_3)
FN:39,(anonymous_4)
FN:44,(anonymous_5)
FN:70,(anonymous_6)
FN:74,(anonymous_7)
FN:112,(anonymous_8)
FNF:9
FNH:9
FNDA:11,(anonymous_0)
FNDA:13,(anonymous_1)
FNDA:11,(anonymous_2)
FNDA:1,(anonymous_3)
FNDA:1,(anonymous_4)
FNDA:8,(anonymous_5)
FNDA:8,(anonymous_6)
FNDA:2,(anonymous_7)
FNDA:2,(anonymous_8)
DA:19,11
DA:20,11
DA:23,11
DA:24,11
DA:28,13
DA:29,11
DA:31,13
DA:35,11
DA:36,1
DA:39,11
DA:40,1
DA:45,8
DA:47,8
DA:48,12
DA:49,12
DA:50,11
DA:53,11
DA:54,11
DA:57,11
DA:58,0
DA:61,11
DA:63,1
DA:67,8
DA:71,8
DA:75,2
DA:76,2
DA:78,2
DA:91,2
DA:93,1
DA:94,2
DA:95,2
DA:96,2
DA:97,2
DA:98,2
DA:99,2
DA:100,2
DA:101,2
DA:105,1
DA:106,1
DA:107,1
DA:109,1
DA:113,2
DA:114,1
DA:116,1
LF:44
LH:43
BRDA:28,0,0,11
BRDA:28,0,1,2
BRDA:53,1,0,11
BRDA:53,1,1,11
BRDA:57,2,0,0
BRDA:57,2,1,11
BRDA:71,3,0,8
BRDA:71,3,1,5
BRDA:91,4,0,1
BRDA:91,4,1,1
BRDA:113,5,0,1
BRDA:113,5,1,1
BRF:12
BRH:11
end_of_record
TN:
SF:src\core\replication\StateReplicator.ts
FN:19,(anonymous_0)
FN:31,(anonymous_1)
FN:35,(anonymous_2)
FN:38,(anonymous_3)
FN:47,(anonymous_4)
FN:49,(anonymous_5)
FN:61,(anonymous_6)
FN:82,(anonymous_7)
FN:86,(anonymous_8)
FNF:9
FNH:0
FNDA:0,(anonymous_0)
FNDA:0,(anonymous_1)
FNDA:0,(anonymous_2)
FNDA:0,(anonymous_3)
FNDA:0,(anonymous_4)
FNDA:0,(anonymous_5)
FNDA:0,(anonymous_6)
FNDA:0,(anonymous_7)
FNDA:0,(anonymous_8)
DA:20,0
DA:21,0
DA:22,0
DA:23,0
DA:24,0
DA:25,0
DA:26,0
DA:28,0
DA:32,0
DA:33,0
DA:35,0
DA:39,0
DA:40,0
DA:44,0
DA:48,0
DA:49,0
DA:50,0
DA:51,0
DA:66,0
DA:67,0
DA:69,0
DA:73,0
DA:74,0
DA:78,0
DA:83,0
DA:87,0
DA:88,0
DA:89,0
LF:28
LH:0
BRDA:32,0,0,0
BRDA:32,0,1,0
BRDA:48,1,0,0
BRDA:48,1,1,0
BRDA:50,2,0,0
BRDA:50,2,1,0
BRDA:69,3,0,0
BRDA:69,3,1,0
BRDA:70,4,0,0
BRDA:70,4,1,0
BRDA:87,5,0,0
BRDA:87,5,1,0
BRF:12
BRH:0
end_of_record
TN:
SF:src\dojopool\frontend\api\venues.ts
FN:37,(anonymous_0)
FN:44,(anonymous_1)
FN:49,(anonymous_2)
FN:53,(anonymous_3)
FN:57,(anonymous_4)
FN:68,(anonymous_5)
FN:75,(anonymous_6)
FN:80,(anonymous_7)
FN:92,(anonymous_8)
FN:99,(anonymous_9)
FN:103,(anonymous_10)
FN:108,(anonymous_11)
FN:113,(anonymous_12)
FN:120,(anonymous_13)
FN:127,(anonymous_14)
FNF:15
FNH:0
FNDA:0,(anonymous_0)
FNDA:0,(anonymous_1)
FNDA:0,(anonymous_2)
FNDA:0,(anonymous_3)
FNDA:0,(anonymous_4)
FNDA:0,(anonymous_5)
FNDA:0,(anonymous_6)
FNDA:0,(anonymous_7)
FNDA:0,(anonymous_8)
FNDA:0,(anonymous_9)
FNDA:0,(anonymous_10)
FNDA:0,(anonymous_11)
FNDA:0,(anonymous_12)
FNDA:0,(anonymous_13)
FNDA:0,(anonymous_14)
DA:35,2
DA:37,2
DA:40,0
DA:41,0
DA:44,2
DA:45,0
DA:46,0
DA:49,2
DA:50,0
DA:53,2
DA:54,0
DA:57,2
DA:62,0
DA:65,0
DA:68,2
DA:69,0
DA:72,0
DA:75,2
DA:76,0
DA:77,0
DA:80,2
DA:86,0
DA:89,0
DA:92,2
DA:95,0
DA:96,0
DA:99,2
DA:100,0
DA:103,2
DA:104,0
DA:105,0
DA:108,2
DA:109,0
DA:110,0
DA:113,2
DA:114,0
DA:117,0
DA:120,2
DA:121,0
DA:124,0
DA:127,2
DA:131,0
DA:134,0
LF:43
LH:16
BRDA:83,0,0,0
BRDA:84,1,0,0
BRDA:129,2,0,0
BRF:3
BRH:0
end_of_record
TN:
SF:src\dojopool\frontend\components\Auth\[AUTH]ForgotPassword.tsx
FN:6,(anonymous_0)
FN:10,(anonymous_1)
FN:45,(anonymous_2)
FNF:3
FNH:1
FNDA:11,(anonymous_0)
FNDA:0,(anonymous_1)
FNDA:0,(anonymous_2)
DA:6,1
DA:7,11
DA:8,10
DA:10,10
DA:11,0
DA:12,0
DA:15,10
DA:45,0
LF:8
LH:5
BRDA:28,0,0,0
BRDA:28,0,1,10
BRDA:50,1,0,10
BRDA:50,1,1,0
BRDA:62,2,0,10
BRDA:62,2,1,0
BRF:6
BRH:3
end_of_record
TN:
SF:src\dojopool\frontend\components\Auth\[AUTH]Login.tsx
FN:6,(anonymous_0)
FN:12,(anonymous_1)
FN:36,(anonymous_2)
FN:45,(anonymous_3)
FNF:4
FNH:1
FNDA:9,(anonymous_0)
FNDA:0,(anonymous_1)
FNDA:0,(anonymous_2)
FNDA:0,(anonymous_3)
DA:6,1
DA:7,9
DA:8,8
DA:9,8
DA:10,8
DA:12,8
DA:13,0
DA:14,0
DA:17,8
DA:36,0
DA:45,0
LF:11
LH:7
BRDA:49,0,0,8
BRDA:49,0,1,1
BRF:2
BRH:2
end_of_record
TN:
SF:src\dojopool\frontend\components\Auth\[AUTH]Register.tsx
FN:6,(anonymous_0)
FN:14,(anonymous_1)
FN:42,(anonymous_2)
FN:51,(anonymous_3)
FN:60,(anonymous_4)
FN:69,(anonymous_5)
FNF:6
FNH:1
FNDA:10,(anonymous_0)
FNDA:0,(anonymous_1)
FNDA:0,(anonymous_2)
FNDA:0,(anonymous_3)
FNDA:0,(anonymous_4)
FNDA:0,(anonymous_5)
DA:6,1
DA:7,10
DA:8,9
DA:9,9
DA:10,9
DA:11,9
DA:12,9
DA:14,9
DA:15,0
DA:16,0
DA:17,0
DA:18,0
DA:20,0
DA:21,0
DA:24,9
DA:42,0
DA:51,0
DA:60,0
DA:69,0
LF:19
LH:9
BRDA:16,0,0,0
BRDA:16,0,1,0
BRDA:75,1,0,9
BRDA:75,1,1,1
BRF:4
BRH:2
end_of_record
TN:
SF:src\dojopool\frontend\components\Game\[GAME]GameHistory.tsx
FN:20,(anonymous_0)
FN:37,(anonymous_1)
FN:45,(anonymous_2)
FNF:3
FNH:3
FNDA:7,(anonymous_0)
FNDA:62,(anonymous_1)
FNDA:122,(anonymous_2)
DA:20,1
DA:21,7
DA:38,62
DA:46,122
LF:4
LH:4
BRF:0
BRH:0
end_of_record
TN:
SF:src\dojopool\frontend\components\Game\[GAME]GameStats.tsx
FN:10,(anonymous_0)
FNF:1
FNH:1
FNDA:9,(anonymous_0)
DA:10,1
DA:11,9
DA:15,9
LF:3
LH:3
BRF:0
BRH:0
end_of_record
TN:
SF:src\dojopool\frontend\components\Game\[GAME]GameTracker.tsx
FN:19,(anonymous_0)
FN:28,(anonymous_1)
FN:74,(anonymous_2)
FN:74,(anonymous_3)
FN:78,(anonymous_4)
FN:93,(anonymous_5)
FN:100,(anonymous_6)
FNF:7
FNH:7
FNDA:16,(anonymous_0)
FNDA:9,(anonymous_1)
FNDA:120,(anonymous_2)
FNDA:120,(anonymous_3)
FNDA:1,(anonymous_4)
FNDA:1,(anonymous_5)
FNDA:1,(anonymous_6)
DA:19,1
DA:25,16
DA:26,16
DA:28,16
DA:29,9
DA:30,8
DA:34,16
DA:35,8
DA:42,8
DA:74,120
DA:75,120
DA:78,1
DA:93,1
DA:100,1
LF:14
LH:14
BRDA:29,0,0,8
BRDA:29,0,1,1
BRDA:34,1,0,8
BRDA:34,1,1,8
BRF:4
BRH:4
end_of_record
TN:
SF:src\dojopool\frontend\components\GameAnalysis\[GAME]GamePatterns.tsx
FN:22,(anonymous_0)
FN:47,(anonymous_1)
FN:130,(anonymous_2)
FN:158,(anonymous_3)
FNF:4
FNH:4
FNDA:36,(anonymous_0)
FNDA:9,(anonymous_1)
FNDA:21,(anonymous_2)
FNDA:22,(anonymous_3)
DA:22,36
DA:47,1
DA:48,9
DA:49,0
DA:54,9
DA:131,21
DA:159,22
LF:7
LH:6
BRDA:48,0,0,0
BRDA:48,0,1,9
BRDA:138,1,0,21
BRDA:138,1,1,13
BRDA:166,2,0,22
BRDA:166,2,1,14
BRF:6
BRH:5
end_of_record
TN:
SF:src\dojopool\frontend\hooks\useAuth.ts
FN:16,(anonymous_0)
FN:23,(anonymous_1)
FN:27,(anonymous_2)
FN:32,(anonymous_3)
FN:39,(anonymous_4)
FN:41,(anonymous_5)
FN:57,(anonymous_6)
FN:63,(anonymous_7)
FN:71,(anonymous_8)
FN:73,(anonymous_9)
FN:79,(anonymous_10)
FN:88,(anonymous_11)
FN:90,(anonymous_12)
FN:106,(anonymous_13)
FN:112,(anonymous_14)
FNF:15
FNH:0
FNDA:0,(anonymous_0)
FNDA:0,(anonymous_1)
FNDA:0,(anonymous_2)
FNDA:0,(anonymous_3)
FNDA:0,(anonymous_4)
FNDA:0,(anonymous_5)
FNDA:0,(anonymous_6)
FNDA:0,(anonymous_7)
FNDA:0,(anonymous_8)
FNDA:0,(anonymous_9)
FNDA:0,(anonymous_10)
FNDA:0,(anonymous_11)
FNDA:0,(anonymous_12)
FNDA:0,(anonymous_13)
FNDA:0,(anonymous_14)
DA:16,4
DA:17,0
DA:23,0
DA:24,0
DA:25,0
DA:27,0
DA:32,0
DA:39,0
DA:40,0
DA:41,0
DA:43,0
DA:51,0
DA:52,0
DA:55,0
DA:56,0
DA:57,0
DA:63,0
DA:71,0
DA:72,0
DA:73,0
DA:79,0
DA:80,0
DA:81,0
DA:82,0
DA:84,0
DA:87,0
DA:89,0
DA:90,0
DA:92,0
DA:100,0
DA:101,0
DA:104,0
DA:105,0
DA:106,0
DA:112,0
DA:122,0
LF:36
LH:1
BRDA:25,0,0,0
BRDA:25,0,1,0
BRDA:51,1,0,0
BRDA:51,1,1,0
BRDA:65,2,0,0
BRDA:65,2,1,0
BRDA:81,3,0,0
BRDA:81,3,1,0
BRDA:100,4,0,0
BRDA:100,4,1,0
BRDA:114,5,0,0
BRDA:114,5,1,0
BRF:12
BRH:0
end_of_record
TN:
SF:src\dojopool\frontend\hooks\useGameState.ts
FN:5,(anonymous_0)
FN:9,(anonymous_1)
FN:13,(anonymous_2)
FN:20,(anonymous_3)
FN:28,(anonymous_4)
FN:40,(anonymous_5)
FN:46,(anonymous_6)
FN:56,(anonymous_7)
FN:68,(anonymous_8)
FNF:9
FNH:0
FNDA:0,(anonymous_0)
FNDA:0,(anonymous_1)
FNDA:0,(anonymous_2)
FNDA:0,(anonymous_3)
FNDA:0,(anonymous_4)
FNDA:0,(anonymous_5)
FNDA:0,(anonymous_6)
FNDA:0,(anonymous_7)
FNDA:0,(anonymous_8)
DA:5,1
DA:6,0
DA:7,0
DA:9,0
DA:10,0
DA:11,0
DA:13,0
DA:14,0
DA:18,0
DA:20,0
DA:21,0
DA:22,0
DA:27,0
DA:29,0
DA:30,0
DA:40,0
DA:41,0
DA:42,0
DA:46,0
DA:47,0
DA:48,0
DA:55,0
DA:57,0
DA:58,0
DA:67,0
DA:69,0
DA:70,0
DA:80,0
LF:28
LH:1
BRDA:10,0,0,0
BRDA:10,0,1,0
BRDA:10,1,0,0
BRDA:10,1,1,0
BRDA:29,2,0,0
BRDA:29,2,1,0
BRDA:29,3,0,0
BRDA:29,3,1,0
BRDA:41,4,0,0
BRDA:41,4,1,0
BRDA:41,5,0,0
BRDA:41,5,1,0
BRDA:47,6,0,0
BRDA:47,6,1,0
BRDA:47,7,0,0
BRDA:47,7,1,0
BRDA:57,8,0,0
BRDA:57,8,1,0
BRDA:57,9,0,0
BRDA:57,9,1,0
BRDA:69,10,0,0
BRDA:69,10,1,0
BRDA:69,11,0,0
BRDA:69,11,1,0
BRF:24
BRH:0
end_of_record
TN:
SF:src\dojopool\frontend\hooks\useWebSocket.ts
FN:5,(anonymous_0)
FN:10,(anonymous_1)
FN:25,(anonymous_2)
FN:30,(anonymous_3)
FN:35,(anonymous_4)
FN:42,(anonymous_5)
FNF:6
FNH:0
FNDA:0,(anonymous_0)
FNDA:0,(anonymous_1)
FNDA:0,(anonymous_2)
FNDA:0,(anonymous_3)
FNDA:0,(anonymous_4)
FNDA:0,(anonymous_5)
DA:5,1
DA:6,0
DA:7,0
DA:8,0
DA:10,0
DA:11,0
DA:12,0
DA:25,0
DA:26,0
DA:27,0
DA:30,0
DA:31,0
DA:32,0
DA:35,0
DA:36,0
DA:37,0
DA:40,0
DA:42,0
DA:43,0
DA:48,0
LF:20
LH:1
BRDA:11,0,0,0
BRDA:11,0,1,0
BRDA:13,1,0,0
BRDA:13,1,1,0
BRF:4
BRH:0
end_of_record
TN:
SF:src\dojopool\frontend\pages\index.tsx
FN:3,Home
FNF:1
FNH:1
FNDA:1,Home
DA:4,1
LF:1
LH:1
BRF:0
BRH:0
end_of_record
TN:
SF:src\dojopool\frontend\src\components\Pages\Home.tsx
FN:4,(anonymous_0)
FNF:1
FNH:1
FNDA:6,(anonymous_0)
DA:4,1
DA:5,6
LF:2
LH:2
BRF:0
BRH:0
end_of_record
TN:
SF:src\dojopool\frontend\src\components\rankings\GlobalRankings.tsx
FN:56,(anonymous_0)
FN:70,(anonymous_1)
FN:85,(anonymous_2)
FN:92,(anonymous_3)
FN:104,(anonymous_4)
FN:113,(anonymous_5)
FN:179,(anonymous_6)
FN:183,(anonymous_7)
FN:268,(anonymous_8)
FN:294,(anonymous_9)
FNF:10
FNH:8
FNDA:20,(anonymous_0)
FNDA:10,(anonymous_1)
FNDA:1,(anonymous_2)
FNDA:18,(anonymous_3)
FNDA:18,(anonymous_4)
FNDA:18,(anonymous_5)
FNDA:18,(anonymous_6)
FNDA:1,(anonymous_7)
FNDA:0,(anonymous_8)
FNDA:0,(anonymous_9)
DA:38,1
DA:56,1
DA:57,20
DA:58,19
DA:59,19
DA:62,19
DA:68,19
DA:71,10
DA:72,10
DA:73,10
DA:76,9
DA:85,19
DA:89,1
DA:92,19
DA:93,18
DA:95,9
DA:98,9
DA:100,0
DA:104,19
DA:105,18
DA:106,0
DA:107,18
DA:108,0
DA:110,18
DA:113,19
DA:114,18
DA:115,0
DA:125,18
DA:128,19
DA:129,9
DA:136,10
DA:137,1
DA:144,9
DA:180,18
DA:183,1
DA:269,0
DA:270,0
DA:294,0
LF:38
LH:31
BRDA:81,0,0,0
BRDA:81,0,1,19
BRDA:93,1,0,9
BRDA:93,1,1,9
BRDA:93,1,2,9
BRDA:93,1,3,0
BRDA:105,2,0,0
BRDA:105,2,1,18
BRDA:107,3,0,0
BRDA:107,3,1,18
BRDA:114,4,0,0
BRDA:114,4,1,18
BRDA:118,5,0,0
BRDA:118,5,1,0
BRDA:119,6,0,0
BRDA:119,6,1,0
BRDA:120,7,0,0
BRDA:120,7,1,0
BRDA:128,8,0,9
BRDA:128,8,1,10
BRDA:136,9,0,1
BRDA:136,9,1,9
BRDA:153,10,0,9
BRDA:153,10,1,0
BRDA:221,11,0,18
BRDA:221,11,1,0
BRDA:223,12,0,0
BRDA:223,12,1,0
BRDA:248,13,0,0
BRDA:248,13,1,18
BRDA:250,14,0,0
BRDA:250,14,1,18
BRDA:255,15,0,0
BRDA:255,15,1,18
BRDA:291,16,0,9
BRDA:291,16,1,1
BRF:36
BRH:18
end_of_record
TN:
SF:src\dojopool\frontend\src\components\rankings\PlayerStatsModal.tsx
FN:99,(anonymous_0)
FN:136,(anonymous_1)
FN:148,(anonymous_2)
FN:158,(anonymous_3)
FN:162,(anonymous_4)
FN:377,(anonymous_5)
FN:504,(anonymous_6)
FNF:7
FNH:3
FNDA:0,(anonymous_0)
FNDA:35,(anonymous_1)
FNDA:10,(anonymous_2)
FNDA:0,(anonymous_3)
FNDA:96,(anonymous_4)
FNDA:0,(anonymous_5)
FNDA:0,(anonymous_6)
DA:99,2
DA:100,0
DA:102,0
DA:136,2
DA:140,35
DA:146,35
DA:149,10
DA:150,9
DA:158,35
DA:159,0
DA:162,35
DA:163,96
DA:164,96
DA:165,72
DA:166,48
DA:167,48
DA:170,35
DA:171,10
DA:194,25
DA:195,1
DA:218,24
DA:377,0
DA:505,0
LF:23
LH:18
BRDA:164,0,0,24
BRDA:164,0,1,72
BRDA:165,1,0,24
BRDA:165,1,1,48
BRDA:166,2,0,0
BRDA:166,2,1,48
BRDA:170,3,0,10
BRDA:170,3,1,25
BRDA:194,4,0,1
BRDA:194,4,1,24
BRDA:194,5,0,25
BRDA:194,5,1,24
BRDA:273,6,0,0
BRDA:273,6,1,24
BRDA:276,7,0,0
BRDA:276,7,1,24
BRDA:278,8,0,0
BRDA:278,8,1,24
BRDA:316,9,0,24
BRDA:316,9,1,0
BRDA:326,10,0,24
BRDA:326,10,1,0
BRDA:337,11,0,24
BRDA:337,11,1,0
BRDA:341,12,0,0
BRDA:341,12,1,0
BRDA:347,13,0,0
BRDA:347,13,1,0
BRDA:349,14,0,0
BRDA:349,14,1,0
BRDA:511,15,0,0
BRDA:511,15,1,0
BRDA:513,16,0,0
BRDA:513,16,1,0
BRDA:515,17,0,0
BRDA:515,17,1,0
BRDA:520,18,0,0
BRDA:520,18,1,0
BRDA:522,19,0,0
BRDA:522,19,1,0
BRF:40
BRH:17
end_of_record
TN:
SF:src\dojopool\frontend\src\hooks\useRankingWebSocket.ts
FN:11,(anonymous_0)
FN:16,(anonymous_1)
FN:29,(anonymous_2)
FN:33,(anonymous_3)
FN:67,(anonymous_4)
FN:74,(anonymous_5)
FN:83,(anonymous_6)
FN:86,(anonymous_7)
FNF:8
FNH:6
FNDA:19,(anonymous_0)
FNDA:9,(anonymous_1)
FNDA:0,(anonymous_2)
FNDA:0,(anonymous_3)
FNDA:8,(anonymous_4)
FNDA:8,(anonymous_5)
FNDA:9,(anonymous_6)
FNDA:9,(anonymous_7)
DA:11,1
DA:12,19
DA:13,19
DA:14,19
DA:16,19
DA:18,9
DA:19,0
DA:23,9
DA:27,9
DA:29,9
DA:30,0
DA:33,9
DA:34,0
DA:36,0
DA:39,0
DA:40,0
DA:44,0
DA:45,0
DA:49,0
DA:51,0
DA:55,0
DA:63,0
DA:67,9
DA:68,8
DA:69,8
DA:74,9
DA:75,8
DA:77,8
DA:80,9
DA:83,19
DA:84,9
DA:86,9
DA:87,9
DA:88,9
DA:93,19
LF:35
LH:23
BRDA:18,0,0,0
BRDA:18,0,1,9
BRDA:23,1,0,0
BRDA:23,1,1,9
BRDA:36,2,0,0
BRDA:36,2,1,0
BRDA:36,2,2,0
BRDA:51,3,0,0
BRDA:51,3,1,0
BRDA:56,4,0,0
[...]
DA:55,0
DA:56,0
DA:57,0
DA:61,0
DA:62,0
DA:63,0
DA:64,0
DA:69,0
DA:71,0
DA:72,0
DA:73,0
DA:77,0
DA:78,0
DA:79,0
DA:80,0
DA:81,0
DA:82,0
DA:84,0
DA:85,0
DA:86,0
DA:90,0
DA:91,0
DA:92,0
DA:93,0
DA:94,0
DA:96,0
DA:97,0
DA:98,0
DA:102,0
DA:112,0
LF:50
LH:3
BRDA:27,0,0,0
BRDA:27,0,1,0
BRDA:114,1,0,0
BRDA:114,1,1,0
BRF:4
BRH:0
end_of_record
TN:
SF:src\hooks\useAuth.ts
FN:56,(anonymous_0)
FN:64,(anonymous_1)
FN:67,(anonymous_2)
FN:74,(anonymous_3)
FN:83,(anonymous_4)
FN:86,(anonymous_5)
FN:91,(anonymous_6)
FN:94,(anonymous_7)
FN:108,(anonymous_8)
FN:138,(anonymous_9)
FN:153,(anonymous_10)
FN:168,(anonymous_11)
FN:183,(anonymous_12)
FN:198,(anonymous_13)
FN:213,(anonymous_14)
FN:227,(anonymous_15)
FN:241,(anonymous_16)
FN:257,(anonymous_17)
FN:262,(anonymous_18)
FN:301,(anonymous_19)
FN:317,(anonymous_20)
FN:337,(anonymous_21)
FN:354,(anonymous_22)
FN:370,(anonymous_23)
FN:386,(anonymous_24)
FNF:25
FNH:3
FNDA:10,(anonymous_0)
FNDA:10,(anonymous_1)
FNDA:0,(anonymous_2)
FNDA:0,(anonymous_3)
FNDA:10,(anonymous_4)
FNDA:0,(anonymous_5)
FNDA:0,(anonymous_6)
FNDA:0,(anonymous_7)
FNDA:0,(anonymous_8)
FNDA:0,(anonymous_9)
FNDA:0,(anonymous_10)
FNDA:0,(anonymous_11)
FNDA:0,(anonymous_12)
FNDA:0,(anonymous_13)
FNDA:0,(anonymous_14)
FNDA:0,(anonymous_15)
FNDA:0,(anonymous_16)
FNDA:0,(anonymous_17)
FNDA:0,(anonymous_18)
FNDA:0,(anonymous_19)
FNDA:0,(anonymous_20)
FNDA:0,(anonymous_21)
FNDA:0,(anonymous_22)
FNDA:0,(anonymous_23)
FNDA:0,(anonymous_24)
DA:56,1
DA:57,10
DA:62,10
DA:64,10
DA:65,10
DA:68,0
DA:75,0
DA:83,10
DA:86,10
DA:87,0
DA:91,0
DA:94,10
DA:95,0
DA:96,0
DA:97,0
DA:98,0
DA:99,0
DA:101,0
DA:102,0
DA:104,0
DA:108,10
DA:113,0
DA:114,0
DA:115,0
DA:116,0
DA:119,0
DA:120,0
DA:121,0
DA:122,0
DA:129,0
DA:131,0
DA:132,0
DA:134,0
DA:138,10
DA:139,0
DA:140,0
DA:141,0
DA:142,0
DA:143,0
DA:144,0
DA:146,0
DA:147,0
DA:149,0
DA:153,10
DA:154,0
DA:155,0
DA:156,0
DA:157,0
DA:158,0
DA:159,0
DA:161,0
DA:162,0
DA:164,0
DA:168,10
DA:169,0
DA:170,0
DA:171,0
DA:172,0
DA:173,0
DA:174,0
DA:176,0
DA:177,0
DA:179,0
DA:183,10
DA:184,0
DA:185,0
DA:186,0
DA:187,0
DA:188,0
DA:189,0
DA:191,0
DA:192,0
DA:194,0
DA:198,10
DA:199,0
DA:200,0
DA:201,0
DA:202,0
DA:203,0
DA:204,0
DA:206,0
DA:207,0
DA:209,0
DA:213,10
DA:214,0
DA:215,0
DA:216,0
DA:217,0
DA:218,0
DA:220,0
DA:221,0
DA:223,0
DA:227,10
DA:228,0
DA:229,0
DA:230,0
DA:231,0
DA:232,0
DA:234,0
DA:235,0
DA:237,0
DA:241,10
DA:242,0
DA:244,0
DA:245,0
DA:246,0
DA:247,0
DA:248,0
DA:250,0
DA:251,0
DA:253,0
DA:257,10
DA:258,0
DA:259,0
DA:262,10
DA:263,0
DA:265,0
DA:266,0
DA:269,0
DA:275,0
DA:285,0
DA:286,0
DA:292,0
DA:294,0
DA:295,0
DA:297,0
DA:301,10
DA:302,0
DA:303,0
DA:304,0
DA:305,0
DA:306,0
DA:308,0
DA:310,0
DA:311,0
DA:313,0
DA:317,10
DA:318,0
DA:320,0
DA:321,0
DA:322,0
DA:323,0
DA:326,0
DA:328,0
DA:330,0
DA:331,0
DA:333,0
DA:337,10
DA:338,0
DA:340,0
DA:341,0
DA:342,0
DA:343,0
DA:345,0
DA:347,0
DA:348,0
DA:350,0
DA:354,10
DA:355,0
DA:357,0
DA:358,0
DA:359,0
DA:360,0
DA:361,0
DA:363,0
DA:364,0
DA:366,0
DA:370,10
DA:371,0
DA:373,0
DA:374,0
DA:375,0
DA:376,0
DA:377,0
DA:379,0
DA:380,0
DA:382,0
DA:386,10
DA:387,0
DA:389,0
DA:390,0
DA:391,0
DA:392,0
DA:393,0
DA:395,0
DA:396,0
DA:398,0
DA:402,10
LF:188
LH:26
BRDA:98,0,0,0
BRDA:98,0,1,0
BRDA:116,1,0,0
BRDA:116,1,1,0
BRDA:119,2,0,0
BRDA:119,2,1,0
BRDA:121,3,0,0
BRDA:121,3,1,0
BRDA:142,4,0,0
BRDA:142,4,1,0
BRDA:157,5,0,0
BRDA:157,5,1,0
BRDA:172,6,0,0
BRDA:172,6,1,0
BRDA:187,7,0,0
BRDA:187,7,1,0
BRDA:202,8,0,0
BRDA:202,8,1,0
BRDA:217,9,0,0
BRDA:217,9,1,0
BRDA:231,10,0,0
BRDA:231,10,1,0
BRDA:242,11,0,0
BRDA:242,11,1,0
BRDA:247,12,0,0
BRDA:247,12,1,0
BRDA:258,13,0,0
BRDA:258,13,1,0
BRDA:263,14,0,0
BRDA:263,14,1,0
BRDA:269,15,0,0
BRDA:269,15,1,0
BRDA:270,16,0,0
BRDA:270,16,1,0
BRDA:270,16,2,0
BRDA:270,16,3,0
BRDA:285,17,0,0
BRDA:285,17,1,0
BRDA:285,18,0,0
BRDA:285,18,1,0
BRDA:287,19,0,0
BRDA:287,19,1,0
BRDA:288,20,0,0
BRDA:288,20,1,0
BRDA:305,21,0,0
BRDA:305,21,1,0
BRDA:318,22,0,0
BRDA:318,22,1,0
BRDA:323,23,0,0
BRDA:323,23,1,0
BRDA:338,24,0,0
BRDA:338,24,1,0
BRDA:343,25,0,0
BRDA:343,25,1,0
BRDA:355,26,0,0
BRDA:355,26,1,0
BRDA:360,27,0,0
BRDA:360,27,1,0
BRDA:371,28,0,0
BRDA:371,28,1,0
BRDA:376,29,0,0
BRDA:376,29,1,0
BRDA:387,30,0,0
BRDA:387,30,1,0
BRDA:392,31,0,0
BRDA:392,31,1,0
BRF:66
BRH:0
end_of_record
TN:
SF:src\hooks\useGameState.ts
FN:15,(anonymous_0)
FN:22,(anonymous_1)
FN:34,(anonymous_2)
FN:38,(anonymous_3)
FN:46,(anonymous_4)
FN:52,(anonymous_5)
FN:58,(anonymous_6)
FN:59,(anonymous_7)
FN:79,(anonymous_8)
FN:99,(anonymous_9)
FN:119,(anonymous_10)
FN:135,(anonymous_11)
FN:151,(anonymous_12)
FNF:13
FNH:0
FNDA:0,(anonymous_0)
FNDA:0,(anonymous_1)
FNDA:0,(anonymous_2)
FNDA:0,(anonymous_3)
FNDA:0,(anonymous_4)
FNDA:0,(anonymous_5)
FNDA:0,(anonymous_6)
FNDA:0,(anonymous_7)
FNDA:0,(anonymous_8)
FNDA:0,(anonymous_9)
FNDA:0,(anonymous_10)
FNDA:0,(anonymous_11)
FNDA:0,(anonymous_12)
DA:15,1
DA:16,0
DA:17,0
DA:18,0
DA:19,0
DA:22,0
DA:23,0
DA:32,0
DA:34,0
DA:35,0
DA:38,0
DA:39,0
DA:40,0
DA:42,0
DA:46,0
DA:47,0
DA:50,0
DA:52,0
DA:53,0
DA:58,0
DA:59,0
DA:60,0
DA:61,0
DA:62,0
DA:64,0
DA:65,0
DA:67,0
DA:70,0
DA:72,0
DA:76,0
DA:79,0
DA:80,0
DA:81,0
DA:89,0
DA:90,0
DA:92,0
DA:94,0
DA:95,0
DA:99,0
DA:100,0
DA:101,0
DA:109,0
DA:110,0
DA:112,0
DA:114,0
DA:115,0
DA:119,0
DA:120,0
DA:121,0
DA:125,0
DA:126,0
DA:128,0
DA:130,0
DA:131,0
DA:135,0
DA:136,0
DA:137,0
DA:141,0
DA:142,0
DA:144,0
DA:146,0
DA:147,0
DA:151,0
DA:152,0
DA:153,0
DA:157,0
DA:158,0
DA:160,0
DA:162,0
DA:163,0
DA:167,0
LF:71
LH:1
BRDA:32,0,0,0
BRDA:32,0,1,0
BRDA:39,1,0,0
BRDA:39,1,1,0
BRDA:64,2,0,0
BRDA:64,2,1,0
BRDA:70,3,0,0
BRDA:70,3,1,0
BRDA:90,4,0,0
BRDA:90,4,1,0
BRDA:94,5,0,0
BRDA:94,5,1,0
BRDA:110,6,0,0
BRDA:110,6,1,0
BRDA:114,7,0,0
BRDA:114,7,1,0
BRDA:126,8,0,0
BRDA:126,8,1,0
BRDA:130,9,0,0
BRDA:130,9,1,0
BRDA:142,10,0,0
BRDA:142,10,1,0
BRDA:146,11,0,0
BRDA:146,11,1,0
BRDA:158,12,0,0
BRDA:158,12,1,0
BRDA:162,13,0,0
BRDA:162,13,1,0
BRDA:177,14,0,0
BRDA:177,14,1,0
BRF:30
BRH:0
end_of_record
TN:
SF:src\middleware\rateLimiter.ts
FN:4,(anonymous_0)
FN:11,(anonymous_1)
FNF:2
FNH:1
FNDA:11,(anonymous_0)
FNDA:0,(anonymous_1)
DA:4,1
DA:5,11
DA:12,0
DA:21,1
DA:27,1
DA:33,1
LF:6
LH:5
BRDA:6,0,0,11
BRDA:6,0,1,0
BRDA:7,1,0,11
BRDA:7,1,1,0
BRDA:8,2,0,11
BRDA:8,2,1,0
BRDA:13,3,0,0
BRDA:13,3,1,0
BRF:8
BRH:3
end_of_record
TN:
SF:src\monitoring\AlertManager.ts
FN:38,(anonymous_0)
FN:44,(anonymous_1)
FN:74,(anonymous_2)
FN:128,(anonymous_3)
FN:161,(anonymous_4)
FN:169,(anonymous_5)
FN:170,(anonymous_6)
FN:197,(anonymous_7)
FN:209,(anonymous_8)
FN:222,(anonymous_9)
FNF:10
FNH:9
FNDA:7,(anonymous_0)
FNDA:2,(anonymous_1)
FNDA:4,(anonymous_2)
FNDA:2,(anonymous_3)
FNDA:24,(anonymous_4)
FNDA:0,(anonymous_5)
FNDA:45,(anonymous_6)
FNDA:9,(anonymous_7)
FNDA:25,(anonymous_8)
FNDA:1,(anonymous_9)
DA:39,7
DA:40,7
DA:41,7
DA:45,2
DA:52,2
DA:59,2
DA:60,1
DA:70,1
DA:75,4
DA:82,4
DA:90,4
DA:97,4
DA:104,4
DA:111,4
DA:114,1
DA:124,3
DA:129,2
DA:130,1
DA:140,1
DA:143,2
DA:147,0
DA:157,2
DA:168,24
DA:169,0
DA:170,45
DA:172,24
DA:173,3
DA:182,21
DA:183,3
DA:193,18
DA:198,9
DA:199,9
DA:200,9
DA:204,9
DA:205,9
DA:210,25
DA:211,25
DA:212,1
DA:217,1
DA:218,1
DA:223,1
LF:41
LH:39
BRDA:59,0,0,1
BRDA:59,0,1,1
BRDA:111,1,0,1
BRDA:111,1,1,3
BRDA:129,2,0,1
BRDA:129,2,1,1
BRDA:143,3,0,0
BRDA:143,3,1,2
BRDA:166,4,0,24
BRDA:168,5,0,0
BRDA:168,5,1,24
BRDA:172,6,0,3
BRDA:172,6,1,21
BRDA:182,7,0,3
BRDA:182,7,1,18
BRDA:199,8,0,9
BRDA:199,8,1,0
BRDA:199,9,0,9
BRDA:199,9,1,0
BRDA:202,10,0,9
BRDA:202,10,1,0
BRDA:211,11,0,1
BRDA:211,11,1,24
BRF:23
BRH:18
end_of_record
TN:
SF:src\monitoring\dashboard\components\MetricsChart.tsx
FN:28,(anonymous_0)
FN:33,(anonymous_1)
FN:41,(anonymous_2)
FN:61,(anonymous_3)
FNF:4
FNH:2
FNDA:0,(anonymous_0)
FNDA:42,(anonymous_1)
FNDA:378,(anonymous_2)
FNDA:0,(anonymous_3)
DA:28,1
DA:29,0
DA:30,0
DA:33,1
DA:39,42
DA:41,378
DA:42,42
DA:44,42
DA:61,0
LF:9
LH:6
BRDA:37,0,0,42
BRDA:63,1,0,42
BRDA:63,1,1,0
BRDA:75,2,0,42
BRDA:75,2,1,0
BRF:5
BRH:3
end_of_record
TN:
SF:src\monitoring\dashboard\components\NetworkMetricsPanel.tsx
FN:34,(anonymous_0)
FN:43,(anonymous_1)
FN:93,(anonymous_2)
FN:98,(anonymous_3)
FN:104,(anonymous_4)
FN:109,(anonymous_5)
FNF:6
FNH:6
FNDA:84,(anonymous_0)
FNDA:84,(anonymous_1)
FNDA:14,(anonymous_2)
FNDA:140,(anonymous_3)
FNDA:140,(anonymous_4)
FNDA:140,(anonymous_5)
DA:34,1
DA:43,84
DA:44,84
DA:45,84
DA:46,14
DA:47,14
DA:48,14
DA:50,70
DA:51,67
DA:52,66
DA:57,84
DA:61,84
DA:93,1
DA:98,140
DA:104,140
DA:109,140
DA:114,14
LF:17
LH:17
BRDA:41,0,0,70
BRDA:44,1,0,0
BRDA:44,1,1,84
BRDA:44,2,0,84
BRDA:44,2,1,84
BRDA:45,3,0,14
BRDA:45,3,1,70
BRDA:46,4,0,0
BRDA:46,4,1,14
BRDA:47,5,0,0
BRDA:47,5,1,14
BRDA:50,6,0,3
BRDA:50,6,1,67
BRDA:51,7,0,1
BRDA:51,7,1,66
BRDA:57,8,0,84
BRDA:57,8,1,0
BRDA:68,9,0,42
BRDA:68,9,1,42
BRDA:69,10,0,84
BRDA:69,10,1,56
BRDA:76,11,0,84
BRDA:76,11,1,84
BRDA:82,12,0,84
BRDA:82,12,1,0
BRDA:82,12,2,0
BRDA:111,13,0,112
BRDA:111,13,1,28
BRF:28
BRH:22
end_of_record
TN:
SF:src\monitoring\dashboard\utils\formatters.ts
FN:4,formatBytes
FN:15,formatDuration
FN:26,formatPercentage
FN:33,formatNumber
FN:42,formatRate
FNF:5
FNH:2
FNDA:14,formatBytes
FNDA:0,formatDuration
FNDA:28,formatPercentage
FNDA:0,formatNumber
FNDA:0,formatRate
DA:5,14
DA:6,14
DA:7,14
DA:8,14
DA:9,14
DA:16,0
DA:17,0
DA:18,0
DA:19,0
DA:20,0
DA:27,28
DA:34,0
DA:35,0
DA:36,0
DA:43,0
LF:15
LH:6
BRDA:5,0,0,0
BRDA:5,0,1,14
BRDA:16,1,0,0
BRDA:16,1,1,0
BRDA:17,2,0,0
BRDA:17,2,1,0
BRDA:26,3,0,28
BRDA:34,4,0,0
BRDA:34,4,1,0
BRDA:35,5,0,0
BRDA:35,5,1,0
BRF:11
BRH:2
end_of_record
TN:
SF:src\pages\Home.js
FN:49,Home
FN:130,(anonymous_1)
FNF:2
FNH:2
FNDA:5,Home
FNDA:20,(anonymous_1)
DA:18,1
DA:50,5
DA:52,5
DA:131,20
LF:4
LH:4
BRF:0
BRH:0
end_of_record
TN:
SF:src\pages\api\cdn\cost.ts
FN:5,handler
FNF:1
FNH:1
FNDA:10,handler
DA:10,10
DA:11,10
DA:12,2
DA:16,8
DA:17,5
DA:21,3
DA:22,1
DA:25,2
DA:26,2
DA:27,2
DA:29,1
DA:31,1
DA:32,1
LF:13
LH:13
BRDA:11,0,0,2
BRDA:11,0,1,8
BRDA:16,1,0,5
BRDA:16,1,1,3
BRDA:21,2,0,1
BRDA:21,2,1,2
BRF:6
BRH:6
end_of_record
TN:
SF:src\pages\auth\forgot-password.tsx
FN:33,ForgotPassword
FN:46,(anonymous_1)
FNF:2
FNH:1
FNDA:21,ForgotPassword
FNDA:0,(anonymous_1)
DA:22,1
DA:34,21
DA:35,20
DA:36,0
DA:42,0
DA:46,0
DA:47,0
DA:48,0
DA:49,0
DA:57,0
DA:58,0
DA:61,0
DA:69,0
DA:71,0
DA:79,0
DA:83,0
LF:16
LH:3
BRDA:57,0,0,0
BRDA:57,0,1,0
BRF:2
BRH:0
end_of_record
TN:
SF:src\pages\auth\reset-password.tsx
FN:41,ResetPassword
FN:57,(anonymous_1)
FN:58,(anonymous_2)
FN:80,(anonymous_3)
FN:141,(anonymous_4)
FNF:5
FNH:1
FNDA:25,ResetPassword
FNDA:0,(anonymous_1)
FNDA:0,(anonymous_2)
FNDA:0,(anonymous_3)
FNDA:0,(anonymous_4)
DA:21,1
DA:42,25
DA:43,24
DA:44,24
DA:45,24
DA:46,0
DA:47,0
DA:53,0
DA:57,0
DA:58,0
DA:59,0
DA:60,0
DA:61,0
DA:62,0
DA:65,0
DA:66,0
DA:69,0
DA:71,0
DA:73,0
DA:77,0
DA:80,0
DA:81,0
DA:82,0
DA:83,0
DA:94,0
DA:95,0
DA:98,0
DA:106,0
DA:108,0
DA:116,0
DA:120,0
DA:121,0
DA:128,0
DA:129,0
DA:141,0
DA:149,0
LF:36
LH:5
BRDA:59,0,0,0
BRDA:59,0,1,0
BRDA:94,1,0,0
BRDA:94,1,1,0
BRDA:120,2,0,0
BRDA:120,2,1,0
BRDA:128,3,0,0
BRDA:128,3,1,0
BRF:8
BRH:0
end_of_record
TN:
SF:src\services\ai\AIRefereeService.ts
FN:10,getBallType
FN:62,(anonymous_1)
FN:73,(anonymous_2)
FN:90,(anonymous_3)
FN:99,(anonymous_4)
FNF:5
FNH:4
FNDA:0,getBallType
FNDA:5,(anonymous_1)
FNDA:5,(anonymous_2)
FNDA:2,(anonymous_3)
FNDA:2,(anonymous_4)
DA:13,0
DA:14,0
DA:15,0
DA:16,0
DA:17,0
DA:74,5
DA:76,5
DA:78,5
DA:80,4
DA:83,4
DA:84,1
DA:86,1
DA:90,2
DA:94,3
DA:97,1
DA:99,2
DA:100,1
LF:17
LH:12
BRDA:13,0,0,0
BRDA:13,0,1,0
BRDA:14,1,0,0
BRDA:14,1,1,0
BRDA:15,2,0,0
BRDA:15,2,1,0
BRDA:15,3,0,0
BRDA:15,3,1,0
BRDA:16,4,0,0
BRDA:16,4,1,0
BRDA:16,5,0,0
BRDA:16,5,1,0
BRDA:83,6,0,1
BRDA:83,6,1,3
BRDA:83,7,0,4
BRDA:83,7,1,4
BRDA:90,8,0,1
BRDA:90,8,1,0
BRDA:99,9,0,1
BRDA:99,9,1,0
BRDA:102,10,0,1
BRDA:102,10,1,0
BRF:22
BRH:7
end_of_record
TN:
SF:src\services\ai\skyT1Client.ts
FN:15,(anonymous_0)
FN:24,(anonymous_1)
FN:30,(anonymous_2)
FN:53,(anonymous_3)
FN:55,(anonymous_4)
FN:72,(anonymous_5)
FN:105,(anonymous_6)
FNF:7
FNH:0
FNDA:0,(anonymous_0)
FNDA:0,(anonymous_1)
FNDA:0,(anonymous_2)
FNDA:0,(anonymous_3)
FNDA:0,(anonymous_4)
FNDA:0,(anonymous_5)
FNDA:0,(anonymous_6)
DA:7,2
DA:8,2
DA:15,2
DA:16,0
DA:18,0
DA:21,0
DA:22,0
DA:23,0
DA:24,0
DA:26,0
DA:27,0
DA:29,0
DA:30,0
DA:31,0
DA:36,0
DA:37,0
DA:38,0
DA:39,0
DA:41,0
DA:43,0
DA:44,0
DA:45,0
DA:46,0
DA:47,0
DA:52,0
DA:53,0
DA:54,0
DA:55,0
DA:56,0
DA:57,0
DA:60,0
DA:63,0
DA:72,2
DA:73,0
DA:75,0
DA:78,0
DA:87,0
DA:89,0
DA:90,0
DA:93,0
DA:94,0
DA:105,2
DA:108,0
DA:109,0
DA:111,0
DA:113,0
DA:114,0
DA:120,0
DA:122,0
DA:124,0
DA:143,0
DA:144,0
DA:153,0
DA:154,0
DA:155,0
DA:157,0
DA:158,0
DA:159,0
DA:162,0
DA:163,0
DA:167,0
DA:169,0
DA:170,0
DA:171,0
DA:172,0
DA:173,0
DA:174,0
DA:176,0
DA:178,0
DA:179,0
DA:182,0
LF:71
LH:5
BRDA:7,0,0,2
BRDA:7,0,1,2
BRDA:23,1,0,0
BRDA:23,1,1,0
BRDA:26,2,0,0
BRDA:26,2,1,0
BRDA:29,3,0,0
BRDA:29,3,1,0
BRDA:38,4,0,0
BRDA:38,4,1,0
BRDA:45,5,0,0
BRDA:45,5,1,0
BRDA:78,6,0,0
BRDA:78,6,1,0
BRDA:79,7,0,0
BRDA:79,7,1,0
BRDA:79,7,2,0
BRDA:79,7,3,0
BRDA:79,7,4,0
BRDA:79,7,5,0
BRDA:108,8,0,0
BRDA:108,8,1,0
BRDA:113,9,0,0
BRDA:113,9,1,0
BRDA:148,10,0,0
BRDA:148,10,1,0
BRDA:153,11,0,0
BRDA:153,11,1,0
BRDA:153,12,0,0
BRDA:153,12,1,0
BRDA:153,12,2,0
BRDA:153,12,3,0
BRDA:170,13,0,0
BRDA:170,13,1,0
BRDA:171,14,0,0
BRDA:171,14,1,0
BRDA:173,15,0,0
BRDA:173,15,1,0
BRDA:178,16,0,0
BRDA:178,16,1,0
BRF:40
BRH:2
end_of_record
TN:
SF:src\services\auth\AuthService.ts
FN:11,(anonymous_0)
FN:23,(anonymous_1)
FN:31,(anonymous_2)
FN:44,(anonymous_3)
FN:48,(anonymous_4)
FNF:5
FNH:5
FNDA:7,(anonymous_0)
FNDA:10,(anonymous_1)
FNDA:5,(anonymous_2)
FNDA:3,(anonymous_3)
FNDA:6,(anonymous_4)
DA:6,1
DA:7,1
DA:8,1
DA:12,7
DA:24,10
DA:25,10
DA:27,4
DA:35,5
DA:36,4
DA:38,3
DA:39,2
DA:41,1
DA:45,3
DA:49,6
DA:50,5
DA:51,5
DA:53,4
LF:17
LH:17
BRDA:6,0,0,1
BRDA:6,0,1,1
BRDA:36,1,0,1
BRDA:36,1,1,3
BRDA:39,2,0,1
BRDA:39,2,1,1
BRDA:51,3,0,1
BRDA:51,3,1,4
BRF:8
BRH:8
end_of_record
TN:
SF:src\services\auth\session.ts
FN:16,getCurrentUser
FNF:1
FNH:0
FNDA:0,getCurrentUser
DA:19,0
DA:24,0
DA:25,0
DA:26,0
DA:33,0
LF:5
LH:0
BRDA:25,0,0,0
BRDA:25,0,1,0
BRF:2
BRH:0
end_of_record
TN:
SF:src\services\cdn\cost_optimizer.ts
FN:3,(anonymous_0)
FN:8,(anonymous_1)
FNF:2
FNH:0
FNDA:0,(anonymous_0)
FNDA:0,(anonymous_1)
DA:5,0
DA:10,0
DA:13,0
LF:3
LH:0
BRF:0
BRH:0
end_of_record
TN:
SF:src\services\database\GameService.ts
FN:7,(anonymous_0)
FN:28,(anonymous_1)
FN:34,(anonymous_2)
FN:44,(anonymous_3)
FN:63,(anonymous_4)
FN:74,(anonymous_5)
FN:88,(anonymous_6)
FNF:7
FNH:0
FNDA:0,(anonymous_0)
FNDA:0,(anonymous_1)
FNDA:0,(anonymous_2)
FNDA:0,(anonymous_3)
FNDA:0,(anonymous_4)
FNDA:0,(anonymous_5)
FNDA:0,(anonymous_6)
DA:4,1
DA:14,0
DA:29,0
DA:35,0
DA:50,0
DA:64,0
DA:75,0
DA:89,0
LF:8
LH:1
BRF:0
BRH:0
end_of_record
TN:
SF:src\services\database\ProfileService.ts
FN:7,(anonymous_0)
FN:13,(anonymous_1)
FN:25,(anonymous_2)
FN:35,(anonymous_3)
FN:41,(anonymous_4)
FNF:5
FNH:5
FNDA:2,(anonymous_0)
FNDA:2,(anonymous_1)
FNDA:2,(anonymous_2)
FNDA:2,(anonymous_3)
FNDA:2,(anonymous_4)
DA:4,1
DA:8,2
DA:17,2
DA:29,2
DA:36,2
DA:45,2
LF:6
LH:6
BRF:0
BRH:0
end_of_record
TN:
SF:src\services\database\TournamentService.ts
FN:11,(anonymous_0)
FN:38,(anonymous_1)
FN:44,(anonymous_2)
FN:57,(anonymous_3)
FN:72,(anonymous_4)
FN:87,(anonymous_5)
FN:101,(anonymous_6)
FN:116,(anonymous_7)
FNF:8
FNH:0
FNDA:0,(anonymous_0)
FNDA:0,(anonymous_1)
FNDA:0,(anonymous_2)
FNDA:0,(anonymous_3)
FNDA:0,(anonymous_4)
FNDA:0,(anonymous_5)
FNDA:0,(anonymous_6)
FNDA:0,(anonymous_7)
DA:8,1
DA:21,0
DA:39,0
DA:48,0
DA:61,0
DA:76,0
DA:88,0
DA:104,0
DA:121,0
LF:9
LH:1
BRF:0
BRH:0
end_of_record
TN:
SF:src\services\database\UserService.ts
FN:7,(anonymous_0)
FN:16,(anonymous_1)
FN:22,(anonymous_2)
FN:28,(anonymous_3)
FN:35,(anonymous_4)
FNF:5
FNH:5
FNDA:2,(anonymous_0)
FNDA:2,(anonymous_1)
FNDA:2,(anonymous_2)
FNDA:2,(anonymous_3)
FNDA:2,(anonymous_4)
DA:4,2
DA:8,2
DA:17,2
DA:23,2
DA:29,2
DA:36,2
LF:6
LH:6
BRF:0
BRH:0
end_of_record
TN:
SF:src\services\database\UserSettingsService.ts
FN:7,(anonymous_0)
FN:11,(anonymous_1)
FN:22,(anonymous_2)
FN:42,(anonymous_3)
FN:57,(anonymous_4)
FNF:5
FNH:5
FNDA:9,(anonymous_0)
FNDA:3,(anonymous_1)
FNDA:2,(anonymous_2)
FNDA:2,(anonymous_3)
FNDA:2,(anonymous_4)
DA:8,9
DA:12,3
DA:13,3
DA:17,1
DA:18,1
DA:23,2
DA:24,2
DA:37,1
DA:38,1
DA:46,2
DA:47,2
DA:52,1
DA:53,1
DA:58,2
DA:59,2
DA:63,1
DA:64,1
LF:17
LH:17
BRF:0
BRH:0
end_of_record
TN:
SF:src\services\database\VenueService.ts
FN:7,(anonymous_0)
FN:36,(anonymous_1)
FN:42,(anonymous_2)
FN:52,(anonymous_3)
FN:65,(anonymous_4)
FN:74,(anonymous_5)
FN:85,(anonymous_6)
FNF:7
FNH:0
FNDA:0,(anonymous_0)
FNDA:0,(anonymous_1)
FNDA:0,(anonymous_2)
FNDA:0,(anonymous_3)
FNDA:0,(anonymous_4)
FNDA:0,(anonymous_5)
FNDA:0,(anonymous_6)
DA:4,1
DA:18,0
DA:37,0
DA:43,0
DA:56,0
DA:66,0
DA:75,0
DA:86,0
LF:8
LH:1
BRF:0
BRH:0
end_of_record
TN:
SF:src\tests\unit\utils\test-utils.tsx
FN:17,(anonymous_0)
FN:21,(anonymous_1)
FN:32,(anonymous_2)
FN:36,(anonymous_3)
FN:48,(anonymous_4)
FN:49,(anonymous_5)
FN:51,(anonymous_6)
FN:64,(anonymous_7)
FN:68,(anonymous_8)
FN:69,(anonymous_9)
FN:74,(anonymous_10)
FN:77,(anonymous_11)
FN:81,(anonymous_12)
FNF:13
FNH:4
FNDA:7,(anonymous_0)
FNDA:14,(anonymous_1)
FNDA:16,(anonymous_2)
FNDA:22,(anonymous_3)
FNDA:0,(anonymous_4)
FNDA:0,(anonymous_5)
FNDA:0,(anonymous_6)
FNDA:0,(anonymous_7)
FNDA:0,(anonymous_8)
FNDA:0,(anonymous_9)
FNDA:0,(anonymous_10)
FNDA:0,(anonymous_11)
FNDA:0,(anonymous_12)
DA:9,3
DA:14,3
DA:17,3
DA:21,7
DA:22,14
DA:25,7
DA:32,3
DA:36,16
DA:37,22
DA:44,16
DA:48,3
DA:49,0
DA:50,0
DA:51,0
DA:52,0
DA:53,0
DA:54,0
DA:55,0
DA:56,0
DA:57,0
DA:64,3
DA:65,0
DA:68,0
DA:69,0
DA:74,3
DA:75,0
DA:77,0
DA:81,3
DA:82,0
DA:83,0
DA:84,0
DA:85,0
LF:32
LH:14
BRDA:48,0,0,0
BRDA:52,1,0,0
BRDA:52,1,1,0
BRDA:55,2,0,0
BRDA:55,2,1,0
BRDA:64,3,0,0
BRDA:66,4,0,0
BRDA:66,4,1,0
BRF:8
BRH:0
end_of_record
TN:
SF:src\types\game.ts
FNF:0
FNH:0
LF:0
LH:0
BRF:0
BRH:0
end_of_record
TN:
SF:src\types\match.ts
FNF:0
FNH:0
LF:0
LH:0
BRF:0
BRH:0
end_of_record
TN:
SF:src\types\tournament.ts
FNF:0
FNH:0
LF:0
LH:0
BRF:0
BRH:0
end_of_record
TN:
SF:src\types\venue.ts
FNF:0
FNH:0
LF:0
LH:0
BRF:0
BRH:0
end_of_record
TN:
SF:src\utils\physics.ts
FN:25,(anonymous_0)
FN:37,(anonymous_1)
FN:49,(anonymous_2)
FN:62,(anonymous_3)
FN:117,(anonymous_4)
FN:141,(anonymous_5)
FN:147,(anonymous_6)
FN:167,(anonymous_7)
FNF:8
FNH:0
FNDA:0,(anonymous_0)
FNDA:0,(anonymous_1)
FNDA:0,(anonymous_2)
FNDA:0,(anonymous_3)
FNDA:0,(anonymous_4)
FNDA:0,(anonymous_5)
FNDA:0,(anonymous_6)
FNDA:0,(anonymous_7)
DA:31,0
DA:32,0
DA:33,0
DA:34,0
DA:42,0
DA:43,0
DA:50,0
DA:51,0
DA:52,0
DA:55,0
DA:56,0
DA:66,0
DA:67,0
DA:68,0
DA:70,0
DA:71,0
DA:74,0
DA:79,0
DA:80,0
DA:82,0
DA:83,0
DA:85,0
DA:87,0
DA:88,0
DA:91,0
DA:93,0
DA:96,0
DA:97,0
DA:99,0
DA:110,0
DA:122,0
DA:124,0
DA:128,0
DA:131,0
DA:135,0
DA:138,0
DA:147,0
DA:153,0
DA:154,0
DA:155,0
DA:159,0
DA:160,0
DA:161,0
DA:167,0
DA:168,0
DA:173,0
LF:46
LH:0
BRDA:26,0,0,0
BRDA:27,1,0,0
BRDA:28,2,0,0
BRDA:29,3,0,0
BRDA:51,4,0,0
BRDA:51,4,1,0
BRDA:70,5,0,0
BRDA:70,5,1,0
BRDA:87,6,0,0
BRDA:87,6,1,0
BRDA:124,7,0,0
BRDA:124,7,1,0
BRDA:125,8,0,0
BRDA:125,8,1,0
BRDA:131,9,0,0
BRDA:131,9,1,0
BRDA:132,10,0,0
BRDA:132,10,1,0
BRDA:159,11,0,0
BRDA:159,11,1,0
BRDA:159,12,0,0
BRDA:159,12,1,0
BRF:22
BRH:0
end_of_record
TN:
SF:src\utils\sanitization.ts
FN:18,sanitizeUserData
FN:50,(anonymous_1)
FN:59,sanitizeGameData
FN:91,(anonymous_3)
FNF:4
FNH:0
FNDA:0,sanitizeUserData
FNDA:0,(anonymous_1)
FNDA:0,sanitizeGameData
FNDA:0,(anonymous_3)
DA:19,0
DA:22,0
DA:23,0
DA:25,0
DA:30,0
DA:31,0
DA:33,0
DA:40,0
DA:41,0
DA:43,0
DA:50,0
DA:51,0
DA:52,0
DA:56,0
DA:60,0
DA:63,0
DA:64,0
DA:66,0
DA:72,0
DA:73,0
DA:75,0
DA:81,0
DA:82,0
DA:84,0
DA:91,0
DA:92,0
DA:93,0
DA:97,0
LF:28
LH:0
BRDA:22,0,0,0
BRDA:22,0,1,0
BRDA:22,1,0,0
BRDA:22,1,1,0
BRDA:30,2,0,0
BRDA:30,2,1,0
BRDA:30,3,0,0
BRDA:30,3,1,0
BRDA:40,4,0,0
BRDA:40,4,1,0
BRDA:40,5,0,0
BRDA:40,5,1,0
BRDA:51,6,0,0
BRDA:51,6,1,0
BRDA:63,7,0,0
BRDA:63,7,1,0
BRDA:63,8,0,0
BRDA:63,8,1,0
BRDA:72,9,0,0
BRDA:72,9,1,0
BRDA:72,10,0,0
BRDA:72,10,1,0
BRDA:81,11,0,0
BRDA:81,11,1,0
BRDA:81,12,0,0
BRDA:81,12,1,0
BRDA:92,13,0,0
BRDA:92,13,1,0
BRF:28
BRH:0
end_of_record
